<?xml version="1.0" encoding="UTF-8"?>
<testsuite name="com.example.demo.domain.myListEntry.MyListEntryRepositoryTest" tests="1" skipped="1" failures="0" errors="0" timestamp="2022-11-25T14:48:24" hostname="DESKTOP-3G1IK11" time="0.0">
  <properties/>
  <testcase name="findByInexistingId()" classname="com.example.demo.domain.myListEntry.MyListEntryRepositoryTest" time="0.0">
    <skipped/>
  </testcase>
  <system-out><![CDATA[]]></system-out>
  <system-err><![CDATA[]]></system-err>
</testsuite>
