<?xml version="1.0" encoding="UTF-8"?>
<testsuite name="com.example.demo.domain.user.UserControllerTest" tests="1" skipped="0" failures="0" errors="0" timestamp="2022-11-25T13:50:33" hostname="DESKTOP-3G1IK11" time="0.117">
  <properties/>
  <testcase name="Authorized User is allowed to get all users from endpoint '/users/ and should return 200 OK'" classname="com.example.demo.domain.user.UserControllerTest" time="0.117"/>
  <system-out><![CDATA[14:50:11.357 [Test worker] DEBUG org.springframework.test.context.BootstrapUtils - Instantiating CacheAwareContextLoaderDelegate from class [org.springframework.test.context.cache.DefaultCacheAwareContextLoaderDelegate]
14:50:11.382 [Test worker] DEBUG org.springframework.test.context.BootstrapUtils - Instantiating BootstrapContext using constructor [public org.springframework.test.context.support.DefaultBootstrapContext(java.lang.Class,org.springframework.test.context.CacheAwareContextLoaderDelegate)]
14:50:11.455 [Test worker] DEBUG org.springframework.test.context.BootstrapUtils - Instantiating TestContextBootstrapper for test class [com.example.demo.domain.user.UserControllerTest] from class [org.springframework.boot.test.context.SpringBootTestContextBootstrapper]
14:50:11.483 [Test worker] INFO org.springframework.boot.test.context.SpringBootTestContextBootstrapper - Neither @ContextConfiguration nor @ContextHierarchy found for test class [com.example.demo.domain.user.UserControllerTest], using SpringBootContextLoader
14:50:11.495 [Test worker] DEBUG org.springframework.test.context.support.AbstractContextLoader - Did not detect default resource location for test class [com.example.demo.domain.user.UserControllerTest]: class path resource [com/example/demo/domain/user/UserControllerTest-context.xml] does not exist
14:50:11.496 [Test worker] DEBUG org.springframework.test.context.support.AbstractContextLoader - Did not detect default resource location for test class [com.example.demo.domain.user.UserControllerTest]: class path resource [com/example/demo/domain/user/UserControllerTestContext.groovy] does not exist
14:50:11.497 [Test worker] INFO org.springframework.test.context.support.AbstractContextLoader - Could not detect default resource locations for test class [com.example.demo.domain.user.UserControllerTest]: no resource found for suffixes {-context.xml, Context.groovy}.
14:50:11.499 [Test worker] INFO org.springframework.test.context.support.AnnotationConfigContextLoaderUtils - Could not detect default configuration classes for test class [com.example.demo.domain.user.UserControllerTest]: UserControllerTest does not declare any static, non-private, non-final, nested classes annotated with @Configuration.
14:50:11.660 [Test worker] DEBUG org.springframework.test.context.support.ActiveProfilesUtils - Could not find an 'annotation declaring class' for annotation type [org.springframework.test.context.ActiveProfiles] and class [com.example.demo.domain.user.UserControllerTest]
14:50:11.829 [Test worker] DEBUG org.springframework.context.annotation.ClassPathScanningCandidateComponentProvider - Identified candidate component class: file [C:\Source\github\uek223-docker\docker-backend-uek223\backend\build\classes\java\main\com\example\demo\DemoApplication.class]
14:50:11.832 [Test worker] INFO org.springframework.boot.test.context.SpringBootTestContextBootstrapper - Found @SpringBootConfiguration com.example.demo.DemoApplication for test class com.example.demo.domain.user.UserControllerTest
14:50:12.059 [Test worker] DEBUG org.springframework.boot.test.context.SpringBootTestContextBootstrapper - @TestExecutionListeners is not present for class [com.example.demo.domain.user.UserControllerTest]: using defaults.
14:50:12.060 [Test worker] INFO org.springframework.boot.test.context.SpringBootTestContextBootstrapper - Loaded default TestExecutionListener class names from location [META-INF/spring.factories]: [org.springframework.security.test.context.support.WithSecurityContextTestExecutionListener, org.springframework.security.test.context.support.ReactorContextTestExecutionListener, org.springframework.boot.test.autoconfigure.restdocs.RestDocsTestExecutionListener, org.springframework.boot.test.autoconfigure.web.client.MockRestServiceServerResetTestExecutionListener, org.springframework.boot.test.autoconfigure.web.servlet.MockMvcPrintOnlyOnFailureTestExecutionListener, org.springframework.boot.test.autoconfigure.web.servlet.WebDriverTestExecutionListener, org.springframework.boot.test.autoconfigure.webservices.client.MockWebServiceServerTestExecutionListener, org.springframework.boot.test.mock.mockito.MockitoTestExecutionListener, org.springframework.boot.test.mock.mockito.ResetMocksTestExecutionListener, org.springframework.test.context.web.ServletTestExecutionListener, org.springframework.test.context.support.DirtiesContextBeforeModesTestExecutionListener, org.springframework.test.context.event.ApplicationEventsTestExecutionListener, org.springframework.test.context.support.DependencyInjectionTestExecutionListener, org.springframework.test.context.support.DirtiesContextTestExecutionListener, org.springframework.test.context.transaction.TransactionalTestExecutionListener, org.springframework.test.context.jdbc.SqlScriptsTestExecutionListener, org.springframework.test.context.event.EventPublishingTestExecutionListener]
14:50:12.114 [Test worker] INFO org.springframework.boot.test.context.SpringBootTestContextBootstrapper - Using TestExecutionListeners: [org.springframework.test.context.web.ServletTestExecutionListener@1eef9aef, org.springframework.test.context.support.DirtiesContextBeforeModesTestExecutionListener@11389053, org.springframework.test.context.event.ApplicationEventsTestExecutionListener@5db99216, org.springframework.boot.test.mock.mockito.MockitoTestExecutionListener@3ec11999, org.springframework.boot.test.autoconfigure.SpringBootDependencyInjectionTestExecutionListener@5c1bd44c, org.springframework.test.context.support.DirtiesContextTestExecutionListener@9f46d94, org.springframework.test.context.transaction.TransactionalTestExecutionListener@18cc679e, org.springframework.test.context.jdbc.SqlScriptsTestExecutionListener@2e77b8cf, org.springframework.security.test.context.support.WithSecurityContextTestExecutionListener@2c4ca0f9, org.springframework.test.context.event.EventPublishingTestExecutionListener@67ef029, org.springframework.security.test.context.support.ReactorContextTestExecutionListener@7df587ef, org.springframework.boot.test.autoconfigure.restdocs.RestDocsTestExecutionListener@6e57e95e, org.springframework.boot.test.autoconfigure.web.client.MockRestServiceServerResetTestExecutionListener@2755d705, org.springframework.boot.test.autoconfigure.web.servlet.MockMvcPrintOnlyOnFailureTestExecutionListener@56db847e, org.springframework.boot.test.autoconfigure.web.servlet.WebDriverTestExecutionListener@740abb5, org.springframework.boot.test.autoconfigure.webservices.client.MockWebServiceServerTestExecutionListener@560cbf1a, org.springframework.boot.test.mock.mockito.ResetMocksTestExecutionListener@5fe8b721]
14:50:12.125 [Test worker] DEBUG org.springframework.test.context.support.AbstractDirtiesContextTestExecutionListener - Before test class: context [DefaultTestContext@61a002b1 testClass = UserControllerTest, testInstance = [null], testMethod = [null], testException = [null], mergedContextConfiguration = [WebMergedContextConfiguration@4eeea57d testClass = UserControllerTest, locations = '{}', classes = '{class com.example.demo.DemoApplication}', contextInitializerClasses = '[]', activeProfiles = '{}', propertySourceLocations = '{}', propertySourceProperties = '{org.springframework.boot.test.context.SpringBootTestContextBootstrapper=true}', contextCustomizers = set[org.springframework.boot.test.autoconfigure.actuate.metrics.MetricsExportContextCustomizerFactory$DisableMetricExportContextCustomizer@604f2bd2, org.springframework.boot.test.autoconfigure.properties.PropertyMappingContextCustomizer@4b3fa0b3, org.springframework.boot.test.autoconfigure.web.servlet.WebDriverContextCustomizerFactory$Customizer@1f6c9cd8, [ImportsContextCustomizer@780ec4a5 key = [org.springframework.boot.test.autoconfigure.web.servlet.MockMvcAutoConfiguration, org.springframework.boot.test.autoconfigure.web.servlet.MockMvcWebClientAutoConfiguration, org.springframework.boot.test.autoconfigure.web.servlet.MockMvcWebDriverAutoConfiguration, org.springframework.boot.autoconfigure.security.oauth2.client.servlet.OAuth2ClientAutoConfiguration, org.springframework.boot.autoconfigure.security.oauth2.resource.servlet.OAuth2ResourceServerAutoConfiguration, org.springframework.boot.autoconfigure.security.servlet.SecurityAutoConfiguration, org.springframework.boot.autoconfigure.security.servlet.SecurityFilterAutoConfiguration, org.springframework.boot.autoconfigure.security.servlet.UserDetailsServiceAutoConfiguration, org.springframework.boot.test.autoconfigure.web.servlet.MockMvcSecurityConfiguration, org.springframework.boot.test.autoconfigure.web.reactive.WebTestClientAutoConfiguration]], org.springframework.boot.test.context.filter.ExcludeFilterContextCustomizer@6622fc65, org.springframework.boot.test.json.DuplicateJsonObjectContextCustomizerFactory$DuplicateJsonObjectContextCustomizer@25a6944c, org.springframework.boot.test.mock.mockito.MockitoContextCustomizer@c4f99a00, org.springframework.boot.test.web.client.TestRestTemplateContextCustomizer@3d97a632, org.springframework.boot.test.context.SpringBootTestArgs@1, org.springframework.boot.test.context.SpringBootTestWebEnvironment@56cdfb3b], resourceBasePath = 'src/main/webapp', contextLoader = 'org.springframework.boot.test.context.SpringBootContextLoader', parent = [null]], attributes = map['org.springframework.test.context.web.ServletTestExecutionListener.activateListener' -> true]], class annotated with @DirtiesContext [false] with mode [null].

  .   ____          _            __ _ _
 /\\ / ___'_ __ _ _(_)_ __  __ _ \ \ \ \
( ( )\___ | '_ | '_| | '_ \/ _` | \ \ \ \
 \\/  ___)| |_)| | | | | || (_| |  ) ) ) )
  '  |____| .__|_| |_|_| |_\__, | / / / /
 =========|_|==============|___/=/_/_/_/
 :: Spring Boot ::                (v2.7.3)

2022-11-25 14:50:12.915  INFO 25216 --- [    Test worker] c.e.demo.domain.user.UserControllerTest  : Starting UserControllerTest using Java 18.0.2.1 on DESKTOP-3G1IK11 with PID 25216 (started by Sophia Moos in C:\Source\github\uek223-docker\docker-backend-uek223\backend)
2022-11-25 14:50:12.917 DEBUG 25216 --- [    Test worker] c.e.demo.domain.user.UserControllerTest  : Running with Spring Boot v2.7.3, Spring v5.3.22
2022-11-25 14:50:12.918  INFO 25216 --- [    Test worker] c.e.demo.domain.user.UserControllerTest  : No active profile set, falling back to 1 default profile: "default"
2022-11-25 14:50:12.920 DEBUG 25216 --- [    Test worker] o.s.boot.SpringApplication               : Loading source class com.example.demo.DemoApplication
2022-11-25 14:50:12.920 DEBUG 25216 --- [kground-preinit] org.jboss.logging                        : Logging Provider: org.jboss.logging.Log4j2LoggerProvider
2022-11-25 14:50:12.934 DEBUG 25216 --- [kground-preinit] o.h.v.i.xml.config.ValidationXmlParser   : Trying to load META-INF/validation.xml for XML based Validator configuration.
2022-11-25 14:50:12.937 DEBUG 25216 --- [kground-preinit] o.h.v.i.xml.config.ResourceLoaderHelper  : Trying to load META-INF/validation.xml via TCCL
2022-11-25 14:50:12.938 DEBUG 25216 --- [kground-preinit] o.h.v.i.xml.config.ResourceLoaderHelper  : Trying to load META-INF/validation.xml via Hibernate Validator's class loader
2022-11-25 14:50:12.940 DEBUG 25216 --- [kground-preinit] o.h.v.i.xml.config.ValidationXmlParser   : No META-INF/validation.xml found. Using annotation based configuration only.
2022-11-25 14:50:12.958 DEBUG 25216 --- [kground-preinit] o.h.v.i.e.resolver.TraversableResolvers  : Found javax.persistence.Persistence on classpath containing 'getPersistenceUtil'. Assuming JPA 2 environment. Trying to instantiate JPA aware TraversableResolver
2022-11-25 14:50:12.960 DEBUG 25216 --- [kground-preinit] o.h.v.i.e.resolver.TraversableResolvers  : Instantiated JPA aware TraversableResolver of type org.hibernate.validator.internal.engine.resolver.JPATraversableResolver.
2022-11-25 14:50:12.965 DEBUG 25216 --- [    Test worker] o.s.w.c.s.GenericWebApplicationContext   : Refreshing org.springframework.web.context.support.GenericWebApplicationContext@f973499
2022-11-25 14:50:13.027 DEBUG 25216 --- [    Test worker] o.s.b.f.s.DefaultListableBeanFactory     : Creating shared instance of singleton bean 'org.springframework.context.annotation.internalConfigurationAnnotationProcessor'
2022-11-25 14:50:13.036 DEBUG 25216 --- [kground-preinit] .h.v.m.ResourceBundleMessageInterpolator : Loaded expression factory via original TCCL
2022-11-25 14:50:13.081 DEBUG 25216 --- [    Test worker] o.s.b.f.s.DefaultListableBeanFactory     : Creating shared instance of singleton bean 'org.springframework.boot.autoconfigure.internalCachingMetadataReaderFactory'
2022-11-25 14:50:13.429 DEBUG 25216 --- [    Test worker] o.s.c.a.ClassPathBeanDefinitionScanner   : Identified candidate component class: file [C:\Source\github\uek223-docker\docker-backend-uek223\backend\build\classes\java\main\com\example\demo\core\exception\CustomGlobalExceptionHandler.class]
2022-11-25 14:50:13.461 DEBUG 25216 --- [    Test worker] o.s.c.a.ClassPathBeanDefinitionScanner   : Identified candidate component class: file [C:\Source\github\uek223-docker\docker-backend-uek223\backend\build\classes\java\main\com\example\demo\core\logging\LoggerConfig.class]
2022-11-25 14:50:13.485 DEBUG 25216 --- [    Test worker] o.s.c.a.ClassPathBeanDefinitionScanner   : Identified candidate component class: file [C:\Source\github\uek223-docker\docker-backend-uek223\backend\build\classes\java\main\com\example\demo\core\security\WebSecurityConfig.class]
2022-11-25 14:50:13.487 DEBUG 25216 --- [    Test worker] o.s.c.a.ClassPathBeanDefinitionScanner   : Identified candidate component class: file [C:\Source\github\uek223-docker\docker-backend-uek223\backend\build\classes\java\main\com\example\demo\core\security\config\Encoders.class]
2022-11-25 14:50:13.492 DEBUG 25216 --- [    Test worker] o.s.c.a.ClassPathBeanDefinitionScanner   : Identified candidate component class: file [C:\Source\github\uek223-docker\docker-backend-uek223\backend\build\classes\java\main\com\example\demo\core\security\helpers\JwtProperties.class]
2022-11-25 14:50:13.496 DEBUG 25216 --- [    Test worker] o.s.c.a.ClassPathBeanDefinitionScanner   : Identified candidate component class: file [C:\Source\github\uek223-docker\docker-backend-uek223\backend\build\classes\java\main\com\example\demo\core\security\permissionEvaluators\UserPermissionEvaluator.class]
2022-11-25 14:50:13.504 DEBUG 25216 --- [    Test worker] o.s.c.a.ClassPathBeanDefinitionScanner   : Identified candidate component class: file [C:\Source\github\uek223-docker\docker-backend-uek223\backend\build\classes\java\main\com\example\demo\core\security\validators\link\LinkValidator.class]
2022-11-25 14:50:13.511 DEBUG 25216 --- [    Test worker] o.s.c.a.ClassPathBeanDefinitionScanner   : Identified candidate component class: file [C:\Source\github\uek223-docker\docker-backend-uek223\backend\build\classes\java\main\com\example\demo\domain\authority\dto\AuthorityMapperImpl.class]
2022-11-25 14:50:13.526 DEBUG 25216 --- [    Test worker] o.s.c.a.ClassPathBeanDefinitionScanner   : Identified candidate component class: file [C:\Source\github\uek223-docker\docker-backend-uek223\backend\build\classes\java\main\com\example\demo\domain\myListEntry\MyListEntryController.class]
2022-11-25 14:50:13.529 DEBUG 25216 --- [    Test worker] o.s.c.a.ClassPathBeanDefinitionScanner   : Ignored because not a concrete top-level class: file [C:\Source\github\uek223-docker\docker-backend-uek223\backend\build\classes\java\main\com\example\demo\domain\myListEntry\MyListEntryRepository.class]
2022-11-25 14:50:13.531 DEBUG 25216 --- [    Test worker] o.s.c.a.ClassPathBeanDefinitionScanner   : Ignored because not a concrete top-level class: file [C:\Source\github\uek223-docker\docker-backend-uek223\backend\build\classes\java\main\com\example\demo\domain\myListEntry\MyListEntryService.class]
2022-11-25 14:50:13.537 DEBUG 25216 --- [    Test worker] o.s.c.a.ClassPathBeanDefinitionScanner   : Identified candidate component class: file [C:\Source\github\uek223-docker\docker-backend-uek223\backend\build\classes\java\main\com\example\demo\domain\myListEntry\MyListEntryServiceImpl.class]
2022-11-25 14:50:13.540 DEBUG 25216 --- [    Test worker] o.s.c.a.ClassPathBeanDefinitionScanner   : Identified candidate component class: file [C:\Source\github\uek223-docker\docker-backend-uek223\backend\build\classes\java\main\com\example\demo\domain\myListEntry\dto\MyListEntryMapperImpl.class]
2022-11-25 14:50:13.545 DEBUG 25216 --- [    Test worker] o.s.c.a.ClassPathBeanDefinitionScanner   : Identified candidate component class: file [C:\Source\github\uek223-docker\docker-backend-uek223\backend\build\classes\java\main\com\example\demo\domain\role\dto\RoleMapperImpl.class]
2022-11-25 14:50:13.548 DEBUG 25216 --- [    Test worker] o.s.c.a.ClassPathBeanDefinitionScanner   : Identified candidate component class: file [C:\Source\github\uek223-docker\docker-backend-uek223\backend\build\classes\java\main\com\example\demo\domain\user\UserController.class]
2022-11-25 14:50:13.551 DEBUG 25216 --- [    Test worker] o.s.c.a.ClassPathBeanDefinitionScanner   : Ignored because not a concrete top-level class: file [C:\Source\github\uek223-docker\docker-backend-uek223\backend\build\classes\java\main\com\example\demo\domain\user\UserRepository.class]
2022-11-25 14:50:13.553 DEBUG 25216 --- [    Test worker] o.s.c.a.ClassPathBeanDefinitionScanner   : Identified candidate component class: file [C:\Source\github\uek223-docker\docker-backend-uek223\backend\build\classes\java\main\com\example\demo\domain\user\UserServiceImpl.class]
2022-11-25 14:50:13.558 DEBUG 25216 --- [    Test worker] o.s.c.a.ClassPathBeanDefinitionScanner   : Identified candidate component class: file [C:\Source\github\uek223-docker\docker-backend-uek223\backend\build\classes\java\main\com\example\demo\domain\user\dto\UserMapperImpl.class]
2022-11-25 14:50:13.691 DEBUG 25216 --- [kground-preinit] .i.e.ValidatorFactoryConfigurationHelper : HV000252: Using org.hibernate.validator.internal.engine.DefaultPropertyNodeNameProvider as property node name provider.
2022-11-25 14:50:13.720 DEBUG 25216 --- [kground-preinit] .i.e.ValidatorFactoryConfigurationHelper : HV000234: Using org.hibernate.validator.messageinterpolation.ResourceBundleMessageInterpolator as ValidatorFactory-scoped message interpolator.
2022-11-25 14:50:13.720 DEBUG 25216 --- [kground-preinit] .i.e.ValidatorFactoryConfigurationHelper : HV000234: Using org.hibernate.validator.internal.engine.resolver.JPATraversableResolver as ValidatorFactory-scoped traversable resolver.
2022-11-25 14:50:13.721 DEBUG 25216 --- [kground-preinit] .i.e.ValidatorFactoryConfigurationHelper : HV000234: Using org.hibernate.validator.internal.util.ExecutableParameterNameProvider as ValidatorFactory-scoped parameter name provider.
2022-11-25 14:50:13.722 DEBUG 25216 --- [kground-preinit] .i.e.ValidatorFactoryConfigurationHelper : HV000234: Using org.hibernate.validator.internal.engine.DefaultClockProvider as ValidatorFactory-scoped clock provider.
2022-11-25 14:50:13.723 DEBUG 25216 --- [kground-preinit] .i.e.ValidatorFactoryConfigurationHelper : HV000234: Using org.hibernate.validator.internal.engine.scripting.DefaultScriptEvaluatorFactory as ValidatorFactory-scoped script evaluator factory.
2022-11-25 14:50:16.217  INFO 25216 --- [    Test worker] .s.d.r.c.RepositoryConfigurationDelegate : Bootstrapping Spring Data JPA repositories in DEFAULT mode.
2022-11-25 14:50:16.254 DEBUG 25216 --- [    Test worker] o.s.b.f.s.DefaultListableBeanFactory     : Creating shared instance of singleton bean 'org.springframework.boot.autoconfigure.AutoConfigurationPackages'
2022-11-25 14:50:16.255 DEBUG 25216 --- [    Test worker] o.s.b.a.AutoConfigurationPackages        : @EnableAutoConfiguration was declared on a class in the package 'com.example.demo'. Automatic @Repository and @Entity scanning is enabled.
2022-11-25 14:50:16.259 DEBUG 25216 --- [    Test worker] .s.d.r.c.RepositoryConfigurationDelegate : Scanning for JPA repositories in packages com.example.demo.
2022-11-25 14:50:16.320 DEBUG 25216 --- [    Test worker] o.s.d.r.c.RepositoryComponentProvider    : Identified candidate component class: file [C:\Source\github\uek223-docker\docker-backend-uek223\backend\build\classes\java\main\com\example\demo\core\generic\ExtendedRepository.class]
2022-11-25 14:50:16.349 DEBUG 25216 --- [    Test worker] o.s.d.r.c.RepositoryComponentProvider    : Identified candidate component class: file [C:\Source\github\uek223-docker\docker-backend-uek223\backend\build\classes\java\main\com\example\demo\domain\myListEntry\MyListEntryRepository.class]
2022-11-25 14:50:16.358 DEBUG 25216 --- [    Test worker] o.s.d.r.c.RepositoryComponentProvider    : Identified candidate component class: file [C:\Source\github\uek223-docker\docker-backend-uek223\backend\build\classes\java\main\com\example\demo\domain\user\UserRepository.class]
2022-11-25 14:50:16.503 DEBUG 25216 --- [    Test worker] ssPathScanningCandidateComponentProvider : Ignored because not a concrete top-level class: file [C:\Source\github\uek223-docker\docker-backend-uek223\backend\build\classes\java\main\com\example\demo\core\generic\ExtendedServiceImpl.class]
2022-11-25 14:50:16.506 DEBUG 25216 --- [    Test worker] ssPathScanningCandidateComponentProvider : Identified candidate component class: file [C:\Source\github\uek223-docker\docker-backend-uek223\backend\build\classes\java\main\com\example\demo\domain\authority\dto\AuthorityMapperImpl.class]
2022-11-25 14:50:16.506 DEBUG 25216 --- [    Test worker] ssPathScanningCandidateComponentProvider : Identified candidate component class: file [C:\Source\github\uek223-docker\docker-backend-uek223\backend\build\classes\java\main\com\example\demo\domain\myListEntry\MyListEntryServiceImpl.class]
2022-11-25 14:50:16.507 DEBUG 25216 --- [    Test worker] ssPathScanningCandidateComponentProvider : Identified candidate component class: file [C:\Source\github\uek223-docker\docker-backend-uek223\backend\build\classes\java\main\com\example\demo\domain\myListEntry\dto\MyListEntryMapperImpl.class]
2022-11-25 14:50:16.511 DEBUG 25216 --- [    Test worker] ssPathScanningCandidateComponentProvider : Identified candidate component class: file [C:\Source\github\uek223-docker\docker-backend-uek223\backend\build\classes\java\main\com\example\demo\domain\role\dto\RoleMapperImpl.class]
2022-11-25 14:50:16.512 DEBUG 25216 --- [    Test worker] ssPathScanningCandidateComponentProvider : Identified candidate component class: file [C:\Source\github\uek223-docker\docker-backend-uek223\backend\build\classes\java\main\com\example\demo\domain\user\UserDetailsImpl.class]
2022-11-25 14:50:16.513 DEBUG 25216 --- [    Test worker] ssPathScanningCandidateComponentProvider : Identified candidate component class: file [C:\Source\github\uek223-docker\docker-backend-uek223\backend\build\classes\java\main\com\example\demo\domain\user\UserServiceImpl.class]
2022-11-25 14:50:16.513 DEBUG 25216 --- [    Test worker] ssPathScanningCandidateComponentProvider : Identified candidate component class: file [C:\Source\github\uek223-docker\docker-backend-uek223\backend\build\classes\java\main\com\example\demo\domain\user\dto\UserMapperImpl.class]
2022-11-25 14:50:16.631  INFO 25216 --- [    Test worker] .s.d.r.c.RepositoryConfigurationDelegate : Finished Spring Data repository scanning in 368 ms. Found 3 JPA repository interfaces.
2022-11-25 14:50:17.091 DEBUG 25216 --- [    Test worker] o.s.b.f.s.DefaultListableBeanFactory     : Creating shared instance of singleton bean 'org.springframework.boot.test.context.ImportsContextCustomizer$ImportsCleanupPostProcessor'
2022-11-25 14:50:17.403 DEBUG 25216 --- [    Test worker] o.s.b.f.s.DefaultListableBeanFactory     : Creating shared instance of singleton bean 'propertySourcesPlaceholderConfigurer'
2022-11-25 14:50:17.426 DEBUG 25216 --- [    Test worker] o.s.b.f.s.DefaultListableBeanFactory     : Creating shared instance of singleton bean 'org.springframework.boot.test.mock.mockito.MockitoPostProcessor'
2022-11-25 14:50:17.430 DEBUG 25216 --- [    Test worker] o.s.b.f.s.DefaultListableBeanFactory     : Creating shared instance of singleton bean 'emBeanDefinitionRegistrarPostProcessor'
2022-11-25 14:50:17.432 DEBUG 25216 --- [    Test worker] o.s.b.f.s.DefaultListableBeanFactory     : Creating shared instance of singleton bean 'org.springframework.boot.sql.init.dependency.DatabaseInitializationDependencyConfigurer$DependsOnDatabaseInitializationPostProcessor'
2022-11-25 14:50:19.924 DEBUG 25216 --- [    Test worker] o.s.b.f.s.DefaultListableBeanFactory     : Creating shared instance of singleton bean 'org.springframework.context.event.internalEventListenerProcessor'
2022-11-25 14:50:19.929 DEBUG 25216 --- [    Test worker] o.s.b.f.s.DefaultListableBeanFactory     : Creating shared instance of singleton bean 'preserveErrorControllerTargetClassPostProcessor'
2022-11-25 14:50:19.931 DEBUG 25216 --- [    Test worker] o.s.b.f.s.DefaultListableBeanFactory     : Creating shared instance of singleton bean 'conversionServicePostProcessor'
2022-11-25 14:50:19.953 DEBUG 25216 --- [    Test worker] o.s.b.f.s.DefaultListableBeanFactory     : Creating shared instance of singleton bean 'org.springframework.context.event.internalEventListenerFactory'
2022-11-25 14:50:19.954 DEBUG 25216 --- [    Test worker] o.s.b.f.s.DefaultListableBeanFactory     : Creating shared instance of singleton bean 'org.springframework.transaction.config.internalTransactionalEventListenerFactory'
2022-11-25 14:50:19.967 DEBUG 25216 --- [    Test worker] o.s.b.f.s.DefaultListableBeanFactory     : Creating shared instance of singleton bean 'org.springframework.context.annotation.internalAutowiredAnnotationProcessor'
2022-11-25 14:50:19.971 DEBUG 25216 --- [    Test worker] o.s.b.f.s.DefaultListableBeanFactory     : Creating shared instance of singleton bean 'org.springframework.context.annotation.internalCommonAnnotationProcessor'
2022-11-25 14:50:19.986 DEBUG 25216 --- [    Test worker] o.s.b.f.s.DefaultListableBeanFactory     : Creating shared instance of singleton bean 'org.springframework.context.annotation.internalPersistenceAnnotationProcessor'
2022-11-25 14:50:19.988 DEBUG 25216 --- [    Test worker] o.s.b.f.s.DefaultListableBeanFactory     : Creating shared instance of singleton bean 'org.springframework.boot.test.mock.mockito.MockitoPostProcessor$SpyPostProcessor'
2022-11-25 14:50:19.990 DEBUG 25216 --- [    Test worker] o.s.b.f.s.DefaultListableBeanFactory     : Creating shared instance of singleton bean 'org.springframework.boot.context.properties.ConfigurationPropertiesBindingPostProcessor'
2022-11-25 14:50:19.991 DEBUG 25216 --- [    Test worker] o.s.b.f.s.DefaultListableBeanFactory     : Creating shared instance of singleton bean 'org.springframework.boot.context.internalConfigurationPropertiesBinder'
2022-11-25 14:50:19.991 DEBUG 25216 --- [    Test worker] o.s.b.f.s.DefaultListableBeanFactory     : Creating shared instance of singleton bean 'org.springframework.boot.context.internalConfigurationPropertiesBinderFactory'
2022-11-25 14:50:20.003 DEBUG 25216 --- [    Test worker] o.s.b.f.s.DefaultListableBeanFactory     : Creating shared instance of singleton bean 'org.springframework.aop.config.internalAutoProxyCreator'
2022-11-25 14:50:20.155 DEBUG 25216 --- [    Test worker] o.s.b.f.s.DefaultListableBeanFactory     : Creating shared instance of singleton bean 'methodValidationPostProcessor'
2022-11-25 14:50:20.221 DEBUG 25216 --- [    Test worker] o.s.b.f.s.DefaultListableBeanFactory     : Autowiring by type from bean name 'methodValidationPostProcessor' via factory method to bean named 'environment'
2022-11-25 14:50:20.227 DEBUG 25216 --- [    Test worker] o.s.b.f.s.DefaultListableBeanFactory     : Creating shared instance of singleton bean 'org.springframework.boot.context.properties.EnableConfigurationPropertiesRegistrar.methodValidationExcludeFilter'
2022-11-25 14:50:20.306 DEBUG 25216 --- [    Test worker] o.s.b.f.s.DefaultListableBeanFactory     : Creating shared instance of singleton bean 'persistenceExceptionTranslationPostProcessor'
2022-11-25 14:50:20.309 DEBUG 25216 --- [    Test worker] o.s.b.f.s.DefaultListableBeanFactory     : Autowiring by type from bean name 'persistenceExceptionTranslationPostProcessor' via factory method to bean named 'environment'
2022-11-25 14:50:20.346 DEBUG 25216 --- [    Test worker] o.s.b.f.s.DefaultListableBeanFactory     : Creating shared instance of singleton bean 'webServerFactoryCustomizerBeanPostProcessor'
2022-11-25 14:50:20.357 DEBUG 25216 --- [    Test worker] o.s.b.f.s.DefaultListableBeanFactory     : Creating shared instance of singleton bean 'errorPageRegistrarBeanPostProcessor'
2022-11-25 14:50:20.367 DEBUG 25216 --- [    Test worker] o.s.b.f.s.DefaultListableBeanFactory     : Creating shared instance of singleton bean 'projectingArgumentResolverBeanPostProcessor'
2022-11-25 14:50:20.370 DEBUG 25216 --- [    Test worker] o.s.b.f.s.DefaultListableBeanFactory     : Creating shared instance of singleton bean 'metaDataSourceAdvisor'
2022-11-25 14:50:20.371 DEBUG 25216 --- [    Test worker] o.s.b.f.s.DefaultListableBeanFactory     : Creating shared instance of singleton bean 'methodSecurityMetadataSource'
2022-11-25 14:50:20.372 DEBUG 25216 --- [    Test worker] o.s.b.f.s.DefaultListableBeanFactory     : Creating shared instance of singleton bean 'org.springframework.security.config.annotation.method.configuration.GlobalMethodSecurityConfiguration'
2022-11-25 14:50:20.372 DEBUG 25216 --- [    Test worker] o.s.b.f.s.DefaultListableBeanFactory     : Creating shared instance of singleton bean 'org.springframework.transaction.config.internalTransactionAdvisor'
2022-11-25 14:50:20.373 DEBUG 25216 --- [    Test worker] o.s.b.f.s.DefaultListableBeanFactory     : Creating shared instance of singleton bean 'org.springframework.transaction.annotation.ProxyTransactionManagementConfiguration'
2022-11-25 14:50:20.407 DEBUG 25216 --- [    Test worker] o.s.b.f.s.DefaultListableBeanFactory     : Creating shared instance of singleton bean 'transactionAttributeSource'
2022-11-25 14:50:20.424 DEBUG 25216 --- [    Test worker] o.s.b.f.s.DefaultListableBeanFactory     : Creating shared instance of singleton bean 'transactionInterceptor'
2022-11-25 14:50:20.426 DEBUG 25216 --- [    Test worker] o.s.b.f.s.DefaultListableBeanFactory     : Autowiring by type from bean name 'transactionInterceptor' via factory method to bean named 'transactionAttributeSource'
2022-11-25 14:50:20.470 DEBUG 25216 --- [    Test worker] o.s.b.f.s.DefaultListableBeanFactory     : Autowiring by type from bean name 'org.springframework.transaction.config.internalTransactionAdvisor' via factory method to bean named 'transactionAttributeSource'
2022-11-25 14:50:20.470 DEBUG 25216 --- [    Test worker] o.s.b.f.s.DefaultListableBeanFactory     : Autowiring by type from bean name 'org.springframework.transaction.config.internalTransactionAdvisor' via factory method to bean named 'transactionInterceptor'
2022-11-25 14:50:20.555 DEBUG 25216 --- [    Test worker] o.s.b.f.s.DefaultListableBeanFactory     : Creating shared instance of singleton bean 'objectPostProcessor'
2022-11-25 14:50:20.555 DEBUG 25216 --- [    Test worker] o.s.b.f.s.DefaultListableBeanFactory     : Creating shared instance of singleton bean 'org.springframework.security.config.annotation.configuration.ObjectPostProcessorConfiguration'
2022-11-25 14:50:20.568 DEBUG 25216 --- [    Test worker] o.s.b.f.s.DefaultListableBeanFactory     : Autowiring by type from bean name 'objectPostProcessor' via factory method to bean named 'org.springframework.beans.factory.support.DefaultListableBeanFactory@4dafba3e'
2022-11-25 14:50:20.763 DEBUG 25216 --- [    Test worker] o.s.u.c.s.UiApplicationContextUtils      : Unable to locate ThemeSource with name 'themeSource': using default [org.springframework.ui.context.support.ResourceBundleThemeSource@14a1769d]
2022-11-25 14:50:20.766 DEBUG 25216 --- [    Test worker] o.s.b.f.s.DefaultListableBeanFactory     : Creating shared instance of singleton bean 'entityManagerFactory'
2022-11-25 14:50:20.767 DEBUG 25216 --- [    Test worker] o.s.b.f.s.DefaultListableBeanFactory     : Creating shared instance of singleton bean 'org.springframework.boot.autoconfigure.orm.jpa.HibernateJpaConfiguration'
2022-11-25 14:50:20.769 DEBUG 25216 --- [    Test worker] o.s.b.f.s.DefaultListableBeanFactory     : Creating shared instance of singleton bean 'dataSource'
2022-11-25 14:50:20.770 DEBUG 25216 --- [    Test worker] o.s.b.f.s.DefaultListableBeanFactory     : Creating shared instance of singleton bean 'org.springframework.boot.autoconfigure.jdbc.DataSourceConfiguration$Hikari'
2022-11-25 14:50:20.777 DEBUG 25216 --- [    Test worker] o.s.b.f.s.DefaultListableBeanFactory     : Creating shared instance of singleton bean 'spring.datasource-org.springframework.boot.autoconfigure.jdbc.DataSourceProperties'
2022-11-25 14:50:20.793 DEBUG 25216 --- [    Test worker] o.s.b.f.s.DefaultListableBeanFactory     : Creating shared instance of singleton bean 'org.springframework.boot.context.properties.BoundConfigurationProperties'
2022-11-25 14:50:20.857 DEBUG 25216 --- [    Test worker] o.s.b.f.s.DefaultListableBeanFactory     : Autowiring by type from bean name 'dataSource' via factory method to bean named 'spring.datasource-org.springframework.boot.autoconfigure.jdbc.DataSourceProperties'
2022-11-25 14:50:20.871 DEBUG 25216 --- [    Test worker] com.zaxxer.hikari.HikariConfig           : Driver class org.postgresql.Driver found in Thread context class loader jdk.internal.loader.ClassLoaders$AppClassLoader@c387f44
2022-11-25 14:50:20.971 DEBUG 25216 --- [    Test worker] o.s.b.f.s.DefaultListableBeanFactory     : Creating shared instance of singleton bean 'spring.jpa-org.springframework.boot.autoconfigure.orm.jpa.JpaProperties'
2022-11-25 14:50:20.989 DEBUG 25216 --- [    Test worker] o.s.b.f.s.DefaultListableBeanFactory     : Creating shared instance of singleton bean 'spring.jpa.hibernate-org.springframework.boot.autoconfigure.orm.jpa.HibernateProperties'
2022-11-25 14:50:21.002 DEBUG 25216 --- [    Test worker] o.s.b.f.s.DefaultListableBeanFactory     : Autowiring by type from bean name 'org.springframework.boot.autoconfigure.orm.jpa.HibernateJpaConfiguration' via constructor to bean named 'dataSource'
2022-11-25 14:50:21.002 DEBUG 25216 --- [    Test worker] o.s.b.f.s.DefaultListableBeanFactory     : Autowiring by type from bean name 'org.springframework.boot.autoconfigure.orm.jpa.HibernateJpaConfiguration' via constructor to bean named 'spring.jpa-org.springframework.boot.autoconfigure.orm.jpa.JpaProperties'
2022-11-25 14:50:21.002 DEBUG 25216 --- [    Test worker] o.s.b.f.s.DefaultListableBeanFactory     : Autowiring by type from bean name 'org.springframework.boot.autoconfigure.orm.jpa.HibernateJpaConfiguration' via constructor to bean named 'org.springframework.beans.factory.support.DefaultListableBeanFactory@4dafba3e'
2022-11-25 14:50:21.002 DEBUG 25216 --- [    Test worker] o.s.b.f.s.DefaultListableBeanFactory     : Autowiring by type from bean name 'org.springframework.boot.autoconfigure.orm.jpa.HibernateJpaConfiguration' via constructor to bean named 'spring.jpa.hibernate-org.springframework.boot.autoconfigure.orm.jpa.HibernateProperties'
2022-11-25 14:50:21.021 DEBUG 25216 --- [    Test worker] o.s.b.f.s.DefaultListableBeanFactory     : Creating shared instance of singleton bean 'hikariPoolDataSourceMetadataProvider'
2022-11-25 14:50:21.021 DEBUG 25216 --- [    Test worker] o.s.b.f.s.DefaultListableBeanFactory     : Creating shared instance of singleton bean 'org.springframework.boot.autoconfigure.jdbc.metadata.DataSourcePoolMetadataProvidersConfiguration$HikariPoolDataSourceMetadataProviderConfiguration'
2022-11-25 14:50:21.052 DEBUG 25216 --- [    Test worker] o.s.b.f.s.DefaultListableBeanFactory     : Creating shared instance of singleton bean 'entityManagerFactoryBuilder'
2022-11-25 14:50:21.054 DEBUG 25216 --- [    Test worker] o.s.b.f.s.DefaultListableBeanFactory     : Creating shared instance of singleton bean 'jpaVendorAdapter'
2022-11-25 14:50:21.103 DEBUG 25216 --- [    Test worker] o.s.b.f.s.DefaultListableBeanFactory     : Autowiring by type from bean name 'entityManagerFactoryBuilder' via factory method to bean named 'jpaVendorAdapter'
2022-11-25 14:50:21.120 DEBUG 25216 --- [    Test worker] o.s.b.f.s.DefaultListableBeanFactory     : Autowiring by type from bean name 'entityManagerFactory' via factory method to bean named 'entityManagerFactoryBuilder'
2022-11-25 14:50:21.255 DEBUG 25216 --- [    Test worker] j.LocalContainerEntityManagerFactoryBean : Building JPA container EntityManagerFactory for persistence unit 'default'
2022-11-25 14:50:21.373 DEBUG 25216 --- [    Test worker] o.hibernate.jpa.internal.util.LogHelper  : PersistenceUnitInfo [
	name: default
	persistence provider classname: null
	classloader: jdk.internal.loader.ClassLoaders$AppClassLoader@c387f44
	excludeUnlistedClasses: true
	JTA datasource: null
	Non JTA datasource: HikariDataSource (null)
	Transaction type: RESOURCE_LOCAL
	PU root URL: file:/C:/Source/github/uek223-docker/docker-backend-uek223/backend/build/classes/java/test/
	Shared Cache Mode: UNSPECIFIED
	Validation Mode: AUTO
	Jar files URLs []
	Managed classes names [
		com.example.demo.core.generic.ExtendedEntity
		com.example.demo.domain.authority.Authority
		com.example.demo.domain.myListEntry.MyListEntry
		com.example.demo.domain.role.Role
		com.example.demo.domain.user.User]
	Mapping files names []
	Properties []
2022-11-25 14:50:21.422 DEBUG 25216 --- [    Test worker] o.h.i.internal.IntegratorServiceImpl     : Adding Integrator [org.hibernate.cfg.beanvalidation.BeanValidationIntegrator].
2022-11-25 14:50:21.427 DEBUG 25216 --- [    Test worker] o.h.i.internal.IntegratorServiceImpl     : Adding Integrator [org.hibernate.secure.spi.JaccIntegrator].
2022-11-25 14:50:21.431 DEBUG 25216 --- [    Test worker] o.h.i.internal.IntegratorServiceImpl     : Adding Integrator [org.hibernate.cache.internal.CollectionCacheInvalidator].
2022-11-25 14:50:21.561  INFO 25216 --- [    Test worker] org.hibernate.Version                    : HHH000412: Hibernate ORM core version 5.6.10.Final
2022-11-25 14:50:21.565 DEBUG 25216 --- [    Test worker] org.hibernate.cfg.Environment            : HHH000206: hibernate.properties not found
2022-11-25 14:50:21.625 DEBUG 25216 --- [    Test worker] o.hibernate.service.spi.ServiceBinding   : Overriding existing service binding [org.hibernate.secure.spi.JaccService]
2022-11-25 14:50:21.657 DEBUG 25216 --- [    Test worker] o.h.c.internal.RegionFactoryInitiator    : Cannot default RegionFactory based on registered strategies as `[]` RegionFactory strategies were registered
2022-11-25 14:50:21.660 DEBUG 25216 --- [    Test worker] o.h.c.internal.RegionFactoryInitiator    : Cache region factory : org.hibernate.cache.internal.NoCachingRegionFactory
2022-11-25 14:50:21.685  INFO 25216 --- [    Test worker] o.hibernate.annotations.common.Version   : HCANN000001: Hibernate Commons Annotations {5.1.2.Final}
2022-11-25 14:50:21.756 DEBUG 25216 --- [    Test worker] org.hibernate.type.BasicTypeRegistry     : Adding type registration boolean -> org.hibernate.type.BooleanType@7e31d53b
2022-11-25 14:50:21.756 DEBUG 25216 --- [    Test worker] org.hibernate.type.BasicTypeRegistry     : Adding type registration boolean -> org.hibernate.type.BooleanType@7e31d53b
2022-11-25 14:50:21.756 DEBUG 25216 --- [    Test worker] org.hibernate.type.BasicTypeRegistry     : Adding type registration java.lang.Boolean -> org.hibernate.type.BooleanType@7e31d53b
2022-11-25 14:50:21.758 DEBUG 25216 --- [    Test worker] org.hibernate.type.BasicTypeRegistry     : Adding type registration numeric_boolean -> org.hibernate.type.NumericBooleanType@702096ef
2022-11-25 14:50:21.760 DEBUG 25216 --- [    Test worker] org.hibernate.type.BasicTypeRegistry     : Adding type registration true_false -> org.hibernate.type.TrueFalseType@24a8e40d
2022-11-25 14:50:21.762 DEBUG 25216 --- [    Test worker] org.hibernate.type.BasicTypeRegistry     : Adding type registration yes_no -> org.hibernate.type.YesNoType@66ab924
2022-11-25 14:50:21.765 DEBUG 25216 --- [    Test worker] org.hibernate.type.BasicTypeRegistry     : Adding type registration byte -> org.hibernate.type.ByteType@ab327c
2022-11-25 14:50:21.765 DEBUG 25216 --- [    Test worker] org.hibernate.type.BasicTypeRegistry     : Adding type registration byte -> org.hibernate.type.ByteType@ab327c
2022-11-25 14:50:21.765 DEBUG 25216 --- [    Test worker] org.hibernate.type.BasicTypeRegistry     : Adding type registration java.lang.Byte -> org.hibernate.type.ByteType@ab327c
2022-11-25 14:50:21.767 DEBUG 25216 --- [    Test worker] org.hibernate.type.BasicTypeRegistry     : Adding type registration character -> org.hibernate.type.CharacterType@72715e61
2022-11-25 14:50:21.768 DEBUG 25216 --- [    Test worker] org.hibernate.type.BasicTypeRegistry     : Adding type registration char -> org.hibernate.type.CharacterType@72715e61
2022-11-25 14:50:21.768 DEBUG 25216 --- [    Test worker] org.hibernate.type.BasicTypeRegistry     : Adding type registration java.lang.Character -> org.hibernate.type.CharacterType@72715e61
2022-11-25 14:50:21.770 DEBUG 25216 --- [    Test worker] org.hibernate.type.BasicTypeRegistry     : Adding type registration short -> org.hibernate.type.ShortType@5611bba
2022-11-25 14:50:21.771 DEBUG 25216 --- [    Test worker] org.hibernate.type.BasicTypeRegistry     : Adding type registration short -> org.hibernate.type.ShortType@5611bba
2022-11-25 14:50:21.771 DEBUG 25216 --- [    Test worker] org.hibernate.type.BasicTypeRegistry     : Adding type registration java.lang.Short -> org.hibernate.type.ShortType@5611bba
2022-11-25 14:50:21.772 DEBUG 25216 --- [    Test worker] org.hibernate.type.BasicTypeRegistry     : Adding type registration integer -> org.hibernate.type.IntegerType@580c17a0
2022-11-25 14:50:21.773 DEBUG 25216 --- [    Test worker] org.hibernate.type.BasicTypeRegistry     : Adding type registration int -> org.hibernate.type.IntegerType@580c17a0
2022-11-25 14:50:21.773 DEBUG 25216 --- [    Test worker] org.hibernate.type.BasicTypeRegistry     : Adding type registration java.lang.Integer -> org.hibernate.type.IntegerType@580c17a0
2022-11-25 14:50:21.775 DEBUG 25216 --- [    Test worker] org.hibernate.type.BasicTypeRegistry     : Adding type registration long -> org.hibernate.type.LongType@6463da36
2022-11-25 14:50:21.775 DEBUG 25216 --- [    Test worker] org.hibernate.type.BasicTypeRegistry     : Adding type registration long -> org.hibernate.type.LongType@6463da36
2022-11-25 14:50:21.775 DEBUG 25216 --- [    Test worker] org.hibernate.type.BasicTypeRegistry     : Adding type registration java.lang.Long -> org.hibernate.type.LongType@6463da36
2022-11-25 14:50:21.777 DEBUG 25216 --- [    Test worker] org.hibernate.type.BasicTypeRegistry     : Adding type registration float -> org.hibernate.type.FloatType@6afeaf2d
2022-11-25 14:50:21.778 DEBUG 25216 --- [    Test worker] org.hibernate.type.BasicTypeRegistry     : Adding type registration float -> org.hibernate.type.FloatType@6afeaf2d
2022-11-25 14:50:21.778 DEBUG 25216 --- [    Test worker] org.hibernate.type.BasicTypeRegistry     : Adding type registration java.lang.Float -> org.hibernate.type.FloatType@6afeaf2d
2022-11-25 14:50:21.779 DEBUG 25216 --- [    Test worker] org.hibernate.type.BasicTypeRegistry     : Adding type registration double -> org.hibernate.type.DoubleType@da22aa
2022-11-25 14:50:21.780 DEBUG 25216 --- [    Test worker] org.hibernate.type.BasicTypeRegistry     : Adding type registration double -> org.hibernate.type.DoubleType@da22aa
2022-11-25 14:50:21.780 DEBUG 25216 --- [    Test worker] org.hibernate.type.BasicTypeRegistry     : Adding type registration java.lang.Double -> org.hibernate.type.DoubleType@da22aa
2022-11-25 14:50:21.781 DEBUG 25216 --- [    Test worker] org.hibernate.type.BasicTypeRegistry     : Adding type registration big_decimal -> org.hibernate.type.BigDecimalType@7a3643e3
2022-11-25 14:50:21.781 DEBUG 25216 --- [    Test worker] org.hibernate.type.BasicTypeRegistry     : Adding type registration java.math.BigDecimal -> org.hibernate.type.BigDecimalType@7a3643e3
2022-11-25 14:50:21.782 DEBUG 25216 --- [    Test worker] org.hibernate.type.BasicTypeRegistry     : Adding type registration big_integer -> org.hibernate.type.BigIntegerType@3212bfd
2022-11-25 14:50:21.783 DEBUG 25216 --- [    Test worker] org.hibernate.type.BasicTypeRegistry     : Adding type registration java.math.BigInteger -> org.hibernate.type.BigIntegerType@3212bfd
2022-11-25 14:50:21.784 DEBUG 25216 --- [    Test worker] org.hibernate.type.BasicTypeRegistry     : Adding type registration string -> org.hibernate.type.StringType@42211e04
2022-11-25 14:50:21.785 DEBUG 25216 --- [    Test worker] org.hibernate.type.BasicTypeRegistry     : Adding type registration java.lang.String -> org.hibernate.type.StringType@42211e04
2022-11-25 14:50:21.786 DEBUG 25216 --- [    Test worker] org.hibernate.type.BasicTypeRegistry     : Adding type registration nstring -> org.hibernate.type.StringNVarcharType@34cb0e49
2022-11-25 14:50:21.787 DEBUG 25216 --- [    Test worker] org.hibernate.type.BasicTypeRegistry     : Adding type registration ncharacter -> org.hibernate.type.CharacterNCharType@3f6f9cef
2022-11-25 14:50:21.788 DEBUG 25216 --- [    Test worker] org.hibernate.type.BasicTypeRegistry     : Adding type registration url -> org.hibernate.type.UrlType@7d12429
2022-11-25 14:50:21.788 DEBUG 25216 --- [    Test worker] org.hibernate.type.BasicTypeRegistry     : Adding type registration java.net.URL -> org.hibernate.type.UrlType@7d12429
2022-11-25 14:50:21.790 DEBUG 25216 --- [    Test worker] org.hibernate.type.BasicTypeRegistry     : Adding type registration Duration -> org.hibernate.type.DurationType@2a631049
2022-11-25 14:50:21.791 DEBUG 25216 --- [    Test worker] org.hibernate.type.BasicTypeRegistry     : Adding type registration java.time.Duration -> org.hibernate.type.DurationType@2a631049
2022-11-25 14:50:21.793 DEBUG 25216 --- [    Test worker] org.hibernate.type.BasicTypeRegistry     : Adding type registration Instant -> org.hibernate.type.InstantType@dae5e0
2022-11-25 14:50:21.793 DEBUG 25216 --- [    Test worker] org.hibernate.type.BasicTypeRegistry     : Adding type registration java.time.Instant -> org.hibernate.type.InstantType@dae5e0
2022-11-25 14:50:21.794 DEBUG 25216 --- [    Test worker] org.hibernate.type.BasicTypeRegistry     : Adding type registration LocalDateTime -> org.hibernate.type.LocalDateTimeType@429e7914
2022-11-25 14:50:21.795 DEBUG 25216 --- [    Test worker] org.hibernate.type.BasicTypeRegistry     : Adding type registration java.time.LocalDateTime -> org.hibernate.type.LocalDateTimeType@429e7914
2022-11-25 14:50:21.796 DEBUG 25216 --- [    Test worker] org.hibernate.type.BasicTypeRegistry     : Adding type registration LocalDate -> org.hibernate.type.LocalDateType@5a6f6cac
2022-11-25 14:50:21.797 DEBUG 25216 --- [    Test worker] org.hibernate.type.BasicTypeRegistry     : Adding type registration java.time.LocalDate -> org.hibernate.type.LocalDateType@5a6f6cac
2022-11-25 14:50:21.799 DEBUG 25216 --- [    Test worker] org.hibernate.type.BasicTypeRegistry     : Adding type registration LocalTime -> org.hibernate.type.LocalTimeType@7d3c22a5
2022-11-25 14:50:21.799 DEBUG 25216 --- [    Test worker] org.hibernate.type.BasicTypeRegistry     : Adding type registration java.time.LocalTime -> org.hibernate.type.LocalTimeType@7d3c22a5
2022-11-25 14:50:21.801 DEBUG 25216 --- [    Test worker] org.hibernate.type.BasicTypeRegistry     : Adding type registration OffsetDateTime -> org.hibernate.type.OffsetDateTimeType@71e7830a
2022-11-25 14:50:21.802 DEBUG 25216 --- [    Test worker] org.hibernate.type.BasicTypeRegistry     : Adding type registration java.time.OffsetDateTime -> org.hibernate.type.OffsetDateTimeType@71e7830a
2022-11-25 14:50:21.804 DEBUG 25216 --- [    Test worker] org.hibernate.type.BasicTypeRegistry     : Adding type registration OffsetTime -> org.hibernate.type.OffsetTimeType@621dc63d
2022-11-25 14:50:21.804 DEBUG 25216 --- [    Test worker] org.hibernate.type.BasicTypeRegistry     : Adding type registration java.time.OffsetTime -> org.hibernate.type.OffsetTimeType@621dc63d
2022-11-25 14:50:21.807 DEBUG 25216 --- [    Test worker] org.hibernate.type.BasicTypeRegistry     : Adding type registration ZonedDateTime -> org.hibernate.type.ZonedDateTimeType@2b5f8e61
2022-11-25 14:50:21.808 DEBUG 25216 --- [    Test worker] org.hibernate.type.BasicTypeRegistry     : Adding type registration java.time.ZonedDateTime -> org.hibernate.type.ZonedDateTimeType@2b5f8e61
2022-11-25 14:50:21.814 DEBUG 25216 --- [    Test worker] org.hibernate.type.BasicTypeRegistry     : Adding type registration date -> org.hibernate.type.DateType@1ed9d173
2022-11-25 14:50:21.814 DEBUG 25216 --- [    Test worker] org.hibernate.type.BasicTypeRegistry     : Adding type registration java.sql.Date -> org.hibernate.type.DateType@1ed9d173
2022-11-25 14:50:21.816 DEBUG 25216 --- [    Test worker] org.hibernate.type.BasicTypeRegistry     : Adding type registration time -> org.hibernate.type.TimeType@4af70b83
2022-11-25 14:50:21.816 DEBUG 25216 --- [    Test worker] org.hibernate.type.BasicTypeRegistry     : Adding type registration java.sql.Time -> org.hibernate.type.TimeType@4af70b83
2022-11-25 14:50:21.818 DEBUG 25216 --- [    Test worker] org.hibernate.type.BasicTypeRegistry     : Adding type registration timestamp -> org.hibernate.type.TimestampType@70139a81
2022-11-25 14:50:21.818 DEBUG 25216 --- [    Test worker] org.hibernate.type.BasicTypeRegistry     : Adding type registration java.sql.Timestamp -> org.hibernate.type.TimestampType@70139a81
2022-11-25 14:50:21.818 DEBUG 25216 --- [    Test worker] org.hibernate.type.BasicTypeRegistry     : Adding type registration java.util.Date -> org.hibernate.type.TimestampType@70139a81
2022-11-25 14:50:21.821 DEBUG 25216 --- [    Test worker] org.hibernate.type.BasicTypeRegistry     : Adding type registration dbtimestamp -> org.hibernate.type.DbTimestampType@3c9e19de
2022-11-25 14:50:21.824 DEBUG 25216 --- [    Test worker] org.hibernate.type.BasicTypeRegistry     : Adding type registration calendar -> org.hibernate.type.CalendarType@70c56434
2022-11-25 14:50:21.824 DEBUG 25216 --- [    Test worker] org.hibernate.type.BasicTypeRegistry     : Adding type registration java.util.Calendar -> org.hibernate.type.CalendarType@70c56434
2022-11-25 14:50:21.826 DEBUG 25216 --- [    Test worker] org.hibernate.type.BasicTypeRegistry     : Adding type registration java.util.GregorianCalendar -> org.hibernate.type.CalendarType@70c56434
2022-11-25 14:50:21.827 DEBUG 25216 --- [    Test worker] org.hibernate.type.BasicTypeRegistry     : Adding type registration calendar_date -> org.hibernate.type.CalendarDateType@2d801d8
2022-11-25 14:50:21.830 DEBUG 25216 --- [    Test worker] org.hibernate.type.BasicTypeRegistry     : Adding type registration calendar_time -> org.hibernate.type.CalendarTimeType@645ba24a
2022-11-25 14:50:21.832 DEBUG 25216 --- [    Test worker] org.hibernate.type.BasicTypeRegistry     : Adding type registration locale -> org.hibernate.type.LocaleType@72f3f14c
2022-11-25 14:50:21.832 DEBUG 25216 --- [    Test worker] org.hibernate.type.BasicTypeRegistry     : Adding type registration java.util.Locale -> org.hibernate.type.LocaleType@72f3f14c
2022-11-25 14:50:21.833 DEBUG 25216 --- [    Test worker] org.hibernate.type.BasicTypeRegistry     : Adding type registration currency -> org.hibernate.type.CurrencyType@280ecc33
2022-11-25 14:50:21.834 DEBUG 25216 --- [    Test worker] org.hibernate.type.BasicTypeRegistry     : Adding type registration java.util.Currency -> org.hibernate.type.CurrencyType@280ecc33
2022-11-25 14:50:21.835 DEBUG 25216 --- [    Test worker] org.hibernate.type.BasicTypeRegistry     : Adding type registration timezone -> org.hibernate.type.TimeZoneType@6210666c
2022-11-25 14:50:21.835 DEBUG 25216 --- [    Test worker] org.hibernate.type.BasicTypeRegistry     : Adding type registration java.util.TimeZone -> org.hibernate.type.TimeZoneType@6210666c
2022-11-25 14:50:21.837 DEBUG 25216 --- [    Test worker] org.hibernate.type.BasicTypeRegistry     : Adding type registration class -> org.hibernate.type.ClassType@4a336377
2022-11-25 14:50:21.838 DEBUG 25216 --- [    Test worker] org.hibernate.type.BasicTypeRegistry     : Adding type registration java.lang.Class -> org.hibernate.type.ClassType@4a336377
2022-11-25 14:50:21.840 DEBUG 25216 --- [    Test worker] org.hibernate.type.BasicTypeRegistry     : Adding type registration uuid-binary -> org.hibernate.type.UUIDBinaryType@6181bc4a
2022-11-25 14:50:21.840 DEBUG 25216 --- [    Test worker] org.hibernate.type.BasicTypeRegistry     : Adding type registration java.util.UUID -> org.hibernate.type.UUIDBinaryType@6181bc4a
2022-11-25 14:50:21.841 DEBUG 25216 --- [    Test worker] org.hibernate.type.BasicTypeRegistry     : Adding type registration uuid-char -> org.hibernate.type.UUIDCharType@628962e5
2022-11-25 14:50:21.845 DEBUG 25216 --- [    Test worker] org.hibernate.type.BasicTypeRegistry     : Adding type registration binary -> org.hibernate.type.BinaryType@208f7165
2022-11-25 14:50:21.845 DEBUG 25216 --- [    Test worker] org.hibernate.type.BasicTypeRegistry     : Adding type registration byte[] -> org.hibernate.type.BinaryType@208f7165
2022-11-25 14:50:21.845 DEBUG 25216 --- [    Test worker] org.hibernate.type.BasicTypeRegistry     : Adding type registration [B -> org.hibernate.type.BinaryType@208f7165
2022-11-25 14:50:21.847 DEBUG 25216 --- [    Test worker] org.hibernate.type.BasicTypeRegistry     : Adding type registration wrapper-binary -> org.hibernate.type.WrapperBinaryType@778113f2
2022-11-25 14:50:21.847 DEBUG 25216 --- [    Test worker] org.hibernate.type.BasicTypeRegistry     : Adding type registration Byte[] -> org.hibernate.type.WrapperBinaryType@778113f2
2022-11-25 14:50:21.847 DEBUG 25216 --- [    Test worker] org.hibernate.type.BasicTypeRegistry     : Adding type registration [Ljava.lang.Byte; -> org.hibernate.type.WrapperBinaryType@778113f2
2022-11-25 14:50:21.850 DEBUG 25216 --- [    Test worker] org.hibernate.type.BasicTypeRegistry     : Adding type registration row_version -> org.hibernate.type.RowVersionType@5d01b0d8
2022-11-25 14:50:21.851 DEBUG 25216 --- [    Test worker] org.hibernate.type.BasicTypeRegistry     : Adding type registration image -> org.hibernate.type.ImageType@31b6b0c7
2022-11-25 14:50:21.853 DEBUG 25216 --- [    Test worker] org.hibernate.type.BasicTypeRegistry     : Adding type registration characters -> org.hibernate.type.CharArrayType@77ba583
2022-11-25 14:50:21.853 DEBUG 25216 --- [    Test worker] org.hibernate.type.BasicTypeRegistry     : Adding type registration char[] -> org.hibernate.type.CharArrayType@77ba583
2022-11-25 14:50:21.853 DEBUG 25216 --- [    Test worker] org.hibernate.type.BasicTypeRegistry     : Adding type registration [C -> org.hibernate.type.CharArrayType@77ba583
2022-11-25 14:50:21.855 DEBUG 25216 --- [    Test worker] org.hibernate.type.BasicTypeRegistry     : Adding type registration wrapper-characters -> org.hibernate.type.CharacterArrayType@586737ff
2022-11-25 14:50:21.856 DEBUG 25216 --- [    Test worker] org.hibernate.type.BasicTypeRegistry     : Adding type registration [Ljava.lang.Character; -> org.hibernate.type.CharacterArrayType@586737ff
2022-11-25 14:50:21.856 DEBUG 25216 --- [    Test worker] org.hibernate.type.BasicTypeRegistry     : Adding type registration Character[] -> org.hibernate.type.CharacterArrayType@586737ff
2022-11-25 14:50:21.857 DEBUG 25216 --- [    Test worker] org.hibernate.type.BasicTypeRegistry     : Adding type registration text -> org.hibernate.type.TextType@4e8d9bb6
2022-11-25 14:50:21.858 DEBUG 25216 --- [    Test worker] org.hibernate.type.BasicTypeRegistry     : Adding type registration ntext -> org.hibernate.type.NTextType@ff5d4f1
2022-11-25 14:50:21.862 DEBUG 25216 --- [    Test worker] org.hibernate.type.BasicTypeRegistry     : Adding type registration blob -> org.hibernate.type.BlobType@1c2096c6
2022-11-25 14:50:21.862 DEBUG 25216 --- [    Test worker] org.hibernate.type.BasicTypeRegistry     : Adding type registration java.sql.Blob -> org.hibernate.type.BlobType@1c2096c6
2022-11-25 14:50:21.863 DEBUG 25216 --- [    Test worker] org.hibernate.type.BasicTypeRegistry     : Adding type registration materialized_blob -> org.hibernate.type.MaterializedBlobType@5c4714ef
2022-11-25 14:50:21.866 DEBUG 25216 --- [    Test worker] org.hibernate.type.BasicTypeRegistry     : Adding type registration clob -> org.hibernate.type.ClobType@2f99d8c
2022-11-25 14:50:21.866 DEBUG 25216 --- [    Test worker] org.hibernate.type.BasicTypeRegistry     : Adding type registration java.sql.Clob -> org.hibernate.type.ClobType@2f99d8c
2022-11-25 14:50:21.869 DEBUG 25216 --- [    Test worker] org.hibernate.type.BasicTypeRegistry     : Adding type registration nclob -> org.hibernate.type.NClobType@3e4afd10
2022-11-25 14:50:21.870 DEBUG 25216 --- [    Test worker] org.hibernate.type.BasicTypeRegistry     : Adding type registration java.sql.NClob -> org.hibernate.type.NClobType@3e4afd10
2022-11-25 14:50:21.870 DEBUG 25216 --- [    Test worker] org.hibernate.type.BasicTypeRegistry     : Adding type registration materialized_clob -> org.hibernate.type.MaterializedClobType@1d8be7b9
2022-11-25 14:50:21.871 DEBUG 25216 --- [    Test worker] org.hibernate.type.BasicTypeRegistry     : Adding type registration materialized_nclob -> org.hibernate.type.MaterializedNClobType@aa0dbca
2022-11-25 14:50:21.873 DEBUG 25216 --- [    Test worker] org.hibernate.type.BasicTypeRegistry     : Adding type registration serializable -> org.hibernate.type.SerializableType@749d7c01
2022-11-25 14:50:21.879 DEBUG 25216 --- [    Test worker] org.hibernate.type.BasicTypeRegistry     : Adding type registration object -> org.hibernate.type.ObjectType@78bad03b
2022-11-25 14:50:21.880 DEBUG 25216 --- [    Test worker] org.hibernate.type.BasicTypeRegistry     : Adding type registration java.lang.Object -> org.hibernate.type.ObjectType@78bad03b
2022-11-25 14:50:21.881 DEBUG 25216 --- [    Test worker] org.hibernate.type.BasicTypeRegistry     : Adding type registration imm_date -> org.hibernate.type.AdaptedImmutableType@36cfe107
2022-11-25 14:50:21.882 DEBUG 25216 --- [    Test worker] org.hibernate.type.BasicTypeRegistry     : Adding type registration imm_time -> org.hibernate.type.AdaptedImmutableType@100eeedc
2022-11-25 14:50:21.882 DEBUG 25216 --- [    Test worker] org.hibernate.type.BasicTypeRegistry     : Adding type registration imm_timestamp -> org.hibernate.type.AdaptedImmutableType@56266bda
2022-11-25 14:50:21.882 DEBUG 25216 --- [    Test worker] org.hibernate.type.BasicTypeRegistry     : Adding type registration imm_dbtimestamp -> org.hibernate.type.AdaptedImmutableType@18bb1b88
2022-11-25 14:50:21.882 DEBUG 25216 --- [    Test worker] org.hibernate.type.BasicTypeRegistry     : Adding type registration imm_calendar -> org.hibernate.type.AdaptedImmutableType@51b51641
2022-11-25 14:50:21.882 DEBUG 25216 --- [    Test worker] org.hibernate.type.BasicTypeRegistry     : Adding type registration imm_calendar_date -> org.hibernate.type.AdaptedImmutableType@362a6aa5
2022-11-25 14:50:21.882 DEBUG 25216 --- [    Test worker] org.hibernate.type.BasicTypeRegistry     : Adding type registration imm_binary -> org.hibernate.type.AdaptedImmutableType@53b7bf01
2022-11-25 14:50:21.882 DEBUG 25216 --- [    Test worker] org.hibernate.type.BasicTypeRegistry     : Adding type registration imm_serializable -> org.hibernate.type.AdaptedImmutableType@139089a4
2022-11-25 14:50:21.904 DEBUG 25216 --- [    Test worker] o.h.boot.internal.BootstrapContextImpl   : Injecting JPA temp ClassLoader [org.springframework.instrument.classloading.SimpleThrowawayClassLoader@402a69f] into BootstrapContext; was [null]
2022-11-25 14:50:21.904 DEBUG 25216 --- [    Test worker] o.h.boot.internal.ClassLoaderAccessImpl  : ClassLoaderAccessImpl#injectTempClassLoader(org.springframework.instrument.classloading.SimpleThrowawayClassLoader@402a69f) [was null]
2022-11-25 14:50:21.906 DEBUG 25216 --- [    Test worker] o.h.boot.internal.BootstrapContextImpl   : Injecting ScanEnvironment [org.hibernate.jpa.boot.internal.StandardJpaScanEnvironmentImpl@3c544c9] into BootstrapContext; was [null]
2022-11-25 14:50:21.907 DEBUG 25216 --- [    Test worker] o.h.boot.internal.BootstrapContextImpl   : Injecting ScanOptions [org.hibernate.boot.archive.scan.internal.StandardScanOptions@22e813fc] into BootstrapContext; was [org.hibernate.boot.archive.scan.internal.StandardScanOptions@433d93e7]
2022-11-25 14:50:21.933 DEBUG 25216 --- [    Test worker] o.h.boot.internal.BootstrapContextImpl   : Injecting JPA temp ClassLoader [null] into BootstrapContext; was [org.springframework.instrument.classloading.SimpleThrowawayClassLoader@402a69f]
2022-11-25 14:50:21.933 DEBUG 25216 --- [    Test worker] o.h.boot.internal.ClassLoaderAccessImpl  : ClassLoaderAccessImpl#injectTempClassLoader(null) [was org.springframework.instrument.classloading.SimpleThrowawayClassLoader@402a69f]
2022-11-25 14:50:21.954 DEBUG 25216 --- [    Test worker] .i.f.i.DefaultIdentifierGeneratorFactory : Registering IdentifierGenerator strategy [uuid2] -> [org.hibernate.id.UUIDGenerator]
2022-11-25 14:50:21.955 DEBUG 25216 --- [    Test worker] .i.f.i.DefaultIdentifierGeneratorFactory : Registering IdentifierGenerator strategy [guid] -> [org.hibernate.id.GUIDGenerator]
2022-11-25 14:50:21.956 DEBUG 25216 --- [    Test worker] .i.f.i.DefaultIdentifierGeneratorFactory : Registering IdentifierGenerator strategy [uuid] -> [org.hibernate.id.UUIDHexGenerator]
2022-11-25 14:50:21.957 DEBUG 25216 --- [    Test worker] .i.f.i.DefaultIdentifierGeneratorFactory : Registering IdentifierGenerator strategy [uuid.hex] -> [org.hibernate.id.UUIDHexGenerator]
2022-11-25 14:50:21.957 DEBUG 25216 --- [    Test worker] .i.f.i.DefaultIdentifierGeneratorFactory : Registering IdentifierGenerator strategy [assigned] -> [org.hibernate.id.Assigned]
2022-11-25 14:50:21.960 DEBUG 25216 --- [    Test worker] .i.f.i.DefaultIdentifierGeneratorFactory : Registering IdentifierGenerator strategy [identity] -> [org.hibernate.id.IdentityGenerator]
2022-11-25 14:50:21.961 DEBUG 25216 --- [    Test worker] .i.f.i.DefaultIdentifierGeneratorFactory : Registering IdentifierGenerator strategy [select] -> [org.hibernate.id.SelectGenerator]
2022-11-25 14:50:21.963 DEBUG 25216 --- [    Test worker] .i.f.i.DefaultIdentifierGeneratorFactory : Registering IdentifierGenerator strategy [sequence] -> [org.hibernate.id.enhanced.SequenceStyleGenerator]
2022-11-25 14:50:21.966 DEBUG 25216 --- [    Test worker] .i.f.i.DefaultIdentifierGeneratorFactory : Registering IdentifierGenerator strategy [seqhilo] -> [org.hibernate.id.SequenceHiLoGenerator]
2022-11-25 14:50:21.968 DEBUG 25216 --- [    Test worker] .i.f.i.DefaultIdentifierGeneratorFactory : Registering IdentifierGenerator strategy [increment] -> [org.hibernate.id.IncrementGenerator]
2022-11-25 14:50:21.969 DEBUG 25216 --- [    Test worker] .i.f.i.DefaultIdentifierGeneratorFactory : Registering IdentifierGenerator strategy [foreign] -> [org.hibernate.id.ForeignGenerator]
2022-11-25 14:50:21.970 DEBUG 25216 --- [    Test worker] .i.f.i.DefaultIdentifierGeneratorFactory : Registering IdentifierGenerator strategy [sequence-identity] -> [org.hibernate.id.SequenceIdentityGenerator]
2022-11-25 14:50:21.970 DEBUG 25216 --- [    Test worker] .i.f.i.DefaultIdentifierGeneratorFactory : Registering IdentifierGenerator strategy [enhanced-sequence] -> [org.hibernate.id.enhanced.SequenceStyleGenerator]
2022-11-25 14:50:21.972 DEBUG 25216 --- [    Test worker] .i.f.i.DefaultIdentifierGeneratorFactory : Registering IdentifierGenerator strategy [enhanced-table] -> [org.hibernate.id.enhanced.TableGenerator]
2022-11-25 14:50:21.984 DEBUG 25216 --- [    Test worker] com.zaxxer.hikari.HikariConfig           : HikariPool-1 - configuration:
2022-11-25 14:50:21.987 DEBUG 25216 --- [    Test worker] com.zaxxer.hikari.HikariConfig           : allowPoolSuspension................................false
2022-11-25 14:50:21.987 DEBUG 25216 --- [    Test worker] com.zaxxer.hikari.HikariConfig           : autoCommit................................true
2022-11-25 14:50:21.988 DEBUG 25216 --- [    Test worker] com.zaxxer.hikari.HikariConfig           : catalog................................none
2022-11-25 14:50:21.988 DEBUG 25216 --- [    Test worker] com.zaxxer.hikari.HikariConfig           : connectionInitSql................................none
2022-11-25 14:50:21.989 DEBUG 25216 --- [    Test worker] com.zaxxer.hikari.HikariConfig           : connectionTestQuery................................none
2022-11-25 14:50:21.991 DEBUG 25216 --- [    Test worker] com.zaxxer.hikari.HikariConfig           : connectionTimeout................................30000
2022-11-25 14:50:21.992 DEBUG 25216 --- [    Test worker] com.zaxxer.hikari.HikariConfig           : dataSource................................none
2022-11-25 14:50:21.992 DEBUG 25216 --- [    Test worker] com.zaxxer.hikari.HikariConfig           : dataSourceClassName................................none
2022-11-25 14:50:21.993 DEBUG 25216 --- [    Test worker] com.zaxxer.hikari.HikariConfig           : dataSourceJNDI................................none
2022-11-25 14:50:21.995 DEBUG 25216 --- [    Test worker] com.zaxxer.hikari.HikariConfig           : dataSourceProperties................................{password=<masked>}
2022-11-25 14:50:21.996 DEBUG 25216 --- [    Test worker] com.zaxxer.hikari.HikariConfig           : driverClassName................................"org.postgresql.Driver"
2022-11-25 14:50:21.996 DEBUG 25216 --- [    Test worker] com.zaxxer.hikari.HikariConfig           : exceptionOverrideClassName................................none
2022-11-25 14:50:21.997 DEBUG 25216 --- [    Test worker] com.zaxxer.hikari.HikariConfig           : healthCheckProperties................................{}
2022-11-25 14:50:21.997 DEBUG 25216 --- [    Test worker] com.zaxxer.hikari.HikariConfig           : healthCheckRegistry................................none
2022-11-25 14:50:21.998 DEBUG 25216 --- [    Test worker] com.zaxxer.hikari.HikariConfig           : idleTimeout................................600000
2022-11-25 14:50:21.998 DEBUG 25216 --- [    Test worker] com.zaxxer.hikari.HikariConfig           : initializationFailTimeout................................1
2022-11-25 14:50:21.999 DEBUG 25216 --- [    Test worker] com.zaxxer.hikari.HikariConfig           : isolateInternalQueries................................false
2022-11-25 14:50:22.000 DEBUG 25216 --- [    Test worker] com.zaxxer.hikari.HikariConfig           : jdbcUrl................................jdbc:postgresql://localhost:5432/postgres
2022-11-25 14:50:22.000 DEBUG 25216 --- [    Test worker] com.zaxxer.hikari.HikariConfig           : keepaliveTime................................0
2022-11-25 14:50:22.001 DEBUG 25216 --- [    Test worker] com.zaxxer.hikari.HikariConfig           : leakDetectionThreshold................................0
2022-11-25 14:50:22.001 DEBUG 25216 --- [    Test worker] com.zaxxer.hikari.HikariConfig           : maxLifetime................................1800000
2022-11-25 14:50:22.002 DEBUG 25216 --- [    Test worker] com.zaxxer.hikari.HikariConfig           : maximumPoolSize................................10
2022-11-25 14:50:22.002 DEBUG 25216 --- [    Test worker] com.zaxxer.hikari.HikariConfig           : metricRegistry................................none
2022-11-25 14:50:22.003 DEBUG 25216 --- [    Test worker] com.zaxxer.hikari.HikariConfig           : metricsTrackerFactory................................none
2022-11-25 14:50:22.003 DEBUG 25216 --- [    Test worker] com.zaxxer.hikari.HikariConfig           : minimumIdle................................10
2022-11-25 14:50:22.004 DEBUG 25216 --- [    Test worker] com.zaxxer.hikari.HikariConfig           : password................................<masked>
2022-11-25 14:50:22.004 DEBUG 25216 --- [    Test worker] com.zaxxer.hikari.HikariConfig           : poolName................................"HikariPool-1"
2022-11-25 14:50:22.005 DEBUG 25216 --- [    Test worker] com.zaxxer.hikari.HikariConfig           : readOnly................................false
2022-11-25 14:50:22.006 DEBUG 25216 --- [    Test worker] com.zaxxer.hikari.HikariConfig           : registerMbeans................................false
2022-11-25 14:50:22.007 DEBUG 25216 --- [    Test worker] com.zaxxer.hikari.HikariConfig           : scheduledExecutor................................none
2022-11-25 14:50:22.007 DEBUG 25216 --- [    Test worker] com.zaxxer.hikari.HikariConfig           : schema................................none
2022-11-25 14:50:22.008 DEBUG 25216 --- [    Test worker] com.zaxxer.hikari.HikariConfig           : threadFactory................................internal
2022-11-25 14:50:22.008 DEBUG 25216 --- [    Test worker] com.zaxxer.hikari.HikariConfig           : transactionIsolation................................default
2022-11-25 14:50:22.009 DEBUG 25216 --- [    Test worker] com.zaxxer.hikari.HikariConfig           : username................................"postgres"
2022-11-25 14:50:22.010 DEBUG 25216 --- [    Test worker] com.zaxxer.hikari.HikariConfig           : validationTimeout................................5000
2022-11-25 14:50:22.011  INFO 25216 --- [    Test worker] com.zaxxer.hikari.HikariDataSource       : HikariPool-1 - Starting...
2022-11-25 14:50:22.050 DEBUG 25216 --- [    Test worker] org.postgresql.Driver                    : Loading driver configuration via classloader jdk.internal.loader.ClassLoaders$AppClassLoader@c387f44
2022-11-25 14:50:22.052 DEBUG 25216 --- [    Test worker] org.postgresql.Driver                    : Connecting with URL: jdbc:postgresql://localhost:5432/postgres
2022-11-25 14:50:22.064 DEBUG 25216 --- [    Test worker] org.postgresql.jdbc.PgConnection         : PostgreSQL JDBC Driver 42.3.6
2022-11-25 14:50:22.066 DEBUG 25216 --- [    Test worker] org.postgresql.jdbc.PgConnection         :   setDefaultFetchSize = 0
2022-11-25 14:50:22.067 DEBUG 25216 --- [    Test worker] org.postgresql.jdbc.PgConnection         :   setPrepareThreshold = 5
2022-11-25 14:50:22.082 DEBUG 25216 --- [    Test worker] o.p.core.v3.ConnectionFactoryImpl        : Trying to establish a protocol version 3 connection to localhost:5432
2022-11-25 14:50:22.106 DEBUG 25216 --- [    Test worker] o.p.core.v3.ConnectionFactoryImpl        : Receive Buffer Size is 65’536
2022-11-25 14:50:22.107 DEBUG 25216 --- [    Test worker] o.p.core.v3.ConnectionFactoryImpl        : Send Buffer Size is 65’536
2022-11-25 14:50:22.535 DEBUG 25216 --- [    Test worker] com.zaxxer.hikari.pool.HikariPool        : HikariPool-1 - Added connection org.postgresql.jdbc.PgConnection@638977e0
2022-11-25 14:50:22.538  INFO 25216 --- [    Test worker] com.zaxxer.hikari.HikariDataSource       : HikariPool-1 - Start completed.
2022-11-25 14:50:22.565 DEBUG 25216 --- [    Test worker] o.h.e.j.e.i.JdbcEnvironmentInitiator     : Database ->
       name : PostgreSQL
    version : 14.2 (Debian 14.2-1.pgdg110+1)
      major : 14
      minor : 2
2022-11-25 14:50:22.566 DEBUG 25216 --- [    Test worker] o.h.e.j.e.i.JdbcEnvironmentInitiator     : Driver ->
       name : PostgreSQL JDBC Driver
    version : 42.3.6
      major : 42
      minor : 3
2022-11-25 14:50:22.568 DEBUG 25216 --- [    Test worker] o.h.e.j.e.i.JdbcEnvironmentInitiator     : JDBC version : 4.2
2022-11-25 14:50:22.605  INFO 25216 --- [    Test worker] org.hibernate.dialect.Dialect            : HHH000400: Using dialect: org.hibernate.dialect.PostgreSQLDialect
2022-11-25 14:50:22.648 DEBUG 25216 --- [l-1 housekeeper] com.zaxxer.hikari.pool.HikariPool        : HikariPool-1 - Pool stats (total=1, active=1, idle=0, waiting=0)
2022-11-25 14:50:22.651 DEBUG 25216 --- [onnection adder] org.postgresql.Driver                    : Connecting with URL: jdbc:postgresql://localhost:5432/postgres
2022-11-25 14:50:22.651 DEBUG 25216 --- [onnection adder] org.postgresql.jdbc.PgConnection         : PostgreSQL JDBC Driver 42.3.6
2022-11-25 14:50:22.651 DEBUG 25216 --- [onnection adder] org.postgresql.jdbc.PgConnection         :   setDefaultFetchSize = 0
2022-11-25 14:50:22.652 DEBUG 25216 --- [onnection adder] org.postgresql.jdbc.PgConnection         :   setPrepareThreshold = 5
2022-11-25 14:50:22.652 DEBUG 25216 --- [onnection adder] o.p.core.v3.ConnectionFactoryImpl        : Trying to establish a protocol version 3 connection to localhost:5432
2022-11-25 14:50:22.656 DEBUG 25216 --- [onnection adder] o.p.core.v3.ConnectionFactoryImpl        : Receive Buffer Size is 65’536
2022-11-25 14:50:22.659 DEBUG 25216 --- [onnection adder] o.p.core.v3.ConnectionFactoryImpl        : Send Buffer Size is 65’536
2022-11-25 14:50:22.666 DEBUG 25216 --- [    Test worker] o.h.e.j.env.spi.IdentifierHelperBuilder  : JDBC driver metadata reported database stores quoted identifiers in neither upper, lower nor mixed case
2022-11-25 14:50:22.769 DEBUG 25216 --- [    Test worker] org.hibernate.type.BasicTypeRegistry     : Adding type registration pg-uuid -> org.hibernate.type.PostgresUUIDType@41f7c02d
2022-11-25 14:50:22.769 DEBUG 25216 --- [    Test worker] org.hibernate.type.BasicTypeRegistry     : Adding type registration java.util.UUID -> org.hibernate.type.PostgresUUIDType@41f7c02d
2022-11-25 14:50:22.769 DEBUG 25216 --- [    Test worker] org.hibernate.type.BasicTypeRegistry     : HHH000270: Type registration [java.util.UUID] overrides previous : org.hibernate.type.UUIDBinaryType@6181bc4a
2022-11-25 14:50:22.779 DEBUG 25216 --- [onnection adder] com.zaxxer.hikari.pool.HikariPool        : HikariPool-1 - Added connection org.postgresql.jdbc.PgConnection@5dd9c87a
2022-11-25 14:50:22.779 DEBUG 25216 --- [    Test worker] o.h.type.spi.TypeConfiguration$Scope     : Scoping TypeConfiguration [org.hibernate.type.spi.TypeConfiguration@6adcf059] to MetadataBuildingContext [org.hibernate.boot.internal.MetadataBuildingContextRootImpl@7962a746]
2022-11-25 14:50:22.780 DEBUG 25216 --- [onnection adder] org.postgresql.Driver                    : Connecting with URL: jdbc:postgresql://localhost:5432/postgres
2022-11-25 14:50:22.780 DEBUG 25216 --- [onnection adder] org.postgresql.jdbc.PgConnection         : PostgreSQL JDBC Driver 42.3.6
2022-11-25 14:50:22.780 DEBUG 25216 --- [onnection adder] org.postgresql.jdbc.PgConnection         :   setDefaultFetchSize = 0
2022-11-25 14:50:22.780 DEBUG 25216 --- [onnection adder] org.postgresql.jdbc.PgConnection         :   setPrepareThreshold = 5
2022-11-25 14:50:22.781 DEBUG 25216 --- [onnection adder] o.p.core.v3.ConnectionFactoryImpl        : Trying to establish a protocol version 3 connection to localhost:5432
2022-11-25 14:50:22.783 DEBUG 25216 --- [onnection adder] o.p.core.v3.ConnectionFactoryImpl        : Receive Buffer Size is 65’536
2022-11-25 14:50:22.783 DEBUG 25216 --- [onnection adder] o.p.core.v3.ConnectionFactoryImpl        : Send Buffer Size is 65’536
2022-11-25 14:50:22.821 DEBUG 25216 --- [onnection adder] com.zaxxer.hikari.pool.HikariPool        : HikariPool-1 - Added connection org.postgresql.jdbc.PgConnection@531e2db1
2022-11-25 14:50:22.822 DEBUG 25216 --- [onnection adder] org.postgresql.Driver                    : Connecting with URL: jdbc:postgresql://localhost:5432/postgres
2022-11-25 14:50:22.822 DEBUG 25216 --- [onnection adder] org.postgresql.jdbc.PgConnection         : PostgreSQL JDBC Driver 42.3.6
2022-11-25 14:50:22.823 DEBUG 25216 --- [onnection adder] org.postgresql.jdbc.PgConnection         :   setDefaultFetchSize = 0
2022-11-25 14:50:22.823 DEBUG 25216 --- [onnection adder] org.postgresql.jdbc.PgConnection         :   setPrepareThreshold = 5
2022-11-25 14:50:22.823 DEBUG 25216 --- [onnection adder] o.p.core.v3.ConnectionFactoryImpl        : Trying to establish a protocol version 3 connection to localhost:5432
2022-11-25 14:50:22.825 DEBUG 25216 --- [onnection adder] o.p.core.v3.ConnectionFactoryImpl        : Receive Buffer Size is 65’536
2022-11-25 14:50:22.826 DEBUG 25216 --- [onnection adder] o.p.core.v3.ConnectionFactoryImpl        : Send Buffer Size is 65’536
2022-11-25 14:50:22.859 DEBUG 25216 --- [onnection adder] com.zaxxer.hikari.pool.HikariPool        : HikariPool-1 - Added connection org.postgresql.jdbc.PgConnection@5721a30a
2022-11-25 14:50:22.859 DEBUG 25216 --- [onnection adder] org.postgresql.Driver                    : Connecting with URL: jdbc:postgresql://localhost:5432/postgres
2022-11-25 14:50:22.860 DEBUG 25216 --- [onnection adder] org.postgresql.jdbc.PgConnection         : PostgreSQL JDBC Driver 42.3.6
2022-11-25 14:50:22.861 DEBUG 25216 --- [onnection adder] org.postgresql.jdbc.PgConnection         :   setDefaultFetchSize = 0
2022-11-25 14:50:22.862 DEBUG 25216 --- [onnection adder] org.postgresql.jdbc.PgConnection         :   setPrepareThreshold = 5
2022-11-25 14:50:22.862 DEBUG 25216 --- [onnection adder] o.p.core.v3.ConnectionFactoryImpl        : Trying to establish a protocol version 3 connection to localhost:5432
2022-11-25 14:50:22.864 DEBUG 25216 --- [onnection adder] o.p.core.v3.ConnectionFactoryImpl        : Receive Buffer Size is 65’536
2022-11-25 14:50:22.865 DEBUG 25216 --- [onnection adder] o.p.core.v3.ConnectionFactoryImpl        : Send Buffer Size is 65’536
2022-11-25 14:50:22.906 DEBUG 25216 --- [onnection adder] com.zaxxer.hikari.pool.HikariPool        : HikariPool-1 - Added connection org.postgresql.jdbc.PgConnection@1223278a
2022-11-25 14:50:22.907 DEBUG 25216 --- [onnection adder] org.postgresql.Driver                    : Connecting with URL: jdbc:postgresql://localhost:5432/postgres
2022-11-25 14:50:22.907 DEBUG 25216 --- [onnection adder] org.postgresql.jdbc.PgConnection         : PostgreSQL JDBC Driver 42.3.6
2022-11-25 14:50:22.907 DEBUG 25216 --- [onnection adder] org.postgresql.jdbc.PgConnection         :   setDefaultFetchSize = 0
2022-11-25 14:50:22.908 DEBUG 25216 --- [onnection adder] org.postgresql.jdbc.PgConnection         :   setPrepareThreshold = 5
2022-11-25 14:50:22.908 DEBUG 25216 --- [onnection adder] o.p.core.v3.ConnectionFactoryImpl        : Trying to establish a protocol version 3 connection to localhost:5432
2022-11-25 14:50:22.910 DEBUG 25216 --- [onnection adder] o.p.core.v3.ConnectionFactoryImpl        : Receive Buffer Size is 65’536
2022-11-25 14:50:22.911 DEBUG 25216 --- [onnection adder] o.p.core.v3.ConnectionFactoryImpl        : Send Buffer Size is 65’536
2022-11-25 14:50:22.952 DEBUG 25216 --- [onnection adder] com.zaxxer.hikari.pool.HikariPool        : HikariPool-1 - Added connection org.postgresql.jdbc.PgConnection@1aaa7ac
2022-11-25 14:50:22.953 DEBUG 25216 --- [onnection adder] org.postgresql.Driver                    : Connecting with URL: jdbc:postgresql://localhost:5432/postgres
2022-11-25 14:50:22.953 DEBUG 25216 --- [onnection adder] org.postgresql.jdbc.PgConnection         : PostgreSQL JDBC Driver 42.3.6
2022-11-25 14:50:22.953 DEBUG 25216 --- [onnection adder] org.postgresql.jdbc.PgConnection         :   setDefaultFetchSize = 0
2022-11-25 14:50:22.953 DEBUG 25216 --- [onnection adder] org.postgresql.jdbc.PgConnection         :   setPrepareThreshold = 5
2022-11-25 14:50:22.953 DEBUG 25216 --- [onnection adder] o.p.core.v3.ConnectionFactoryImpl        : Trying to establish a protocol version 3 connection to localhost:5432
2022-11-25 14:50:22.956 DEBUG 25216 --- [onnection adder] o.p.core.v3.ConnectionFactoryImpl        : Receive Buffer Size is 65’536
2022-11-25 14:50:22.957 DEBUG 25216 --- [onnection adder] o.p.core.v3.ConnectionFactoryImpl        : Send Buffer Size is 65’536
2022-11-25 14:50:22.972 DEBUG 25216 --- [    Test worker] o.h.boot.model.relational.Namespace      : Created database namespace [logicalName=Name{catalog=null, schema=null}, physicalName=Name{catalog=null, schema=null}]
2022-11-25 14:50:23.000 DEBUG 25216 --- [onnection adder] com.zaxxer.hikari.pool.HikariPool        : HikariPool-1 - Added connection org.postgresql.jdbc.PgConnection@237b718d
2022-11-25 14:50:23.001 DEBUG 25216 --- [onnection adder] org.postgresql.Driver                    : Connecting with URL: jdbc:postgresql://localhost:5432/postgres
2022-11-25 14:50:23.002 DEBUG 25216 --- [onnection adder] org.postgresql.jdbc.PgConnection         : PostgreSQL JDBC Driver 42.3.6
2022-11-25 14:50:23.004 DEBUG 25216 --- [onnection adder] org.postgresql.jdbc.PgConnection         :   setDefaultFetchSize = 0
2022-11-25 14:50:23.004 DEBUG 25216 --- [onnection adder] org.postgresql.jdbc.PgConnection         :   setPrepareThreshold = 5
2022-11-25 14:50:23.004 DEBUG 25216 --- [onnection adder] o.p.core.v3.ConnectionFactoryImpl        : Trying to establish a protocol version 3 connection to localhost:5432
2022-11-25 14:50:23.006 DEBUG 25216 --- [onnection adder] o.p.core.v3.ConnectionFactoryImpl        : Receive Buffer Size is 65’536
2022-11-25 14:50:23.008 DEBUG 25216 --- [onnection adder] o.p.core.v3.ConnectionFactoryImpl        : Send Buffer Size is 65’536
2022-11-25 14:50:23.020 DEBUG 25216 --- [    Test worker] .a.AnnotationMetadataSourceProcessorImpl : Skipping explicit MappedSuperclass com.example.demo.core.generic.ExtendedEntity, the class will be discovered analyzing the implementing class
2022-11-25 14:50:23.062 DEBUG 25216 --- [onnection adder] com.zaxxer.hikari.pool.HikariPool        : HikariPool-1 - Added connection org.postgresql.jdbc.PgConnection@7918af1b
2022-11-25 14:50:23.063 DEBUG 25216 --- [onnection adder] org.postgresql.Driver                    : Connecting with URL: jdbc:postgresql://localhost:5432/postgres
2022-11-25 14:50:23.064 DEBUG 25216 --- [onnection adder] org.postgresql.jdbc.PgConnection         : PostgreSQL JDBC Driver 42.3.6
2022-11-25 14:50:23.065 DEBUG 25216 --- [onnection adder] org.postgresql.jdbc.PgConnection         :   setDefaultFetchSize = 0
2022-11-25 14:50:23.065 DEBUG 25216 --- [onnection adder] org.postgresql.jdbc.PgConnection         :   setPrepareThreshold = 5
2022-11-25 14:50:23.065 DEBUG 25216 --- [onnection adder] o.p.core.v3.ConnectionFactoryImpl        : Trying to establish a protocol version 3 connection to localhost:5432
2022-11-25 14:50:23.068 DEBUG 25216 --- [onnection adder] o.p.core.v3.ConnectionFactoryImpl        : Receive Buffer Size is 65’536
2022-11-25 14:50:23.068 DEBUG 25216 --- [onnection adder] o.p.core.v3.ConnectionFactoryImpl        : Send Buffer Size is 65’536
2022-11-25 14:50:23.081 DEBUG 25216 --- [    Test worker] org.hibernate.cfg.AnnotationBinder       : Binding entity from annotated class: com.example.demo.domain.authority.Authority
2022-11-25 14:50:23.134 DEBUG 25216 --- [onnection adder] com.zaxxer.hikari.pool.HikariPool        : HikariPool-1 - Added connection org.postgresql.jdbc.PgConnection@720cd8c5
2022-11-25 14:50:23.134 DEBUG 25216 --- [onnection adder] org.postgresql.Driver                    : Connecting with URL: jdbc:postgresql://localhost:5432/postgres
2022-11-25 14:50:23.135 DEBUG 25216 --- [onnection adder] org.postgresql.jdbc.PgConnection         : PostgreSQL JDBC Driver 42.3.6
2022-11-25 14:50:23.135 DEBUG 25216 --- [onnection adder] org.postgresql.jdbc.PgConnection         :   setDefaultFetchSize = 0
2022-11-25 14:50:23.136 DEBUG 25216 --- [onnection adder] org.postgresql.jdbc.PgConnection         :   setPrepareThreshold = 5
2022-11-25 14:50:23.136 DEBUG 25216 --- [onnection adder] o.p.core.v3.ConnectionFactoryImpl        : Trying to establish a protocol version 3 connection to localhost:5432
2022-11-25 14:50:23.139 DEBUG 25216 --- [onnection adder] o.p.core.v3.ConnectionFactoryImpl        : Receive Buffer Size is 65’536
2022-11-25 14:50:23.139 DEBUG 25216 --- [onnection adder] o.p.core.v3.ConnectionFactoryImpl        : Send Buffer Size is 65’536
2022-11-25 14:50:23.174 DEBUG 25216 --- [    Test worker] org.hibernate.cfg.Ejb3Column             : Binding column: Ejb3DiscriminatorColumn{logicalColumnName'DTYPE', discriminatorTypeName='string'}
2022-11-25 14:50:23.197 DEBUG 25216 --- [onnection adder] com.zaxxer.hikari.pool.HikariPool        : HikariPool-1 - Added connection org.postgresql.jdbc.PgConnection@26cf96ef
2022-11-25 14:50:23.197 DEBUG 25216 --- [onnection adder] com.zaxxer.hikari.pool.HikariPool        : HikariPool-1 - After adding stats (total=10, active=0, idle=10, waiting=0)
2022-11-25 14:50:23.201 DEBUG 25216 --- [    Test worker] o.h.cfg.annotations.EntityBinder         : Import with entity name Authority
2022-11-25 14:50:23.213 DEBUG 25216 --- [    Test worker] o.h.cfg.annotations.EntityBinder         : Bind entity com.example.demo.domain.authority.Authority on table authority
2022-11-25 14:50:23.281 DEBUG 25216 --- [    Test worker] org.hibernate.cfg.Ejb3Column             : Binding column: Ejb3Column{table=org.hibernate.mapping.Table(authority), mappingColumn=id, insertable=true, updatable=false, unique=false}
2022-11-25 14:50:23.295 DEBUG 25216 --- [    Test worker] o.h.boot.internal.ClassLoaderAccessImpl  : Not known whether passed class name [com.example.demo.domain.authority.Authority] is safe
2022-11-25 14:50:23.295 DEBUG 25216 --- [    Test worker] o.h.boot.internal.ClassLoaderAccessImpl  : No temp ClassLoader provided; using live ClassLoader for loading potentially unsafe class : com.example.demo.domain.authority.Authority
2022-11-25 14:50:23.297 DEBUG 25216 --- [    Test worker] o.h.cfg.annotations.PropertyBinder       : MetadataSourceProcessor property id with lazy=false
2022-11-25 14:50:23.300 DEBUG 25216 --- [    Test worker] o.hibernate.cfg.AbstractPropertyHolder   : Attempting to locate auto-apply AttributeConverter for property [com.example.demo.domain.authority.Authority:id]
2022-11-25 14:50:23.307 DEBUG 25216 --- [    Test worker] o.h.cfg.annotations.SimpleValueBinder    : building SimpleValue for id
2022-11-25 14:50:23.311 DEBUG 25216 --- [    Test worker] o.h.cfg.annotations.PropertyBinder       : Building property id
2022-11-25 14:50:23.324 DEBUG 25216 --- [    Test worker] org.hibernate.cfg.BinderHelper           : #makeIdGenerator(org.hibernate.mapping.SimpleValue([org.hibernate.mapping.Column(id)]), id, org.hibernate.id.UUIDGenerator, uuid2, ...)
2022-11-25 14:50:23.328 DEBUG 25216 --- [    Test worker] org.hibernate.cfg.Ejb3Column             : Binding column: Ejb3Column{table=org.hibernate.mapping.Table(authority), mappingColumn=name, insertable=true, updatable=true, unique=true}
2022-11-25 14:50:23.328 DEBUG 25216 --- [    Test worker] o.h.cfg.annotations.PropertyBinder       : MetadataSourceProcessor property name with lazy=false
2022-11-25 14:50:23.328 DEBUG 25216 --- [    Test worker] o.hibernate.cfg.AbstractPropertyHolder   : Attempting to locate auto-apply AttributeConverter for property [com.example.demo.domain.authority.Authority:name]
2022-11-25 14:50:23.328 DEBUG 25216 --- [    Test worker] o.h.cfg.annotations.SimpleValueBinder    : building SimpleValue for name
2022-11-25 14:50:23.329 DEBUG 25216 --- [    Test worker] o.h.cfg.annotations.PropertyBinder       : Building property name
2022-11-25 14:50:23.350 DEBUG 25216 --- [    Test worker] org.hibernate.cfg.AnnotationBinder       : Binding entity from annotated class: com.example.demo.domain.myListEntry.MyListEntry
2022-11-25 14:50:23.350 DEBUG 25216 --- [    Test worker] org.hibernate.cfg.Ejb3Column             : Binding column: Ejb3DiscriminatorColumn{logicalColumnName'DTYPE', discriminatorTypeName='string'}
2022-11-25 14:50:23.351 DEBUG 25216 --- [    Test worker] o.h.cfg.annotations.EntityBinder         : Import with entity name MyListEntry
2022-11-25 14:50:23.354 DEBUG 25216 --- [    Test worker] o.h.cfg.annotations.EntityBinder         : Bind entity com.example.demo.domain.myListEntry.MyListEntry on table my_list_entry
2022-11-25 14:50:23.368 DEBUG 25216 --- [    Test worker] org.hibernate.cfg.Ejb3Column             : Binding column: Ejb3Column{table=org.hibernate.mapping.Table(my_list_entry), mappingColumn=id, insertable=true, updatable=false, unique=false}
2022-11-25 14:50:23.368 DEBUG 25216 --- [    Test worker] o.h.boot.internal.ClassLoaderAccessImpl  : Not known whether passed class name [com.example.demo.domain.myListEntry.MyListEntry] is safe
2022-11-25 14:50:23.368 DEBUG 25216 --- [    Test worker] o.h.boot.internal.ClassLoaderAccessImpl  : No temp ClassLoader provided; using live ClassLoader for loading potentially unsafe class : com.example.demo.domain.myListEntry.MyListEntry
2022-11-25 14:50:23.369 DEBUG 25216 --- [    Test worker] o.h.cfg.annotations.PropertyBinder       : MetadataSourceProcessor property id with lazy=false
2022-11-25 14:50:23.369 DEBUG 25216 --- [    Test worker] o.hibernate.cfg.AbstractPropertyHolder   : Attempting to locate auto-apply AttributeConverter for property [com.example.demo.domain.myListEntry.MyListEntry:id]
2022-11-25 14:50:23.369 DEBUG 25216 --- [    Test worker] o.h.cfg.annotations.SimpleValueBinder    : building SimpleValue for id
2022-11-25 14:50:23.369 DEBUG 25216 --- [    Test worker] o.h.cfg.annotations.PropertyBinder       : Building property id
2022-11-25 14:50:23.370 DEBUG 25216 --- [    Test worker] org.hibernate.cfg.BinderHelper           : #makeIdGenerator(org.hibernate.mapping.SimpleValue([org.hibernate.mapping.Column(id)]), id, org.hibernate.id.UUIDGenerator, uuid2, ...)
2022-11-25 14:50:23.370 DEBUG 25216 --- [    Test worker] org.hibernate.cfg.Ejb3Column             : Binding column: Ejb3Column{table=org.hibernate.mapping.Table(my_list_entry), mappingColumn=entry_date, insertable=true, updatable=true, unique=false}
2022-11-25 14:50:23.371 DEBUG 25216 --- [    Test worker] o.h.cfg.annotations.PropertyBinder       : MetadataSourceProcessor property date with lazy=false
2022-11-25 14:50:23.372 DEBUG 25216 --- [    Test worker] o.hibernate.cfg.AbstractPropertyHolder   : Attempting to locate auto-apply AttributeConverter for property [com.example.demo.domain.myListEntry.MyListEntry:date]
2022-11-25 14:50:23.372 DEBUG 25216 --- [    Test worker] o.h.cfg.annotations.SimpleValueBinder    : building SimpleValue for date
2022-11-25 14:50:23.372 DEBUG 25216 --- [    Test worker] o.h.cfg.annotations.PropertyBinder       : Building property date
2022-11-25 14:50:23.377 DEBUG 25216 --- [    Test worker] org.hibernate.cfg.Ejb3Column             : Binding column: Ejb3Column{table=org.hibernate.mapping.Table(my_list_entry), mappingColumn=entry_priority, insertable=true, updatable=true, unique=false}
2022-11-25 14:50:23.377 DEBUG 25216 --- [    Test worker] o.h.cfg.annotations.PropertyBinder       : MetadataSourceProcessor property priority with lazy=false
2022-11-25 14:50:23.377 DEBUG 25216 --- [    Test worker] o.hibernate.cfg.AbstractPropertyHolder   : Attempting to locate auto-apply AttributeConverter for property [com.example.demo.domain.myListEntry.MyListEntry:priority]
2022-11-25 14:50:23.386 DEBUG 25216 --- [    Test worker] o.h.cfg.annotations.SimpleValueBinder    : building SimpleValue for priority
2022-11-25 14:50:23.386 DEBUG 25216 --- [    Test worker] o.h.cfg.annotations.PropertyBinder       : Building property priority
2022-11-25 14:50:23.386 DEBUG 25216 --- [    Test worker] org.hibernate.cfg.Ejb3Column             : Binding column: Ejb3Column{table=org.hibernate.mapping.Table(my_list_entry), mappingColumn=entry_text, insertable=true, updatable=true, unique=false}
2022-11-25 14:50:23.387 DEBUG 25216 --- [    Test worker] o.h.cfg.annotations.PropertyBinder       : MetadataSourceProcessor property text with lazy=false
2022-11-25 14:50:23.387 DEBUG 25216 --- [    Test worker] o.hibernate.cfg.AbstractPropertyHolder   : Attempting to locate auto-apply AttributeConverter for property [com.example.demo.domain.myListEntry.MyListEntry:text]
2022-11-25 14:50:23.387 DEBUG 25216 --- [    Test worker] o.h.cfg.annotations.SimpleValueBinder    : building SimpleValue for text
2022-11-25 14:50:23.387 DEBUG 25216 --- [    Test worker] o.h.cfg.annotations.PropertyBinder       : Building property text
2022-11-25 14:50:23.387 DEBUG 25216 --- [    Test worker] org.hibernate.cfg.Ejb3Column             : Binding column: Ejb3Column{table=org.hibernate.mapping.Table(my_list_entry), mappingColumn=entry_title, insertable=true, updatable=true, unique=false}
2022-11-25 14:50:23.387 DEBUG 25216 --- [    Test worker] o.h.cfg.annotations.PropertyBinder       : MetadataSourceProcessor property title with lazy=false
2022-11-25 14:50:23.388 DEBUG 25216 --- [    Test worker] o.hibernate.cfg.AbstractPropertyHolder   : Attempting to locate auto-apply AttributeConverter for property [com.example.demo.domain.myListEntry.MyListEntry:title]
2022-11-25 14:50:23.388 DEBUG 25216 --- [    Test worker] o.h.cfg.annotations.SimpleValueBinder    : building SimpleValue for title
2022-11-25 14:50:23.388 DEBUG 25216 --- [    Test worker] o.h.cfg.annotations.PropertyBinder       : Building property title
2022-11-25 14:50:23.391 DEBUG 25216 --- [    Test worker] org.hibernate.cfg.Ejb3Column             : Binding column: Ejb3JoinColumn{logicalColumnName='user_id', referencedColumn='', mappedBy=''}
2022-11-25 14:50:23.409 DEBUG 25216 --- [    Test worker] org.hibernate.cfg.Ejb3Column             : Binding column: Ejb3Column{table=org.hibernate.mapping.Table(my_list_entry), mappingColumn=user, insertable=true, updatable=true, unique=false}
2022-11-25 14:50:23.426 DEBUG 25216 --- [    Test worker] o.h.cfg.annotations.PropertyBinder       : Building property user
2022-11-25 14:50:23.429 DEBUG 25216 --- [    Test worker] org.hibernate.cfg.AnnotationBinder       : Binding entity from annotated class: com.example.demo.domain.role.Role
2022-11-25 14:50:23.429 DEBUG 25216 --- [    Test worker] org.hibernate.cfg.Ejb3Column             : Binding column: Ejb3DiscriminatorColumn{logicalColumnName'DTYPE', discriminatorTypeName='string'}
2022-11-25 14:50:23.429 DEBUG 25216 --- [    Test worker] o.h.cfg.annotations.EntityBinder         : Import with entity name Role
2022-11-25 14:50:23.429 DEBUG 25216 --- [    Test worker] o.h.cfg.annotations.EntityBinder         : Bind entity com.example.demo.domain.role.Role on table role
2022-11-25 14:50:23.441 DEBUG 25216 --- [    Test worker] org.hibernate.cfg.Ejb3Column             : Binding column: Ejb3Column{table=org.hibernate.mapping.Table(role), mappingColumn=id, insertable=true, updatable=false, unique=false}
2022-11-25 14:50:23.441 DEBUG 25216 --- [    Test worker] o.h.boot.internal.ClassLoaderAccessImpl  : Not known whether passed class name [com.example.demo.domain.role.Role] is safe
2022-11-25 14:50:23.441 DEBUG 25216 --- [    Test worker] o.h.boot.internal.ClassLoaderAccessImpl  : No temp ClassLoader provided; using live ClassLoader for loading potentially unsafe class : com.example.demo.domain.role.Role
2022-11-25 14:50:23.441 DEBUG 25216 --- [    Test worker] o.h.cfg.annotations.PropertyBinder       : MetadataSourceProcessor property id with lazy=false
2022-11-25 14:50:23.441 DEBUG 25216 --- [    Test worker] o.hibernate.cfg.AbstractPropertyHolder   : Attempting to locate auto-apply AttributeConverter for property [com.example.demo.domain.role.Role:id]
2022-11-25 14:50:23.441 DEBUG 25216 --- [    Test worker] o.h.cfg.annotations.SimpleValueBinder    : building SimpleValue for id
2022-11-25 14:50:23.442 DEBUG 25216 --- [    Test worker] o.h.cfg.annotations.PropertyBinder       : Building property id
2022-11-25 14:50:23.442 DEBUG 25216 --- [    Test worker] org.hibernate.cfg.BinderHelper           : #makeIdGenerator(org.hibernate.mapping.SimpleValue([org.hibernate.mapping.Column(id)]), id, org.hibernate.id.UUIDGenerator, uuid2, ...)
2022-11-25 14:50:23.450 DEBUG 25216 --- [    Test worker] org.hibernate.cfg.Ejb3Column             : Binding column: Ejb3Column{table=org.hibernate.mapping.Table(role), mappingColumn=null, insertable=true, updatable=true, unique=false}
2022-11-25 14:50:23.486 DEBUG 25216 --- [    Test worker] org.hibernate.cfg.Ejb3Column             : Binding column: Ejb3Column{table=org.hibernate.mapping.Table(role), mappingColumn=element, insertable=true, updatable=true, unique=false}
2022-11-25 14:50:23.488 DEBUG 25216 --- [    Test worker] org.hibernate.cfg.Ejb3Column             : Binding column: Ejb3Column{table=org.hibernate.mapping.Table(role), mappingColumn=authorities_key, insertable=true, updatable=true, unique=false}
2022-11-25 14:50:23.490 DEBUG 25216 --- [    Test worker] org.hibernate.cfg.Ejb3Column             : Binding column: Ejb3JoinColumn{logicalColumnName='authorities_KEY', referencedColumn='null', mappedBy='null'}
2022-11-25 14:50:23.492 DEBUG 25216 --- [    Test worker] org.hibernate.cfg.Ejb3Column             : Binding column: Ejb3JoinColumn{logicalColumnName='role_id', referencedColumn='id', mappedBy=''}
2022-11-25 14:50:23.492 DEBUG 25216 --- [    Test worker] org.hibernate.cfg.Ejb3Column             : Binding column: Ejb3JoinColumn{logicalColumnName='authority_id', referencedColumn='id', mappedBy=''}
2022-11-25 14:50:23.494 DEBUG 25216 --- [    Test worker] o.h.cfg.annotations.CollectionBinder     : Collection role: com.example.demo.domain.role.Role.authorities
2022-11-25 14:50:23.502 DEBUG 25216 --- [    Test worker] o.h.cfg.annotations.PropertyBinder       : Building property authorities
2022-11-25 14:50:23.503 DEBUG 25216 --- [    Test worker] org.hibernate.cfg.Ejb3Column             : Binding column: Ejb3Column{table=org.hibernate.mapping.Table(role), mappingColumn=name, insertable=true, updatable=true, unique=true}
2022-11-25 14:50:23.503 DEBUG 25216 --- [    Test worker] o.h.cfg.annotations.PropertyBinder       : MetadataSourceProcessor property name with lazy=false
2022-11-25 14:50:23.504 DEBUG 25216 --- [    Test worker] o.hibernate.cfg.AbstractPropertyHolder   : Attempting to locate auto-apply AttributeConverter for property [com.example.demo.domain.role.Role:name]
2022-11-25 14:50:23.504 DEBUG 25216 --- [    Test worker] o.h.cfg.annotations.SimpleValueBinder    : building SimpleValue for name
2022-11-25 14:50:23.504 DEBUG 25216 --- [    Test worker] o.h.cfg.annotations.PropertyBinder       : Building property name
2022-11-25 14:50:23.505 DEBUG 25216 --- [    Test worker] org.hibernate.cfg.AnnotationBinder       : Binding entity from annotated class: com.example.demo.domain.user.User
2022-11-25 14:50:23.506 DEBUG 25216 --- [    Test worker] org.hibernate.cfg.Ejb3Column             : Binding column: Ejb3DiscriminatorColumn{logicalColumnName'DTYPE', discriminatorTypeName='string'}
2022-11-25 14:50:23.506 DEBUG 25216 --- [    Test worker] o.h.cfg.annotations.EntityBinder         : Import with entity name User
2022-11-25 14:50:23.506 DEBUG 25216 --- [    Test worker] o.h.cfg.annotations.EntityBinder         : Bind entity com.example.demo.domain.user.User on table users
2022-11-25 14:50:23.519 DEBUG 25216 --- [    Test worker] org.hibernate.cfg.Ejb3Column             : Binding column: Ejb3Column{table=org.hibernate.mapping.Table(users), mappingColumn=id, insertable=true, updatable=false, unique=false}
2022-11-25 14:50:23.519 DEBUG 25216 --- [    Test worker] o.h.boot.internal.ClassLoaderAccessImpl  : Not known whether passed class name [com.example.demo.domain.user.User] is safe
2022-11-25 14:50:23.519 DEBUG 25216 --- [    Test worker] o.h.boot.internal.ClassLoaderAccessImpl  : No temp ClassLoader provided; using live ClassLoader for loading potentially unsafe class : com.example.demo.domain.user.User
2022-11-25 14:50:23.520 DEBUG 25216 --- [    Test worker] o.h.cfg.annotations.PropertyBinder       : MetadataSourceProcessor property id with lazy=false
2022-11-25 14:50:23.520 DEBUG 25216 --- [    Test worker] o.hibernate.cfg.AbstractPropertyHolder   : Attempting to locate auto-apply AttributeConverter for property [com.example.demo.domain.user.User:id]
2022-11-25 14:50:23.520 DEBUG 25216 --- [    Test worker] o.h.cfg.annotations.SimpleValueBinder    : building SimpleValue for id
2022-11-25 14:50:23.520 DEBUG 25216 --- [    Test worker] o.h.cfg.annotations.PropertyBinder       : Building property id
2022-11-25 14:50:23.520 DEBUG 25216 --- [    Test worker] org.hibernate.cfg.BinderHelper           : #makeIdGenerator(org.hibernate.mapping.SimpleValue([org.hibernate.mapping.Column(id)]), id, org.hibernate.id.UUIDGenerator, uuid2, ...)
2022-11-25 14:50:23.520 DEBUG 25216 --- [    Test worker] org.hibernate.cfg.Ejb3Column             : Binding column: Ejb3Column{table=org.hibernate.mapping.Table(users), mappingColumn=email, insertable=true, updatable=true, unique=true}
2022-11-25 14:50:23.521 DEBUG 25216 --- [    Test worker] o.h.cfg.annotations.PropertyBinder       : MetadataSourceProcessor property email with lazy=false
2022-11-25 14:50:23.521 DEBUG 25216 --- [    Test worker] o.hibernate.cfg.AbstractPropertyHolder   : Attempting to locate auto-apply AttributeConverter for property [com.example.demo.domain.user.User:email]
2022-11-25 14:50:23.521 DEBUG 25216 --- [    Test worker] o.h.cfg.annotations.SimpleValueBinder    : building SimpleValue for email
2022-11-25 14:50:23.521 DEBUG 25216 --- [    Test worker] o.h.cfg.annotations.PropertyBinder       : Building property email
2022-11-25 14:50:23.521 DEBUG 25216 --- [    Test worker] org.hibernate.cfg.Ejb3Column             : Binding column: Ejb3Column{table=org.hibernate.mapping.Table(users), mappingColumn=first_name, insertable=true, updatable=true, unique=false}
2022-11-25 14:50:23.521 DEBUG 25216 --- [    Test worker] o.h.cfg.annotations.PropertyBinder       : MetadataSourceProcessor property firstName with lazy=false
2022-11-25 14:50:23.521 DEBUG 25216 --- [    Test worker] o.hibernate.cfg.AbstractPropertyHolder   : Attempting to locate auto-apply AttributeConverter for property [com.example.demo.domain.user.User:firstName]
2022-11-25 14:50:23.521 DEBUG 25216 --- [    Test worker] o.h.cfg.annotations.SimpleValueBinder    : building SimpleValue for firstName
2022-11-25 14:50:23.522 DEBUG 25216 --- [    Test worker] o.h.cfg.annotations.PropertyBinder       : Building property firstName
2022-11-25 14:50:23.522 DEBUG 25216 --- [    Test worker] org.hibernate.cfg.Ejb3Column             : Binding column: Ejb3Column{table=org.hibernate.mapping.Table(users), mappingColumn=last_name, insertable=true, updatable=true, unique=false}
2022-11-25 14:50:23.522 DEBUG 25216 --- [    Test worker] o.h.cfg.annotations.PropertyBinder       : MetadataSourceProcessor property lastName with lazy=false
2022-11-25 14:50:23.522 DEBUG 25216 --- [    Test worker] o.hibernate.cfg.AbstractPropertyHolder   : Attempting to locate auto-apply AttributeConverter for property [com.example.demo.domain.user.User:lastName]
2022-11-25 14:50:23.523 DEBUG 25216 --- [    Test worker] o.h.cfg.annotations.SimpleValueBinder    : building SimpleValue for lastName
2022-11-25 14:50:23.523 DEBUG 25216 --- [    Test worker] o.h.cfg.annotations.PropertyBinder       : Building property lastName
2022-11-25 14:50:23.523 DEBUG 25216 --- [    Test worker] org.hibernate.cfg.Ejb3Column             : Binding column: Ejb3JoinColumn{logicalColumnName='null', referencedColumn='null', mappedBy='user'}
2022-11-25 14:50:23.523 DEBUG 25216 --- [    Test worker] org.hibernate.cfg.Ejb3Column             : Binding column: Ejb3Column{table=org.hibernate.mapping.Table(users), mappingColumn=my_list_entries, insertable=true, updatable=true, unique=false}
2022-11-25 14:50:23.524 DEBUG 25216 --- [    Test worker] org.hibernate.cfg.Ejb3Column             : Binding column: Ejb3Column{table=org.hibernate.mapping.Table(users), mappingColumn=null, insertable=true, updatable=true, unique=false}
2022-11-25 14:50:23.524 DEBUG 25216 --- [    Test worker] org.hibernate.cfg.Ejb3Column             : Binding column: Ejb3Column{table=org.hibernate.mapping.Table(users), mappingColumn=element, insertable=true, updatable=true, unique=false}
2022-11-25 14:50:23.525 DEBUG 25216 --- [    Test worker] org.hibernate.cfg.Ejb3Column             : Binding column: Ejb3Column{table=org.hibernate.mapping.Table(users), mappingColumn=my_list_entries_key, insertable=true, updatable=true, unique=false}
2022-11-25 14:50:23.525 DEBUG 25216 --- [    Test worker] org.hibernate.cfg.Ejb3Column             : Binding column: Ejb3JoinColumn{logicalColumnName='myListEntries_KEY', referencedColumn='null', mappedBy='null'}
2022-11-25 14:50:23.525 DEBUG 25216 --- [    Test worker] org.hibernate.cfg.Ejb3Column             : Binding column: Ejb3JoinColumn{logicalColumnName='null', referencedColumn='null', mappedBy='user'}
2022-11-25 14:50:23.525 DEBUG 25216 --- [    Test worker] org.hibernate.cfg.Ejb3Column             : Binding column: Ejb3JoinColumn{logicalColumnName='null', referencedColumn='null', mappedBy='user'}
2022-11-25 14:50:23.526 DEBUG 25216 --- [    Test worker] o.h.cfg.annotations.CollectionBinder     : Collection role: com.example.demo.domain.user.User.myListEntries
2022-11-25 14:50:23.526 DEBUG 25216 --- [    Test worker] o.h.cfg.annotations.PropertyBinder       : Building property myListEntries
2022-11-25 14:50:23.530 DEBUG 25216 --- [    Test worker] org.hibernate.cfg.Ejb3Column             : Binding column: Ejb3Column{table=org.hibernate.mapping.Table(users), mappingColumn=password, insertable=true, updatable=true, unique=false}
2022-11-25 14:50:23.531 DEBUG 25216 --- [    Test worker] o.h.cfg.annotations.PropertyBinder       : MetadataSourceProcessor property password with lazy=false
2022-11-25 14:50:23.531 DEBUG 25216 --- [    Test worker] o.hibernate.cfg.AbstractPropertyHolder   : Attempting to locate auto-apply AttributeConverter for property [com.example.demo.domain.user.User:password]
2022-11-25 14:50:23.531 DEBUG 25216 --- [    Test worker] o.h.cfg.annotations.SimpleValueBinder    : building SimpleValue for password
2022-11-25 14:50:23.532 DEBUG 25216 --- [    Test worker] o.h.cfg.annotations.PropertyBinder       : Building property password
2022-11-25 14:50:23.532 DEBUG 25216 --- [    Test worker] org.hibernate.cfg.Ejb3Column             : Binding column: Ejb3Column{table=org.hibernate.mapping.Table(users), mappingColumn=null, insertable=true, updatable=true, unique=false}
2022-11-25 14:50:23.533 DEBUG 25216 --- [    Test worker] org.hibernate.cfg.Ejb3Column             : Binding column: Ejb3Column{table=org.hibernate.mapping.Table(users), mappingColumn=element, insertable=true, updatable=true, unique=false}
2022-11-25 14:50:23.533 DEBUG 25216 --- [    Test worker] org.hibernate.cfg.Ejb3Column             : Binding column: Ejb3Column{table=org.hibernate.mapping.Table(users), mappingColumn=roles_key, insertable=true, updatable=true, unique=false}
2022-11-25 14:50:23.533 DEBUG 25216 --- [    Test worker] org.hibernate.cfg.Ejb3Column             : Binding column: Ejb3JoinColumn{logicalColumnName='roles_KEY', referencedColumn='null', mappedBy='null'}
2022-11-25 14:50:23.533 DEBUG 25216 --- [    Test worker] org.hibernate.cfg.Ejb3Column             : Binding column: Ejb3JoinColumn{logicalColumnName='users_id', referencedColumn='id', mappedBy=''}
2022-11-25 14:50:23.534 DEBUG 25216 --- [    Test worker] org.hibernate.cfg.Ejb3Column             : Binding column: Ejb3JoinColumn{logicalColumnName='role_id', referencedColumn='id', mappedBy=''}
2022-11-25 14:50:23.534 DEBUG 25216 --- [    Test worker] o.h.cfg.annotations.CollectionBinder     : Collection role: com.example.demo.domain.user.User.roles
2022-11-25 14:50:23.534 DEBUG 25216 --- [    Test worker] o.h.cfg.annotations.PropertyBinder       : Building property roles
2022-11-25 14:50:23.541 DEBUG 25216 --- [    Test worker] o.h.cfg.annotations.SimpleValueBinder    : Starting fillSimpleValue for id
2022-11-25 14:50:23.541 DEBUG 25216 --- [    Test worker] o.h.cfg.annotations.SimpleValueBinder    : Starting fillSimpleValue for name
2022-11-25 14:50:23.541 DEBUG 25216 --- [    Test worker] o.h.cfg.annotations.SimpleValueBinder    : Starting fillSimpleValue for id
2022-11-25 14:50:23.541 DEBUG 25216 --- [    Test worker] o.h.cfg.annotations.SimpleValueBinder    : Starting fillSimpleValue for date
2022-11-25 14:50:23.541 DEBUG 25216 --- [    Test worker] o.h.cfg.annotations.SimpleValueBinder    : Starting fillSimpleValue for priority
2022-11-25 14:50:23.544 DEBUG 25216 --- [    Test worker] o.h.cfg.annotations.SimpleValueBinder    : Starting fillSimpleValue for text
2022-11-25 14:50:23.545 DEBUG 25216 --- [    Test worker] o.h.cfg.annotations.SimpleValueBinder    : Starting fillSimpleValue for title
2022-11-25 14:50:23.545 DEBUG 25216 --- [    Test worker] o.h.cfg.annotations.SimpleValueBinder    : Starting fillSimpleValue for id
2022-11-25 14:50:23.545 DEBUG 25216 --- [    Test worker] o.h.cfg.annotations.SimpleValueBinder    : Starting fillSimpleValue for name
2022-11-25 14:50:23.546 DEBUG 25216 --- [    Test worker] o.h.cfg.annotations.SimpleValueBinder    : Starting fillSimpleValue for id
2022-11-25 14:50:23.546 DEBUG 25216 --- [    Test worker] o.h.cfg.annotations.SimpleValueBinder    : Starting fillSimpleValue for email
2022-11-25 14:50:23.546 DEBUG 25216 --- [    Test worker] o.h.cfg.annotations.SimpleValueBinder    : Starting fillSimpleValue for firstName
2022-11-25 14:50:23.548 DEBUG 25216 --- [    Test worker] o.h.cfg.annotations.SimpleValueBinder    : Starting fillSimpleValue for lastName
2022-11-25 14:50:23.548 DEBUG 25216 --- [    Test worker] o.h.cfg.annotations.SimpleValueBinder    : Starting fillSimpleValue for password
2022-11-25 14:50:23.576 DEBUG 25216 --- [    Test worker] org.hibernate.mapping.PrimaryKey         : Forcing column [id] to be non-null as it is part of the primary key for table [authority]
2022-11-25 14:50:23.576 DEBUG 25216 --- [    Test worker] org.hibernate.mapping.PrimaryKey         : Forcing column [id] to be non-null as it is part of the primary key for table [my_list_entry]
2022-11-25 14:50:23.576 DEBUG 25216 --- [    Test worker] org.hibernate.mapping.PrimaryKey         : Forcing column [id] to be non-null as it is part of the primary key for table [role]
2022-11-25 14:50:23.576 DEBUG 25216 --- [    Test worker] org.hibernate.mapping.PrimaryKey         : Forcing column [id] to be non-null as it is part of the primary key for table [users]
2022-11-25 14:50:23.576 DEBUG 25216 --- [    Test worker] org.hibernate.cfg.CollectionSecondPass   : Second pass for collection: com.example.demo.domain.user.User.roles
2022-11-25 14:50:23.576 DEBUG 25216 --- [    Test worker] o.h.cfg.annotations.CollectionBinder     : Binding as ManyToMany: com.example.demo.domain.user.User.roles
2022-11-25 14:50:23.585 DEBUG 25216 --- [    Test worker] org.hibernate.mapping.PrimaryKey         : Forcing column [users_id] to be non-null as it is part of the primary key for table [users_role]
2022-11-25 14:50:23.586 DEBUG 25216 --- [    Test worker] org.hibernate.mapping.PrimaryKey         : Forcing column [role_id] to be non-null as it is part of the primary key for table [users_role]
2022-11-25 14:50:23.586 DEBUG 25216 --- [    Test worker] org.hibernate.cfg.CollectionSecondPass   : Mapped collection key: users_id, element: role_id
2022-11-25 14:50:23.586 DEBUG 25216 --- [    Test worker] org.hibernate.cfg.CollectionSecondPass   : Second pass for collection: com.example.demo.domain.role.Role.authorities
2022-11-25 14:50:23.586 DEBUG 25216 --- [    Test worker] o.h.cfg.annotations.CollectionBinder     : Binding as ManyToMany: com.example.demo.domain.role.Role.authorities
2022-11-25 14:50:23.587 DEBUG 25216 --- [    Test worker] org.hibernate.mapping.PrimaryKey         : Forcing column [role_id] to be non-null as it is part of the primary key for table [role_authority]
2022-11-25 14:50:23.587 DEBUG 25216 --- [    Test worker] org.hibernate.mapping.PrimaryKey         : Forcing column [authority_id] to be non-null as it is part of the primary key for table [role_authority]
2022-11-25 14:50:23.587 DEBUG 25216 --- [    Test worker] org.hibernate.cfg.CollectionSecondPass   : Mapped collection key: role_id, element: authority_id
2022-11-25 14:50:23.589 DEBUG 25216 --- [    Test worker] org.hibernate.cfg.CollectionSecondPass   : Second pass for collection: com.example.demo.domain.user.User.myListEntries
2022-11-25 14:50:23.589 DEBUG 25216 --- [    Test worker] o.h.cfg.annotations.CollectionBinder     : Binding a OneToMany: com.example.demo.domain.user.User.myListEntries through a foreign key
2022-11-25 14:50:23.590 DEBUG 25216 --- [    Test worker] o.h.cfg.annotations.CollectionBinder     : Mapping collection: com.example.demo.domain.user.User.myListEntries -> my_list_entry
2022-11-25 14:50:23.591 DEBUG 25216 --- [    Test worker] o.hibernate.cfg.annotations.TableBinder  : Retrieving property com.example.demo.domain.myListEntry.MyListEntry.user
2022-11-25 14:50:23.591 DEBUG 25216 --- [    Test worker] org.hibernate.cfg.CollectionSecondPass   : Mapped collection key: user_id, one-to-many: com.example.demo.domain.myListEntry.MyListEntry
2022-11-25 14:50:23.591 DEBUG 25216 --- [    Test worker] o.h.b.i.InFlightMetadataCollectorImpl    : Resolving reference to class: com.example.demo.domain.user.User
2022-11-25 14:50:23.605 DEBUG 25216 --- [    Test worker] o.h.b.i.InFlightMetadataCollectorImpl    : Resolving reference to class: com.example.demo.domain.authority.Authority
2022-11-25 14:50:23.606 DEBUG 25216 --- [    Test worker] o.h.b.i.InFlightMetadataCollectorImpl    : Resolving reference to class: com.example.demo.domain.role.Role
2022-11-25 14:50:23.607 DEBUG 25216 --- [    Test worker] o.h.b.i.InFlightMetadataCollectorImpl    : Resolving reference to class: com.example.demo.domain.role.Role
2022-11-25 14:50:23.608 DEBUG 25216 --- [    Test worker] o.h.b.i.InFlightMetadataCollectorImpl    : Resolving reference to class: com.example.demo.domain.user.User
2022-11-25 14:50:23.614 DEBUG 25216 --- [    Test worker] o.h.b.i.InFlightMetadataCollectorImpl    : Resolving reference to class: com.example.demo.domain.user.User
2022-11-25 14:50:23.614 DEBUG 25216 --- [    Test worker] o.h.b.i.InFlightMetadataCollectorImpl    : Resolving reference to class: com.example.demo.domain.authority.Authority
2022-11-25 14:50:23.614 DEBUG 25216 --- [    Test worker] o.h.b.i.InFlightMetadataCollectorImpl    : Resolving reference to class: com.example.demo.domain.role.Role
2022-11-25 14:50:23.615 DEBUG 25216 --- [    Test worker] o.h.b.i.InFlightMetadataCollectorImpl    : Resolving reference to class: com.example.demo.domain.role.Role
2022-11-25 14:50:23.615 DEBUG 25216 --- [    Test worker] o.h.b.i.InFlightMetadataCollectorImpl    : Resolving reference to class: com.example.demo.domain.user.User
2022-11-25 14:50:23.722 DEBUG 25216 --- [    Test worker] o.hibernate.internal.SessionFactoryImpl  : Building session factory
2022-11-25 14:50:23.725 DEBUG 25216 --- [    Test worker] org.hibernate.cfg.Settings               : SessionFactory name : null
2022-11-25 14:50:23.725 DEBUG 25216 --- [    Test worker] org.hibernate.cfg.Settings               : Automatic flush during beforeCompletion(): enabled
2022-11-25 14:50:23.725 DEBUG 25216 --- [    Test worker] org.hibernate.cfg.Settings               : Automatic session close at end of transaction: disabled
2022-11-25 14:50:23.725 DEBUG 25216 --- [    Test worker] org.hibernate.cfg.Settings               : Statistics: disabled
2022-11-25 14:50:23.725 DEBUG 25216 --- [    Test worker] org.hibernate.cfg.Settings               : Deleted entity synthetic identifier rollback: disabled
2022-11-25 14:50:23.725 DEBUG 25216 --- [    Test worker] org.hibernate.cfg.Settings               : Default entity-mode: pojo
2022-11-25 14:50:23.725 DEBUG 25216 --- [    Test worker] org.hibernate.cfg.Settings               : Check Nullability in Core (should be disabled when Bean Validation is on): enabled
2022-11-25 14:50:23.725 DEBUG 25216 --- [    Test worker] org.hibernate.cfg.Settings               : Allow initialization of lazy state outside session : disabled
2022-11-25 14:50:23.725 DEBUG 25216 --- [    Test worker] org.hibernate.cfg.Settings               : Using BatchFetchStyle : LEGACY
2022-11-25 14:50:23.725 DEBUG 25216 --- [    Test worker] org.hibernate.cfg.Settings               : Default batch fetch size: -1
2022-11-25 14:50:23.725 DEBUG 25216 --- [    Test worker] org.hibernate.cfg.Settings               : Maximum outer join fetch depth: null
2022-11-25 14:50:23.725 DEBUG 25216 --- [    Test worker] org.hibernate.cfg.Settings               : Default null ordering: NONE
2022-11-25 14:50:23.725 DEBUG 25216 --- [    Test worker] org.hibernate.cfg.Settings               : Order SQL updates by primary key: disabled
2022-11-25 14:50:23.725 DEBUG 25216 --- [    Test worker] org.hibernate.cfg.Settings               : Order SQL inserts for batching: disabled
2022-11-25 14:50:23.725 DEBUG 25216 --- [    Test worker] org.hibernate.cfg.Settings               : multi-tenancy strategy : NONE
2022-11-25 14:50:23.725 DEBUG 25216 --- [    Test worker] org.hibernate.cfg.Settings               : JTA Track by Thread: enabled
2022-11-25 14:50:23.725 DEBUG 25216 --- [    Test worker] org.hibernate.cfg.Settings               : Query language substitutions: {}
2022-11-25 14:50:23.725 DEBUG 25216 --- [    Test worker] org.hibernate.cfg.Settings               : Named query checking : enabled
2022-11-25 14:50:23.725 DEBUG 25216 --- [    Test worker] org.hibernate.cfg.Settings               : Second-level cache: disabled
2022-11-25 14:50:23.725 DEBUG 25216 --- [    Test worker] org.hibernate.cfg.Settings               : Second-level query cache: disabled
2022-11-25 14:50:23.726 DEBUG 25216 --- [    Test worker] org.hibernate.cfg.Settings               : Second-level query cache factory: null
2022-11-25 14:50:23.726 DEBUG 25216 --- [    Test worker] org.hibernate.cfg.Settings               : Second-level cache region prefix: null
2022-11-25 14:50:23.726 DEBUG 25216 --- [    Test worker] org.hibernate.cfg.Settings               : Optimize second-level cache for minimal puts: disabled
2022-11-25 14:50:23.726 DEBUG 25216 --- [    Test worker] org.hibernate.cfg.Settings               : Structured second-level cache entries: disabled
2022-11-25 14:50:23.726 DEBUG 25216 --- [    Test worker] org.hibernate.cfg.Settings               : Second-level cache direct-reference entries: disabled
2022-11-25 14:50:23.726 DEBUG 25216 --- [    Test worker] org.hibernate.cfg.Settings               : Automatic eviction of collection cache: disabled
2022-11-25 14:50:23.726 DEBUG 25216 --- [    Test worker] org.hibernate.cfg.Settings               : JDBC batch size: 15
2022-11-25 14:50:23.726 DEBUG 25216 --- [    Test worker] org.hibernate.cfg.Settings               : JDBC batch updates for versioned data: enabled
2022-11-25 14:50:23.726 DEBUG 25216 --- [    Test worker] org.hibernate.cfg.Settings               : Scrollable result sets: enabled
2022-11-25 14:50:23.726 DEBUG 25216 --- [    Test worker] org.hibernate.cfg.Settings               : Wrap result sets: disabled
2022-11-25 14:50:23.726 DEBUG 25216 --- [    Test worker] org.hibernate.cfg.Settings               : JDBC3 getGeneratedKeys(): enabled
2022-11-25 14:50:23.726 DEBUG 25216 --- [    Test worker] org.hibernate.cfg.Settings               : JDBC result set fetch size: null
2022-11-25 14:50:23.727 DEBUG 25216 --- [    Test worker] org.hibernate.cfg.Settings               : Connection release mode: ON_CLOSE
2022-11-25 14:50:23.727 DEBUG 25216 --- [    Test worker] org.hibernate.cfg.Settings               : Generate SQL with comments: disabled
2022-11-25 14:50:23.727 DEBUG 25216 --- [    Test worker] org.hibernate.cfg.Settings               : JPA compliance - query : disabled
2022-11-25 14:50:23.727 DEBUG 25216 --- [    Test worker] org.hibernate.cfg.Settings               : JPA compliance - closed-handling : disabled
2022-11-25 14:50:23.727 DEBUG 25216 --- [    Test worker] org.hibernate.cfg.Settings               : JPA compliance - lists : disabled
2022-11-25 14:50:23.727 DEBUG 25216 --- [    Test worker] org.hibernate.cfg.Settings               : JPA compliance - transactions : disabled
2022-11-25 14:50:23.820 DEBUG 25216 --- [    Test worker] .h.s.i.SessionFactoryServiceRegistryImpl : EventListenerRegistry access via ServiceRegistry is deprecated.  Use `sessionFactory.getEventEngine().getListenerRegistry()` instead
2022-11-25 14:50:23.822 DEBUG 25216 --- [    Test worker] .h.s.i.SessionFactoryServiceRegistryImpl : EventListenerRegistry access via ServiceRegistry is deprecated.  Use `sessionFactory.getEventEngine().getListenerRegistry()` instead
2022-11-25 14:50:23.848 DEBUG 25216 --- [    Test worker] o.hibernate.internal.SessionFactoryImpl  : Session factory constructed with filter configurations : {}
2022-11-25 14:50:23.848 DEBUG 25216 --- [    Test worker] o.hibernate.internal.SessionFactoryImpl  : Instantiating session factory with properties: {hibernate.id.new_generator_mappings=true, java.specification.version=18, sun.cpu.isalist=amd64, hibernate.resource.beans.container=org.springframework.orm.hibernate5.SpringBeanContainer@414e8b31, hibernate.connection.handling_mode=DELAYED_ACQUISITION_AND_HOLD, sun.jnu.encoding=Cp1252, hibernate.dialect=org.hibernate.dialect.PostgreSQLDialect, org.gradle.test.worker=13, hibernate.implicit_naming_strategy=org.springframework.boot.orm.jpa.hibernate.SpringImplicitNamingStrategy, java.class.path=C:\Users\Sophia Moos\.gradle\caches\7.4.1\workerMain\gradle-worker.jar;C:\Source\github\uek223-docker\docker-backend-uek223\backend\build\classes\java\test;C:\Source\github\uek223-docker\docker-backend-uek223\backend\build\resources\test;C:\Source\github\uek223-docker\docker-backend-uek223\backend\build\classes\java\main;C:\Source\github\uek223-docker\docker-backend-uek223\backend\build\resources\main;C:\Users\Sophia Moos\.gradle\caches\modules-2\files-2.1\org.springframework.boot\spring-boot-starter-data-jpa\2.7.3\23f7118584200cf9edd43140dc6252679047bee0\spring-boot-starter-data-jpa-2.7.3.jar;C:\Users\Sophia Moos\.gradle\caches\modules-2\files-2.1\org.springframework.boot\spring-boot-starter-security\2.7.3\bcdd12a760d204281a64dccbd670810c494507e3\spring-boot-starter-security-2.7.3.jar;C:\Users\Sophia Moos\.gradle\caches\modules-2\files-2.1\org.springframework.boot\spring-boot-starter-web\2.7.3\9e36c7517c4f872b69d0665e1dd46bd6d83c43b7\spring-boot-starter-web-2.7.3.jar;C:\Users\Sophia Moos\.gradle\caches\modules-2\files-2.1\commons-validator\commons-validator\1.7\76069c915de3787f3ddd8726a56f47a95bfcbb0e\commons-validator-1.7.jar;C:\Users\Sophia Moos\.gradle\caches\modules-2\files-2.1\io.jsonwebtoken\jjwt-jackson\0.11.5\3b83a06809e98a69402d7333dcf67df6f6ea4579\jjwt-jackson-0.11.5.jar;C:\Users\Sophia Moos\.gradle\caches\modules-2\files-2.1\io.jsonwebtoken\jjwt-impl\0.11.5\40a599f0e8a8e4e0701596fbb15e67bfda64fdf0\jjwt-impl-0.11.5.jar;C:\Users\Sophia Moos\.gradle\caches\modules-2\files-2.1\io.jsonwebtoken\jjwt-api\0.11.5\f742940045619d06383e7df37b21ac422b476cf1\jjwt-api-0.11.5.jar;C:\Users\Sophia Moos\.gradle\caches\modules-2\files-2.1\org.mapstruct\mapstruct\1.5.2.Final\835b31a56daf7eed653864fa70af59afd017c9cc\mapstruct-1.5.2.Final.jar;C:\Users\Sophia Moos\.gradle\caches\modules-2\files-2.1\org.springframework.boot\spring-boot-starter-validation\2.7.3\c2e59c8d4df01dfecbdeac96693944ffcb2527ae\spring-boot-starter-validation-2.7.3.jar;C:\Users\Sophia Moos\.gradle\caches\modules-2\files-2.1\org.springdoc\springdoc-openapi-ui\1.6.6\47d5f8506af2457c1ecf66fc8fe58888ed8e1c66\springdoc-openapi-ui-1.6.6.jar;C:\Users\Sophia Moos\.gradle\caches\modules-2\files-2.1\org.postgresql\postgresql\42.3.6\98e509e29657cd3633d93bc05ae41ff71fbb79d1\postgresql-42.3.6.jar;C:\Users\Sophia Moos\.gradle\caches\modules-2\files-2.1\com.h2database\h2\1.4.200\f7533fe7cb8e99c87a43d325a77b4b678ad9031a\h2-1.4.200.jar;C:\Users\Sophia Moos\.gradle\caches\modules-2\files-2.1\org.springframework.boot\spring-boot-starter-test\2.7.3\ce5a11117ac6c92d38ce071ff2273799862659b7\spring-boot-starter-test-2.7.3.jar;C:\Users\Sophia Moos\.gradle\caches\modules-2\files-2.1\org.springframework.security\spring-security-test\5.7.3\36aab70fc9d2fd3557d9bb840193a6d00857b408\spring-security-test-5.7.3.jar;C:\Users\Sophia Moos\.gradle\caches\modules-2\files-2.1\org.springframework.boot\spring-boot-starter-aop\2.7.3\b2806bdfae4cff6b82a174a68984a4cedd2d83f5\spring-boot-starter-aop-2.7.3.jar;C:\Users\Sophia Moos\.gradle\caches\modules-2\files-2.1\org.springframework.boot\spring-boot-starter-jdbc\2.7.3\c5cfc6efad06811d5dd916e86c97989b08575b31\spring-boot-starter-jdbc-2.7.3.jar;C:\Users\Sophia Moos\.gradle\caches\modules-2\files-2.1\jakarta.transaction\jakarta.transaction-api\1.3.3\c4179d48720a1e87202115fbed6089bdc4195405\jakarta.transaction-api-1.3.3.jar;C:\Users\Sophia Moos\.gradle\caches\modules-2\files-2.1\jakarta.persistence\jakarta.persistence-api\2.2.3\8f6ea5daedc614f07a3654a455660145286f024e\jakarta.persistence-api-2.2.3.jar;C:\Users\Sophia Moos\.gradle\caches\modules-2\files-2.1\org.hibernate\hibernate-core\5.6.10.Final\408fd5802391d8e6f619db9d7c6c0e27d49118c2\hibernate-core-5.6.10.Final.jar;C:\Users\Sophia Moos\.gradle\caches\modules-2\files-2.1\org.springframework.data\spring-data-jpa\2.7.2\1b8783e98d4199c8fbcb46765fbfce02f41907fe\spring-data-jpa-2.7.2.jar;C:\Users\Sophia Moos\.gradle\caches\modules-2\files-2.1\org.springframework\spring-aspects\5.3.22\1fdd8ac7f557ba12bb59086edfe3a9cdf6d918bf\spring-aspects-5.3.22.jar;C:\Users\Sophia Moos\.gradle\caches\modules-2\files-2.1\org.springframework.boot\spring-boot-starter-json\2.7.3\38c88404d68926aaf6c0914199e8c5e766946de2\spring-boot-starter-json-2.7.3.jar;C:\Users\Sophia Moos\.gradle\caches\modules-2\files-2.1\org.springframework.boot\spring-boot-starter\2.7.3\6b0c093af667bf645cd5f49372e2a2540ae2855f\spring-boot-starter-2.7.3.jar;C:\Users\Sophia Moos\.gradle\caches\modules-2\files-2.1\org.springframework.security\spring-security-config\5.7.3\1b3af187763c2c343d87ec5e31c4e84bfb4c363e\spring-security-config-5.7.3.jar;C:\Users\Sophia Moos\.gradle\caches\modules-2\files-2.1\org.springframework.security\spring-security-web\5.7.3\293cba5503450553600e3204a98241160ec95c1d\spring-security-web-5.7.3.jar;C:\Users\Sophia Moos\.gradle\caches\modules-2\files-2.1\org.springdoc\springdoc-openapi-webmvc-core\1.6.6\5dbdd074d5b62363aede4ed38bb449ecb15fa6ce\springdoc-openapi-webmvc-core-1.6.6.jar;C:\Users\Sophia Moos\.gradle\caches\modules-2\files-2.1\org.springframework\spring-webmvc\5.3.22\519d86b7ac9b8b6bb54739eb4eb73dc13a263b28\spring-webmvc-5.3.22.jar;C:\Users\Sophia Moos\.gradle\caches\modules-2\files-2.1\org.springframework.security\spring-security-core\5.7.3\85f08fcc519495cc79cbaeed62ca23cf42a1f41c\spring-security-core-5.7.3.jar;C:\Users\Sophia Moos\.gradle\caches\modules-2\files-2.1\org.springframework.boot\spring-boot-test-autoconfigure\2.7.3\42924dceee5636b5c12ed36011cc333b40e1f756\spring-boot-test-autoconfigure-2.7.3.jar;C:\Users\Sophia Moos\.gradle\caches\modules-2\files-2.1\org.springframework.boot\spring-boot-test\2.7.3\34d3fbf68aa72beef1515ab4a439c23c8c41280e\spring-boot-test-2.7.3.jar;C:\Users\Sophia Moos\.gradle\caches\modules-2\files-2.1\org.springdoc\springdoc-openapi-common\1.6.6\64398153e60dbda6a7ef7fb12edcf24561662c90\springdoc-openapi-common-1.6.6.jar;C:\Users\Sophia Moos\.gradle\caches\modules-2\files-2.1\org.springframework.boot\spring-boot-autoconfigure\2.7.3\4c96169e8d71c9c41f07a40d011dbd41898180ac\spring-boot-autoconfigure-2.7.3.jar;C:\Users\Sophia Moos\.gradle\caches\modules-2\files-2.1\org.springframework.boot\spring-boot\2.7.3\3a8d641077565b7eaec3b2f91d5b83a6800f5895\spring-boot-2.7.3.jar;C:\Users\Sophia Moos\.gradle\caches\modules-2\files-2.1\org.springframework\spring-context\5.3.22\fdd59bb4795c7a399e95ec4a5c8b91103e3189fd\spring-context-5.3.22.jar;C:\Users\Sophia Moos\.gradle\caches\modules-2\files-2.1\org.springframework\spring-aop\5.3.22\2f9f00efbff8432f145ccffeb93e6a1819bac362\spring-aop-5.3.22.jar;C:\Users\Sophia Moos\.gradle\caches\modules-2\files-2.1\org.springframework.boot\spring-boot-starter-tomcat\2.7.3\7a5998baaa05d5e7a9af7194a21f2ac3512ba7a0\spring-boot-starter-tomcat-2.7.3.jar;C:\Users\Sophia Moos\.gradle\caches\modules-2\files-2.1\org.springframework\spring-web\5.3.22\fdab9b8d8df2e6a8fb90f2481c361bcf2c129567\spring-web-5.3.22.jar;C:\Users\Sophia Moos\.gradle\caches\modules-2\files-2.1\commons-beanutils\commons-beanutils\1.9.4\d52b9abcd97f38c81342bb7e7ae1eee9b73cba51\commons-beanutils-1.9.4.jar;C:\Users\Sophia Moos\.gradle\caches\modules-2\files-2.1\commons-digester\commons-digester\2.1\73a8001e7a54a255eef0f03521ec1805dc738ca0\commons-digester-2.1.jar;C:\Users\Sophia Moos\.gradle\caches\modules-2\files-2.1\commons-logging\commons-logging\1.2\4bfc12adfe4842bf07b657f0369c4cb522955686\commons-logging-1.2.jar;C:\Users\Sophia Moos\.gradle\caches\modules-2\files-2.1\commons-collections\commons-collections\3.2.2\8ad72fe39fa8c91eaaf12aadb21e0c3661fe26d5\commons-collections-3.2.2.jar;C:\Users\Sophia Moos\.gradle\caches\modules-2\files-2.1\io.swagger.core.v3\swagger-core\2.1.12\be6a8bca5bbfe86dd162018a00d1e4f6721016b9\swagger-core-2.1.12.jar;C:\Users\Sophia Moos\.gradle\caches\modules-2\files-2.1\com.fasterxml.jackson.datatype\jackson-datatype-jsr310\2.13.3\ad2f4c61aeb9e2a8bb5e4a3ed782cfddec52d972\jackson-datatype-jsr310-2.13.3.jar;C:\Users\Sophia Moos\.gradle\caches\modules-2\files-2.1\com.fasterxml.jackson.module\jackson-module-parameter-names\2.13.3\f71c4ecc1a403787c963f68bc619b78ce1d2687b\jackson-module-parameter-names-2.13.3.jar;C:\Users\Sophia Moos\.gradle\caches\modules-2\files-2.1\io.swagger.core.v3\swagger-models\2.1.12\57605b99a82802cc775ab5ee57dc2199a8591b3c\swagger-models-2.1.12.jar;C:\Users\Sophia Moos\.gradle\caches\modules-2\files-2.1\com.fasterxml.jackson.core\jackson-annotations\2.13.3\7198b3aac15285a49e218e08441c5f70af00fc51\jackson-annotations-2.13.3.jar;C:\Users\Sophia Moos\.gradle\caches\modules-2\files-2.1\org.webjars\webjars-locator-core\0.50\d1ae68f5fea4f8e36e1d9adfd1ac02463c43894a\webjars-locator-core-0.50.jar;C:\Users\Sophia Moos\.gradle\caches\modules-2\files-2.1\com.fasterxml.jackson.dataformat\jackson-dataformat-yaml\2.13.3\9363ded5441b1fee62d5be0604035690ca759a2a\jackson-dataformat-yaml-2.13.3.jar;C:\Users\Sophia Moos\.gradle\caches\modules-2\files-2.1\com.fasterxml.jackson.core\jackson-core\2.13.3\a27014716e4421684416e5fa83d896ddb87002da\jackson-core-2.13.3.jar;C:\Users\Sophia Moos\.gradle\caches\modules-2\files-2.1\com.fasterxml.jackson.datatype\jackson-datatype-jdk8\2.13.3\d4884595d5aab5babdb00ddbd693b8fd36b5ec3c\jackson-datatype-jdk8-2.13.3.jar;C:\Users\Sophia Moos\.gradle\caches\modules-2\files-2.1\com.fasterxml.jackson.core\jackson-databind\2.13.3\56deb9ea2c93a7a556b3afbedd616d342963464e\jackson-databind-2.13.3.jar;C:\Users\Sophia Moos\.gradle\caches\modules-2\files-2.1\org.apache.tomcat.embed\tomcat-embed-el\9.0.65\d278157387e59a5f9b48091dcada22b7c74aed00\tomcat-embed-el-9.0.65.jar;C:\Users\Sophia Moos\.gradle\caches\modules-2\files-2.1\org.hibernate.validator\hibernate-validator\6.2.4.Final\5acf6de251d9e29102a1f30657cc3151ce3c8aeb\hibernate-validator-6.2.4.Final.jar;C:\Users\Sophia Moos\.gradle\caches\modules-2\files-2.1\org.webjars\swagger-ui\4.5.0\af88256aa1c3719926fe35a0633c5062b8fba1b9\swagger-ui-4.5.0.jar;C:\Users\Sophia Moos\.gradle\caches\modules-2\files-2.1\io.github.classgraph\classgraph\4.8.138\af08df0ad62de2f4c686757a9a52ca2a8c2ea28c\classgraph-4.8.138.jar;C:\Users\Sophia Moos\.gradle\caches\modules-2\files-2.1\org.checkerframework\checker-qual\3.5.0\2f50520c8abea66fbd8d26e481d3aef5c673b510\checker-qual-3.5.0.jar;C:\Users\Sophia Moos\.gradle\caches\modules-2\files-2.1\com.jayway.jsonpath\json-path\2.7.0\f9d7d9659f2694e61142046ff8a216c047f263e8\json-path-2.7.0.jar;C:\Users\Sophia Moos\.gradle\caches\modules-2\files-2.1\org.glassfish.jaxb\jaxb-runtime\2.3.6\1e6cd0e5d9f9919c8c8824fb4d310b09a978a60e\jaxb-runtime-2.3.6.jar;C:\Users\Sophia Moos\.gradle\caches\modules-2\files-2.1\jakarta.xml.bind\jakarta.xml.bind-api\2.3.3\48e3b9cfc10752fba3521d6511f4165bea951801\jakarta.xml.bind-api-2.3.3.jar;C:\Users\Sophia Moos\.gradle\caches\modules-2\files-2.1\org.assertj\assertj-core\3.22.0\c300c0c6a24559f35fa0bd3a5472dc1edcd0111e\assertj-core-3.22.0.jar;C:\Users\Sophia Moos\.gradle\caches\modules-2\files-2.1\org.hamcrest\hamcrest\2.2\1820c0968dba3a11a1b30669bb1f01978a91dedc\hamcrest-2.2.jar;C:\Users\Sophia Moos\.gradle\caches\modules-2\files-2.1\org.mockito\mockito-junit-jupiter\4.5.1\f81fb60bd69b3a6e5537ae23b883326f01632a61\mockito-junit-jupiter-4.5.1.jar;C:\Users\Sophia Moos\.gradle\caches\modules-2\files-2.1\org.junit.jupiter\junit-jupiter-params\5.8.2\ddeafe92fc263f895bfb73ffeca7fd56e23c2cce\junit-jupiter-params-5.8.2.jar;C:\Users\Sophia Moos\.gradle\caches\modules-2\files-2.1\org.junit.jupiter\junit-jupiter-engine\5.8.2\c598b4328d2f397194d11df3b1648d68d7d990e3\junit-jupiter-engine-5.8.2.jar;C:\Users\Sophia Moos\.gradle\caches\modules-2\files-2.1\org.junit.jupiter\junit-jupiter-api\5.8.2\4c21029217adf07e4c0d0c5e192b6bf610c94bdc\junit-jupiter-api-5.8.2.jar;C:\Users\Sophia Moos\.gradle\caches\modules-2\files-2.1\org.junit.platform\junit-platform-engine\1.8.2\b737de09f19864bd136805c84df7999a142fec29\junit-platform-engine-1.8.2.jar;C:\Users\Sophia Moos\.gradle\caches\modules-2\files-2.1\org.junit.platform\junit-platform-commons\1.8.2\32c8b8617c1342376fd5af2053da6410d8866861\junit-platform-commons-1.8.2.jar;C:\Users\Sophia Moos\.gradle\caches\modules-2\files-2.1\org.junit.jupiter\junit-jupiter\5.8.2\5a817b1e63f1217e5c586090c45e681281f097ad\junit-jupiter-5.8.2.jar;C:\Users\Sophia Moos\.gradle\caches\modules-2\files-2.1\org.mockito\mockito-core\4.5.1\ed456e623e5afc6f4cee3ae58144e5c45f3b3bf\mockito-core-4.5.1.jar;C:\Users\Sophia Moos\.gradle\caches\modules-2\files-2.1\org.skyscreamer\jsonassert\1.5.1\6d842d0faf4cf6725c509a5e5347d319ee0431c3\jsonassert-1.5.1.jar;C:\Users\Sophia Moos\.gradle\caches\modules-2\files-2.1\org.springframework\spring-test\5.3.22\48375b44c82945e12012ec56dc4090c805b4508b\spring-test-5.3.22.jar;C:\Users\Sophia Moos\.gradle\caches\modules-2\files-2.1\org.springframework\spring-orm\5.3.22\abcefbf4895a3daf263cf385cc66e924db92d254\spring-orm-5.3.22.jar;C:\Users\Sophia Moos\.gradle\caches\modules-2\files-2.1\org.springframework\spring-jdbc\5.3.22\d50fc708ef9bade1d3fb64d529b8ff8cd5b625ba\spring-jdbc-5.3.22.jar;C:\Users\Sophia Moos\.gradle\caches\modules-2\files-2.1\org.springframework.data\spring-data-commons\2.7.2\9547d1234cb380234066aef60129bb2ddfdc6347\spring-data-commons-2.7.2.jar;C:\Users\Sophia Moos\.gradle\caches\modules-2\files-2.1\org.springframework\spring-tx\5.3.22\d0b3812ab20987a13f3a9ae7b4c54f619e034692\spring-tx-5.3.22.jar;C:\Users\Sophia Moos\.gradle\caches\modules-2\files-2.1\org.springframework\spring-beans\5.3.22\866c2022b5fef05b1702f4a07cfa5598660ce08a\spring-beans-5.3.22.jar;C:\Users\Sophia Moos\.gradle\caches\modules-2\files-2.1\org.springframework\spring-expression\5.3.22\c056f9e9994b18c95deead695f9471952d1f21d1\spring-expression-5.3.22.jar;C:\Users\Sophia Moos\.gradle\caches\modules-2\files-2.1\org.springframework\spring-core\5.3.22\661fc01832716c7eedebf995c6841b2f7117c63d\spring-core-5.3.22.jar;C:\Users\Sophia Moos\.gradle\caches\modules-2\files-2.1\org.xmlunit\xmlunit-core\2.9.0\8959725d90eecfee28acd7110e2bb8460285d876\xmlunit-core-2.9.0.jar;C:\Users\Sophia Moos\.gradle\caches\modules-2\files-2.1\org.aspectj\aspectjweaver\1.9.7\158f5c255cd3e4408e795b79f7c3fbae9b53b7ca\aspectjweaver-1.9.7.jar;C:\Users\Sophia Moos\.gradle\caches\modules-2\files-2.1\com.zaxxer\HikariCP\4.0.3\107cbdf0db6780a065f895ae9d8fbf3bb0e1c21f\HikariCP-4.0.3.jar;C:\Users\Sophia Moos\.gradle\caches\modules-2\files-2.1\org.hibernate.common\hibernate-commons-annotations\5.1.2.Final\e59ffdbc6ad09eeb33507b39ffcf287679a498c8\hibernate-commons-annotations-5.1.2.Final.jar;C:\Users\Sophia Moos\.gradle\caches\modules-2\files-2.1\org.jboss.logging\jboss-logging\3.4.3.Final\c4bd7e12a745c0e7f6cf98c45cdcdf482fd827ea\jboss-logging-3.4.3.Final.jar;C:\Users\Sophia Moos\.gradle\caches\modules-2\files-2.1\net.bytebuddy\byte-buddy\1.12.13\35ffee9c24b1c68b08d9207e1a2d3da1add6166\byte-buddy-1.12.13.jar;C:\Users\Sophia Moos\.gradle\caches\modules-2\files-2.1\antlr\antlr\2.7.7\83cd2cd674a217ade95a4bb83a8a14f351f48bd0\antlr-2.7.7.jar;C:\Users\Sophia Moos\.gradle\caches\modules-2\files-2.1\org.jboss\jandex\2.4.2.Final\1e1c385990b258ff1a24c801e84aebbacf70eb39\jandex-2.4.2.Final.jar;C:\Users\Sophia Moos\.gradle\caches\modules-2\files-2.1\com.fasterxml\classmate\1.5.1\3fe0bed568c62df5e89f4f174c101eab25345b6c\classmate-1.5.1.jar;C:\Users\Sophia Moos\.gradle\caches\modules-2\files-2.1\org.springframework.boot\spring-boot-starter-logging\2.7.3\a1e4a13b656182ba10b4c0c7848f91cd6f854fdf\spring-boot-starter-logging-2.7.3.jar;C:\Users\Sophia Moos\.gradle\caches\modules-2\files-2.1\ch.qos.logback\logback-classic\1.2.11\4741689214e9d1e8408b206506cbe76d1c6a7d60\logback-classic-1.2.11.jar;C:\Users\Sophia Moos\.gradle\caches\modules-2\files-2.1\org.apache.logging.log4j\log4j-to-slf4j\2.17.2\17dd0fae2747d9a28c67bc9534108823d2376b46\log4j-to-slf4j-2.17.2.jar;C:\Users\Sophia Moos\.gradle\caches\modules-2\files-2.1\org.slf4j\jul-to-slf4j\1.7.36\ed46d81cef9c412a88caef405b58f93a678ff2ca\jul-to-slf4j-1.7.36.jar;C:\Users\Sophia Moos\.gradle\caches\modules-2\files-2.1\org.slf4j\slf4j-api\1.7.36\6c62681a2f655b49963a5983b8b0950a6120ae14\slf4j-api-1.7.36.jar;C:\Users\Sophia Moos\.gradle\caches\modules-2\files-2.1\jakarta.annotation\jakarta.annotation-api\1.3.5\59eb84ee0d616332ff44aba065f3888cf002cd2d\jakarta.annotation-api-1.3.5.jar;C:\Users\Sophia Moos\.gradle\caches\modules-2\files-2.1\org.yaml\snakeyaml\1.30\8fde7fe2586328ac3c68db92045e1c8759125000\snakeyaml-1.30.jar;C:\Users\Sophia Moos\.gradle\caches\modules-2\files-2.1\org.apache.tomcat.embed\tomcat-embed-websocket\9.0.65\bd70dfeb39cc83c6934be24fa377b21e541dbe76\tomcat-embed-websocket-9.0.65.jar;C:\Users\Sophia Moos\.gradle\caches\modules-2\files-2.1\org.apache.tomcat.embed\tomcat-embed-core\9.0.65\a24c5f379b2ec343a167a83332b75c37f26b2ae7\tomcat-embed-core-9.0.65.jar;C:\Users\Sophia Moos\.gradle\caches\modules-2\files-2.1\jakarta.validation\jakarta.validation-api\2.0.2\5eacc6522521f7eacb081f95cee1e231648461e7\jakarta.validation-api-2.0.2.jar;C:\Users\Sophia Moos\.gradle\caches\modules-2\files-2.1\net.minidev\json-smart\2.4.8\7c62f5f72ab05eb54d40e2abf0360a2fe9ea477f\json-smart-2.4.8.jar;C:\Users\Sophia Moos\.gradle\caches\modules-2\files-2.1\jakarta.activation\jakarta.activation-api\1.2.2\99f53adba383cb1bf7c3862844488574b559621f\jakarta.activation-api-1.2.2.jar;C:\Users\Sophia Moos\.gradle\caches\modules-2\files-2.1\net.bytebuddy\byte-buddy-agent\1.12.13\5a4ed1c2eb9e8d7272b36b2b16757e5c653ab650\byte-buddy-agent-1.12.13.jar;C:\Users\Sophia Moos\.gradle\caches\modules-2\files-2.1\org.objenesis\objenesis\3.2\7fadf57620c8b8abdf7519533e5527367cb51f09\objenesis-3.2.jar;C:\Users\Sophia Moos\.gradle\caches\modules-2\files-2.1\com.vaadin.external.google\android-json\0.0.20131108.vaadin1\fa26d351fe62a6a17f5cda1287c1c6110dec413f\android-json-0.0.20131108.vaadin1.jar;C:\Users\Sophia Moos\.gradle\caches\modules-2\files-2.1\org.springframework\spring-jcl\5.3.22\811ace5e5eb379654ed96fd7844809db51af74a5\spring-jcl-5.3.22.jar;C:\Users\Sophia Moos\.gradle\caches\modules-2\files-2.1\org.springframework.security\spring-security-crypto\5.7.3\886d808324f2c346fb47cc79ab617ff7973c029c\spring-security-crypto-5.7.3.jar;C:\Users\Sophia Moos\.gradle\caches\modules-2\files-2.1\org.glassfish.jaxb\txw2\2.3.6\45db7b69a8f1ec2c21eb7d4fc0ee729f53c1addc\txw2-2.3.6.jar;C:\Users\Sophia Moos\.gradle\caches\modules-2\files-2.1\com.sun.istack\istack-commons-runtime\3.0.12\cbbe1a62b0cc6c85972e99d52aaee350153dc530\istack-commons-runtime-3.0.12.jar;C:\Users\Sophia Moos\.gradle\caches\modules-2\files-2.1\com.sun.activation\jakarta.activation\1.2.2\74548703f9851017ce2f556066659438019e7eb5\jakarta.activation-1.2.2.jar;C:\Users\Sophia Moos\.gradle\caches\modules-2\files-2.1\net.minidev\accessors-smart\2.4.8\6e1bee5a530caba91893604d6ab41d0edcecca9a\accessors-smart-2.4.8.jar;C:\Users\Sophia Moos\.gradle\caches\modules-2\files-2.1\org.opentest4j\opentest4j\1.2.0\28c11eb91f9b6d8e200631d46e20a7f407f2a046\opentest4j-1.2.0.jar;C:\Users\Sophia Moos\.gradle\caches\modules-2\files-2.1\ch.qos.logback\logback-core\1.2.11\a01230df5ca5c34540cdaa3ad5efb012f1f1f792\logback-core-1.2.11.jar;C:\Users\Sophia Moos\.gradle\caches\modules-2\files-2.1\org.apache.logging.log4j\log4j-api\2.17.2\f42d6afa111b4dec5d2aea0fe2197240749a4ea6\log4j-api-2.17.2.jar;C:\Users\Sophia Moos\.gradle\caches\modules-2\files-2.1\org.apache.commons\commons-lang3\3.12.0\c6842c86792ff03b9f1d1fe2aab8dc23aa6c6f0e\commons-lang3-3.12.0.jar;C:\Users\Sophia Moos\.gradle\caches\modules-2\files-2.1\io.swagger.core.v3\swagger-annotations\2.1.12\738d48e059af0ae009521430873885f327583913\swagger-annotations-2.1.12.jar;C:\Users\Sophia Moos\.gradle\caches\modules-2\files-2.1\org.ow2.asm\asm\9.1\a99500cf6eea30535eeac6be73899d048f8d12a8\asm-9.1.jar, java.vm.vendor=Oracle Corporation, sun.arch.data.model=64, user.variant=, java.vendor.url=https://java.oracle.com/, user.timezone=Europe/Zurich, jakarta.persistence.sharedCache.mode=UNSPECIFIED, java.vm.specification.version=18, os.name=Windows 11, javax.persistence.validation.mode=AUTO, jakarta.persistence.nonJtaDataSource=HikariDataSource (HikariPool-1), user.country=CH, sun.java.launcher=SUN_STANDARD, sun.boot.library.path=C:\Users\Sophia Moos\.jdks\openjdk-18.0.2.1\bin, sun.java.command=worker.org.gradle.process.internal.worker.GradleWorkerMain 'Gradle Test Executor 13', javax.persistence.nonJtaDataSource=HikariDataSource (HikariPool-1), hibernate.transaction.jta.platform=org.hibernate.engine.transaction.jta.platform.internal.NoJtaPlatform@b90c5a5, javax.persistence.sharedCache.mode=UNSPECIFIED, jdk.debug=release, sun.cpu.endian=little, user.home=C:\Users\Sophia Moos, user.language=de, java.specification.vendor=Oracle Corporation, org.gradle.native=false, java.version.date=2022-08-18, java.home=C:\Users\Sophia Moos\.jdks\openjdk-18.0.2.1, file.separator=\, java.vm.compressedOopsMode=32-bit, line.separator=
, hibernate.persistenceUnitName=default, java.vm.specification.vendor=Oracle Corporation, java.specification.name=Java Platform API Specification, FILE_LOG_CHARSET=windows-1252, hibernate.transaction.coordinator_class=class org.hibernate.resource.transaction.backend.jdbc.internal.JdbcResourceLocalTransactionCoordinatorBuilderImpl, java.awt.headless=true, jakarta.persistence.validation.mode=AUTO, hibernate.hbm2ddl.auto=update, user.script=, sun.management.compiler=HotSpot 64-Bit Tiered Compilers, java.runtime.version=18.0.2.1+1-1, user.name=Sophia Moos, path.separator=;, os.version=10.0, java.runtime.name=OpenJDK Runtime Environment, file.encoding=windows-1252, hibernate.ejb.persistenceUnitName=default, spring.beaninfo.ignore=true, java.vm.name=OpenJDK 64-Bit Server VM, java.vendor.url.bug=https://bugreport.java.com/bugreport/, java.io.tmpdir=C:\Users\SOPHIA~1\AppData\Local\Temp\, java.version=18.0.2.1, hibernate.physical_naming_strategy=org.hibernate.boot.model.naming.CamelCaseToUnderscoresNamingStrategy, user.dir=C:\Source\github\uek223-docker\docker-backend-uek223\backend, os.arch=amd64, java.vm.specification.name=Java Virtual Machine Specification, PID=25216, org.gradle.internal.worker.tmpdir=C:\Source\github\uek223-docker\docker-backend-uek223\backend\build\tmp\test\work, sun.os.patch.level=, CONSOLE_LOG_CHARSET=windows-1252, hibernate.boot.CfgXmlAccessService.key=org.hibernate.boot.registry.StandardServiceRegistryBuilder$1@1786150f, native.encoding=Cp1252, java.library.path=C:\Users\Sophia Moos\.jdks\openjdk-18.0.2.1\bin;C:\WINDOWS\Sun\Java\bin;C:\WINDOWS\system32;C:\WINDOWS;C:\Program Files\Java\jdk-17.0.2\bin;C:\Program Files (x86)\VMware\VMware Player\bin\;C:\Program Files\Common Files\Oracle\Java\javapath;C:\Program Files (x86)\Common Files\Oracle\Java\javapath;C:\WINDOWS\system32;C:\WINDOWS;C:\WINDOWS\System32\Wbem;C:\WINDOWS\System32\WindowsPowerShell\v1.0\;C:\WINDOWS\System32\OpenSSH\;C:\MyTools\MinGW\bin;C:\Program Files\Git\cmd;C:\Program Files\dotnet\;C:\Program Files\nodejs\;C:\Program Files\Docker\Docker\resources\bin;C:\Users\Sophia Moos\AppData\Local\Microsoft\WindowsApps;C:\Program Files\JetBrains\IntelliJ IDEA Community Edition 2021.2.1\bin;;C:\Users\Sophia Moos\AppData\Local\Programs\Microsoft VS Code\bin;C:\Users\Sophia Moos\AppData\Local\GitHubDesktop\bin;C:\Program Files\PostgreSQL\14\bin;;C:\Program Files\JetBrains\IntelliJ IDEA 2021.3.3\bin;;C:\Users\Sophia Moos\AppData\Roaming\npm;C:\Program Files\JetBrains\PyCharm 2022.1\bin;;C:\Users\Sophia Moos\.dotnet\tools;C:\Program Files\JetBrains\WebStorm 2022.2\bin;;., java.vendor=Oracle Corporation, java.vm.info=mixed mode, sharing, java.vm.version=18.0.2.1+1-1, hibernate.bytecode.use_reflection_optimizer=false, sun.io.unicode.encoding=UnicodeLittle, hibernate.archive.scanner=org.hibernate.boot.archive.scan.internal.DisabledScanner, hibernate.connection.datasource=HikariDataSource (HikariPool-1), java.class.version=62.0}
2022-11-25 14:50:23.878 DEBUG 25216 --- [    Test worker] o.h.v.i.xml.config.ValidationXmlParser   : Trying to load META-INF/validation.xml for XML based Validator configuration.
2022-11-25 14:50:23.879 DEBUG 25216 --- [    Test worker] o.h.v.i.xml.config.ResourceLoaderHelper  : Trying to load META-INF/validation.xml via TCCL
2022-11-25 14:50:23.879 DEBUG 25216 --- [    Test worker] o.h.v.i.xml.config.ResourceLoaderHelper  : Trying to load META-INF/validation.xml via Hibernate Validator's class loader
2022-11-25 14:50:23.879 DEBUG 25216 --- [    Test worker] o.h.v.i.xml.config.ValidationXmlParser   : No META-INF/validation.xml found. Using annotation based configuration only.
2022-11-25 14:50:23.879 DEBUG 25216 --- [    Test worker] o.h.v.i.e.resolver.TraversableResolvers  : Found javax.persistence.Persistence on classpath containing 'getPersistenceUtil'. Assuming JPA 2 environment. Trying to instantiate JPA aware TraversableResolver
2022-11-25 14:50:23.879 DEBUG 25216 --- [    Test worker] o.h.v.i.e.resolver.TraversableResolvers  : Instantiated JPA aware TraversableResolver of type org.hibernate.validator.internal.engine.resolver.JPATraversableResolver.
2022-11-25 14:50:23.880 DEBUG 25216 --- [    Test worker] .h.v.m.ResourceBundleMessageInterpolator : Loaded expression factory via original TCCL
2022-11-25 14:50:23.882 DEBUG 25216 --- [    Test worker] .i.e.ValidatorFactoryConfigurationHelper : HV000252: Using org.hibernate.validator.internal.engine.DefaultPropertyNodeNameProvider as property node name provider.
2022-11-25 14:50:23.883 DEBUG 25216 --- [    Test worker] .i.e.ValidatorFactoryConfigurationHelper : HV000234: Using org.hibernate.validator.messageinterpolation.ResourceBundleMessageInterpolator as ValidatorFactory-scoped message interpolator.
2022-11-25 14:50:23.883 DEBUG 25216 --- [    Test worker] .i.e.ValidatorFactoryConfigurationHelper : HV000234: Using org.hibernate.validator.internal.engine.resolver.JPATraversableResolver as ValidatorFactory-scoped traversable resolver.
2022-11-25 14:50:23.883 DEBUG 25216 --- [    Test worker] .i.e.ValidatorFactoryConfigurationHelper : HV000234: Using org.hibernate.validator.internal.util.ExecutableParameterNameProvider as ValidatorFactory-scoped parameter name provider.
2022-11-25 14:50:23.883 DEBUG 25216 --- [    Test worker] .i.e.ValidatorFactoryConfigurationHelper : HV000234: Using org.hibernate.validator.internal.engine.DefaultClockProvider as ValidatorFactory-scoped clock provider.
2022-11-25 14:50:23.883 DEBUG 25216 --- [    Test worker] .i.e.ValidatorFactoryConfigurationHelper : HV000234: Using org.hibernate.validator.internal.engine.scripting.DefaultScriptEvaluatorFactory as ValidatorFactory-scoped script evaluator factory.
2022-11-25 14:50:23.886 DEBUG 25216 --- [    Test worker] o.h.boot.internal.ClassLoaderAccessImpl  : Not known whether passed class name [com.example.demo.domain.user.User] is safe
2022-11-25 14:50:23.886 DEBUG 25216 --- [    Test worker] o.h.boot.internal.ClassLoaderAccessImpl  : No temp ClassLoader provided; using live ClassLoader for loading potentially unsafe class : com.example.demo.domain.user.User
2022-11-25 14:50:23.956 DEBUG 25216 --- [    Test worker] o.h.boot.internal.ClassLoaderAccessImpl  : Not known whether passed class name [com.example.demo.domain.myListEntry.MyListEntry] is safe
2022-11-25 14:50:23.957 DEBUG 25216 --- [    Test worker] o.h.boot.internal.ClassLoaderAccessImpl  : No temp ClassLoader provided; using live ClassLoader for loading potentially unsafe class : com.example.demo.domain.myListEntry.MyListEntry
2022-11-25 14:50:23.998 DEBUG 25216 --- [    Test worker] o.h.boot.internal.ClassLoaderAccessImpl  : Not known whether passed class name [com.example.demo.domain.role.Role] is safe
2022-11-25 14:50:23.998 DEBUG 25216 --- [    Test worker] o.h.boot.internal.ClassLoaderAccessImpl  : No temp ClassLoader provided; using live ClassLoader for loading potentially unsafe class : com.example.demo.domain.role.Role
2022-11-25 14:50:24.003 DEBUG 25216 --- [    Test worker] o.h.boot.internal.ClassLoaderAccessImpl  : Not known whether passed class name [com.example.demo.domain.authority.Authority] is safe
2022-11-25 14:50:24.004 DEBUG 25216 --- [    Test worker] o.h.boot.internal.ClassLoaderAccessImpl  : No temp ClassLoader provided; using live ClassLoader for loading potentially unsafe class : com.example.demo.domain.authority.Authority
2022-11-25 14:50:24.011 DEBUG 25216 --- [    Test worker] .h.s.i.SessionFactoryServiceRegistryImpl : EventListenerRegistry access via ServiceRegistry is deprecated.  Use `sessionFactory.getEventEngine().getListenerRegistry()` instead
2022-11-25 14:50:24.012 DEBUG 25216 --- [    Test worker] org.hibernate.secure.spi.JaccIntegrator  : Skipping JACC integration as it was not enabled
2022-11-25 14:50:24.021 DEBUG 25216 --- [    Test worker] org.hibernate.type.EnumType              : Using NAMED-based conversion for Enum com.example.demo.domain.myListEntry.dto.Priority
2022-11-25 14:50:24.023 DEBUG 25216 --- [    Test worker] o.hibernate.internal.SessionFactoryImpl  : Instantiated session factory
2022-11-25 14:50:24.024 DEBUG 25216 --- [    Test worker] o.h.type.spi.TypeConfiguration$Scope     : Scoping TypeConfiguration [org.hibernate.type.spi.TypeConfiguration@6adcf059] to SessionFactoryImpl [org.hibernate.internal.SessionFactoryImpl@7816454d]
2022-11-25 14:50:24.159 DEBUG 25216 --- [    Test worker] o.h.boot.internal.ClassLoaderAccessImpl  : Not known whether passed class name [com.example.demo.domain.user.User] is safe
2022-11-25 14:50:24.159 DEBUG 25216 --- [    Test worker] o.h.boot.internal.ClassLoaderAccessImpl  : No temp ClassLoader provided; using live ClassLoader for loading potentially unsafe class : com.example.demo.domain.user.User
2022-11-25 14:50:24.238 DEBUG 25216 --- [    Test worker] org.hibernate.orm.bytecode.interceptor   : To-one property `com.example.demo.domain.myListEntry.MyListEntry#user` was mapped with LAZY + NO_PROXY but the class was not enhanced
2022-11-25 14:50:24.238 DEBUG 25216 --- [    Test worker] org.hibernate.orm.bytecode.interceptor   : To-one property `com.example.demo.domain.myListEntry.MyListEntry#user` was mapped with LAZY + NO_PROXY but the class was not enhanced
2022-11-25 14:50:24.238 DEBUG 25216 --- [    Test worker] o.h.boot.internal.ClassLoaderAccessImpl  : Not known whether passed class name [com.example.demo.domain.myListEntry.MyListEntry] is safe
2022-11-25 14:50:24.238 DEBUG 25216 --- [    Test worker] o.h.boot.internal.ClassLoaderAccessImpl  : No temp ClassLoader provided; using live ClassLoader for loading potentially unsafe class : com.example.demo.domain.myListEntry.MyListEntry
2022-11-25 14:50:24.262 DEBUG 25216 --- [    Test worker] org.hibernate.orm.bytecode.interceptor   : To-one property `com.example.demo.domain.myListEntry.MyListEntry#user` was mapped with LAZY + NO_PROXY but the class was not enhanced
2022-11-25 14:50:24.262 DEBUG 25216 --- [    Test worker] org.hibernate.orm.bytecode.interceptor   : To-one property `com.example.demo.domain.myListEntry.MyListEntry#user` was mapped with LAZY + NO_PROXY but the class was not enhanced
2022-11-25 14:50:24.264 DEBUG 25216 --- [    Test worker] o.h.boot.internal.ClassLoaderAccessImpl  : Not known whether passed class name [com.example.demo.domain.role.Role] is safe
2022-11-25 14:50:24.264 DEBUG 25216 --- [    Test worker] o.h.boot.internal.ClassLoaderAccessImpl  : No temp ClassLoader provided; using live ClassLoader for loading potentially unsafe class : com.example.demo.domain.role.Role
2022-11-25 14:50:24.279 DEBUG 25216 --- [    Test worker] o.h.boot.internal.ClassLoaderAccessImpl  : Not known whether passed class name [com.example.demo.domain.authority.Authority] is safe
2022-11-25 14:50:24.280 DEBUG 25216 --- [    Test worker] o.h.boot.internal.ClassLoaderAccessImpl  : No temp ClassLoader provided; using live ClassLoader for loading potentially unsafe class : com.example.demo.domain.authority.Authority
2022-11-25 14:50:24.321 DEBUG 25216 --- [    Test worker] o.h.p.c.AbstractCollectionPersister      : Static SQL for collection: com.example.demo.domain.user.User.roles
2022-11-25 14:50:24.321 DEBUG 25216 --- [    Test worker] o.h.p.c.AbstractCollectionPersister      :  Row insert: insert into users_role (users_id, role_id) values (?, ?)
2022-11-25 14:50:24.321 DEBUG 25216 --- [    Test worker] o.h.p.c.AbstractCollectionPersister      :  Row update: update users_role set role_id=? where users_id=? and role_id=?
2022-11-25 14:50:24.321 DEBUG 25216 --- [    Test worker] o.h.p.c.AbstractCollectionPersister      :  Row delete: delete from users_role where users_id=? and role_id=?
2022-11-25 14:50:24.321 DEBUG 25216 --- [    Test worker] o.h.p.c.AbstractCollectionPersister      :  One-shot delete: delete from users_role where users_id=?
2022-11-25 14:50:24.322 DEBUG 25216 --- [    Test worker] o.h.p.c.AbstractCollectionPersister      : Static SQL for collection: com.example.demo.domain.role.Role.authorities
2022-11-25 14:50:24.322 DEBUG 25216 --- [    Test worker] o.h.p.c.AbstractCollectionPersister      :  Row insert: insert into role_authority (role_id, authority_id) values (?, ?)
2022-11-25 14:50:24.322 DEBUG 25216 --- [    Test worker] o.h.p.c.AbstractCollectionPersister      :  Row update: update role_authority set authority_id=? where role_id=? and authority_id=?
2022-11-25 14:50:24.322 DEBUG 25216 --- [    Test worker] o.h.p.c.AbstractCollectionPersister      :  Row delete: delete from role_authority where role_id=? and authority_id=?
2022-11-25 14:50:24.322 DEBUG 25216 --- [    Test worker] o.h.p.c.AbstractCollectionPersister      :  One-shot delete: delete from role_authority where role_id=?
2022-11-25 14:50:24.328 DEBUG 25216 --- [    Test worker] o.h.p.c.AbstractCollectionPersister      : Static SQL for collection: com.example.demo.domain.user.User.myListEntries
2022-11-25 14:50:24.328 DEBUG 25216 --- [    Test worker] o.h.p.c.AbstractCollectionPersister      :  Row insert: update my_list_entry set user_id=? where id=?
2022-11-25 14:50:24.328 DEBUG 25216 --- [    Test worker] o.h.p.c.AbstractCollectionPersister      :  Row update: update my_list_entry set  where id=?
2022-11-25 14:50:24.328 DEBUG 25216 --- [    Test worker] o.h.p.c.AbstractCollectionPersister      :  Row delete: update my_list_entry set user_id=null where user_id=? and id=?
2022-11-25 14:50:24.328 DEBUG 25216 --- [    Test worker] o.h.p.c.AbstractCollectionPersister      :  One-shot delete: update my_list_entry set user_id=null where user_id=?
2022-11-25 14:50:24.335 DEBUG 25216 --- [    Test worker] o.h.p.entity.AbstractEntityPersister     : Static SQL for entity: com.example.demo.domain.user.User
2022-11-25 14:50:24.335 DEBUG 25216 --- [    Test worker] o.h.p.entity.AbstractEntityPersister     :  Version select: select id from users where id =?
2022-11-25 14:50:24.335 DEBUG 25216 --- [    Test worker] o.h.p.entity.AbstractEntityPersister     :  Snapshot select: select user_.id, user_.email as email2_4_, user_.first_name as first_na3_4_, user_.last_name as last_nam4_4_, user_.password as password5_4_ from users user_ where user_.id=?
2022-11-25 14:50:24.335 DEBUG 25216 --- [    Test worker] o.h.p.entity.AbstractEntityPersister     :  Insert 0: insert into users (email, first_name, last_name, password, id) values (?, ?, ?, ?, ?)
2022-11-25 14:50:24.336 DEBUG 25216 --- [    Test worker] o.h.p.entity.AbstractEntityPersister     :  Update 0: update users set email=?, first_name=?, last_name=?, password=? where id=?
2022-11-25 14:50:24.336 DEBUG 25216 --- [    Test worker] o.h.p.entity.AbstractEntityPersister     :  Delete 0: delete from users where id=?
2022-11-25 14:50:24.456 DEBUG 25216 --- [    Test worker] o.h.l.p.b.i.spaces.QuerySpacesImpl       : Adding QuerySpace : uid = <gen:0> -> org.hibernate.loader.plan.build.internal.spaces.EntityQuerySpaceImpl@58a7ca42]
2022-11-25 14:50:24.460 DEBUG 25216 --- [    Test worker] o.h.p.walking.spi.MetamodelGraphWalker   : Visiting attribute path : email
2022-11-25 14:50:24.460 DEBUG 25216 --- [    Test worker] o.h.p.walking.spi.MetamodelGraphWalker   : Visiting attribute path : firstName
2022-11-25 14:50:24.461 DEBUG 25216 --- [    Test worker] o.h.p.walking.spi.MetamodelGraphWalker   : Visiting attribute path : lastName
2022-11-25 14:50:24.461 DEBUG 25216 --- [    Test worker] o.h.p.walking.spi.MetamodelGraphWalker   : Visiting attribute path : myListEntries
2022-11-25 14:50:24.472 DEBUG 25216 --- [    Test worker] o.h.l.p.b.i.spaces.QuerySpacesImpl       : Adding QuerySpace : uid = <gen:1> -> org.hibernate.loader.plan.build.internal.spaces.CollectionQuerySpaceImpl@39b95a80]
2022-11-25 14:50:24.475 DEBUG 25216 --- [    Test worker] o.h.l.p.b.i.spaces.QuerySpacesImpl       : Adding QuerySpace : uid = <gen:2> -> org.hibernate.loader.plan.build.internal.spaces.EntityQuerySpaceImpl@7a51dc38]
2022-11-25 14:50:24.475 DEBUG 25216 --- [    Test worker] o.h.p.walking.spi.MetamodelGraphWalker   : Visiting attribute path : password
2022-11-25 14:50:24.476 DEBUG 25216 --- [    Test worker] o.h.p.walking.spi.MetamodelGraphWalker   : Visiting attribute path : roles
2022-11-25 14:50:24.477 DEBUG 25216 --- [    Test worker] o.h.l.p.b.i.spaces.QuerySpacesImpl       : Adding QuerySpace : uid = <gen:3> -> org.hibernate.loader.plan.build.internal.spaces.CollectionQuerySpaceImpl@45753c22]
2022-11-25 14:50:24.479 DEBUG 25216 --- [    Test worker] o.h.l.p.b.i.spaces.QuerySpacesImpl       : Adding QuerySpace : uid = <gen:4> -> org.hibernate.loader.plan.build.internal.spaces.EntityQuerySpaceImpl@8e8ceb3]
2022-11-25 14:50:24.481 DEBUG 25216 --- [    Test worker] o.h.p.walking.spi.MetamodelGraphWalker   : Visiting attribute path : roles.authorities
2022-11-25 14:50:24.481 DEBUG 25216 --- [    Test worker] o.h.l.p.b.i.spaces.QuerySpacesImpl       : Adding QuerySpace : uid = <gen:5> -> org.hibernate.loader.plan.build.internal.spaces.CollectionQuerySpaceImpl@4c614d8c]
2022-11-25 14:50:24.481 DEBUG 25216 --- [    Test worker] o.h.l.p.b.i.spaces.QuerySpacesImpl       : Adding QuerySpace : uid = <gen:6> -> org.hibernate.loader.plan.build.internal.spaces.EntityQuerySpaceImpl@2ae4c424]
2022-11-25 14:50:24.482 DEBUG 25216 --- [    Test worker] o.h.p.walking.spi.MetamodelGraphWalker   : Visiting attribute path : roles.authorities.name
2022-11-25 14:50:24.482 DEBUG 25216 --- [    Test worker] o.h.p.walking.spi.MetamodelGraphWalker   : Visiting attribute path : roles.name
2022-11-25 14:50:24.482 DEBUG 25216 --- [    Test worker] lanBuildingAssociationVisitationStrategy : Building LoadPlan...
2022-11-25 14:50:24.504 DEBUG 25216 --- [    Test worker] h.l.p.e.i.LoadQueryJoinAndFetchProcessor : processing queryspace <gen:0>
2022-11-25 14:50:24.517 DEBUG 25216 --- [    Test worker] o.h.l.p.build.spi.LoadPlanTreePrinter    : LoadPlan(entity=com.example.demo.domain.user.User)
    - Returns
       - EntityReturnImpl(entity=com.example.demo.domain.user.User, querySpaceUid=<gen:0>, path=com.example.demo.domain.user.User)
          - CollectionAttributeFetchImpl(collection=com.example.demo.domain.user.User.myListEntries, querySpaceUid=<gen:1>, path=com.example.demo.domain.user.User.myListEntries)
             - (collection element) CollectionFetchableElementEntityGraph(entity=com.example.demo.domain.myListEntry.MyListEntry, querySpaceUid=<gen:2>, path=com.example.demo.domain.user.User.myListEntries.<elements>)
          - CollectionAttributeFetchImpl(collection=com.example.demo.domain.user.User.roles, querySpaceUid=<gen:3>, path=com.example.demo.domain.user.User.roles)
             - (collection element) CollectionFetchableElementEntityGraph(entity=com.example.demo.domain.role.Role, querySpaceUid=<gen:4>, path=com.example.demo.domain.user.User.roles.<elements>)
                - CollectionAttributeFetchImpl(collection=com.example.demo.domain.role.Role.authorities, querySpaceUid=<gen:5>, path=com.example.demo.domain.user.User.roles.<elements>.authorities)
                   - (collection element) CollectionFetchableElementEntityGraph(entity=com.example.demo.domain.authority.Authority, querySpaceUid=<gen:6>, path=com.example.demo.domain.user.User.roles.<elements>.authorities.<elements>)
    - QuerySpaces
       - EntityQuerySpaceImpl(uid=<gen:0>, entity=com.example.demo.domain.user.User)
          - SQL table alias mapping - user0_
          - alias suffix - 0_
          - suffixed key columns - {id1_4_0_}
          - JOIN (JoinDefinedByMetadata(roles)) : <gen:0> -> <gen:3>
             - CollectionQuerySpaceImpl(uid=<gen:3>, collection=com.example.demo.domain.user.User.roles)
                - SQL table alias mapping - roles1_
                - alias suffix - 1_
                - suffixed key columns - {users_id1_5_1_}
                - entity-element alias suffix - 2_
                - 2_entity-element suffixed key columns - id1_2_2_
                - JOIN (JoinDefinedByMetadata(elements)) : <gen:3> -> <gen:4>
                   - EntityQuerySpaceImpl(uid=<gen:4>, entity=com.example.demo.domain.role.Role)
                      - SQL table alias mapping - role2_
                      - alias suffix - 2_
                      - suffixed key columns - {id1_2_2_}
                      - JOIN (JoinDefinedByMetadata(authorities)) : <gen:4> -> <gen:5>
                         - CollectionQuerySpaceImpl(uid=<gen:5>, collection=com.example.demo.domain.role.Role.authorities)
                            - SQL table alias mapping - authoritie3_
                            - alias suffix - 3_
                            - suffixed key columns - {role_id1_3_3_}
                            - entity-element alias suffix - 4_
                            - 4_entity-element suffixed key columns - id1_0_4_
                            - JOIN (JoinDefinedByMetadata(elements)) : <gen:5> -> <gen:6>
                               - EntityQuerySpaceImpl(uid=<gen:6>, entity=com.example.demo.domain.authority.Authority)
                                  - SQL table alias mapping - authority4_
                                  - alias suffix - 4_
                                  - suffixed key columns - {id1_0_4_}

2022-11-25 14:50:24.522 DEBUG 25216 --- [    Test worker] o.h.loader.entity.plan.EntityLoader      : Static select for entity com.example.demo.domain.user.User [NONE]: select user0_.id as id1_4_0_, user0_.email as email2_4_0_, user0_.first_name as first_na3_4_0_, user0_.last_name as last_nam4_4_0_, user0_.password as password5_4_0_, roles1_.users_id as users_id1_5_1_, role2_.id as role_id2_5_1_, role2_.id as id1_2_2_, role2_.name as name2_2_2_, authoritie3_.role_id as role_id1_3_3_, authority4_.id as authorit2_3_3_, authority4_.id as id1_0_4_, authority4_.name as name2_0_4_ from users user0_ left outer join users_role roles1_ on user0_.id=roles1_.users_id left outer join role role2_ on roles1_.role_id=role2_.id left outer join role_authority authoritie3_ on role2_.id=authoritie3_.role_id left outer join authority authority4_ on authoritie3_.authority_id=authority4_.id where user0_.id=?
2022-11-25 14:50:24.522 DEBUG 25216 --- [    Test worker] o.h.p.entity.AbstractEntityPersister     : Static SQL for entity: com.example.demo.domain.myListEntry.MyListEntry
2022-11-25 14:50:24.522 DEBUG 25216 --- [    Test worker] o.h.p.entity.AbstractEntityPersister     :  Version select: select id from my_list_entry where id =?
2022-11-25 14:50:24.522 DEBUG 25216 --- [    Test worker] o.h.p.entity.AbstractEntityPersister     :  Snapshot select: select mylistentr_.id, mylistentr_.entry_date as entry_da2_1_, mylistentr_.entry_priority as entry_pr3_1_, mylistentr_.entry_text as entry_te4_1_, mylistentr_.entry_title as entry_ti5_1_, mylistentr_.user_id as user_id6_1_ from my_list_entry mylistentr_ where mylistentr_.id=?
2022-11-25 14:50:24.522 DEBUG 25216 --- [    Test worker] o.h.p.entity.AbstractEntityPersister     :  Insert 0: insert into my_list_entry (entry_date, entry_priority, entry_text, entry_title, user_id, id) values (?, ?, ?, ?, ?, ?)
2022-11-25 14:50:24.522 DEBUG 25216 --- [    Test worker] o.h.p.entity.AbstractEntityPersister     :  Update 0: update my_list_entry set entry_date=?, entry_priority=?, entry_text=?, entry_title=?, user_id=? where id=?
2022-11-25 14:50:24.522 DEBUG 25216 --- [    Test worker] o.h.p.entity.AbstractEntityPersister     :  Delete 0: delete from my_list_entry where id=?
2022-11-25 14:50:24.522 DEBUG 25216 --- [    Test worker] o.h.l.p.b.i.spaces.QuerySpacesImpl       : Adding QuerySpace : uid = <gen:0> -> org.hibernate.loader.plan.build.internal.spaces.EntityQuerySpaceImpl@1f8d42d1]
2022-11-25 14:50:24.523 DEBUG 25216 --- [    Test worker] o.h.p.walking.spi.MetamodelGraphWalker   : Visiting attribute path : date
2022-11-25 14:50:24.523 DEBUG 25216 --- [    Test worker] o.h.p.walking.spi.MetamodelGraphWalker   : Visiting attribute path : priority
2022-11-25 14:50:24.523 DEBUG 25216 --- [    Test worker] o.h.p.walking.spi.MetamodelGraphWalker   : Visiting attribute path : text
2022-11-25 14:50:24.523 DEBUG 25216 --- [    Test worker] o.h.p.walking.spi.MetamodelGraphWalker   : Visiting attribute path : title
2022-11-25 14:50:24.523 DEBUG 25216 --- [    Test worker] o.h.p.walking.spi.MetamodelGraphWalker   : Visiting attribute path : user
2022-11-25 14:50:24.523 DEBUG 25216 --- [    Test worker] o.h.l.p.b.i.spaces.QuerySpacesImpl       : Adding QuerySpace : uid = <gen:1> -> org.hibernate.loader.plan.build.internal.spaces.EntityQuerySpaceImpl@22ab1b8a]
2022-11-25 14:50:24.525 DEBUG 25216 --- [    Test worker] o.h.p.walking.spi.MetamodelGraphWalker   : Visiting attribute path : user.email
2022-11-25 14:50:24.525 DEBUG 25216 --- [    Test worker] o.h.p.walking.spi.MetamodelGraphWalker   : Visiting attribute path : user.firstName
2022-11-25 14:50:24.525 DEBUG 25216 --- [    Test worker] o.h.p.walking.spi.MetamodelGraphWalker   : Visiting attribute path : user.lastName
2022-11-25 14:50:24.525 DEBUG 25216 --- [    Test worker] o.h.p.walking.spi.MetamodelGraphWalker   : Visiting attribute path : user.myListEntries
2022-11-25 14:50:24.525 DEBUG 25216 --- [    Test worker] o.h.p.walking.spi.MetamodelGraphWalker   : Property path deemed to be circular : user.myListEntries
2022-11-25 14:50:24.525 DEBUG 25216 --- [    Test worker] o.h.p.walking.spi.MetamodelGraphWalker   : Visiting attribute path : user.password
2022-11-25 14:50:24.525 DEBUG 25216 --- [    Test worker] o.h.p.walking.spi.MetamodelGraphWalker   : Visiting attribute path : user.roles
2022-11-25 14:50:24.525 DEBUG 25216 --- [    Test worker] o.h.l.p.b.i.spaces.QuerySpacesImpl       : Adding QuerySpace : uid = <gen:2> -> org.hibernate.loader.plan.build.internal.spaces.CollectionQuerySpaceImpl@60b4c754]
2022-11-25 14:50:24.525 DEBUG 25216 --- [    Test worker] o.h.l.p.b.i.spaces.QuerySpacesImpl       : Adding QuerySpace : uid = <gen:3> -> org.hibernate.loader.plan.build.internal.spaces.EntityQuerySpaceImpl@2c846d55]
2022-11-25 14:50:24.527 DEBUG 25216 --- [    Test worker] o.h.p.walking.spi.MetamodelGraphWalker   : Visiting attribute path : user.roles.authorities
2022-11-25 14:50:24.527 DEBUG 25216 --- [    Test worker] o.h.l.p.b.i.spaces.QuerySpacesImpl       : Adding QuerySpace : uid = <gen:4> -> org.hibernate.loader.plan.build.internal.spaces.CollectionQuerySpaceImpl@21a0795f]
2022-11-25 14:50:24.527 DEBUG 25216 --- [    Test worker] o.h.l.p.b.i.spaces.QuerySpacesImpl       : Adding QuerySpace : uid = <gen:5> -> org.hibernate.loader.plan.build.internal.spaces.EntityQuerySpaceImpl@2ec156fb]
2022-11-25 14:50:24.527 DEBUG 25216 --- [    Test worker] o.h.p.walking.spi.MetamodelGraphWalker   : Visiting attribute path : user.roles.authorities.name
2022-11-25 14:50:24.527 DEBUG 25216 --- [    Test worker] o.h.p.walking.spi.MetamodelGraphWalker   : Visiting attribute path : user.roles.name
2022-11-25 14:50:24.527 DEBUG 25216 --- [    Test worker] lanBuildingAssociationVisitationStrategy : Building LoadPlan...
2022-11-25 14:50:24.528 DEBUG 25216 --- [    Test worker] h.l.p.e.i.LoadQueryJoinAndFetchProcessor : processing queryspace <gen:0>
2022-11-25 14:50:24.530 DEBUG 25216 --- [    Test worker] o.h.l.p.build.spi.LoadPlanTreePrinter    : LoadPlan(entity=com.example.demo.domain.myListEntry.MyListEntry)
    - Returns
       - EntityReturnImpl(entity=com.example.demo.domain.myListEntry.MyListEntry, querySpaceUid=<gen:0>, path=com.example.demo.domain.myListEntry.MyListEntry)
          - EntityAttributeFetchImpl(entity=com.example.demo.domain.user.User, querySpaceUid=<gen:1>, path=com.example.demo.domain.myListEntry.MyListEntry.user)
             - CollectionAttributeFetchImpl(collection=com.example.demo.domain.user.User.roles, querySpaceUid=<gen:2>, path=com.example.demo.domain.myListEntry.MyListEntry.user.roles)
                - (collection element) CollectionFetchableElementEntityGraph(entity=com.example.demo.domain.role.Role, querySpaceUid=<gen:3>, path=com.example.demo.domain.myListEntry.MyListEntry.user.roles.<elements>)
                   - CollectionAttributeFetchImpl(collection=com.example.demo.domain.role.Role.authorities, querySpaceUid=<gen:4>, path=com.example.demo.domain.myListEntry.MyListEntry.user.roles.<elements>.authorities)
                      - (collection element) CollectionFetchableElementEntityGraph(entity=com.example.demo.domain.authority.Authority, querySpaceUid=<gen:5>, path=com.example.demo.domain.myListEntry.MyListEntry.user.roles.<elements>.authorities.<elements>)
    - QuerySpaces
       - EntityQuerySpaceImpl(uid=<gen:0>, entity=com.example.demo.domain.myListEntry.MyListEntry)
          - SQL table alias mapping - mylistentr0_
          - alias suffix - 0_
          - suffixed key columns - {id1_1_0_}
          - JOIN (JoinDefinedByMetadata(user)) : <gen:0> -> <gen:1>
             - EntityQuerySpaceImpl(uid=<gen:1>, entity=com.example.demo.domain.user.User)
                - SQL table alias mapping - user1_
                - alias suffix - 1_
                - suffixed key columns - {id1_4_1_}
                - JOIN (JoinDefinedByMetadata(roles)) : <gen:1> -> <gen:2>
                   - CollectionQuerySpaceImpl(uid=<gen:2>, collection=com.example.demo.domain.user.User.roles)
                      - SQL table alias mapping - roles2_
                      - alias suffix - 2_
                      - suffixed key columns - {users_id1_5_2_}
                      - entity-element alias suffix - 3_
                      - 3_entity-element suffixed key columns - id1_2_3_
                      - JOIN (JoinDefinedByMetadata(elements)) : <gen:2> -> <gen:3>
                         - EntityQuerySpaceImpl(uid=<gen:3>, entity=com.example.demo.domain.role.Role)
                            - SQL table alias mapping - role3_
                            - alias suffix - 3_
                            - suffixed key columns - {id1_2_3_}
                            - JOIN (JoinDefinedByMetadata(authorities)) : <gen:3> -> <gen:4>
                               - CollectionQuerySpaceImpl(uid=<gen:4>, collection=com.example.demo.domain.role.Role.authorities)
                                  - SQL table alias mapping - authoritie4_
                                  - alias suffix - 4_
                                  - suffixed key columns - {role_id1_3_4_}
                                  - entity-element alias suffix - 5_
                                  - 5_entity-element suffixed key columns - id1_0_5_
                                  - JOIN (JoinDefinedByMetadata(elements)) : <gen:4> -> <gen:5>
                                     - EntityQuerySpaceImpl(uid=<gen:5>, entity=com.example.demo.domain.authority.Authority)
                                        - SQL table alias mapping - authority5_
                                        - alias suffix - 5_
                                        - suffixed key columns - {id1_0_5_}

2022-11-25 14:50:24.530 DEBUG 25216 --- [    Test worker] o.h.loader.entity.plan.EntityLoader      : Static select for entity com.example.demo.domain.myListEntry.MyListEntry [NONE]: select mylistentr0_.id as id1_1_0_, mylistentr0_.entry_date as entry_da2_1_0_, mylistentr0_.entry_priority as entry_pr3_1_0_, mylistentr0_.entry_text as entry_te4_1_0_, mylistentr0_.entry_title as entry_ti5_1_0_, mylistentr0_.user_id as user_id6_1_0_, user1_.id as id1_4_1_, user1_.email as email2_4_1_, user1_.first_name as first_na3_4_1_, user1_.last_name as last_nam4_4_1_, user1_.password as password5_4_1_, roles2_.users_id as users_id1_5_2_, role3_.id as role_id2_5_2_, role3_.id as id1_2_3_, role3_.name as name2_2_3_, authoritie4_.role_id as role_id1_3_4_, authority5_.id as authorit2_3_4_, authority5_.id as id1_0_5_, authority5_.name as name2_0_5_ from my_list_entry mylistentr0_ inner join users user1_ on mylistentr0_.user_id=user1_.id left outer join users_role roles2_ on user1_.id=roles2_.users_id left outer join role role3_ on roles2_.role_id=role3_.id left outer join role_authority authoritie4_ on role3_.id=authoritie4_.role_id left outer join authority authority5_ on authoritie4_.authority_id=authority5_.id where mylistentr0_.id=?
2022-11-25 14:50:24.531 DEBUG 25216 --- [    Test worker] o.h.p.entity.AbstractEntityPersister     : Static SQL for entity: com.example.demo.domain.role.Role
2022-11-25 14:50:24.531 DEBUG 25216 --- [    Test worker] o.h.p.entity.AbstractEntityPersister     :  Version select: select id from role where id =?
2022-11-25 14:50:24.531 DEBUG 25216 --- [    Test worker] o.h.p.entity.AbstractEntityPersister     :  Snapshot select: select role_.id, role_.name as name2_2_ from role role_ where role_.id=?
2022-11-25 14:50:24.531 DEBUG 25216 --- [    Test worker] o.h.p.entity.AbstractEntityPersister     :  Insert 0: insert into role (name, id) values (?, ?)
2022-11-25 14:50:24.531 DEBUG 25216 --- [    Test worker] o.h.p.entity.AbstractEntityPersister     :  Update 0: update role set name=? where id=?
2022-11-25 14:50:24.531 DEBUG 25216 --- [    Test worker] o.h.p.entity.AbstractEntityPersister     :  Delete 0: delete from role where id=?
2022-11-25 14:50:24.531 DEBUG 25216 --- [    Test worker] o.h.l.p.b.i.spaces.QuerySpacesImpl       : Adding QuerySpace : uid = <gen:0> -> org.hibernate.loader.plan.build.internal.spaces.EntityQuerySpaceImpl@5730b513]
2022-11-25 14:50:24.531 DEBUG 25216 --- [    Test worker] o.h.p.walking.spi.MetamodelGraphWalker   : Visiting attribute path : authorities
2022-11-25 14:50:24.531 DEBUG 25216 --- [    Test worker] o.h.l.p.b.i.spaces.QuerySpacesImpl       : Adding QuerySpace : uid = <gen:1> -> org.hibernate.loader.plan.build.internal.spaces.CollectionQuerySpaceImpl@1f4cb17b]
2022-11-25 14:50:24.532 DEBUG 25216 --- [    Test worker] o.h.l.p.b.i.spaces.QuerySpacesImpl       : Adding QuerySpace : uid = <gen:2> -> org.hibernate.loader.plan.build.internal.spaces.EntityQuerySpaceImpl@280099a0]
2022-11-25 14:50:24.533 DEBUG 25216 --- [    Test worker] o.h.p.walking.spi.MetamodelGraphWalker   : Visiting attribute path : authorities.name
2022-11-25 14:50:24.533 DEBUG 25216 --- [    Test worker] o.h.p.walking.spi.MetamodelGraphWalker   : Visiting attribute path : name
2022-11-25 14:50:24.533 DEBUG 25216 --- [    Test worker] lanBuildingAssociationVisitationStrategy : Building LoadPlan...
2022-11-25 14:50:24.533 DEBUG 25216 --- [    Test worker] h.l.p.e.i.LoadQueryJoinAndFetchProcessor : processing queryspace <gen:0>
2022-11-25 14:50:24.534 DEBUG 25216 --- [    Test worker] o.h.l.p.build.spi.LoadPlanTreePrinter    : LoadPlan(entity=com.example.demo.domain.role.Role)
    - Returns
       - EntityReturnImpl(entity=com.example.demo.domain.role.Role, querySpaceUid=<gen:0>, path=com.example.demo.domain.role.Role)
          - CollectionAttributeFetchImpl(collection=com.example.demo.domain.role.Role.authorities, querySpaceUid=<gen:1>, path=com.example.demo.domain.role.Role.authorities)
             - (collection element) CollectionFetchableElementEntityGraph(entity=com.example.demo.domain.authority.Authority, querySpaceUid=<gen:2>, path=com.example.demo.domain.role.Role.authorities.<elements>)
    - QuerySpaces
       - EntityQuerySpaceImpl(uid=<gen:0>, entity=com.example.demo.domain.role.Role)
          - SQL table alias mapping - role0_
          - alias suffix - 0_
          - suffixed key columns - {id1_2_0_}
          - JOIN (JoinDefinedByMetadata(authorities)) : <gen:0> -> <gen:1>
             - CollectionQuerySpaceImpl(uid=<gen:1>, collection=com.example.demo.domain.role.Role.authorities)
                - SQL table alias mapping - authoritie1_
                - alias suffix - 1_
                - suffixed key columns - {role_id1_3_1_}
                - entity-element alias suffix - 2_
                - 2_entity-element suffixed key columns - id1_0_2_
                - JOIN (JoinDefinedByMetadata(elements)) : <gen:1> -> <gen:2>
                   - EntityQuerySpaceImpl(uid=<gen:2>, entity=com.example.demo.domain.authority.Authority)
                      - SQL table alias mapping - authority2_
                      - alias suffix - 2_
                      - suffixed key columns - {id1_0_2_}

2022-11-25 14:50:24.535 DEBUG 25216 --- [    Test worker] o.h.loader.entity.plan.EntityLoader      : Static select for entity com.example.demo.domain.role.Role [NONE]: select role0_.id as id1_2_0_, role0_.name as name2_2_0_, authoritie1_.role_id as role_id1_3_1_, authority2_.id as authorit2_3_1_, authority2_.id as id1_0_2_, authority2_.name as name2_0_2_ from role role0_ left outer join role_authority authoritie1_ on role0_.id=authoritie1_.role_id left outer join authority authority2_ on authoritie1_.authority_id=authority2_.id where role0_.id=?
2022-11-25 14:50:24.535 DEBUG 25216 --- [    Test worker] o.h.p.entity.AbstractEntityPersister     : Static SQL for entity: com.example.demo.domain.authority.Authority
2022-11-25 14:50:24.535 DEBUG 25216 --- [    Test worker] o.h.p.entity.AbstractEntityPersister     :  Version select: select id from authority where id =?
2022-11-25 14:50:24.535 DEBUG 25216 --- [    Test worker] o.h.p.entity.AbstractEntityPersister     :  Snapshot select: select authority_.id, authority_.name as name2_0_ from authority authority_ where authority_.id=?
2022-11-25 14:50:24.535 DEBUG 25216 --- [    Test worker] o.h.p.entity.AbstractEntityPersister     :  Insert 0: insert into authority (name, id) values (?, ?)
2022-11-25 14:50:24.535 DEBUG 25216 --- [    Test worker] o.h.p.entity.AbstractEntityPersister     :  Update 0: update authority set name=? where id=?
2022-11-25 14:50:24.535 DEBUG 25216 --- [    Test worker] o.h.p.entity.AbstractEntityPersister     :  Delete 0: delete from authority where id=?
2022-11-25 14:50:24.536 DEBUG 25216 --- [    Test worker] o.h.l.p.b.i.spaces.QuerySpacesImpl       : Adding QuerySpace : uid = <gen:0> -> org.hibernate.loader.plan.build.internal.spaces.EntityQuerySpaceImpl@66048c9e]
2022-11-25 14:50:24.536 DEBUG 25216 --- [    Test worker] o.h.p.walking.spi.MetamodelGraphWalker   : Visiting attribute path : name
2022-11-25 14:50:24.536 DEBUG 25216 --- [    Test worker] lanBuildingAssociationVisitationStrategy : Building LoadPlan...
2022-11-25 14:50:24.536 DEBUG 25216 --- [    Test worker] h.l.p.e.i.LoadQueryJoinAndFetchProcessor : processing queryspace <gen:0>
2022-11-25 14:50:24.537 DEBUG 25216 --- [    Test worker] o.h.l.p.build.spi.LoadPlanTreePrinter    : LoadPlan(entity=com.example.demo.domain.authority.Authority)
    - Returns
       - EntityReturnImpl(entity=com.example.demo.domain.authority.Authority, querySpaceUid=<gen:0>, path=com.example.demo.domain.authority.Authority)
    - QuerySpaces
       - EntityQuerySpaceImpl(uid=<gen:0>, entity=com.example.demo.domain.authority.Authority)
          - SQL table alias mapping - authority0_
          - alias suffix - 0_
          - suffixed key columns - {id1_0_0_}

2022-11-25 14:50:24.537 DEBUG 25216 --- [    Test worker] o.h.loader.entity.plan.EntityLoader      : Static select for entity com.example.demo.domain.authority.Authority [NONE]: select authority0_.id as id1_0_0_, authority0_.name as name2_0_0_ from authority authority0_ where authority0_.id=?
2022-11-25 14:50:24.552 DEBUG 25216 --- [    Test worker] o.h.l.p.b.i.spaces.QuerySpacesImpl       : Adding QuerySpace : uid = <gen:0> -> org.hibernate.loader.plan.build.internal.spaces.CollectionQuerySpaceImpl@5e0442dd]
2022-11-25 14:50:24.552 DEBUG 25216 --- [    Test worker] o.h.l.p.b.i.spaces.QuerySpacesImpl       : Adding QuerySpace : uid = <gen:1> -> org.hibernate.loader.plan.build.internal.spaces.EntityQuerySpaceImpl@18e76101]
2022-11-25 14:50:24.552 DEBUG 25216 --- [    Test worker] o.h.p.walking.spi.MetamodelGraphWalker   : Visiting attribute path : authorities
2022-11-25 14:50:24.552 DEBUG 25216 --- [    Test worker] o.h.l.p.b.i.spaces.QuerySpacesImpl       : Adding QuerySpace : uid = <gen:2> -> org.hibernate.loader.plan.build.internal.spaces.CollectionQuerySpaceImpl@1e36baca]
2022-11-25 14:50:24.552 DEBUG 25216 --- [    Test worker] o.h.l.p.b.i.spaces.QuerySpacesImpl       : Adding QuerySpace : uid = <gen:3> -> org.hibernate.loader.plan.build.internal.spaces.EntityQuerySpaceImpl@3dfa2f64]
2022-11-25 14:50:24.552 DEBUG 25216 --- [    Test worker] o.h.p.walking.spi.MetamodelGraphWalker   : Visiting attribute path : name
2022-11-25 14:50:24.553 DEBUG 25216 --- [    Test worker] lanBuildingAssociationVisitationStrategy : Building LoadPlan...
2022-11-25 14:50:24.557 DEBUG 25216 --- [    Test worker] h.l.p.e.i.LoadQueryJoinAndFetchProcessor : processing queryspace <gen:0>
2022-11-25 14:50:24.558 DEBUG 25216 --- [    Test worker] o.h.l.p.build.spi.LoadPlanTreePrinter    : LoadPlan(collection=com.example.demo.domain.user.User.roles)
    - Returns
       - CollectionReturnImpl(collection=com.example.demo.domain.user.User.roles, querySpaceUid=<gen:0>, path=[com.example.demo.domain.user.User.roles])
          - (collection element) CollectionFetchableElementEntityGraph(entity=com.example.demo.domain.role.Role, querySpaceUid=<gen:1>, path=[com.example.demo.domain.user.User.roles].<elements>)
             - CollectionAttributeFetchImpl(collection=com.example.demo.domain.role.Role.authorities, querySpaceUid=<gen:2>, path=[com.example.demo.domain.user.User.roles].<elements>.authorities)
                - (collection element) CollectionFetchableElementEntityGraph(entity=com.example.demo.domain.authority.Authority, querySpaceUid=<gen:3>, path=[com.example.demo.domain.user.User.roles].<elements>.authorities.<elements>)
    - QuerySpaces
       - CollectionQuerySpaceImpl(uid=<gen:0>, collection=com.example.demo.domain.user.User.roles)
          - SQL table alias mapping - roles0_
          - alias suffix - 0_
          - suffixed key columns - {users_id1_5_0_}
          - entity-element alias suffix - 1_
          - 1_entity-element suffixed key columns - id1_2_1_
          - JOIN (JoinDefinedByMetadata(elements)) : <gen:0> -> <gen:1>
             - EntityQuerySpaceImpl(uid=<gen:1>, entity=com.example.demo.domain.role.Role)
                - SQL table alias mapping - role1_
                - alias suffix - 1_
                - suffixed key columns - {id1_2_1_}

2022-11-25 14:50:24.559 DEBUG 25216 --- [    Test worker] o.h.l.collection.plan.CollectionLoader   : Static select for collection com.example.demo.domain.user.User.roles: select roles0_.users_id as users_id1_5_0_, roles0_.role_id as role_id2_5_0_, role1_.id as id1_2_1_, role1_.name as name2_2_1_ from users_role roles0_ inner join role role1_ on roles0_.role_id=role1_.id where roles0_.users_id=?
2022-11-25 14:50:24.559 DEBUG 25216 --- [    Test worker] o.h.l.p.b.i.spaces.QuerySpacesImpl       : Adding QuerySpace : uid = <gen:0> -> org.hibernate.loader.plan.build.internal.spaces.CollectionQuerySpaceImpl@4b9beefe]
2022-11-25 14:50:24.560 DEBUG 25216 --- [    Test worker] o.h.l.p.b.i.spaces.QuerySpacesImpl       : Adding QuerySpace : uid = <gen:1> -> org.hibernate.loader.plan.build.internal.spaces.EntityQuerySpaceImpl@4cddc036]
2022-11-25 14:50:24.560 DEBUG 25216 --- [    Test worker] o.h.p.walking.spi.MetamodelGraphWalker   : Visiting attribute path : name
2022-11-25 14:50:24.561 DEBUG 25216 --- [    Test worker] lanBuildingAssociationVisitationStrategy : Building LoadPlan...
2022-11-25 14:50:24.561 DEBUG 25216 --- [    Test worker] h.l.p.e.i.LoadQueryJoinAndFetchProcessor : processing queryspace <gen:0>
2022-11-25 14:50:24.562 DEBUG 25216 --- [    Test worker] o.h.l.p.build.spi.LoadPlanTreePrinter    : LoadPlan(collection=com.example.demo.domain.role.Role.authorities)
    - Returns
       - CollectionReturnImpl(collection=com.example.demo.domain.role.Role.authorities, querySpaceUid=<gen:0>, path=[com.example.demo.domain.role.Role.authorities])
          - (collection element) CollectionFetchableElementEntityGraph(entity=com.example.demo.domain.authority.Authority, querySpaceUid=<gen:1>, path=[com.example.demo.domain.role.Role.authorities].<elements>)
    - QuerySpaces
       - CollectionQuerySpaceImpl(uid=<gen:0>, collection=com.example.demo.domain.role.Role.authorities)
          - SQL table alias mapping - authoritie0_
          - alias suffix - 0_
          - suffixed key columns - {role_id1_3_0_}
          - entity-element alias suffix - 1_
          - 1_entity-element suffixed key columns - id1_0_1_
          - JOIN (JoinDefinedByMetadata(elements)) : <gen:0> -> <gen:1>
             - EntityQuerySpaceImpl(uid=<gen:1>, entity=com.example.demo.domain.authority.Authority)
                - SQL table alias mapping - authority1_
                - alias suffix - 1_
                - suffixed key columns - {id1_0_1_}

2022-11-25 14:50:24.562 DEBUG 25216 --- [    Test worker] o.h.l.collection.plan.CollectionLoader   : Static select for collection com.example.demo.domain.role.Role.authorities: select authoritie0_.role_id as role_id1_3_0_, authoritie0_.authority_id as authorit2_3_0_, authority1_.id as id1_0_1_, authority1_.name as name2_0_1_ from role_authority authoritie0_ inner join authority authority1_ on authoritie0_.authority_id=authority1_.id where authoritie0_.role_id=?
2022-11-25 14:50:24.563 DEBUG 25216 --- [    Test worker] o.h.l.p.b.i.spaces.QuerySpacesImpl       : Adding QuerySpace : uid = <gen:0> -> org.hibernate.loader.plan.build.internal.spaces.CollectionQuerySpaceImpl@64a7ad02]
2022-11-25 14:50:24.563 DEBUG 25216 --- [    Test worker] o.h.l.p.b.i.spaces.QuerySpacesImpl       : Adding QuerySpace : uid = <gen:1> -> org.hibernate.loader.plan.build.internal.spaces.EntityQuerySpaceImpl@46590dd0]
2022-11-25 14:50:24.563 DEBUG 25216 --- [    Test worker] o.h.p.walking.spi.MetamodelGraphWalker   : Visiting attribute path : date
2022-11-25 14:50:24.563 DEBUG 25216 --- [    Test worker] o.h.p.walking.spi.MetamodelGraphWalker   : Visiting attribute path : priority
2022-11-25 14:50:24.563 DEBUG 25216 --- [    Test worker] o.h.p.walking.spi.MetamodelGraphWalker   : Visiting attribute path : text
2022-11-25 14:50:24.563 DEBUG 25216 --- [    Test worker] o.h.p.walking.spi.MetamodelGraphWalker   : Visiting attribute path : title
2022-11-25 14:50:24.563 DEBUG 25216 --- [    Test worker] o.h.p.walking.spi.MetamodelGraphWalker   : Visiting attribute path : user
2022-11-25 14:50:24.564 DEBUG 25216 --- [    Test worker] o.h.p.walking.spi.MetamodelGraphWalker   : Property path deemed to be circular : user
2022-11-25 14:50:24.564 DEBUG 25216 --- [    Test worker] lanBuildingAssociationVisitationStrategy : Building LoadPlan...
2022-11-25 14:50:24.566 DEBUG 25216 --- [    Test worker] h.l.p.e.i.LoadQueryJoinAndFetchProcessor : processing queryspace <gen:0>
2022-11-25 14:50:24.567 DEBUG 25216 --- [    Test worker] o.h.l.p.build.spi.LoadPlanTreePrinter    : LoadPlan(collection=com.example.demo.domain.user.User.myListEntries)
    - Returns
       - CollectionReturnImpl(collection=com.example.demo.domain.user.User.myListEntries, querySpaceUid=<gen:0>, path=[com.example.demo.domain.user.User.myListEntries])
          - (collection element) CollectionFetchableElementEntityGraph(entity=com.example.demo.domain.myListEntry.MyListEntry, querySpaceUid=<gen:1>, path=[com.example.demo.domain.user.User.myListEntries].<elements>)
    - QuerySpaces
       - CollectionQuerySpaceImpl(uid=<gen:0>, collection=com.example.demo.domain.user.User.myListEntries)
          - SQL table alias mapping - mylistentr0_
          - alias suffix - 0_
          - suffixed key columns - {user_id6_1_0_}
          - entity-element alias suffix - 1_
          - 1_entity-element suffixed key columns - id1_1_1_
          - JOIN (JoinDefinedByMetadata(elements)) : <gen:0> -> <gen:1>
             - EntityQuerySpaceImpl(uid=<gen:1>, entity=com.example.demo.domain.myListEntry.MyListEntry)
                - SQL table alias mapping - mylistentr0_
                - alias suffix - 1_
                - suffixed key columns - {id1_1_1_}

2022-11-25 14:50:24.567 DEBUG 25216 --- [    Test worker] o.h.l.collection.plan.CollectionLoader   : Static select for collection com.example.demo.domain.user.User.myListEntries: select mylistentr0_.user_id as user_id6_1_0_, mylistentr0_.id as id1_1_0_, mylistentr0_.id as id1_1_1_, mylistentr0_.entry_date as entry_da2_1_1_, mylistentr0_.entry_priority as entry_pr3_1_1_, mylistentr0_.entry_text as entry_te4_1_1_, mylistentr0_.entry_title as entry_ti5_1_1_, mylistentr0_.user_id as user_id6_1_1_ from my_list_entry mylistentr0_ where mylistentr0_.user_id=?
2022-11-25 14:50:24.764 DEBUG 25216 --- [    Test worker] org.hibernate.mapping.Table              : No alter strings for table : authority
2022-11-25 14:50:24.764 DEBUG 25216 --- [    Test worker] org.hibernate.mapping.Table              : No alter strings for table : my_list_entry
2022-11-25 14:50:24.764 DEBUG 25216 --- [    Test worker] org.hibernate.mapping.Table              : No alter strings for table : role
2022-11-25 14:50:24.764 DEBUG 25216 --- [    Test worker] org.hibernate.mapping.Table              : No alter strings for table : role_authority
2022-11-25 14:50:24.764 DEBUG 25216 --- [    Test worker] org.hibernate.mapping.Table              : No alter strings for table : users
2022-11-25 14:50:24.764 DEBUG 25216 --- [    Test worker] org.hibernate.mapping.Table              : No alter strings for table : users_role
2022-11-25 14:50:24.874  INFO 25216 --- [    Test worker] o.h.e.t.j.p.i.JtaPlatformInitiator       : HHH000490: Using JtaPlatform implementation: [org.hibernate.engine.transaction.jta.platform.internal.NoJtaPlatform]
2022-11-25 14:50:24.875 DEBUG 25216 --- [    Test worker] o.h.query.spi.NamedQueryRepository       : Checking 0 named HQL queries
2022-11-25 14:50:24.876 DEBUG 25216 --- [    Test worker] o.h.query.spi.NamedQueryRepository       : Checking 0 named SQL queries
2022-11-25 14:50:24.885 DEBUG 25216 --- [    Test worker] .h.s.i.SessionFactoryServiceRegistryImpl : EventListenerRegistry access via ServiceRegistry is deprecated.  Use `sessionFactory.getEventEngine().getListenerRegistry()` instead
2022-11-25 14:50:24.897 DEBUG 25216 --- [    Test worker] o.h.internal.SessionFactoryRegistry      : Initializing SessionFactoryRegistry : org.hibernate.internal.SessionFactoryRegistry@28b68067
2022-11-25 14:50:24.897 DEBUG 25216 --- [    Test worker] o.h.internal.SessionFactoryRegistry      : Registering SessionFactory: 3c5a8ade-0601-4b25-8f89-b0ee99105d9f (<unnamed>)
2022-11-25 14:50:24.897 DEBUG 25216 --- [    Test worker] o.h.internal.SessionFactoryRegistry      : Not binding SessionFactory to JNDI, no JNDI name configured
2022-11-25 14:50:24.897  INFO 25216 --- [    Test worker] j.LocalContainerEntityManagerFactoryBean : Initialized JPA EntityManagerFactory for persistence unit 'default'
2022-11-25 14:50:24.906 DEBUG 25216 --- [    Test worker] o.s.b.f.s.DefaultListableBeanFactory     : Creating shared instance of singleton bean 'demoApplication'
2022-11-25 14:50:24.918 DEBUG 25216 --- [    Test worker] o.s.b.f.s.DefaultListableBeanFactory     : Creating shared instance of singleton bean 'customGlobalExceptionHandler'
2022-11-25 14:50:24.932 DEBUG 25216 --- [    Test worker] o.s.b.f.s.DefaultListableBeanFactory     : Autowiring by type from bean name 'customGlobalExceptionHandler' via constructor to bean named 'messageSource'
2022-11-25 14:50:24.937 DEBUG 25216 --- [    Test worker] o.s.b.f.s.DefaultListableBeanFactory     : Creating shared instance of singleton bean 'loggerConfig'
2022-11-25 14:50:24.949 DEBUG 25216 --- [    Test worker] o.s.b.f.s.DefaultListableBeanFactory     : Creating shared instance of singleton bean 'webSecurityConfig'
2022-11-25 14:50:24.951 DEBUG 25216 --- [    Test worker] ocalVariableTableParameterNameDiscoverer : Cannot find '.class' file for class [class com.example.demo.core.security.WebSecurityConfig$$EnhancerBySpringCGLIB$$c2123579] - unable to determine constructor/method parameter names
2022-11-25 14:50:24.953 DEBUG 25216 --- [    Test worker] o.s.b.f.s.DefaultListableBeanFactory     : Creating shared instance of singleton bean 'passwordEncoder'
2022-11-25 14:50:24.953 DEBUG 25216 --- [    Test worker] o.s.b.f.s.DefaultListableBeanFactory     : Creating shared instance of singleton bean 'encoders'
2022-11-25 14:50:25.009 DEBUG 25216 --- [    Test worker] o.s.b.f.s.DefaultListableBeanFactory     : Creating shared instance of singleton bean 'jwtProperties'
2022-11-25 14:50:25.058 DEBUG 25216 --- [    Test worker] o.s.b.f.s.DefaultListableBeanFactory     : Autowiring by type from bean name 'webSecurityConfig' via constructor to bean named 'userServiceImpl'
2022-11-25 14:50:25.058 DEBUG 25216 --- [    Test worker] o.s.b.f.s.DefaultListableBeanFactory     : Autowiring by type from bean name 'webSecurityConfig' via constructor to bean named 'passwordEncoder'
2022-11-25 14:50:25.058 DEBUG 25216 --- [    Test worker] o.s.b.f.s.DefaultListableBeanFactory     : Autowiring by type from bean name 'webSecurityConfig' via constructor to bean named 'jwtProperties'
2022-11-25 14:50:25.071 DEBUG 25216 --- [    Test worker] o.s.b.f.s.DefaultListableBeanFactory     : Creating shared instance of singleton bean 'userPermissionEvaluator'
2022-11-25 14:50:25.073 DEBUG 25216 --- [    Test worker] o.s.b.f.s.DefaultListableBeanFactory     : Creating shared instance of singleton bean 'myListEntryServiceImpl'
2022-11-25 14:50:25.081 DEBUG 25216 --- [    Test worker] o.s.b.f.s.DefaultListableBeanFactory     : Creating shared instance of singleton bean 'myListEntryRepository'
2022-11-25 14:50:25.314 DEBUG 25216 --- [    Test worker] o.s.b.f.s.DefaultListableBeanFactory     : Creating shared instance of singleton bean 'jpaMappingContext'
2022-11-25 14:50:25.344 DEBUG 25216 --- [    Test worker] .c.JpaMetamodelMappingContextFactoryBean : Initializing JpaMetamodelMappingContext…
2022-11-25 14:50:25.388 DEBUG 25216 --- [    Test worker] .c.JpaMetamodelMappingContextFactoryBean : Finished initializing JpaMetamodelMappingContext!
2022-11-25 14:50:25.472 DEBUG 25216 --- [    Test worker] tor$SharedEntityManagerInvocationHandler : Creating new EntityManager for shared EntityManager invocation
2022-11-25 14:50:25.593 DEBUG 25216 --- [    Test worker] o.h.stat.internal.StatisticsInitiator    : Statistics initialized [enabled=false]
2022-11-25 14:50:25.609 DEBUG 25216 --- [    Test worker] tor$SharedEntityManagerInvocationHandler : Creating new EntityManager for shared EntityManager invocation
2022-11-25 14:50:25.741 DEBUG 25216 --- [    Test worker] o.s.d.r.c.s.RepositoryFactorySupport     : Initializing repository instance for com.example.demo.domain.myListEntry.MyListEntryRepository…
2022-11-25 14:50:25.797 DEBUG 25216 --- [    Test worker] tor$SharedEntityManagerInvocationHandler : Creating new EntityManager for shared EntityManager invocation
2022-11-25 14:50:25.998 DEBUG 25216 --- [    Test worker] o.s.d.jpa.repository.query.NamedQuery    : Looking up named query MyListEntry.findByPriority
2022-11-25 14:50:26.011 DEBUG 25216 --- [    Test worker] o.h.e.t.internal.TransactionImpl         : On TransactionImpl creation, JpaCompliance#isJpaTransactionComplianceEnabled == false
2022-11-25 14:50:26.012 DEBUG 25216 --- [    Test worker] o.s.d.jpa.repository.query.NamedQuery    : Did not find named query MyListEntry.findByPriority
2022-11-25 14:50:26.017 DEBUG 25216 --- [    Test worker] tor$SharedEntityManagerInvocationHandler : Creating new EntityManager for shared EntityManager invocation
2022-11-25 14:50:26.149 DEBUG 25216 --- [    Test worker] o.s.d.jpa.repository.query.NamedQuery    : Looking up named query MyListEntry.findByUser
2022-11-25 14:50:26.150 DEBUG 25216 --- [    Test worker] o.h.e.t.internal.TransactionImpl         : On TransactionImpl creation, JpaCompliance#isJpaTransactionComplianceEnabled == false
2022-11-25 14:50:26.151 DEBUG 25216 --- [    Test worker] o.s.d.jpa.repository.query.NamedQuery    : Did not find named query MyListEntry.findByUser
2022-11-25 14:50:26.151 DEBUG 25216 --- [    Test worker] tor$SharedEntityManagerInvocationHandler : Creating new EntityManager for shared EntityManager invocation
2022-11-25 14:50:26.162 DEBUG 25216 --- [    Test worker] o.s.d.r.c.s.RepositoryFactorySupport     : Finished creation of repository instance for com.example.demo.domain.myListEntry.MyListEntryRepository.
2022-11-25 14:50:26.217 DEBUG 25216 --- [    Test worker] o.s.b.f.s.DefaultListableBeanFactory     : Autowiring by type from bean name 'myListEntryServiceImpl' via constructor to bean named 'myListEntryRepository'
2022-11-25 14:50:26.217 DEBUG 25216 --- [    Test worker] o.s.b.f.s.DefaultListableBeanFactory     : Autowiring by type from bean name 'myListEntryServiceImpl' via constructor to bean named 'logger'
2022-11-25 14:50:26.283 DEBUG 25216 --- [    Test worker] o.s.b.f.s.DefaultListableBeanFactory     : Autowiring by type from bean name 'userPermissionEvaluator' via constructor to bean named 'myListEntryServiceImpl'
2022-11-25 14:50:26.284 DEBUG 25216 --- [    Test worker] o.s.b.f.s.DefaultListableBeanFactory     : Autowiring by type from bean name 'userPermissionEvaluator' via constructor to bean named 'userServiceImpl'
2022-11-25 14:50:26.287 DEBUG 25216 --- [    Test worker] o.s.b.f.s.DefaultListableBeanFactory     : Creating shared instance of singleton bean 'linkValidator'
2022-11-25 14:50:26.295 DEBUG 25216 --- [    Test worker] o.s.b.f.s.DefaultListableBeanFactory     : Creating shared instance of singleton bean 'authorityMapperImpl'
2022-11-25 14:50:26.301 DEBUG 25216 --- [    Test worker] o.s.b.f.s.DefaultListableBeanFactory     : Creating shared instance of singleton bean 'myListEntryController'
2022-11-25 14:50:26.318 DEBUG 25216 --- [    Test worker] o.s.b.f.s.DefaultListableBeanFactory     : Creating shared instance of singleton bean 'myListEntryMapperImpl'
2022-11-25 14:50:26.327 DEBUG 25216 --- [    Test worker] o.s.b.f.s.DefaultListableBeanFactory     : Autowiring by type from bean name 'myListEntryController' via constructor to bean named 'myListEntryServiceImpl'
2022-11-25 14:50:26.327 DEBUG 25216 --- [    Test worker] o.s.b.f.s.DefaultListableBeanFactory     : Autowiring by type from bean name 'myListEntryController' via constructor to bean named 'myListEntryMapperImpl'
2022-11-25 14:50:26.333 DEBUG 25216 --- [    Test worker] .PrePostAnnotationSecurityMetadataSource : @org.springframework.security.access.prepost.PreAuthorize("hasAuthority(\'MY_LIST_ENTRY_READ\')") found on specific method: public org.springframework.http.ResponseEntity com.example.demo.domain.myListEntry.MyListEntryController.getAll()
2022-11-25 14:50:26.389 DEBUG 25216 --- [    Test worker] m.DelegatingMethodSecurityMetadataSource : Caching method [CacheKey[com.example.demo.domain.myListEntry.MyListEntryController; public org.springframework.http.ResponseEntity com.example.demo.domain.myListEntry.MyListEntryController.getAll()]] with attributes [[authorize: 'hasAuthority('MY_LIST_ENTRY_READ')', filter: 'null', filterTarget: 'null']]
2022-11-25 14:50:26.391 DEBUG 25216 --- [    Test worker] o.s.b.f.s.DefaultListableBeanFactory     : Creating shared instance of singleton bean 'methodSecurityInterceptor'
2022-11-25 14:50:26.393 DEBUG 25216 --- [    Test worker] o.s.b.f.s.DefaultListableBeanFactory     : Autowiring by type from bean name 'methodSecurityInterceptor' via factory method to bean named 'methodSecurityMetadataSource'
2022-11-25 14:50:26.456 DEBUG 25216 --- [    Test worker] .PrePostAnnotationSecurityMetadataSource : @org.springframework.security.access.prepost.PreAuthorize("hasAuthority(\'MY_LIST_ENTRY_DELETE\') &&  @userPermissionEvaluator.isUserOwner(#id)") found on specific method: public org.springframework.http.ResponseEntity com.example.demo.domain.myListEntry.MyListEntryController.deleteById(java.util.UUID)
2022-11-25 14:50:26.462 DEBUG 25216 --- [    Test worker] m.DelegatingMethodSecurityMetadataSource : Caching method [CacheKey[com.example.demo.domain.myListEntry.MyListEntryController; public org.springframework.http.ResponseEntity com.example.demo.domain.myListEntry.MyListEntryController.deleteById(java.util.UUID)]] with attributes [[authorize: 'hasAuthority('MY_LIST_ENTRY_DELETE') &&  @userPermissionEvaluator.isUserOwner(#id)', filter: 'null', filterTarget: 'null']]
2022-11-25 14:50:26.462 DEBUG 25216 --- [    Test worker] .PrePostAnnotationSecurityMetadataSource : @org.springframework.security.access.prepost.PreAuthorize("hasAuthority(\'MY_LIST_ENTRY_READ\')") found on specific method: public org.springframework.http.ResponseEntity com.example.demo.domain.myListEntry.MyListEntryController.getById(java.util.UUID)
2022-11-25 14:50:26.463 DEBUG 25216 --- [    Test worker] m.DelegatingMethodSecurityMetadataSource : Caching method [CacheKey[com.example.demo.domain.myListEntry.MyListEntryController; public org.springframework.http.ResponseEntity com.example.demo.domain.myListEntry.MyListEntryController.getById(java.util.UUID)]] with attributes [[authorize: 'hasAuthority('MY_LIST_ENTRY_READ')', filter: 'null', filterTarget: 'null']]
2022-11-25 14:50:26.464 DEBUG 25216 --- [    Test worker] .PrePostAnnotationSecurityMetadataSource : @org.springframework.security.access.prepost.PreAuthorize("hasAuthority(\'MY_LIST_ENTRY_READ\')") found on specific method: public org.springframework.http.ResponseEntity com.example.demo.domain.myListEntry.MyListEntryController.getByPriority(java.lang.String)
2022-11-25 14:50:26.464 DEBUG 25216 --- [    Test worker] m.DelegatingMethodSecurityMetadataSource : Caching method [CacheKey[com.example.demo.domain.myListEntry.MyListEntryController; public org.springframework.http.ResponseEntity com.example.demo.domain.myListEntry.MyListEntryController.getByPriority(java.lang.String)]] with attributes [[authorize: 'hasAuthority('MY_LIST_ENTRY_READ')', filter: 'null', filterTarget: 'null']]
2022-11-25 14:50:26.465 DEBUG 25216 --- [    Test worker] .PrePostAnnotationSecurityMetadataSource : @org.springframework.security.access.prepost.PreAuthorize("hasAuthority(\'MY_LIST_ENTRY_CREATE\')") found on specific method: public org.springframework.http.ResponseEntity com.example.demo.domain.myListEntry.MyListEntryController.createEntryList(com.example.demo.domain.myListEntry.dto.MyListEntryDTO)
2022-11-25 14:50:26.465 DEBUG 25216 --- [    Test worker] m.DelegatingMethodSecurityMetadataSource : Caching method [CacheKey[com.example.demo.domain.myListEntry.MyListEntryController; public org.springframework.http.ResponseEntity com.example.demo.domain.myListEntry.MyListEntryController.createEntryList(com.example.demo.domain.myListEntry.dto.MyListEntryDTO)]] with attributes [[authorize: 'hasAuthority('MY_LIST_ENTRY_CREATE')', filter: 'null', filterTarget: 'null']]
2022-11-25 14:50:26.465 DEBUG 25216 --- [    Test worker] .PrePostAnnotationSecurityMetadataSource : @org.springframework.security.access.prepost.PreAuthorize("hasAuthority(\'MY_LIST_ENTRY_READ\')") found on specific method: public org.springframework.http.ResponseEntity com.example.demo.domain.myListEntry.MyListEntryController.getAllSorted()
2022-11-25 14:50:26.466 DEBUG 25216 --- [    Test worker] m.DelegatingMethodSecurityMetadataSource : Caching method [CacheKey[com.example.demo.domain.myListEntry.MyListEntryController; public org.springframework.http.ResponseEntity com.example.demo.domain.myListEntry.MyListEntryController.getAllSorted()]] with attributes [[authorize: 'hasAuthority('MY_LIST_ENTRY_READ')', filter: 'null', filterTarget: 'null']]
2022-11-25 14:50:26.466 DEBUG 25216 --- [    Test worker] .PrePostAnnotationSecurityMetadataSource : @org.springframework.security.access.prepost.PreAuthorize("hasAuthority(\'MY_LIST_ENTRY_READ\')") found on specific method: public org.springframework.http.ResponseEntity com.example.demo.domain.myListEntry.MyListEntryController.getAllByUser()
2022-11-25 14:50:26.466 DEBUG 25216 --- [    Test worker] m.DelegatingMethodSecurityMetadataSource : Caching method [CacheKey[com.example.demo.domain.myListEntry.MyListEntryController; public org.springframework.http.ResponseEntity com.example.demo.domain.myListEntry.MyListEntryController.getAllByUser()]] with attributes [[authorize: 'hasAuthority('MY_LIST_ENTRY_READ')', filter: 'null', filterTarget: 'null']]
2022-11-25 14:50:26.467 DEBUG 25216 --- [    Test worker] .PrePostAnnotationSecurityMetadataSource : @org.springframework.security.access.prepost.PreAuthorize("hasAuthority(\'MY_LIST_ENTRY_MODIFY\') &&  @userPermissionEvaluator.isUserOwner(#id)") found on specific method: public org.springframework.http.ResponseEntity com.example.demo.domain.myListEntry.MyListEntryController.updateEntryList(java.util.UUID,com.example.demo.domain.myListEntry.dto.MyListEntryDTO)
2022-11-25 14:50:26.467 DEBUG 25216 --- [    Test worker] m.DelegatingMethodSecurityMetadataSource : Caching method [CacheKey[com.example.demo.domain.myListEntry.MyListEntryController; public org.springframework.http.ResponseEntity com.example.demo.domain.myListEntry.MyListEntryController.updateEntryList(java.util.UUID,com.example.demo.domain.myListEntry.dto.MyListEntryDTO)]] with attributes [[authorize: 'hasAuthority('MY_LIST_ENTRY_MODIFY') &&  @userPermissionEvaluator.isUserOwner(#id)', filter: 'null', filterTarget: 'null']]
2022-11-25 14:50:26.483 DEBUG 25216 --- [    Test worker] o.s.b.f.s.DefaultListableBeanFactory     : Creating shared instance of singleton bean 'roleMapperImpl'
2022-11-25 14:50:26.495 DEBUG 25216 --- [    Test worker] o.s.b.f.s.DefaultListableBeanFactory     : Creating shared instance of singleton bean 'userController'
2022-11-25 14:50:26.503 DEBUG 25216 --- [    Test worker] o.s.b.f.s.DefaultListableBeanFactory     : Creating shared instance of singleton bean 'userMapperImpl'
2022-11-25 14:50:26.513 DEBUG 25216 --- [    Test worker] o.s.b.f.s.DefaultListableBeanFactory     : Autowiring by type from bean name 'userController' via constructor to bean named 'userServiceImpl'
2022-11-25 14:50:26.513 DEBUG 25216 --- [    Test worker] o.s.b.f.s.DefaultListableBeanFactory     : Autowiring by type from bean name 'userController' via constructor to bean named 'userMapperImpl'
2022-11-25 14:50:26.517 DEBUG 25216 --- [    Test worker] .PrePostAnnotationSecurityMetadataSource : @org.springframework.security.access.prepost.PreAuthorize("hasAuthority(\'USER_CREATE\')") found on specific method: public org.springframework.http.ResponseEntity com.example.demo.domain.user.UserController.register(com.example.demo.domain.user.dto.UserRegisterDTO) throws javax.management.InstanceAlreadyExistsException
2022-11-25 14:50:26.517 DEBUG 25216 --- [    Test worker] m.DelegatingMethodSecurityMetadataSource : Caching method [CacheKey[com.example.demo.domain.user.UserController; public org.springframework.http.ResponseEntity com.example.demo.domain.user.UserController.register(com.example.demo.domain.user.dto.UserRegisterDTO) throws javax.management.InstanceAlreadyExistsException]] with attributes [[authorize: 'hasAuthority('USER_CREATE')', filter: 'null', filterTarget: 'null']]
2022-11-25 14:50:26.519 DEBUG 25216 --- [    Test worker] .PrePostAnnotationSecurityMetadataSource : @org.springframework.security.access.prepost.PreAuthorize("hasAuthority(\'USER_MODIFY\') && @userPermissionEvaluator.isUserAboveAge(authentication.principal.user,18)") found on specific method: public org.springframework.http.ResponseEntity com.example.demo.domain.user.UserController.updateById(java.util.UUID,com.example.demo.domain.user.dto.UserDTO)
2022-11-25 14:50:26.520 DEBUG 25216 --- [    Test worker] m.DelegatingMethodSecurityMetadataSource : Caching method [CacheKey[com.example.demo.domain.user.UserController; public org.springframework.http.ResponseEntity com.example.demo.domain.user.UserController.updateById(java.util.UUID,com.example.demo.domain.user.dto.UserDTO)]] with attributes [[authorize: 'hasAuthority('USER_MODIFY') && @userPermissionEvaluator.isUserAboveAge(authentication.principal.user,18)', filter: 'null', filterTarget: 'null']]
2022-11-25 14:50:26.520 DEBUG 25216 --- [    Test worker] .PrePostAnnotationSecurityMetadataSource : @org.springframework.security.access.prepost.PreAuthorize("hasAuthority(\'USER_DELETE\')") found on specific method: public org.springframework.http.ResponseEntity com.example.demo.domain.user.UserController.deleteById(java.util.UUID)
2022-11-25 14:50:26.521 DEBUG 25216 --- [    Test worker] m.DelegatingMethodSecurityMetadataSource : Caching method [CacheKey[com.example.demo.domain.user.UserController; public org.springframework.http.ResponseEntity com.example.demo.domain.user.UserController.deleteById(java.util.UUID)]] with attributes [[authorize: 'hasAuthority('USER_DELETE')', filter: 'null', filterTarget: 'null']]
2022-11-25 14:50:26.521 DEBUG 25216 --- [    Test worker] .PrePostAnnotationSecurityMetadataSource : @org.springframework.security.access.prepost.PreAuthorize("hasAuthority(\'USER_CREATE\')") found on specific method: public org.springframework.http.ResponseEntity com.example.demo.domain.user.UserController.retrieveAll()
2022-11-25 14:50:26.521 DEBUG 25216 --- [    Test worker] m.DelegatingMethodSecurityMetadataSource : Caching method [CacheKey[com.example.demo.domain.user.UserController; public org.springframework.http.ResponseEntity com.example.demo.domain.user.UserController.retrieveAll()]] with attributes [[authorize: 'hasAuthority('USER_CREATE')', filter: 'null', filterTarget: 'null']]
2022-11-25 14:50:26.522 DEBUG 25216 --- [    Test worker] .PrePostAnnotationSecurityMetadataSource : @org.springframework.security.access.prepost.PreAuthorize("@userPermissionEvaluator.isUserItSelf(#id)") found on specific method: public org.springframework.http.ResponseEntity com.example.demo.domain.user.UserController.retrieveById(java.util.UUID)
2022-11-25 14:50:26.522 DEBUG 25216 --- [    Test worker] m.DelegatingMethodSecurityMetadataSource : Caching method [CacheKey[com.example.demo.domain.user.UserController; public org.springframework.http.ResponseEntity com.example.demo.domain.user.UserController.retrieveById(java.util.UUID)]] with attributes [[authorize: '@userPermissionEvaluator.isUserItSelf(#id)', filter: 'null', filterTarget: 'null']]
2022-11-25 14:50:26.534 DEBUG 25216 --- [    Test worker] o.s.b.f.s.DefaultListableBeanFactory     : Creating shared instance of singleton bean 'org.springframework.security.config.annotation.authentication.configuration.AuthenticationConfiguration'
2022-11-25 14:50:26.539 DEBUG 25216 --- [    Test worker] o.s.b.f.s.DefaultListableBeanFactory     : Creating shared instance of singleton bean 'enableGlobalAuthenticationAutowiredConfigurer'
2022-11-25 14:50:26.540 DEBUG 25216 --- [    Test worker] o.s.b.f.s.DefaultListableBeanFactory     : Autowiring by type from bean name 'enableGlobalAuthenticationAutowiredConfigurer' via factory method to bean named 'org.springframework.web.context.support.GenericWebApplicationContext@f973499'
2022-11-25 14:50:26.548 DEBUG 25216 --- [    Test worker] o.s.b.f.s.DefaultListableBeanFactory     : Creating shared instance of singleton bean 'initializeUserDetailsBeanManagerConfigurer'
2022-11-25 14:50:26.549 DEBUG 25216 --- [    Test worker] o.s.b.f.s.DefaultListableBeanFactory     : Autowiring by type from bean name 'initializeUserDetailsBeanManagerConfigurer' via factory method to bean named 'org.springframework.web.context.support.GenericWebApplicationContext@f973499'
2022-11-25 14:50:26.556 DEBUG 25216 --- [    Test worker] o.s.b.f.s.DefaultListableBeanFactory     : Creating shared instance of singleton bean 'initializeAuthenticationProviderBeanManagerConfigurer'
2022-11-25 14:50:26.557 DEBUG 25216 --- [    Test worker] o.s.b.f.s.DefaultListableBeanFactory     : Autowiring by type from bean name 'initializeAuthenticationProviderBeanManagerConfigurer' via factory method to bean named 'org.springframework.web.context.support.GenericWebApplicationContext@f973499'
2022-11-25 14:50:26.566 DEBUG 25216 --- [    Test worker] o.s.b.f.s.DefaultListableBeanFactory     : Creating shared instance of singleton bean 'authenticationManagerBuilder'
2022-11-25 14:50:26.567 DEBUG 25216 --- [    Test worker] o.s.b.f.s.DefaultListableBeanFactory     : Autowiring by type from bean name 'authenticationManagerBuilder' via factory method to bean named 'objectPostProcessor'
2022-11-25 14:50:26.567 DEBUG 25216 --- [    Test worker] o.s.b.f.s.DefaultListableBeanFactory     : Autowiring by type from bean name 'authenticationManagerBuilder' via factory method to bean named 'org.springframework.web.context.support.GenericWebApplicationContext@f973499'
2022-11-25 14:50:26.569 DEBUG 25216 --- [    Test worker] o.s.b.f.s.DefaultListableBeanFactory     : Creating shared instance of singleton bean 'authenticationEventPublisher'
2022-11-25 14:50:26.569 DEBUG 25216 --- [    Test worker] o.s.b.f.s.DefaultListableBeanFactory     : Creating shared instance of singleton bean 'org.springframework.boot.autoconfigure.security.servlet.SecurityAutoConfiguration'
2022-11-25 14:50:26.573 DEBUG 25216 --- [    Test worker] o.s.b.f.s.DefaultListableBeanFactory     : Autowiring by type from bean name 'authenticationEventPublisher' via factory method to bean named 'org.springframework.web.context.support.GenericWebApplicationContext@f973499'
2022-11-25 14:50:26.631 DEBUG 25216 --- [    Test worker] o.s.b.f.s.DefaultListableBeanFactory     : Creating shared instance of singleton bean 'preInvocationAuthorizationAdvice'
2022-11-25 14:50:26.641 DEBUG 25216 --- [    Test worker] o.s.b.f.s.DefaultListableBeanFactory     : Creating shared instance of singleton bean 'filterChain'
2022-11-25 14:50:26.642 DEBUG 25216 --- [    Test worker] o.s.b.f.s.DefaultListableBeanFactory     : Creating shared instance of singleton bean 'org.springframework.security.config.annotation.web.configuration.HttpSecurityConfiguration'
2022-11-25 14:50:26.657 DEBUG 25216 --- [    Test worker] o.s.b.f.s.DefaultListableBeanFactory     : Creating shared instance of singleton bean 'org.springframework.boot.autoconfigure.security.servlet.SpringBootWebSecurityConfiguration$WebSecurityEnablerConfiguration'
2022-11-25 14:50:26.847 DEBUG 25216 --- [    Test worker] o.s.b.f.s.DefaultListableBeanFactory     : Autowiring by type from bean name 'filterChain' via factory method to bean named 'org.springframework.security.config.annotation.web.configuration.HttpSecurityConfiguration.httpSecurity'
2022-11-25 14:50:26.866 DEBUG 25216 --- [    Test worker] o.s.b.f.s.DefaultListableBeanFactory     : Creating shared instance of singleton bean 'authenticationManager'
2022-11-25 14:50:26.890 DEBUG 25216 --- [    Test worker] o.s.b.f.s.DefaultListableBeanFactory     : Creating shared instance of singleton bean 'corsConfigurationSource'
2022-11-25 14:50:27.176 DEBUG 25216 --- [    Test worker] edFilterInvocationSecurityMetadataSource : Adding web access control expression [permitAll] for Ant [pattern='/user/login', POST]
2022-11-25 14:50:27.178 DEBUG 25216 --- [    Test worker] edFilterInvocationSecurityMetadataSource : Adding web access control expression [permitAll] for Ant [pattern='/user/register', POST]
2022-11-25 14:50:27.178 DEBUG 25216 --- [    Test worker] edFilterInvocationSecurityMetadataSource : Adding web access control expression [permitAll] for Ant [pattern='/v3/api-docs']
2022-11-25 14:50:27.178 DEBUG 25216 --- [    Test worker] edFilterInvocationSecurityMetadataSource : Adding web access control expression [permitAll] for Ant [pattern='/v3/api-docs/swagger-config']
2022-11-25 14:50:27.178 DEBUG 25216 --- [    Test worker] edFilterInvocationSecurityMetadataSource : Adding web access control expression [permitAll] for Ant [pattern='/swagger-ui/*']
2022-11-25 14:50:27.178 DEBUG 25216 --- [    Test worker] edFilterInvocationSecurityMetadataSource : Adding web access control expression [authenticated] for any request
2022-11-25 14:50:27.204  INFO 25216 --- [    Test worker] o.s.s.web.DefaultSecurityFilterChain     : Will secure any request with [org.springframework.security.web.session.DisableEncodeUrlFilter@7945986a, org.springframework.security.web.context.request.async.WebAsyncManagerIntegrationFilter@442151d1, org.springframework.security.web.context.SecurityContextPersistenceFilter@6046fba0, org.springframework.security.web.header.HeaderWriterFilter@6f9999f6, org.springframework.web.filter.CorsFilter@aca2a0b, org.springframework.security.web.authentication.logout.LogoutFilter@4a0f4282, com.example.demo.core.security.JWTAuthenticationFilter@79080255, com.example.demo.core.security.JWTAuthorizationFilter@2cdb53d6, org.springframework.security.web.savedrequest.RequestCacheAwareFilter@755033c5, org.springframework.security.web.servletapi.SecurityContextHolderAwareRequestFilter@229c4d34, org.springframework.security.web.authentication.AnonymousAuthenticationFilter@62ba3045, org.springframework.security.web.session.SessionManagementFilter@2e096ac0, org.springframework.security.web.access.ExceptionTranslationFilter@532e00bd, org.springframework.security.web.access.intercept.FilterSecurityInterceptor@22ba30b0]
2022-11-25 14:50:27.208 DEBUG 25216 --- [    Test worker] o.s.b.f.s.DefaultListableBeanFactory     : Creating shared instance of singleton bean 'org.springframework.boot.autoconfigure.context.PropertyPlaceholderAutoConfiguration'
2022-11-25 14:50:27.211 DEBUG 25216 --- [    Test worker] o.s.b.f.s.DefaultListableBeanFactory     : Creating shared instance of singleton bean 'org.springframework.boot.autoconfigure.websocket.servlet.WebSocketServletAutoConfiguration$TomcatWebSocketConfiguration'
2022-11-25 14:50:27.214 DEBUG 25216 --- [    Test worker] o.s.b.f.s.DefaultListableBeanFactory     : Creating shared instance of singleton bean 'websocketServletWebServerCustomizer'
2022-11-25 14:50:27.222 DEBUG 25216 --- [    Test worker] o.s.b.f.s.DefaultListableBeanFactory     : Creating shared instance of singleton bean 'org.springframework.boot.autoconfigure.websocket.servlet.WebSocketServletAutoConfiguration'
2022-11-25 14:50:27.225 DEBUG 25216 --- [    Test worker] o.s.b.f.s.DefaultListableBeanFactory     : Creating shared instance of singleton bean 'org.springframework.boot.autoconfigure.web.servlet.ServletWebServerFactoryConfiguration$EmbeddedTomcat'
2022-11-25 14:50:27.227 DEBUG 25216 --- [    Test worker] o.s.b.f.s.DefaultListableBeanFactory     : Creating shared instance of singleton bean 'tomcatServletWebServerFactory'
2022-11-25 14:50:27.319 DEBUG 25216 --- [    Test worker] o.a.catalina.core.AprLifecycleListener   : The Apache Tomcat Native library could not be found using names [tcnative-2, libtcnative-2, tcnative-1, libtcnative-1] on the java.library.path [C:\Users\Sophia Moos\.jdks\openjdk-18.0.2.1\bin;C:\WINDOWS\Sun\Java\bin;C:\WINDOWS\system32;C:\WINDOWS;C:\Program Files\Java\jdk-17.0.2\bin;C:\Program Files (x86)\VMware\VMware Player\bin\;C:\Program Files\Common Files\Oracle\Java\javapath;C:\Program Files (x86)\Common Files\Oracle\Java\javapath;C:\WINDOWS\system32;C:\WINDOWS;C:\WINDOWS\System32\Wbem;C:\WINDOWS\System32\WindowsPowerShell\v1.0\;C:\WINDOWS\System32\OpenSSH\;C:\MyTools\MinGW\bin;C:\Program Files\Git\cmd;C:\Program Files\dotnet\;C:\Program Files\nodejs\;C:\Program Files\Docker\Docker\resources\bin;C:\Users\Sophia Moos\AppData\Local\Microsoft\WindowsApps;C:\Program Files\JetBrains\IntelliJ IDEA Community Edition 2021.2.1\bin;;C:\Users\Sophia Moos\AppData\Local\Programs\Microsoft VS Code\bin;C:\Users\Sophia Moos\AppData\Local\GitHubDesktop\bin;C:\Program Files\PostgreSQL\14\bin;;C:\Program Files\JetBrains\IntelliJ IDEA 2021.3.3\bin;;C:\Users\Sophia Moos\AppData\Roaming\npm;C:\Program Files\JetBrains\PyCharm 2022.1\bin;;C:\Users\Sophia Moos\.dotnet\tools;C:\Program Files\JetBrains\WebStorm 2022.2\bin;;.]. The errors reported were [Can't load library: C:\Source\github\uek223-docker\docker-backend-uek223\backend\bin\tcnative-2.dll, Can't load library: C:\Source\github\uek223-docker\docker-backend-uek223\backend\bin\libtcnative-2.dll, Can't load library: C:\Source\github\uek223-docker\docker-backend-uek223\backend\bin\tcnative-1.dll, Can't load library: C:\Source\github\uek223-docker\docker-backend-uek223\backend\bin\libtcnative-1.dll, no tcnative-2 in java.library.path: C:\Users\Sophia Moos\.jdks\openjdk-18.0.2.1\bin;C:\WINDOWS\Sun\Java\bin;C:\WINDOWS\system32;C:\WINDOWS;C:\Program Files\Java\jdk-17.0.2\bin;C:\Program Files (x86)\VMware\VMware Player\bin\;C:\Program Files\Common Files\Oracle\Java\javapath;C:\Program Files (x86)\Common Files\Oracle\Java\javapath;C:\WINDOWS\system32;C:\WINDOWS;C:\WINDOWS\System32\Wbem;C:\WINDOWS\System32\WindowsPowerShell\v1.0\;C:\WINDOWS\System32\OpenSSH\;C:\MyTools\MinGW\bin;C:\Program Files\Git\cmd;C:\Program Files\dotnet\;C:\Program Files\nodejs\;C:\Program Files\Docker\Docker\resources\bin;C:\Users\Sophia Moos\AppData\Local\Microsoft\WindowsApps;C:\Program Files\JetBrains\IntelliJ IDEA Community Edition 2021.2.1\bin;;C:\Users\Sophia Moos\AppData\Local\Programs\Microsoft VS Code\bin;C:\Users\Sophia Moos\AppData\Local\GitHubDesktop\bin;C:\Program Files\PostgreSQL\14\bin;;C:\Program Files\JetBrains\IntelliJ IDEA 2021.3.3\bin;;C:\Users\Sophia Moos\AppData\Roaming\npm;C:\Program Files\JetBrains\PyCharm 2022.1\bin;;C:\Users\Sophia Moos\.dotnet\tools;C:\Program Files\JetBrains\WebStorm 2022.2\bin;;., no libtcnative-2 in java.library.path: C:\Users\Sophia Moos\.jdks\openjdk-18.0.2.1\bin;C:\WINDOWS\Sun\Java\bin;C:\WINDOWS\system32;C:\WINDOWS;C:\Program Files\Java\jdk-17.0.2\bin;C:\Program Files (x86)\VMware\VMware Player\bin\;C:\Program Files\Common Files\Oracle\Java\javapath;C:\Program Files (x86)\Common Files\Oracle\Java\javapath;C:\WINDOWS\system32;C:\WINDOWS;C:\WINDOWS\System32\Wbem;C:\WINDOWS\System32\WindowsPowerShell\v1.0\;C:\WINDOWS\System32\OpenSSH\;C:\MyTools\MinGW\bin;C:\Program Files\Git\cmd;C:\Program Files\dotnet\;C:\Program Files\nodejs\;C:\Program Files\Docker\Docker\resources\bin;C:\Users\Sophia Moos\AppData\Local\Microsoft\WindowsApps;C:\Program Files\JetBrains\IntelliJ IDEA Community Edition 2021.2.1\bin;;C:\Users\Sophia Moos\AppData\Local\Programs\Microsoft VS Code\bin;C:\Users\Sophia Moos\AppData\Local\GitHubDesktop\bin;C:\Program Files\PostgreSQL\14\bin;;C:\Program Files\JetBrains\IntelliJ IDEA 2021.3.3\bin;;C:\Users\Sophia Moos\AppData\Roaming\npm;C:\Program Files\JetBrains\PyCharm 2022.1\bin;;C:\Users\Sophia Moos\.dotnet\tools;C:\Program Files\JetBrains\WebStorm 2022.2\bin;;., no tcnative-1 in java.library.path: C:\Users\Sophia Moos\.jdks\openjdk-18.0.2.1\bin;C:\WINDOWS\Sun\Java\bin;C:\WINDOWS\system32;C:\WINDOWS;C:\Program Files\Java\jdk-17.0.2\bin;C:\Program Files (x86)\VMware\VMware Player\bin\;C:\Program Files\Common Files\Oracle\Java\javapath;C:\Program Files (x86)\Common Files\Oracle\Java\javapath;C:\WINDOWS\system32;C:\WINDOWS;C:\WINDOWS\System32\Wbem;C:\WINDOWS\System32\WindowsPowerShell\v1.0\;C:\WINDOWS\System32\OpenSSH\;C:\MyTools\MinGW\bin;C:\Program Files\Git\cmd;C:\Program Files\dotnet\;C:\Program Files\nodejs\;C:\Program Files\Docker\Docker\resources\bin;C:\Users\Sophia Moos\AppData\Local\Microsoft\WindowsApps;C:\Program Files\JetBrains\IntelliJ IDEA Community Edition 2021.2.1\bin;;C:\Users\Sophia Moos\AppData\Local\Programs\Microsoft VS Code\bin;C:\Users\Sophia Moos\AppData\Local\GitHubDesktop\bin;C:\Program Files\PostgreSQL\14\bin;;C:\Program Files\JetBrains\IntelliJ IDEA 2021.3.3\bin;;C:\Users\Sophia Moos\AppData\Roaming\npm;C:\Program Files\JetBrains\PyCharm 2022.1\bin;;C:\Users\Sophia Moos\.dotnet\tools;C:\Program Files\JetBrains\WebStorm 2022.2\bin;;., no libtcnative-1 in java.library.path: C:\Users\Sophia Moos\.jdks\openjdk-18.0.2.1\bin;C:\WINDOWS\Sun\Java\bin;C:\WINDOWS\system32;C:\WINDOWS;C:\Program Files\Java\jdk-17.0.2\bin;C:\Program Files (x86)\VMware\VMware Player\bin\;C:\Program Files\Common Files\Oracle\Java\javapath;C:\Program Files (x86)\Common Files\Oracle\Java\javapath;C:\WINDOWS\system32;C:\WINDOWS;C:\WINDOWS\System32\Wbem;C:\WINDOWS\System32\WindowsPowerShell\v1.0\;C:\WINDOWS\System32\OpenSSH\;C:\MyTools\MinGW\bin;C:\Program Files\Git\cmd;C:\Program Files\dotnet\;C:\Program Files\nodejs\;C:\Program Files\Docker\Docker\resources\bin;C:\Users\Sophia Moos\AppData\Local\Microsoft\WindowsApps;C:\Program Files\JetBrains\IntelliJ IDEA Community Edition 2021.2.1\bin;;C:\Users\Sophia Moos\AppData\Local\Programs\Microsoft VS Code\bin;C:\Users\Sophia Moos\AppData\Local\GitHubDesktop\bin;C:\Program Files\PostgreSQL\14\bin;;C:\Program Files\JetBrains\IntelliJ IDEA 2021.3.3\bin;;C:\Users\Sophia Moos\AppData\Roaming\npm;C:\Program Files\JetBrains\PyCharm 2022.1\bin;;C:\Users\Sophia Moos\.dotnet\tools;C:\Program Files\JetBrains\WebStorm 2022.2\bin;;.]

org.apache.tomcat.jni.LibraryNotFoundError: Can't load library: C:\Source\github\uek223-docker\docker-backend-uek223\backend\bin\tcnative-2.dll, Can't load library: C:\Source\github\uek223-docker\docker-backend-uek223\backend\bin\libtcnative-2.dll, Can't load library: C:\Source\github\uek223-docker\docker-backend-uek223\backend\bin\tcnative-1.dll, Can't load library: C:\Source\github\uek223-docker\docker-backend-uek223\backend\bin\libtcnative-1.dll, no tcnative-2 in java.library.path: C:\Users\Sophia Moos\.jdks\openjdk-18.0.2.1\bin;C:\WINDOWS\Sun\Java\bin;C:\WINDOWS\system32;C:\WINDOWS;C:\Program Files\Java\jdk-17.0.2\bin;C:\Program Files (x86)\VMware\VMware Player\bin\;C:\Program Files\Common Files\Oracle\Java\javapath;C:\Program Files (x86)\Common Files\Oracle\Java\javapath;C:\WINDOWS\system32;C:\WINDOWS;C:\WINDOWS\System32\Wbem;C:\WINDOWS\System32\WindowsPowerShell\v1.0\;C:\WINDOWS\System32\OpenSSH\;C:\MyTools\MinGW\bin;C:\Program Files\Git\cmd;C:\Program Files\dotnet\;C:\Program Files\nodejs\;C:\Program Files\Docker\Docker\resources\bin;C:\Users\Sophia Moos\AppData\Local\Microsoft\WindowsApps;C:\Program Files\JetBrains\IntelliJ IDEA Community Edition 2021.2.1\bin;;C:\Users\Sophia Moos\AppData\Local\Programs\Microsoft VS Code\bin;C:\Users\Sophia Moos\AppData\Local\GitHubDesktop\bin;C:\Program Files\PostgreSQL\14\bin;;C:\Program Files\JetBrains\IntelliJ IDEA 2021.3.3\bin;;C:\Users\Sophia Moos\AppData\Roaming\npm;C:\Program Files\JetBrains\PyCharm 2022.1\bin;;C:\Users\Sophia Moos\.dotnet\tools;C:\Program Files\JetBrains\WebStorm 2022.2\bin;;., no libtcnative-2 in java.library.path: C:\Users\Sophia Moos\.jdks\openjdk-18.0.2.1\bin;C:\WINDOWS\Sun\Java\bin;C:\WINDOWS\system32;C:\WINDOWS;C:\Program Files\Java\jdk-17.0.2\bin;C:\Program Files (x86)\VMware\VMware Player\bin\;C:\Program Files\Common Files\Oracle\Java\javapath;C:\Program Files (x86)\Common Files\Oracle\Java\javapath;C:\WINDOWS\system32;C:\WINDOWS;C:\WINDOWS\System32\Wbem;C:\WINDOWS\System32\WindowsPowerShell\v1.0\;C:\WINDOWS\System32\OpenSSH\;C:\MyTools\MinGW\bin;C:\Program Files\Git\cmd;C:\Program Files\dotnet\;C:\Program Files\nodejs\;C:\Program Files\Docker\Docker\resources\bin;C:\Users\Sophia Moos\AppData\Local\Microsoft\WindowsApps;C:\Program Files\JetBrains\IntelliJ IDEA Community Edition 2021.2.1\bin;;C:\Users\Sophia Moos\AppData\Local\Programs\Microsoft VS Code\bin;C:\Users\Sophia Moos\AppData\Local\GitHubDesktop\bin;C:\Program Files\PostgreSQL\14\bin;;C:\Program Files\JetBrains\IntelliJ IDEA 2021.3.3\bin;;C:\Users\Sophia Moos\AppData\Roaming\npm;C:\Program Files\JetBrains\PyCharm 2022.1\bin;;C:\Users\Sophia Moos\.dotnet\tools;C:\Program Files\JetBrains\WebStorm 2022.2\bin;;., no tcnative-1 in java.library.path: C:\Users\Sophia Moos\.jdks\openjdk-18.0.2.1\bin;C:\WINDOWS\Sun\Java\bin;C:\WINDOWS\system32;C:\WINDOWS;C:\Program Files\Java\jdk-17.0.2\bin;C:\Program Files (x86)\VMware\VMware Player\bin\;C:\Program Files\Common Files\Oracle\Java\javapath;C:\Program Files (x86)\Common Files\Oracle\Java\javapath;C:\WINDOWS\system32;C:\WINDOWS;C:\WINDOWS\System32\Wbem;C:\WINDOWS\System32\WindowsPowerShell\v1.0\;C:\WINDOWS\System32\OpenSSH\;C:\MyTools\MinGW\bin;C:\Program Files\Git\cmd;C:\Program Files\dotnet\;C:\Program Files\nodejs\;C:\Program Files\Docker\Docker\resources\bin;C:\Users\Sophia Moos\AppData\Local\Microsoft\WindowsApps;C:\Program Files\JetBrains\IntelliJ IDEA Community Edition 2021.2.1\bin;;C:\Users\Sophia Moos\AppData\Local\Programs\Microsoft VS Code\bin;C:\Users\Sophia Moos\AppData\Local\GitHubDesktop\bin;C:\Program Files\PostgreSQL\14\bin;;C:\Program Files\JetBrains\IntelliJ IDEA 2021.3.3\bin;;C:\Users\Sophia Moos\AppData\Roaming\npm;C:\Program Files\JetBrains\PyCharm 2022.1\bin;;C:\Users\Sophia Moos\.dotnet\tools;C:\Program Files\JetBrains\WebStorm 2022.2\bin;;., no libtcnative-1 in java.library.path: C:\Users\Sophia Moos\.jdks\openjdk-18.0.2.1\bin;C:\WINDOWS\Sun\Java\bin;C:\WINDOWS\system32;C:\WINDOWS;C:\Program Files\Java\jdk-17.0.2\bin;C:\Program Files (x86)\VMware\VMware Player\bin\;C:\Program Files\Common Files\Oracle\Java\javapath;C:\Program Files (x86)\Common Files\Oracle\Java\javapath;C:\WINDOWS\system32;C:\WINDOWS;C:\WINDOWS\System32\Wbem;C:\WINDOWS\System32\WindowsPowerShell\v1.0\;C:\WINDOWS\System32\OpenSSH\;C:\MyTools\MinGW\bin;C:\Program Files\Git\cmd;C:\Program Files\dotnet\;C:\Program Files\nodejs\;C:\Program Files\Docker\Docker\resources\bin;C:\Users\Sophia Moos\AppData\Local\Microsoft\WindowsApps;C:\Program Files\JetBrains\IntelliJ IDEA Community Edition 2021.2.1\bin;;C:\Users\Sophia Moos\AppData\Local\Programs\Microsoft VS Code\bin;C:\Users\Sophia Moos\AppData\Local\GitHubDesktop\bin;C:\Program Files\PostgreSQL\14\bin;;C:\Program Files\JetBrains\IntelliJ IDEA 2021.3.3\bin;;C:\Users\Sophia Moos\AppData\Roaming\npm;C:\Program Files\JetBrains\PyCharm 2022.1\bin;;C:\Users\Sophia Moos\.dotnet\tools;C:\Program Files\JetBrains\WebStorm 2022.2\bin;;.
	at org.apache.tomcat.jni.Library.<init>(Library.java:93) ~[tomcat-embed-core-9.0.65.jar:9.0.65]
	at org.apache.tomcat.jni.Library.initialize(Library.java:234) ~[tomcat-embed-core-9.0.65.jar:9.0.65]
	at org.apache.catalina.core.AprLifecycleListener.init(AprLifecycleListener.java:201) ~[tomcat-embed-core-9.0.65.jar:9.0.65]
	at org.apache.catalina.core.AprLifecycleListener.isAprAvailable(AprLifecycleListener.java:112) ~[tomcat-embed-core-9.0.65.jar:9.0.65]
	at org.springframework.boot.web.embedded.tomcat.TomcatServletWebServerFactory.getDefaultServerLifecycleListeners(TomcatServletWebServerFactory.java:182) ~[spring-boot-2.7.3.jar:2.7.3]
	at org.springframework.boot.web.embedded.tomcat.TomcatServletWebServerFactory.<init>(TomcatServletWebServerFactory.java:129) ~[spring-boot-2.7.3.jar:2.7.3]
	at org.springframework.boot.autoconfigure.web.servlet.ServletWebServerFactoryConfiguration$EmbeddedTomcat.tomcatServletWebServerFactory(ServletWebServerFactoryConfiguration.java:76) ~[spring-boot-autoconfigure-2.7.3.jar:2.7.3]
	at java.base/jdk.internal.reflect.DirectMethodHandleAccessor.invoke(DirectMethodHandleAccessor.java:104) ~[na:na]
	at java.base/java.lang.reflect.Method.invoke(Method.java:577) ~[na:na]
	at org.springframework.beans.factory.support.SimpleInstantiationStrategy.instantiate(SimpleInstantiationStrategy.java:154) ~[spring-beans-5.3.22.jar:5.3.22]
	at org.springframework.beans.factory.support.ConstructorResolver.instantiate(ConstructorResolver.java:653) ~[spring-beans-5.3.22.jar:5.3.22]
	at org.springframework.beans.factory.support.ConstructorResolver.instantiateUsingFactoryMethod(ConstructorResolver.java:638) ~[spring-beans-5.3.22.jar:5.3.22]
	at org.springframework.beans.factory.support.AbstractAutowireCapableBeanFactory.instantiateUsingFactoryMethod(AbstractAutowireCapableBeanFactory.java:1352) ~[spring-beans-5.3.22.jar:5.3.22]
	at org.springframework.beans.factory.support.AbstractAutowireCapableBeanFactory.createBeanInstance(AbstractAutowireCapableBeanFactory.java:1195) ~[spring-beans-5.3.22.jar:5.3.22]
	at org.springframework.beans.factory.support.AbstractAutowireCapableBeanFactory.doCreateBean(AbstractAutowireCapableBeanFactory.java:582) ~[spring-beans-5.3.22.jar:5.3.22]
	at org.springframework.beans.factory.support.AbstractAutowireCapableBeanFactory.createBean(AbstractAutowireCapableBeanFactory.java:542) ~[spring-beans-5.3.22.jar:5.3.22]
	at org.springframework.beans.factory.support.AbstractBeanFactory.lambda$doGetBean$0(AbstractBeanFactory.java:335) ~[spring-beans-5.3.22.jar:5.3.22]
	at org.springframework.beans.factory.support.DefaultSingletonBeanRegistry.getSingleton(DefaultSingletonBeanRegistry.java:234) ~[spring-beans-5.3.22.jar:5.3.22]
	at org.springframework.beans.factory.support.AbstractBeanFactory.doGetBean(AbstractBeanFactory.java:333) ~[spring-beans-5.3.22.jar:5.3.22]
	at org.springframework.beans.factory.support.AbstractBeanFactory.getBean(AbstractBeanFactory.java:208) ~[spring-beans-5.3.22.jar:5.3.22]
	at org.springframework.beans.factory.support.DefaultListableBeanFactory.preInstantiateSingletons(DefaultListableBeanFactory.java:955) ~[spring-beans-5.3.22.jar:5.3.22]
	at org.springframework.context.support.AbstractApplicationContext.finishBeanFactoryInitialization(AbstractApplicationContext.java:918) ~[spring-context-5.3.22.jar:5.3.22]
	at org.springframework.context.support.AbstractApplicationContext.refresh(AbstractApplicationContext.java:583) ~[spring-context-5.3.22.jar:5.3.22]
	at org.springframework.boot.SpringApplication.refresh(SpringApplication.java:734) ~[spring-boot-2.7.3.jar:2.7.3]
	at org.springframework.boot.SpringApplication.refreshContext(SpringApplication.java:408) ~[spring-boot-2.7.3.jar:2.7.3]
	at org.springframework.boot.SpringApplication.run(SpringApplication.java:308) ~[spring-boot-2.7.3.jar:2.7.3]
	at org.springframework.boot.test.context.SpringBootContextLoader.loadContext(SpringBootContextLoader.java:132) ~[spring-boot-test-2.7.3.jar:2.7.3]
	at org.springframework.test.context.cache.DefaultCacheAwareContextLoaderDelegate.loadContextInternal(DefaultCacheAwareContextLoaderDelegate.java:99) ~[spring-test-5.3.22.jar:5.3.22]
	at org.springframework.test.context.cache.DefaultCacheAwareContextLoaderDelegate.loadContext(DefaultCacheAwareContextLoaderDelegate.java:124) ~[spring-test-5.3.22.jar:5.3.22]
	at org.springframework.test.context.support.DefaultTestContext.getApplicationContext(DefaultTestContext.java:124) ~[spring-test-5.3.22.jar:5.3.22]
	at org.springframework.test.context.web.ServletTestExecutionListener.setUpRequestContextIfNecessary(ServletTestExecutionListener.java:190) ~[spring-test-5.3.22.jar:5.3.22]
	at org.springframework.test.context.web.ServletTestExecutionListener.prepareTestInstance(ServletTestExecutionListener.java:132) ~[spring-test-5.3.22.jar:5.3.22]
	at org.springframework.test.context.TestContextManager.prepareTestInstance(TestContextManager.java:248) ~[spring-test-5.3.22.jar:5.3.22]
	at org.springframework.test.context.junit.jupiter.SpringExtension.postProcessTestInstance(SpringExtension.java:138) ~[spring-test-5.3.22.jar:5.3.22]
	at org.junit.jupiter.engine.descriptor.ClassBasedTestDescriptor.lambda$invokeTestInstancePostProcessors$8(ClassBasedTestDescriptor.java:363) ~[junit-jupiter-engine-5.8.2.jar:5.8.2]
	at org.junit.jupiter.engine.descriptor.ClassBasedTestDescriptor.executeAndMaskThrowable(ClassBasedTestDescriptor.java:368) ~[junit-jupiter-engine-5.8.2.jar:5.8.2]
	at org.junit.jupiter.engine.descriptor.ClassBasedTestDescriptor.lambda$invokeTestInstancePostProcessors$9(ClassBasedTestDescriptor.java:363) ~[junit-jupiter-engine-5.8.2.jar:5.8.2]
	at java.base/java.util.stream.ReferencePipeline$3$1.accept(ReferencePipeline.java:197) ~[na:na]
	at java.base/java.util.stream.ReferencePipeline$2$1.accept(ReferencePipeline.java:179) ~[na:na]
	at java.base/java.util.ArrayList$ArrayListSpliterator.forEachRemaining(ArrayList.java:1625) ~[na:na]
	at java.base/java.util.stream.AbstractPipeline.copyInto(AbstractPipeline.java:509) ~[na:na]
	at java.base/java.util.stream.AbstractPipeline.wrapAndCopyInto(AbstractPipeline.java:499) ~[na:na]
	at java.base/java.util.stream.StreamSpliterators$WrappingSpliterator.forEachRemaining(StreamSpliterators.java:310) ~[na:na]
	at java.base/java.util.stream.Streams$ConcatSpliterator.forEachRemaining(Streams.java:735) ~[na:na]
	at java.base/java.util.stream.Streams$ConcatSpliterator.forEachRemaining(Streams.java:734) ~[na:na]
	at java.base/java.util.stream.ReferencePipeline$Head.forEach(ReferencePipeline.java:762) ~[na:na]
	at org.junit.jupiter.engine.descriptor.ClassBasedTestDescriptor.invokeTestInstancePostProcessors(ClassBasedTestDescriptor.java:362) ~[junit-jupiter-engine-5.8.2.jar:5.8.2]
	at org.junit.jupiter.engine.descriptor.ClassBasedTestDescriptor.lambda$instantiateAndPostProcessTestInstance$6(ClassBasedTestDescriptor.java:283) ~[junit-jupiter-engine-5.8.2.jar:5.8.2]
	at org.junit.platform.engine.support.hierarchical.ThrowableCollector.execute(ThrowableCollector.java:73) ~[junit-platform-engine-1.8.2.jar:1.8.2]
	at org.junit.jupiter.engine.descriptor.ClassBasedTestDescriptor.instantiateAndPostProcessTestInstance(ClassBasedTestDescriptor.java:282) ~[junit-jupiter-engine-5.8.2.jar:5.8.2]
	at org.junit.jupiter.engine.descriptor.ClassBasedTestDescriptor.lambda$testInstancesProvider$4(ClassBasedTestDescriptor.java:272) ~[junit-jupiter-engine-5.8.2.jar:5.8.2]
	at java.base/java.util.Optional.orElseGet(Optional.java:364) ~[na:na]
	at org.junit.jupiter.engine.descriptor.ClassBasedTestDescriptor.lambda$testInstancesProvider$5(ClassBasedTestDescriptor.java:271) ~[junit-jupiter-engine-5.8.2.jar:5.8.2]
	at org.junit.jupiter.engine.execution.TestInstancesProvider.getTestInstances(TestInstancesProvider.java:31) ~[junit-jupiter-engine-5.8.2.jar:5.8.2]
	at org.junit.jupiter.engine.descriptor.TestMethodTestDescriptor.lambda$prepare$0(TestMethodTestDescriptor.java:102) ~[junit-jupiter-engine-5.8.2.jar:5.8.2]
	at org.junit.platform.engine.support.hierarchical.ThrowableCollector.execute(ThrowableCollector.java:73) ~[junit-platform-engine-1.8.2.jar:1.8.2]
	at org.junit.jupiter.engine.descriptor.TestMethodTestDescriptor.prepare(TestMethodTestDescriptor.java:101) ~[junit-jupiter-engine-5.8.2.jar:5.8.2]
	at org.junit.jupiter.engine.descriptor.TestMethodTestDescriptor.prepare(TestMethodTestDescriptor.java:66) ~[junit-jupiter-engine-5.8.2.jar:5.8.2]
	at org.junit.platform.engine.support.hierarchical.NodeTestTask.lambda$prepare$2(NodeTestTask.java:123) ~[junit-platform-engine-1.8.2.jar:1.8.2]
	at org.junit.platform.engine.support.hierarchical.ThrowableCollector.execute(ThrowableCollector.java:73) ~[junit-platform-engine-1.8.2.jar:1.8.2]
	at org.junit.platform.engine.support.hierarchical.NodeTestTask.prepare(NodeTestTask.java:123) ~[junit-platform-engine-1.8.2.jar:1.8.2]
	at org.junit.platform.engine.support.hierarchical.NodeTestTask.execute(NodeTestTask.java:90) ~[junit-platform-engine-1.8.2.jar:1.8.2]
	at java.base/java.util.ArrayList.forEach(ArrayList.java:1511) ~[na:na]
	at org.junit.platform.engine.support.hierarchical.SameThreadHierarchicalTestExecutorService.invokeAll(SameThreadHierarchicalTestExecutorService.java:41) ~[junit-platform-engine-1.8.2.jar:1.8.2]
	at org.junit.platform.engine.support.hierarchical.NodeTestTask.lambda$executeRecursively$6(NodeTestTask.java:155) ~[junit-platform-engine-1.8.2.jar:1.8.2]
	at org.junit.platform.engine.support.hierarchical.ThrowableCollector.execute(ThrowableCollector.java:73) ~[junit-platform-engine-1.8.2.jar:1.8.2]
	at org.junit.platform.engine.support.hierarchical.NodeTestTask.lambda$executeRecursively$8(NodeTestTask.java:141) ~[junit-platform-engine-1.8.2.jar:1.8.2]
	at org.junit.platform.engine.support.hierarchical.Node.around(Node.java:137) ~[junit-platform-engine-1.8.2.jar:1.8.2]
	at org.junit.platform.engine.support.hierarchical.NodeTestTask.lambda$executeRecursively$9(NodeTestTask.java:139) ~[junit-platform-engine-1.8.2.jar:1.8.2]
	at org.junit.platform.engine.support.hierarchical.ThrowableCollector.execute(ThrowableCollector.java:73) ~[junit-platform-engine-1.8.2.jar:1.8.2]
	at org.junit.platform.engine.support.hierarchical.NodeTestTask.executeRecursively(NodeTestTask.java:138) ~[junit-platform-engine-1.8.2.jar:1.8.2]
	at org.junit.platform.engine.support.hierarchical.NodeTestTask.execute(NodeTestTask.java:95) ~[junit-platform-engine-1.8.2.jar:1.8.2]
	at java.base/java.util.ArrayList.forEach(ArrayList.java:1511) ~[na:na]
	at org.junit.platform.engine.support.hierarchical.SameThreadHierarchicalTestExecutorService.invokeAll(SameThreadHierarchicalTestExecutorService.java:41) ~[junit-platform-engine-1.8.2.jar:1.8.2]
	at org.junit.platform.engine.support.hierarchical.NodeTestTask.lambda$executeRecursively$6(NodeTestTask.java:155) ~[junit-platform-engine-1.8.2.jar:1.8.2]
	at org.junit.platform.engine.support.hierarchical.ThrowableCollector.execute(ThrowableCollector.java:73) ~[junit-platform-engine-1.8.2.jar:1.8.2]
	at org.junit.platform.engine.support.hierarchical.NodeTestTask.lambda$executeRecursively$8(NodeTestTask.java:141) ~[junit-platform-engine-1.8.2.jar:1.8.2]
	at org.junit.platform.engine.support.hierarchical.Node.around(Node.java:137) ~[junit-platform-engine-1.8.2.jar:1.8.2]
	at org.junit.platform.engine.support.hierarchical.NodeTestTask.lambda$executeRecursively$9(NodeTestTask.java:139) ~[junit-platform-engine-1.8.2.jar:1.8.2]
	at org.junit.platform.engine.support.hierarchical.ThrowableCollector.execute(ThrowableCollector.java:73) ~[junit-platform-engine-1.8.2.jar:1.8.2]
	at org.junit.platform.engine.support.hierarchical.NodeTestTask.executeRecursively(NodeTestTask.java:138) ~[junit-platform-engine-1.8.2.jar:1.8.2]
	at org.junit.platform.engine.support.hierarchical.NodeTestTask.execute(NodeTestTask.java:95) ~[junit-platform-engine-1.8.2.jar:1.8.2]
	at org.junit.platform.engine.support.hierarchical.SameThreadHierarchicalTestExecutorService.submit(SameThreadHierarchicalTestExecutorService.java:35) ~[junit-platform-engine-1.8.2.jar:1.8.2]
	at org.junit.platform.engine.support.hierarchical.HierarchicalTestExecutor.execute(HierarchicalTestExecutor.java:57) ~[junit-platform-engine-1.8.2.jar:1.8.2]
	at org.junit.platform.engine.support.hierarchical.HierarchicalTestEngine.execute(HierarchicalTestEngine.java:54) ~[junit-platform-engine-1.8.2.jar:1.8.2]
	at org.junit.platform.launcher.core.EngineExecutionOrchestrator.execute(EngineExecutionOrchestrator.java:108) ~[na:na]
	at org.junit.platform.launcher.core.EngineExecutionOrchestrator.execute(EngineExecutionOrchestrator.java:88) ~[na:na]
	at org.junit.platform.launcher.core.EngineExecutionOrchestrator.lambda$execute$0(EngineExecutionOrchestrator.java:54) ~[na:na]
	at org.junit.platform.launcher.core.EngineExecutionOrchestrator.withInterceptedStreams(EngineExecutionOrchestrator.java:67) ~[na:na]
	at org.junit.platform.launcher.core.EngineExecutionOrchestrator.execute(EngineExecutionOrchestrator.java:52) ~[na:na]
	at org.junit.platform.launcher.core.DefaultLauncher.execute(DefaultLauncher.java:96) ~[na:na]
	at org.junit.platform.launcher.core.DefaultLauncher.execute(DefaultLauncher.java:75) ~[na:na]
	at org.gradle.api.internal.tasks.testing.junitplatform.JUnitPlatformTestClassProcessor$CollectAllTestClassesExecutor.processAllTestClasses(JUnitPlatformTestClassProcessor.java:99) ~[na:na]
	at org.gradle.api.internal.tasks.testing.junitplatform.JUnitPlatformTestClassProcessor$CollectAllTestClassesExecutor.access$000(JUnitPlatformTestClassProcessor.java:79) ~[na:na]
	at org.gradle.api.internal.tasks.testing.junitplatform.JUnitPlatformTestClassProcessor.stop(JUnitPlatformTestClassProcessor.java:75) ~[na:na]
	at org.gradle.api.internal.tasks.testing.SuiteTestClassProcessor.stop(SuiteTestClassProcessor.java:61) ~[na:na]
	at java.base/jdk.internal.reflect.DirectMethodHandleAccessor.invoke(DirectMethodHandleAccessor.java:104) ~[na:na]
	at java.base/java.lang.reflect.Method.invoke(Method.java:577) ~[na:na]
	at org.gradle.internal.dispatch.ReflectionDispatch.dispatch(ReflectionDispatch.java:36) ~[na:na]
	at org.gradle.internal.dispatch.ReflectionDispatch.dispatch(ReflectionDispatch.java:24) ~[na:na]
	at org.gradle.internal.dispatch.ContextClassLoaderDispatch.dispatch(ContextClassLoaderDispatch.java:33) ~[na:na]
	at org.gradle.internal.dispatch.ProxyDispatchAdapter$DispatchingInvocationHandler.invoke(ProxyDispatchAdapter.java:94) ~[na:na]
	at jdk.proxy1/jdk.proxy1.$Proxy2.stop(Unknown Source) ~[na:na]
	at org.gradle.api.internal.tasks.testing.worker.TestWorker$3.run(TestWorker.java:193) ~[na:na]
	at org.gradle.api.internal.tasks.testing.worker.TestWorker.executeAndMaintainThreadName(TestWorker.java:129) ~[na:na]
	at org.gradle.api.internal.tasks.testing.worker.TestWorker.execute(TestWorker.java:100) ~[na:na]
	at org.gradle.api.internal.tasks.testing.worker.TestWorker.execute(TestWorker.java:60) ~[na:na]
	at org.gradle.process.internal.worker.child.ActionExecutionWorker.execute(ActionExecutionWorker.java:56) ~[na:na]
	at org.gradle.process.internal.worker.child.SystemApplicationClassLoaderWorker.call(SystemApplicationClassLoaderWorker.java:133) ~[na:na]
	at org.gradle.process.internal.worker.child.SystemApplicationClassLoaderWorker.call(SystemApplicationClassLoaderWorker.java:71) ~[na:na]
	at worker.org.gradle.process.internal.worker.GradleWorkerMain.run(GradleWorkerMain.java:69) ~[gradle-worker.jar:na]
	at worker.org.gradle.process.internal.worker.GradleWorkerMain.main(GradleWorkerMain.java:74) ~[gradle-worker.jar:na]

2022-11-25 14:50:27.423 DEBUG 25216 --- [    Test worker] o.s.b.f.s.DefaultListableBeanFactory     : Creating shared instance of singleton bean 'servletWebServerFactoryCustomizer'
2022-11-25 14:50:27.424 DEBUG 25216 --- [    Test worker] o.s.b.f.s.DefaultListableBeanFactory     : Creating shared instance of singleton bean 'org.springframework.boot.autoconfigure.web.servlet.ServletWebServerFactoryAutoConfiguration'
2022-11-25 14:50:27.429 DEBUG 25216 --- [    Test worker] o.s.b.f.s.DefaultListableBeanFactory     : Creating shared instance of singleton bean 'server-org.springframework.boot.autoconfigure.web.ServerProperties'
2022-11-25 14:50:27.463 DEBUG 25216 --- [    Test worker] o.s.b.f.s.DefaultListableBeanFactory     : Autowiring by type from bean name 'servletWebServerFactoryCustomizer' via factory method to bean named 'server-org.springframework.boot.autoconfigure.web.ServerProperties'
2022-11-25 14:50:27.473 DEBUG 25216 --- [    Test worker] o.s.b.f.s.DefaultListableBeanFactory     : Creating shared instance of singleton bean 'tomcatServletWebServerFactoryCustomizer'
2022-11-25 14:50:27.473 DEBUG 25216 --- [    Test worker] o.s.b.f.s.DefaultListableBeanFactory     : Autowiring by type from bean name 'tomcatServletWebServerFactoryCustomizer' via factory method to bean named 'server-org.springframework.boot.autoconfigure.web.ServerProperties'
2022-11-25 14:50:27.481 DEBUG 25216 --- [    Test worker] o.s.b.f.s.DefaultListableBeanFactory     : Creating shared instance of singleton bean 'tomcatWebServerFactoryCustomizer'
2022-11-25 14:50:27.481 DEBUG 25216 --- [    Test worker] o.s.b.f.s.DefaultListableBeanFactory     : Creating shared instance of singleton bean 'org.springframework.boot.autoconfigure.web.embedded.EmbeddedWebServerFactoryCustomizerAutoConfiguration$TomcatWebServerFactoryCustomizerConfiguration'
2022-11-25 14:50:27.486 DEBUG 25216 --- [    Test worker] o.s.b.f.s.DefaultListableBeanFactory     : Autowiring by type from bean name 'tomcatWebServerFactoryCustomizer' via factory method to bean named 'environment'
2022-11-25 14:50:27.486 DEBUG 25216 --- [    Test worker] o.s.b.f.s.DefaultListableBeanFactory     : Autowiring by type from bean name 'tomcatWebServerFactoryCustomizer' via factory method to bean named 'server-org.springframework.boot.autoconfigure.web.ServerProperties'
2022-11-25 14:50:27.496 DEBUG 25216 --- [    Test worker] o.s.b.f.s.DefaultListableBeanFactory     : Creating shared instance of singleton bean 'localeCharsetMappingsCustomizer'
2022-11-25 14:50:27.496 DEBUG 25216 --- [    Test worker] o.s.b.f.s.DefaultListableBeanFactory     : Creating shared instance of singleton bean 'org.springframework.boot.autoconfigure.web.servlet.HttpEncodingAutoConfiguration'
2022-11-25 14:50:27.497 DEBUG 25216 --- [    Test worker] o.s.b.f.s.DefaultListableBeanFactory     : Autowiring by type from bean name 'org.springframework.boot.autoconfigure.web.servlet.HttpEncodingAutoConfiguration' via constructor to bean named 'server-org.springframework.boot.autoconfigure.web.ServerProperties'
2022-11-25 14:50:27.598 DEBUG 25216 --- [    Test worker] o.s.b.f.s.DefaultListableBeanFactory     : Creating shared instance of singleton bean 'errorPageCustomizer'
2022-11-25 14:50:27.598 DEBUG 25216 --- [    Test worker] o.s.b.f.s.DefaultListableBeanFactory     : Creating shared instance of singleton bean 'org.springframework.boot.autoconfigure.web.servlet.error.ErrorMvcAutoConfiguration'
2022-11-25 14:50:27.599 DEBUG 25216 --- [    Test worker] o.s.b.f.s.DefaultListableBeanFactory     : Autowiring by type from bean name 'org.springframework.boot.autoconfigure.web.servlet.error.ErrorMvcAutoConfiguration' via constructor to bean named 'server-org.springframework.boot.autoconfigure.web.ServerProperties'
2022-11-25 14:50:27.611 DEBUG 25216 --- [    Test worker] o.s.b.f.s.DefaultListableBeanFactory     : Creating shared instance of singleton bean 'dispatcherServletRegistration'
2022-11-25 14:50:27.612 DEBUG 25216 --- [    Test worker] o.s.b.f.s.DefaultListableBeanFactory     : Creating shared instance of singleton bean 'org.springframework.boot.autoconfigure.web.servlet.DispatcherServletAutoConfiguration$DispatcherServletRegistrationConfiguration'
2022-11-25 14:50:27.617 DEBUG 25216 --- [    Test worker] o.s.b.f.s.DefaultListableBeanFactory     : Creating shared instance of singleton bean 'dispatcherServlet'
2022-11-25 14:50:27.618 DEBUG 25216 --- [    Test worker] o.s.b.f.s.DefaultListableBeanFactory     : Creating shared instance of singleton bean 'org.springframework.boot.autoconfigure.web.servlet.DispatcherServletAutoConfiguration$DispatcherServletConfiguration'
2022-11-25 14:50:27.623 DEBUG 25216 --- [    Test worker] o.s.b.f.s.DefaultListableBeanFactory     : Creating shared instance of singleton bean 'spring.mvc-org.springframework.boot.autoconfigure.web.servlet.WebMvcProperties'
2022-11-25 14:50:27.634 DEBUG 25216 --- [    Test worker] o.s.b.f.s.DefaultListableBeanFactory     : Autowiring by type from bean name 'dispatcherServlet' via factory method to bean named 'spring.mvc-org.springframework.boot.autoconfigure.web.servlet.WebMvcProperties'
2022-11-25 14:50:27.703 DEBUG 25216 --- [    Test worker] o.s.b.f.s.DefaultListableBeanFactory     : Autowiring by type from bean name 'dispatcherServletRegistration' via factory method to bean named 'dispatcherServlet'
2022-11-25 14:50:27.703 DEBUG 25216 --- [    Test worker] o.s.b.f.s.DefaultListableBeanFactory     : Autowiring by type from bean name 'dispatcherServletRegistration' via factory method to bean named 'spring.mvc-org.springframework.boot.autoconfigure.web.servlet.WebMvcProperties'
2022-11-25 14:50:27.707 DEBUG 25216 --- [    Test worker] o.s.b.f.s.DefaultListableBeanFactory     : Creating shared instance of singleton bean 'multipartConfigElement'
2022-11-25 14:50:27.708 DEBUG 25216 --- [    Test worker] o.s.b.f.s.DefaultListableBeanFactory     : Creating shared instance of singleton bean 'org.springframework.boot.autoconfigure.web.servlet.MultipartAutoConfiguration'
2022-11-25 14:50:27.709 DEBUG 25216 --- [    Test worker] o.s.b.f.s.DefaultListableBeanFactory     : Creating shared instance of singleton bean 'spring.servlet.multipart-org.springframework.boot.autoconfigure.web.servlet.MultipartProperties'
2022-11-25 14:50:27.724 DEBUG 25216 --- [    Test worker] o.s.b.f.s.DefaultListableBeanFactory     : Autowiring by type from bean name 'org.springframework.boot.autoconfigure.web.servlet.MultipartAutoConfiguration' via constructor to bean named 'spring.servlet.multipart-org.springframework.boot.autoconfigure.web.servlet.MultipartProperties'
2022-11-25 14:50:27.765 DEBUG 25216 --- [    Test worker] o.s.b.f.s.DefaultListableBeanFactory     : Autowiring by type from bean name 'errorPageCustomizer' via factory method to bean named 'dispatcherServletRegistration'
2022-11-25 14:50:27.782 DEBUG 25216 --- [    Test worker] o.s.b.f.s.DefaultListableBeanFactory     : Creating shared instance of singleton bean 'org.springframework.boot.autoconfigure.web.servlet.DispatcherServletAutoConfiguration'
2022-11-25 14:50:27.785 DEBUG 25216 --- [    Test worker] o.s.b.f.s.DefaultListableBeanFactory     : Creating shared instance of singleton bean 'org.springframework.boot.autoconfigure.task.TaskExecutionAutoConfiguration'
2022-11-25 14:50:27.793 DEBUG 25216 --- [    Test worker] o.s.b.f.s.DefaultListableBeanFactory     : Creating shared instance of singleton bean 'taskExecutorBuilder'
2022-11-25 14:50:27.796 DEBUG 25216 --- [    Test worker] o.s.b.f.s.DefaultListableBeanFactory     : Creating shared instance of singleton bean 'spring.task.execution-org.springframework.boot.autoconfigure.task.TaskExecutionProperties'
2022-11-25 14:50:27.803 DEBUG 25216 --- [    Test worker] o.s.b.f.s.DefaultListableBeanFactory     : Autowiring by type from bean name 'taskExecutorBuilder' via factory method to bean named 'spring.task.execution-org.springframework.boot.autoconfigure.task.TaskExecutionProperties'
2022-11-25 14:50:27.812 DEBUG 25216 --- [    Test worker] o.s.b.f.s.DefaultListableBeanFactory     : Creating shared instance of singleton bean 'org.springframework.boot.autoconfigure.validation.ValidationAutoConfiguration'
2022-11-25 14:50:27.816 DEBUG 25216 --- [    Test worker] o.s.b.f.s.DefaultListableBeanFactory     : Creating shared instance of singleton bean 'defaultValidator'
2022-11-25 14:50:27.816 DEBUG 25216 --- [    Test worker] o.s.b.f.s.DefaultListableBeanFactory     : Autowiring by type from bean name 'defaultValidator' via factory method to bean named 'org.springframework.web.context.support.GenericWebApplicationContext@f973499'
2022-11-25 14:50:27.825 DEBUG 25216 --- [    Test worker] .h.v.m.ResourceBundleMessageInterpolator : Loaded expression factory via original TCCL
2022-11-25 14:50:27.855 DEBUG 25216 --- [    Test worker] o.h.v.i.e.AbstractConfigurationImpl      : Setting custom MessageInterpolator of type org.springframework.validation.beanvalidation.LocaleContextMessageInterpolator
2022-11-25 14:50:27.856 DEBUG 25216 --- [    Test worker] o.h.v.i.e.AbstractConfigurationImpl      : Setting custom ConstraintValidatorFactory of type org.springframework.validation.beanvalidation.SpringConstraintValidatorFactory
2022-11-25 14:50:27.858 DEBUG 25216 --- [    Test worker] o.h.v.i.e.AbstractConfigurationImpl      : Setting custom ParameterNameProvider of type org.springframework.validation.beanvalidation.LocalValidatorFactoryBean$1
2022-11-25 14:50:27.861 DEBUG 25216 --- [    Test worker] o.h.v.i.xml.config.ValidationXmlParser   : Trying to load META-INF/validation.xml for XML based Validator configuration.
2022-11-25 14:50:27.861 DEBUG 25216 --- [    Test worker] o.h.v.i.xml.config.ResourceLoaderHelper  : Trying to load META-INF/validation.xml via user class loader
2022-11-25 14:50:27.862 DEBUG 25216 --- [    Test worker] o.h.v.i.xml.config.ResourceLoaderHelper  : Trying to load META-INF/validation.xml via TCCL
2022-11-25 14:50:27.862 DEBUG 25216 --- [    Test worker] o.h.v.i.xml.config.ResourceLoaderHelper  : Trying to load META-INF/validation.xml via Hibernate Validator's class loader
2022-11-25 14:50:27.863 DEBUG 25216 --- [    Test worker] o.h.v.i.xml.config.ValidationXmlParser   : No META-INF/validation.xml found. Using annotation based configuration only.
2022-11-25 14:50:27.863 DEBUG 25216 --- [    Test worker] o.h.v.i.e.resolver.TraversableResolvers  : Found javax.persistence.Persistence on classpath containing 'getPersistenceUtil'. Assuming JPA 2 environment. Trying to instantiate JPA aware TraversableResolver
2022-11-25 14:50:27.863 DEBUG 25216 --- [    Test worker] o.h.v.i.e.resolver.TraversableResolvers  : Instantiated JPA aware TraversableResolver of type org.hibernate.validator.internal.engine.resolver.JPATraversableResolver.
2022-11-25 14:50:27.866 DEBUG 25216 --- [    Test worker] .i.e.ValidatorFactoryConfigurationHelper : HV000252: Using org.hibernate.validator.internal.engine.DefaultPropertyNodeNameProvider as property node name provider.
2022-11-25 14:50:27.867 DEBUG 25216 --- [    Test worker] .i.e.ValidatorFactoryConfigurationHelper : HV000234: Using org.springframework.validation.beanvalidation.LocaleContextMessageInterpolator as ValidatorFactory-scoped message interpolator.
2022-11-25 14:50:27.867 DEBUG 25216 --- [    Test worker] .i.e.ValidatorFactoryConfigurationHelper : HV000234: Using org.hibernate.validator.internal.engine.resolver.JPATraversableResolver as ValidatorFactory-scoped traversable resolver.
2022-11-25 14:50:27.867 DEBUG 25216 --- [    Test worker] .i.e.ValidatorFactoryConfigurationHelper : HV000234: Using org.hibernate.validator.internal.util.ExecutableParameterNameProvider as ValidatorFactory-scoped parameter name provider.
2022-11-25 14:50:27.868 DEBUG 25216 --- [    Test worker] .i.e.ValidatorFactoryConfigurationHelper : HV000234: Using org.hibernate.validator.internal.engine.DefaultClockProvider as ValidatorFactory-scoped clock provider.
2022-11-25 14:50:27.868 DEBUG 25216 --- [    Test worker] .i.e.ValidatorFactoryConfigurationHelper : HV000234: Using org.hibernate.validator.internal.engine.scripting.DefaultScriptEvaluatorFactory as ValidatorFactory-scoped script evaluator factory.
2022-11-25 14:50:27.874 DEBUG 25216 --- [    Test worker] o.s.b.f.s.DefaultListableBeanFactory     : Creating shared instance of singleton bean 'org.springframework.boot.autoconfigure.web.servlet.error.ErrorMvcAutoConfiguration$WhitelabelErrorViewConfiguration'
2022-11-25 14:50:27.880 DEBUG 25216 --- [    Test worker] o.s.b.f.s.DefaultListableBeanFactory     : Creating shared instance of singleton bean 'error'
2022-11-25 14:50:27.886 DEBUG 25216 --- [    Test worker] o.s.b.f.s.DefaultListableBeanFactory     : Creating shared instance of singleton bean 'beanNameViewResolver'
2022-11-25 14:50:27.907 DEBUG 25216 --- [    Test worker] o.s.b.f.s.DefaultListableBeanFactory     : Creating shared instance of singleton bean 'org.springframework.boot.autoconfigure.web.servlet.error.ErrorMvcAutoConfiguration$DefaultErrorViewResolverConfiguration'
2022-11-25 14:50:27.909 DEBUG 25216 --- [    Test worker] o.s.b.f.s.DefaultListableBeanFactory     : Creating shared instance of singleton bean 'spring.web-org.springframework.boot.autoconfigure.web.WebProperties'
2022-11-25 14:50:27.928 DEBUG 25216 --- [    Test worker] o.s.b.f.s.DefaultListableBeanFactory     : Autowiring by type from bean name 'org.springframework.boot.autoconfigure.web.servlet.error.ErrorMvcAutoConfiguration$DefaultErrorViewResolverConfiguration' via constructor to bean named 'org.springframework.web.context.support.GenericWebApplicationContext@f973499'
2022-11-25 14:50:27.928 DEBUG 25216 --- [    Test worker] o.s.b.f.s.DefaultListableBeanFactory     : Autowiring by type from bean name 'org.springframework.boot.autoconfigure.web.servlet.error.ErrorMvcAutoConfiguration$DefaultErrorViewResolverConfiguration' via constructor to bean named 'spring.web-org.springframework.boot.autoconfigure.web.WebProperties'
2022-11-25 14:50:27.934 DEBUG 25216 --- [    Test worker] o.s.b.f.s.DefaultListableBeanFactory     : Creating shared instance of singleton bean 'conventionErrorViewResolver'
2022-11-25 14:50:27.946 DEBUG 25216 --- [    Test worker] o.s.b.f.s.DefaultListableBeanFactory     : Creating shared instance of singleton bean 'errorAttributes'
2022-11-25 14:50:27.962 DEBUG 25216 --- [    Test worker] o.s.b.f.s.DefaultListableBeanFactory     : Creating shared instance of singleton bean 'basicErrorController'
2022-11-25 14:50:27.964 DEBUG 25216 --- [    Test worker] o.s.b.f.s.DefaultListableBeanFactory     : Autowiring by type from bean name 'basicErrorController' via factory method to bean named 'errorAttributes'
2022-11-25 14:50:27.975 DEBUG 25216 --- [    Test worker] o.s.b.f.s.DefaultListableBeanFactory     : Creating shared instance of singleton bean 'org.springframework.boot.autoconfigure.web.servlet.WebMvcAutoConfiguration$EnableWebMvcConfiguration'
2022-11-25 14:50:27.978 DEBUG 25216 --- [    Test worker] o.s.b.f.s.DefaultListableBeanFactory     : Autowiring by type from bean name 'org.springframework.boot.autoconfigure.web.servlet.WebMvcAutoConfiguration$EnableWebMvcConfiguration' via constructor to bean named 'spring.mvc-org.springframework.boot.autoconfigure.web.servlet.WebMvcProperties'
2022-11-25 14:50:27.978 DEBUG 25216 --- [    Test worker] o.s.b.f.s.DefaultListableBeanFactory     : Autowiring by type from bean name 'org.springframework.boot.autoconfigure.web.servlet.WebMvcAutoConfiguration$EnableWebMvcConfiguration' via constructor to bean named 'spring.web-org.springframework.boot.autoconfigure.web.WebProperties'
2022-11-25 14:50:27.978 DEBUG 25216 --- [    Test worker] o.s.b.f.s.DefaultListableBeanFactory     : Autowiring by type from bean name 'org.springframework.boot.autoconfigure.web.servlet.WebMvcAutoConfiguration$EnableWebMvcConfiguration' via constructor to bean named 'org.springframework.beans.factory.support.DefaultListableBeanFactory@4dafba3e'
2022-11-25 14:50:28.015 DEBUG 25216 --- [    Test worker] o.s.b.f.s.DefaultListableBeanFactory     : Creating shared instance of singleton bean 'org.springframework.boot.autoconfigure.web.servlet.WebMvcAutoConfiguration$WebMvcAutoConfigurationAdapter'
2022-11-25 14:50:28.016 DEBUG 25216 --- [    Test worker] o.s.b.f.s.DefaultListableBeanFactory     : Autowiring by type from bean name 'org.springframework.boot.autoconfigure.web.servlet.WebMvcAutoConfiguration$WebMvcAutoConfigurationAdapter' via constructor to bean named 'spring.web-org.springframework.boot.autoconfigure.web.WebProperties'
2022-11-25 14:50:28.016 DEBUG 25216 --- [    Test worker] o.s.b.f.s.DefaultListableBeanFactory     : Autowiring by type from bean name 'org.springframework.boot.autoconfigure.web.servlet.WebMvcAutoConfiguration$WebMvcAutoConfigurationAdapter' via constructor to bean named 'spring.mvc-org.springframework.boot.autoconfigure.web.servlet.WebMvcProperties'
2022-11-25 14:50:28.016 DEBUG 25216 --- [    Test worker] o.s.b.f.s.DefaultListableBeanFactory     : Autowiring by type from bean name 'org.springframework.boot.autoconfigure.web.servlet.WebMvcAutoConfiguration$WebMvcAutoConfigurationAdapter' via constructor to bean named 'org.springframework.beans.factory.support.DefaultListableBeanFactory@4dafba3e'
2022-11-25 14:50:28.025 DEBUG 25216 --- [    Test worker] o.s.b.f.s.DefaultListableBeanFactory     : Creating shared instance of singleton bean 'resourceHandlerRegistrationCustomizer'
2022-11-25 14:50:28.025 DEBUG 25216 --- [    Test worker] o.s.b.f.s.DefaultListableBeanFactory     : Creating shared instance of singleton bean 'org.springframework.boot.autoconfigure.web.servlet.WebMvcAutoConfiguration$ResourceChainCustomizerConfiguration'
2022-11-25 14:50:28.029 DEBUG 25216 --- [    Test worker] o.s.b.f.s.DefaultListableBeanFactory     : Autowiring by type from bean name 'resourceHandlerRegistrationCustomizer' via factory method to bean named 'spring.web-org.springframework.boot.autoconfigure.web.WebProperties'
2022-11-25 14:50:28.050 DEBUG 25216 --- [    Test worker] o.s.b.f.s.DefaultListableBeanFactory     : Creating shared instance of singleton bean 'swaggerWebMvcConfigurer'
2022-11-25 14:50:28.050 DEBUG 25216 --- [    Test worker] o.s.b.f.s.DefaultListableBeanFactory     : Creating shared instance of singleton bean 'org.springdoc.webmvc.ui.SwaggerConfig'
2022-11-25 14:50:28.057 DEBUG 25216 --- [    Test worker] o.s.b.f.s.DefaultListableBeanFactory     : Creating shared instance of singleton bean 'org.springdoc.core.SwaggerUiConfigParameters'
2022-11-25 14:50:28.061 DEBUG 25216 --- [    Test worker] o.s.b.f.s.DefaultListableBeanFactory     : Creating shared instance of singleton bean 'org.springdoc.core.SwaggerUiConfigProperties'
2022-11-25 14:50:28.084 DEBUG 25216 --- [    Test worker] o.s.b.f.s.DefaultListableBeanFactory     : Autowiring by type from bean name 'org.springdoc.core.SwaggerUiConfigParameters' via constructor to bean named 'org.springdoc.core.SwaggerUiConfigProperties'
2022-11-25 14:50:28.120 DEBUG 25216 --- [    Test worker] o.s.b.f.s.DefaultListableBeanFactory     : Creating shared instance of singleton bean 'indexPageTransformer'
2022-11-25 14:50:28.122 DEBUG 25216 --- [    Test worker] o.s.b.f.s.DefaultListableBeanFactory     : Creating shared instance of singleton bean 'org.springdoc.core.SwaggerUiOAuthProperties'
2022-11-25 14:50:28.139 DEBUG 25216 --- [    Test worker] o.s.b.f.s.DefaultListableBeanFactory     : Creating shared instance of singleton bean 'swaggerWelcome'
2022-11-25 14:50:28.142 DEBUG 25216 --- [    Test worker] o.s.b.f.s.DefaultListableBeanFactory     : Creating shared instance of singleton bean 'org.springdoc.core.SpringDocConfigProperties'
2022-11-25 14:50:28.174 DEBUG 25216 --- [    Test worker] o.s.b.f.s.DefaultListableBeanFactory     : Creating shared instance of singleton bean 'springWebProvider'
2022-11-25 14:50:28.175 DEBUG 25216 --- [    Test worker] o.s.b.f.s.DefaultListableBeanFactory     : Creating shared instance of singleton bean 'org.springdoc.webmvc.core.SpringDocWebMvcConfiguration'
2022-11-25 14:50:28.201 DEBUG 25216 --- [    Test worker] o.s.b.f.s.DefaultListableBeanFactory     : Autowiring by type from bean name 'swaggerWelcome' via factory method to bean named 'org.springdoc.core.SwaggerUiConfigProperties'
2022-11-25 14:50:28.201 DEBUG 25216 --- [    Test worker] o.s.b.f.s.DefaultListableBeanFactory     : Autowiring by type from bean name 'swaggerWelcome' via factory method to bean named 'org.springdoc.core.SpringDocConfigProperties'
2022-11-25 14:50:28.201 DEBUG 25216 --- [    Test worker] o.s.b.f.s.DefaultListableBeanFactory     : Autowiring by type from bean name 'swaggerWelcome' via factory method to bean named 'org.springdoc.core.SwaggerUiConfigParameters'
2022-11-25 14:50:28.201 DEBUG 25216 --- [    Test worker] o.s.b.f.s.DefaultListableBeanFactory     : Autowiring by type from bean name 'swaggerWelcome' via factory method to bean named 'springWebProvider'
2022-11-25 14:50:28.288 DEBUG 25216 --- [    Test worker] o.s.b.f.s.DefaultListableBeanFactory     : Autowiring by type from bean name 'indexPageTransformer' via factory method to bean named 'org.springdoc.core.SwaggerUiConfigProperties'
2022-11-25 14:50:28.288 DEBUG 25216 --- [    Test worker] o.s.b.f.s.DefaultListableBeanFactory     : Autowiring by type from bean name 'indexPageTransformer' via factory method to bean named 'org.springdoc.core.SwaggerUiOAuthProperties'
2022-11-25 14:50:28.288 DEBUG 25216 --- [    Test worker] o.s.b.f.s.DefaultListableBeanFactory     : Autowiring by type from bean name 'indexPageTransformer' via factory method to bean named 'org.springdoc.core.SwaggerUiConfigParameters'
2022-11-25 14:50:28.288 DEBUG 25216 --- [    Test worker] o.s.b.f.s.DefaultListableBeanFactory     : Autowiring by type from bean name 'indexPageTransformer' via factory method to bean named 'swaggerWelcome'
2022-11-25 14:50:28.506 DEBUG 25216 --- [    Test worker] o.s.b.f.s.DefaultListableBeanFactory     : Autowiring by type from bean name 'swaggerWebMvcConfigurer' via factory method to bean named 'org.springdoc.core.SwaggerUiConfigParameters'
2022-11-25 14:50:28.506 DEBUG 25216 --- [    Test worker] o.s.b.f.s.DefaultListableBeanFactory     : Autowiring by type from bean name 'swaggerWebMvcConfigurer' via factory method to bean named 'indexPageTransformer'
2022-11-25 14:50:28.515 DEBUG 25216 --- [    Test worker] o.s.b.f.s.DefaultListableBeanFactory     : Creating shared instance of singleton bean 'openEntityManagerInViewInterceptorConfigurer'
2022-11-25 14:50:28.515 DEBUG 25216 --- [    Test worker] o.s.b.f.s.DefaultListableBeanFactory     : Creating shared instance of singleton bean 'org.springframework.boot.autoconfigure.orm.jpa.JpaBaseConfiguration$JpaWebConfiguration'
2022-11-25 14:50:28.516 DEBUG 25216 --- [    Test worker] o.s.b.f.s.DefaultListableBeanFactory     : Autowiring by type from bean name 'org.springframework.boot.autoconfigure.orm.jpa.JpaBaseConfiguration$JpaWebConfiguration' via constructor to bean named 'spring.jpa-org.springframework.boot.autoconfigure.orm.jpa.JpaProperties'
2022-11-25 14:50:28.521 DEBUG 25216 --- [    Test worker] o.s.b.f.s.DefaultListableBeanFactory     : Creating shared instance of singleton bean 'openEntityManagerInViewInterceptor'
2022-11-25 14:50:28.522  WARN 25216 --- [    Test worker] JpaBaseConfiguration$JpaWebConfiguration : spring.jpa.open-in-view is enabled by default. Therefore, database queries may be performed during view rendering. Explicitly configure spring.jpa.open-in-view to disable this warning
2022-11-25 14:50:28.541 DEBUG 25216 --- [    Test worker] o.s.b.f.s.DefaultListableBeanFactory     : Autowiring by type from bean name 'openEntityManagerInViewInterceptorConfigurer' via factory method to bean named 'openEntityManagerInViewInterceptor'
2022-11-25 14:50:28.549 DEBUG 25216 --- [    Test worker] o.s.b.f.s.DefaultListableBeanFactory     : Creating shared instance of singleton bean 'org.springframework.data.web.config.SpringDataWebConfiguration'
2022-11-25 14:50:28.551 DEBUG 25216 --- [    Test worker] o.s.b.f.s.DefaultListableBeanFactory     : Autowiring by type from bean name 'org.springframework.data.web.config.SpringDataWebConfiguration' via constructor to bean named 'org.springframework.web.context.support.GenericWebApplicationContext@f973499'
2022-11-25 14:50:28.568 DEBUG 25216 --- [    Test worker] o.s.b.f.s.DefaultListableBeanFactory     : Creating shared instance of singleton bean 'org.springframework.security.config.annotation.web.configuration.WebMvcSecurityConfiguration'
2022-11-25 14:50:28.583 DEBUG 25216 --- [    Test worker] o.s.b.f.s.DefaultListableBeanFactory     : Creating shared instance of singleton bean 'requestMappingHandlerAdapter'
2022-11-25 14:50:28.585 DEBUG 25216 --- [    Test worker] o.s.b.f.s.DefaultListableBeanFactory     : Creating shared instance of singleton bean 'mvcContentNegotiationManager'
2022-11-25 14:50:28.610 DEBUG 25216 --- [    Test worker] o.s.b.f.s.DefaultListableBeanFactory     : Creating shared instance of singleton bean 'mvcConversionService'
2022-11-25 14:50:28.662 DEBUG 25216 --- [    Test worker] o.s.b.f.s.DefaultListableBeanFactory     : Creating shared instance of singleton bean 'mvcValidator'
2022-11-25 14:50:28.677 DEBUG 25216 --- [    Test worker] o.s.b.f.s.DefaultListableBeanFactory     : Autowiring by type from bean name 'requestMappingHandlerAdapter' via factory method to bean named 'mvcContentNegotiationManager'
2022-11-25 14:50:28.677 DEBUG 25216 --- [    Test worker] o.s.b.f.s.DefaultListableBeanFactory     : Autowiring by type from bean name 'requestMappingHandlerAdapter' via factory method to bean named 'mvcConversionService'
2022-11-25 14:50:28.678 DEBUG 25216 --- [    Test worker] o.s.b.f.s.DefaultListableBeanFactory     : Autowiring by type from bean name 'requestMappingHandlerAdapter' via factory method to bean named 'mvcValidator'
2022-11-25 14:50:28.680 DEBUG 25216 --- [    Test worker] o.s.b.f.s.DefaultListableBeanFactory     : Autowiring by type from bean name 'requestMappingHandlerAdapter' via factory method to bean named 'mvcContentNegotiationManager'
2022-11-25 14:50:28.680 DEBUG 25216 --- [    Test worker] o.s.b.f.s.DefaultListableBeanFactory     : Autowiring by type from bean name 'requestMappingHandlerAdapter' via factory method to bean named 'mvcConversionService'
2022-11-25 14:50:28.680 DEBUG 25216 --- [    Test worker] o.s.b.f.s.DefaultListableBeanFactory     : Autowiring by type from bean name 'requestMappingHandlerAdapter' via factory method to bean named 'mvcValidator'
2022-11-25 14:50:28.718 DEBUG 25216 --- [    Test worker] o.s.b.f.s.DefaultListableBeanFactory     : Creating shared instance of singleton bean 'messageConverters'
2022-11-25 14:50:28.718 DEBUG 25216 --- [    Test worker] o.s.b.f.s.DefaultListableBeanFactory     : Creating shared instance of singleton bean 'org.springframework.boot.autoconfigure.http.HttpMessageConvertersAutoConfiguration'
2022-11-25 14:50:28.734 DEBUG 25216 --- [    Test worker] o.s.b.f.s.DefaultListableBeanFactory     : Creating shared instance of singleton bean 'stringHttpMessageConverter'
2022-11-25 14:50:28.734 DEBUG 25216 --- [    Test worker] o.s.b.f.s.DefaultListableBeanFactory     : Creating shared instance of singleton bean 'org.springframework.boot.autoconfigure.http.HttpMessageConvertersAutoConfiguration$StringHttpMessageConverterConfiguration'
2022-11-25 14:50:28.738 DEBUG 25216 --- [    Test worker] o.s.b.f.s.DefaultListableBeanFactory     : Autowiring by type from bean name 'stringHttpMessageConverter' via factory method to bean named 'environment'
2022-11-25 14:50:28.768 DEBUG 25216 --- [    Test worker] o.s.b.f.s.DefaultListableBeanFactory     : Creating shared instance of singleton bean 'mappingJackson2HttpMessageConverter'
2022-11-25 14:50:28.768 DEBUG 25216 --- [    Test worker] o.s.b.f.s.DefaultListableBeanFactory     : Creating shared instance of singleton bean 'org.springframework.boot.autoconfigure.http.JacksonHttpMessageConvertersConfiguration$MappingJackson2HttpMessageConverterConfiguration'
2022-11-25 14:50:28.772 DEBUG 25216 --- [    Test worker] o.s.b.f.s.DefaultListableBeanFactory     : Creating shared instance of singleton bean 'jacksonObjectMapper'
2022-11-25 14:50:28.772 DEBUG 25216 --- [    Test worker] o.s.b.f.s.DefaultListableBeanFactory     : Creating shared instance of singleton bean 'org.springframework.boot.autoconfigure.jackson.JacksonAutoConfiguration$JacksonObjectMapperConfiguration'
2022-11-25 14:50:28.775 DEBUG 25216 --- [    Test worker] o.s.b.f.s.DefaultListableBeanFactory     : Creating shared instance of singleton bean 'org.springframework.boot.autoconfigure.jackson.JacksonAutoConfiguration$JacksonObjectMapperBuilderConfiguration'
2022-11-25 14:50:28.779 DEBUG 25216 --- [    Test worker] o.s.b.f.s.DefaultListableBeanFactory     : Creating shared instance of singleton bean 'standardJacksonObjectMapperBuilderCustomizer'
2022-11-25 14:50:28.779 DEBUG 25216 --- [    Test worker] o.s.b.f.s.DefaultListableBeanFactory     : Creating shared instance of singleton bean 'org.springframework.boot.autoconfigure.jackson.JacksonAutoConfiguration$Jackson2ObjectMapperBuilderCustomizerConfiguration'
2022-11-25 14:50:28.783 DEBUG 25216 --- [    Test worker] o.s.b.f.s.DefaultListableBeanFactory     : Creating shared instance of singleton bean 'spring.jackson-org.springframework.boot.autoconfigure.jackson.JacksonProperties'
2022-11-25 14:50:28.794 DEBUG 25216 --- [    Test worker] o.s.b.f.s.DefaultListableBeanFactory     : Autowiring by type from bean name 'standardJacksonObjectMapperBuilderCustomizer' via factory method to bean named 'org.springframework.web.context.support.GenericWebApplicationContext@f973499'
2022-11-25 14:50:28.794 DEBUG 25216 --- [    Test worker] o.s.b.f.s.DefaultListableBeanFactory     : Autowiring by type from bean name 'standardJacksonObjectMapperBuilderCustomizer' via factory method to bean named 'spring.jackson-org.springframework.boot.autoconfigure.jackson.JacksonProperties'
2022-11-25 14:50:28.801 DEBUG 25216 --- [    Test worker] o.s.b.f.s.DefaultListableBeanFactory     : Autowiring by type from bean name 'jacksonObjectMapperBuilder' via factory method to bean named 'org.springframework.web.context.support.GenericWebApplicationContext@f973499'
2022-11-25 14:50:28.801 DEBUG 25216 --- [    Test worker] o.s.b.f.s.DefaultListableBeanFactory     : Autowiring by type from bean name 'jacksonObjectMapperBuilder' via factory method to bean named 'standardJacksonObjectMapperBuilderCustomizer'
2022-11-25 14:50:28.804 DEBUG 25216 --- [    Test worker] o.s.b.f.s.DefaultListableBeanFactory     : Creating shared instance of singleton bean 'parameterNamesModule'
2022-11-25 14:50:28.804 DEBUG 25216 --- [    Test worker] o.s.b.f.s.DefaultListableBeanFactory     : Creating shared instance of singleton bean 'org.springframework.boot.autoconfigure.jackson.JacksonAutoConfiguration$ParameterNamesModuleConfiguration'
2022-11-25 14:50:28.837 DEBUG 25216 --- [    Test worker] o.s.b.f.s.DefaultListableBeanFactory     : Creating shared instance of singleton bean 'jsonComponentModule'
2022-11-25 14:50:28.837 DEBUG 25216 --- [    Test worker] o.s.b.f.s.DefaultListableBeanFactory     : Creating shared instance of singleton bean 'org.springframework.boot.autoconfigure.jackson.JacksonAutoConfiguration'
2022-11-25 14:50:28.857 DEBUG 25216 --- [    Test worker] o.s.b.f.s.DefaultListableBeanFactory     : Creating shared instance of singleton bean 'jsonMixinModule'
2022-11-25 14:50:28.857 DEBUG 25216 --- [    Test worker] o.s.b.f.s.DefaultListableBeanFactory     : Autowiring by type from bean name 'jsonMixinModule' via factory method to bean named 'org.springframework.web.context.support.GenericWebApplicationContext@f973499'
2022-11-25 14:50:28.885 DEBUG 25216 --- [    Test worker] o.s.b.f.s.DefaultListableBeanFactory     : Creating shared instance of singleton bean 'jacksonGeoModule'
2022-11-25 14:50:28.885 DEBUG 25216 --- [    Test worker] o.s.b.f.s.DefaultListableBeanFactory     : Creating shared instance of singleton bean 'org.springframework.data.web.config.SpringDataJacksonConfiguration'
2022-11-25 14:50:28.911 DEBUG 25216 --- [    Test worker] o.s.b.f.s.DefaultListableBeanFactory     : Autowiring by type from bean name 'jacksonObjectMapper' via factory method to bean named 'jacksonObjectMapperBuilder'
2022-11-25 14:50:28.968 DEBUG 25216 --- [    Test worker] o.s.b.f.s.DefaultListableBeanFactory     : Autowiring by type from bean name 'mappingJackson2HttpMessageConverter' via factory method to bean named 'jacksonObjectMapper'
2022-11-25 14:50:29.103 DEBUG 25216 --- [    Test worker] o.s.b.f.s.DefaultListableBeanFactory     : Creating shared instance of singleton bean 'sortResolver'
2022-11-25 14:50:29.106 DEBUG 25216 --- [    Test worker] o.s.b.f.s.DefaultListableBeanFactory     : Creating shared instance of singleton bean 'sortCustomizer'
2022-11-25 14:50:29.106 DEBUG 25216 --- [    Test worker] o.s.b.f.s.DefaultListableBeanFactory     : Creating shared instance of singleton bean 'org.springframework.boot.autoconfigure.data.web.SpringDataWebAutoConfiguration'
2022-11-25 14:50:29.108 DEBUG 25216 --- [    Test worker] o.s.b.f.s.DefaultListableBeanFactory     : Creating shared instance of singleton bean 'spring.data.web-org.springframework.boot.autoconfigure.data.web.SpringDataWebProperties'
2022-11-25 14:50:29.115 DEBUG 25216 --- [    Test worker] o.s.b.f.s.DefaultListableBeanFactory     : Autowiring by type from bean name 'org.springframework.boot.autoconfigure.data.web.SpringDataWebAutoConfiguration' via constructor to bean named 'spring.data.web-org.springframework.boot.autoconfigure.data.web.SpringDataWebProperties'
2022-11-25 14:50:29.136 DEBUG 25216 --- [    Test worker] o.s.b.f.s.DefaultListableBeanFactory     : Creating shared instance of singleton bean 'pageableResolver'
2022-11-25 14:50:29.142 DEBUG 25216 --- [    Test worker] o.s.b.f.s.DefaultListableBeanFactory     : Creating shared instance of singleton bean 'pageableCustomizer'
2022-11-25 14:50:29.169 DEBUG 25216 --- [    Test worker] o.s.b.f.s.DefaultListableBeanFactory     : Creating shared instance of singleton bean 'applicationTaskExecutor'
2022-11-25 14:50:29.170 DEBUG 25216 --- [    Test worker] o.s.b.f.s.DefaultListableBeanFactory     : Autowiring by type from bean name 'applicationTaskExecutor' via factory method to bean named 'taskExecutorBuilder'
2022-11-25 14:50:29.209 DEBUG 25216 --- [    Test worker] o.s.s.concurrent.ThreadPoolTaskExecutor  : Initializing ExecutorService 'applicationTaskExecutor'
2022-11-25 14:50:29.259 DEBUG 25216 --- [    Test worker] o.s.b.f.s.DefaultListableBeanFactory     : Creating shared instance of singleton bean 'org.springdoc.core.SpringDocConfiguration$OpenApiResourceAdvice'
2022-11-25 14:50:29.263 DEBUG 25216 --- [    Test worker] o.s.b.f.s.DefaultListableBeanFactory     : Creating shared instance of singleton bean 'org.springdoc.core.SpringDocConfiguration'
2022-11-25 14:50:29.278 DEBUG 25216 --- [    Test worker] o.s.b.f.s.DefaultListableBeanFactory     : Autowiring by type from bean name 'org.springdoc.core.SpringDocConfiguration$OpenApiResourceAdvice' via constructor to bean named 'org.springdoc.core.SpringDocConfiguration'
2022-11-25 14:50:29.286 DEBUG 25216 --- [    Test worker] s.w.s.m.m.a.RequestMappingHandlerAdapter : ControllerAdvice beans: 0 @ModelAttribute, 0 @InitBinder, 1 RequestBodyAdvice, 1 ResponseBodyAdvice
2022-11-25 14:50:29.382 DEBUG 25216 --- [    Test worker] o.s.b.f.s.DefaultListableBeanFactory     : Creating shared instance of singleton bean 'welcomePageHandlerMapping'
2022-11-25 14:50:29.383 DEBUG 25216 --- [    Test worker] o.s.b.f.s.DefaultListableBeanFactory     : Creating shared instance of singleton bean 'mvcResourceUrlProvider'
2022-11-25 14:50:29.409 DEBUG 25216 --- [    Test worker] o.s.b.f.s.DefaultListableBeanFactory     : Autowiring by type from bean name 'welcomePageHandlerMapping' via factory method to bean named 'org.springframework.web.context.support.GenericWebApplicationContext@f973499'
2022-11-25 14:50:29.409 DEBUG 25216 --- [    Test worker] o.s.b.f.s.DefaultListableBeanFactory     : Autowiring by type from bean name 'welcomePageHandlerMapping' via factory method to bean named 'mvcConversionService'
2022-11-25 14:50:29.409 DEBUG 25216 --- [    Test worker] o.s.b.f.s.DefaultListableBeanFactory     : Autowiring by type from bean name 'welcomePageHandlerMapping' via factory method to bean named 'mvcResourceUrlProvider'
2022-11-25 14:50:29.459 DEBUG 25216 --- [    Test worker] o.s.b.f.s.DefaultListableBeanFactory     : Creating shared instance of singleton bean 'localeResolver'
2022-11-25 14:50:29.466 DEBUG 25216 --- [    Test worker] o.s.b.f.s.DefaultListableBeanFactory     : Creating shared instance of singleton bean 'themeResolver'
2022-11-25 14:50:29.475 DEBUG 25216 --- [    Test worker] o.s.b.f.s.DefaultListableBeanFactory     : Creating shared instance of singleton bean 'flashMapManager'
2022-11-25 14:50:29.486 DEBUG 25216 --- [    Test worker] o.s.b.f.s.DefaultListableBeanFactory     : Creating shared instance of singleton bean 'requestMappingHandlerMapping'
2022-11-25 14:50:29.488 DEBUG 25216 --- [    Test worker] o.s.b.f.s.DefaultListableBeanFactory     : Autowiring by type from bean name 'requestMappingHandlerMapping' via factory method to bean named 'mvcContentNegotiationManager'
2022-11-25 14:50:29.488 DEBUG 25216 --- [    Test worker] o.s.b.f.s.DefaultListableBeanFactory     : Autowiring by type from bean name 'requestMappingHandlerMapping' via factory method to bean named 'mvcConversionService'
2022-11-25 14:50:29.488 DEBUG 25216 --- [    Test worker] o.s.b.f.s.DefaultListableBeanFactory     : Autowiring by type from bean name 'requestMappingHandlerMapping' via factory method to bean named 'mvcResourceUrlProvider'
2022-11-25 14:50:29.602 DEBUG 25216 --- [    Test worker] _.s.web.servlet.HandlerMapping.Mappings  : 
	c.e.d.d.m.MyListEntryController:
	{GET [/my_lists/]}: getAll()
	{DELETE [/my_lists/{id}]}: deleteById(UUID)
	{GET [/my_lists/{id}]}: getById(UUID)
	{GET [/my_lists/priority/{priority}]}: getByPriority(String)
	{POST [/my_lists/]}: createEntryList(MyListEntryDTO)
	{GET [/my_lists/sorted]}: getAllSorted()
	{GET [/my_lists/mylist]}: getAllByUser()
	{PUT [/my_lists/{id}]}: updateEntryList(UUID,MyListEntryDTO)
2022-11-25 14:50:29.611 DEBUG 25216 --- [    Test worker] _.s.web.servlet.HandlerMapping.Mappings  : 
	c.e.d.d.u.UserController:
	{POST [/user/register]}: register(UserRegisterDTO)
	{PUT [/user/{id}]}: updateById(UUID,UserDTO)
	{DELETE [/user/{id}]}: deleteById(UUID)
	{GET [/user/ || /user]}: retrieveAll()
	{GET [/user/{id}]}: retrieveById(UUID)
2022-11-25 14:50:29.616 DEBUG 25216 --- [    Test worker] _.s.web.servlet.HandlerMapping.Mappings  : 
	o.s.b.a.w.s.e.BasicErrorController:
	{ [/error]}: error(HttpServletRequest)
	{ [/error], produces [text/html]}: errorHtml(HttpServletRequest,HttpServletResponse)
2022-11-25 14:50:29.668 DEBUG 25216 --- [    Test worker] _.s.web.servlet.HandlerMapping.Mappings  : 
	o.s.w.a.OpenApiWebMvcResource:
	{GET [/v3/api-docs], produces [application/json]}: openapiJson(HttpServletRequest,String,Locale)
	{GET [/v3/api-docs.yaml], produces [application/vnd.oai.openapi]}: openapiYaml(HttpServletRequest,String,Locale)
2022-11-25 14:50:29.670 DEBUG 25216 --- [    Test worker] o.s.c.e.PropertySourcesPropertyResolver  : Found key 'springdoc.swagger-ui.path' in PropertySource 'environmentProperties' with value of type String
2022-11-25 14:50:29.671 DEBUG 25216 --- [    Test worker] o.s.c.e.PropertySourcesPropertyResolver  : Found key 'springdoc.swagger-ui.path' in PropertySource 'environmentProperties' with value of type String
2022-11-25 14:50:29.671 DEBUG 25216 --- [    Test worker] _.s.web.servlet.HandlerMapping.Mappings  : 
	o.s.w.u.SwaggerWelcomeWebMvc:
	{GET [/swagger-ui]}: redirectToUi(HttpServletRequest)
2022-11-25 14:50:29.674 DEBUG 25216 --- [    Test worker] _.s.web.servlet.HandlerMapping.Mappings  : 
	o.s.w.u.SwaggerConfigResource:
	{GET [/v3/api-docs/swagger-config], produces [application/json]}: openapiJson(HttpServletRequest)
2022-11-25 14:50:29.679 DEBUG 25216 --- [    Test worker] s.w.s.m.m.a.RequestMappingHandlerMapping : 19 mappings in 'requestMappingHandlerMapping'
2022-11-25 14:50:29.687 DEBUG 25216 --- [    Test worker] o.s.b.f.s.DefaultListableBeanFactory     : Creating shared instance of singleton bean 'mvcPatternParser'
2022-11-25 14:50:29.690 DEBUG 25216 --- [    Test worker] o.s.b.f.s.DefaultListableBeanFactory     : Creating shared instance of singleton bean 'mvcUrlPathHelper'
2022-11-25 14:50:29.696 DEBUG 25216 --- [    Test worker] o.s.b.f.s.DefaultListableBeanFactory     : Creating shared instance of singleton bean 'mvcPathMatcher'
2022-11-25 14:50:29.702 DEBUG 25216 --- [    Test worker] o.s.b.f.s.DefaultListableBeanFactory     : Creating shared instance of singleton bean 'viewControllerHandlerMapping'
2022-11-25 14:50:29.703 DEBUG 25216 --- [    Test worker] o.s.b.f.s.DefaultListableBeanFactory     : Autowiring by type from bean name 'viewControllerHandlerMapping' via factory method to bean named 'mvcConversionService'
2022-11-25 14:50:29.703 DEBUG 25216 --- [    Test worker] o.s.b.f.s.DefaultListableBeanFactory     : Autowiring by type from bean name 'viewControllerHandlerMapping' via factory method to bean named 'mvcResourceUrlProvider'
2022-11-25 14:50:29.707 DEBUG 25216 --- [    Test worker] o.s.b.f.s.DefaultListableBeanFactory     : Creating shared instance of singleton bean 'beanNameHandlerMapping'
2022-11-25 14:50:29.708 DEBUG 25216 --- [    Test worker] o.s.b.f.s.DefaultListableBeanFactory     : Autowiring by type from bean name 'beanNameHandlerMapping' via factory method to bean named 'mvcConversionService'
2022-11-25 14:50:29.708 DEBUG 25216 --- [    Test worker] o.s.b.f.s.DefaultListableBeanFactory     : Autowiring by type from bean name 'beanNameHandlerMapping' via factory method to bean named 'mvcResourceUrlProvider'
2022-11-25 14:50:29.749 DEBUG 25216 --- [    Test worker] _.s.web.servlet.HandlerMapping.Mappings  : 'beanNameHandlerMapping' {}
2022-11-25 14:50:29.753 DEBUG 25216 --- [    Test worker] o.s.b.f.s.DefaultListableBeanFactory     : Creating shared instance of singleton bean 'routerFunctionMapping'
2022-11-25 14:50:29.754 DEBUG 25216 --- [    Test worker] o.s.b.f.s.DefaultListableBeanFactory     : Autowiring by type from bean name 'routerFunctionMapping' via factory method to bean named 'mvcConversionService'
2022-11-25 14:50:29.754 DEBUG 25216 --- [    Test worker] o.s.b.f.s.DefaultListableBeanFactory     : Autowiring by type from bean name 'routerFunctionMapping' via factory method to bean named 'mvcResourceUrlProvider'
2022-11-25 14:50:29.792 DEBUG 25216 --- [    Test worker] o.s.b.f.s.DefaultListableBeanFactory     : Creating shared instance of singleton bean 'resourceHandlerMapping'
2022-11-25 14:50:29.795 DEBUG 25216 --- [    Test worker] o.s.b.f.s.DefaultListableBeanFactory     : Autowiring by type from bean name 'resourceHandlerMapping' via factory method to bean named 'mvcContentNegotiationManager'
2022-11-25 14:50:29.795 DEBUG 25216 --- [    Test worker] o.s.b.f.s.DefaultListableBeanFactory     : Autowiring by type from bean name 'resourceHandlerMapping' via factory method to bean named 'mvcConversionService'
2022-11-25 14:50:29.795 DEBUG 25216 --- [    Test worker] o.s.b.f.s.DefaultListableBeanFactory     : Autowiring by type from bean name 'resourceHandlerMapping' via factory method to bean named 'mvcResourceUrlProvider'
2022-11-25 14:50:31.633 DEBUG 25216 --- [    Test worker] _.s.web.servlet.HandlerMapping.Mappings  : 'resourceHandlerMapping' {/webjars/**=ResourceHttpRequestHandler [classpath [META-INF/resources/webjars/]], /**=ResourceHttpRequestHandler [classpath [META-INF/resources/], classpath [resources/], classpath [static/], classpath [public/], ServletContext [/]], /swagger-ui*/**=ResourceHttpRequestHandler [classpath [META-INF/resources/webjars/]]}
2022-11-25 14:50:31.639 DEBUG 25216 --- [    Test worker] o.s.b.f.s.DefaultListableBeanFactory     : Creating shared instance of singleton bean 'defaultServletHandlerMapping'
2022-11-25 14:50:31.641 DEBUG 25216 --- [    Test worker] o.s.b.f.s.DefaultListableBeanFactory     : Creating shared instance of singleton bean 'handlerFunctionAdapter'
2022-11-25 14:50:31.652 DEBUG 25216 --- [    Test worker] o.s.b.f.s.DefaultListableBeanFactory     : Creating shared instance of singleton bean 'mvcUriComponentsContributor'
2022-11-25 14:50:31.655 DEBUG 25216 --- [    Test worker] o.s.b.f.s.DefaultListableBeanFactory     : Autowiring by type from bean name 'mvcUriComponentsContributor' via factory method to bean named 'mvcConversionService'
2022-11-25 14:50:31.655 DEBUG 25216 --- [    Test worker] o.s.b.f.s.DefaultListableBeanFactory     : Autowiring by type from bean name 'mvcUriComponentsContributor' via factory method to bean named 'requestMappingHandlerAdapter'
2022-11-25 14:50:31.664 DEBUG 25216 --- [    Test worker] o.s.b.f.s.DefaultListableBeanFactory     : Creating shared instance of singleton bean 'httpRequestHandlerAdapter'
2022-11-25 14:50:31.670 DEBUG 25216 --- [    Test worker] o.s.b.f.s.DefaultListableBeanFactory     : Creating shared instance of singleton bean 'simpleControllerHandlerAdapter'
2022-11-25 14:50:31.677 DEBUG 25216 --- [    Test worker] o.s.b.f.s.DefaultListableBeanFactory     : Creating shared instance of singleton bean 'handlerExceptionResolver'
2022-11-25 14:50:31.677 DEBUG 25216 --- [    Test worker] o.s.b.f.s.DefaultListableBeanFactory     : Autowiring by type from bean name 'handlerExceptionResolver' via factory method to bean named 'mvcContentNegotiationManager'
2022-11-25 14:50:31.694 DEBUG 25216 --- [    Test worker] .m.m.a.ExceptionHandlerExceptionResolver : ControllerAdvice beans: 2 @ExceptionHandler, 1 ResponseBodyAdvice
2022-11-25 14:50:31.711 DEBUG 25216 --- [    Test worker] o.s.b.f.s.DefaultListableBeanFactory     : Creating shared instance of singleton bean 'mvcViewResolver'
2022-11-25 14:50:31.712 DEBUG 25216 --- [    Test worker] o.s.b.f.s.DefaultListableBeanFactory     : Autowiring by type from bean name 'mvcViewResolver' via factory method to bean named 'mvcContentNegotiationManager'
2022-11-25 14:50:31.741 DEBUG 25216 --- [    Test worker] o.s.b.f.s.DefaultListableBeanFactory     : Creating shared instance of singleton bean 'viewNameTranslator'
2022-11-25 14:50:31.751 DEBUG 25216 --- [    Test worker] o.s.b.f.s.DefaultListableBeanFactory     : Creating shared instance of singleton bean 'defaultViewResolver'
2022-11-25 14:50:31.795 DEBUG 25216 --- [    Test worker] o.s.b.f.s.DefaultListableBeanFactory     : Creating shared instance of singleton bean 'viewResolver'
2022-11-25 14:50:31.797 DEBUG 25216 --- [    Test worker] o.s.b.f.s.DefaultListableBeanFactory     : Autowiring by type from bean name 'viewResolver' via factory method to bean named 'org.springframework.beans.factory.support.DefaultListableBeanFactory@4dafba3e'
2022-11-25 14:50:31.827 DEBUG 25216 --- [    Test worker] o.s.b.f.s.DefaultListableBeanFactory     : Creating shared instance of singleton bean 'viewResolver'
2022-11-25 14:50:31.830 DEBUG 25216 --- [    Test worker] o.s.b.f.s.DefaultListableBeanFactory     : Creating shared instance of singleton bean 'requestContextFilter'
2022-11-25 14:50:31.862 DEBUG 25216 --- [    Test worker] o.s.b.f.s.DefaultListableBeanFactory     : Creating shared instance of singleton bean 'org.springframework.boot.autoconfigure.web.servlet.WebMvcAutoConfiguration'
2022-11-25 14:50:31.866 DEBUG 25216 --- [    Test worker] o.s.b.f.s.DefaultListableBeanFactory     : Creating shared instance of singleton bean 'formContentFilter'
2022-11-25 14:50:31.909 DEBUG 25216 --- [    Test worker] o.s.b.f.s.DefaultListableBeanFactory     : Creating shared instance of singleton bean 'org.springdoc.core.SpringDocConfiguration$SpringDocSpringDataWebPropertiesProvider'
2022-11-25 14:50:31.912 DEBUG 25216 --- [    Test worker] o.s.b.f.s.DefaultListableBeanFactory     : Creating shared instance of singleton bean 'springDataWebPropertiesProvider'
2022-11-25 14:50:31.917 DEBUG 25216 --- [    Test worker] o.s.b.f.s.DefaultListableBeanFactory     : Creating shared instance of singleton bean 'org.springdoc.core.SpringDocConfiguration$SpringDocPageableConfiguration'
2022-11-25 14:50:31.921 DEBUG 25216 --- [    Test worker] o.s.b.f.s.DefaultListableBeanFactory     : Creating shared instance of singleton bean 'pageableOpenAPIConverter'
2022-11-25 14:50:31.936 DEBUG 25216 --- [    Test worker] o.s.b.f.s.DefaultListableBeanFactory     : Creating shared instance of singleton bean 'delegatingMethodParameterCustomizer'
2022-11-25 14:50:31.952 DEBUG 25216 --- [    Test worker] o.s.b.f.s.DefaultListableBeanFactory     : Creating shared instance of singleton bean 'org.springdoc.core.SpringDocConfiguration$WebConversionServiceConfiguration'
2022-11-25 14:50:31.959 DEBUG 25216 --- [    Test worker] o.s.b.f.s.DefaultListableBeanFactory     : Creating shared instance of singleton bean 'webConversionServiceProvider'
2022-11-25 14:50:31.965 DEBUG 25216 --- [    Test worker] o.s.b.f.s.DefaultListableBeanFactory     : Creating shared instance of singleton bean 'localSpringDocParameterNameDiscoverer'
2022-11-25 14:50:31.973 DEBUG 25216 --- [    Test worker] o.s.b.f.s.DefaultListableBeanFactory     : Creating shared instance of singleton bean 'additionalModelsConverter'
2022-11-25 14:50:31.982 DEBUG 25216 --- [    Test worker] o.s.b.f.s.DefaultListableBeanFactory     : Creating shared instance of singleton bean 'propertyCustomizingConverter'
2022-11-25 14:50:31.991 DEBUG 25216 --- [    Test worker] o.s.b.f.s.DefaultListableBeanFactory     : Creating shared instance of singleton bean 'fileSupportConverter'
2022-11-25 14:50:31.999 DEBUG 25216 --- [    Test worker] o.s.b.f.s.DefaultListableBeanFactory     : Creating shared instance of singleton bean 'responseSupportConverter'
2022-11-25 14:50:32.008 DEBUG 25216 --- [    Test worker] o.s.b.f.s.DefaultListableBeanFactory     : Creating shared instance of singleton bean 'schemaPropertyDeprecatingConverter'
2022-11-25 14:50:32.014 DEBUG 25216 --- [    Test worker] o.s.b.f.s.DefaultListableBeanFactory     : Creating shared instance of singleton bean 'polymorphicModelConverter'
2022-11-25 14:50:32.021 DEBUG 25216 --- [    Test worker] o.s.b.f.s.DefaultListableBeanFactory     : Creating shared instance of singleton bean 'openAPIBuilder'
2022-11-25 14:50:32.025 DEBUG 25216 --- [    Test worker] o.s.b.f.s.DefaultListableBeanFactory     : Creating shared instance of singleton bean 'securityParser'
2022-11-25 14:50:32.027 DEBUG 25216 --- [    Test worker] o.s.b.f.s.DefaultListableBeanFactory     : Creating shared instance of singleton bean 'propertyResolverUtils'
2022-11-25 14:50:32.029 DEBUG 25216 --- [    Test worker] o.s.b.f.s.DefaultListableBeanFactory     : Autowiring by type from bean name 'propertyResolverUtils' via factory method to bean named 'org.springframework.beans.factory.support.DefaultListableBeanFactory@4dafba3e'
2022-11-25 14:50:32.029 DEBUG 25216 --- [    Test worker] o.s.b.f.s.DefaultListableBeanFactory     : Autowiring by type from bean name 'propertyResolverUtils' via factory method to bean named 'messageSource'
2022-11-25 14:50:32.029 DEBUG 25216 --- [    Test worker] o.s.b.f.s.DefaultListableBeanFactory     : Autowiring by type from bean name 'propertyResolverUtils' via factory method to bean named 'org.springdoc.core.SpringDocConfigProperties'
2022-11-25 14:50:32.035 DEBUG 25216 --- [    Test worker] o.s.b.f.s.DefaultListableBeanFactory     : Autowiring by type from bean name 'securityParser' via factory method to bean named 'propertyResolverUtils'
2022-11-25 14:50:32.055 DEBUG 25216 --- [    Test worker] o.s.b.f.s.DefaultListableBeanFactory     : Autowiring by type from bean name 'openAPIBuilder' via factory method to bean named 'securityParser'
2022-11-25 14:50:32.055 DEBUG 25216 --- [    Test worker] o.s.b.f.s.DefaultListableBeanFactory     : Autowiring by type from bean name 'openAPIBuilder' via factory method to bean named 'org.springdoc.core.SpringDocConfigProperties'
2022-11-25 14:50:32.055 DEBUG 25216 --- [    Test worker] o.s.b.f.s.DefaultListableBeanFactory     : Autowiring by type from bean name 'openAPIBuilder' via factory method to bean named 'propertyResolverUtils'
2022-11-25 14:50:32.076 DEBUG 25216 --- [    Test worker] o.s.b.f.s.DefaultListableBeanFactory     : Creating shared instance of singleton bean 'modelConverterRegistrar'
2022-11-25 14:50:32.118 DEBUG 25216 --- [    Test worker] o.s.b.f.s.DefaultListableBeanFactory     : Creating shared instance of singleton bean 'operationBuilder'
2022-11-25 14:50:32.121 DEBUG 25216 --- [    Test worker] o.s.b.f.s.DefaultListableBeanFactory     : Creating shared instance of singleton bean 'parameterBuilder'
2022-11-25 14:50:32.124 DEBUG 25216 --- [    Test worker] o.s.b.f.s.DefaultListableBeanFactory     : Autowiring by type from bean name 'parameterBuilder' via factory method to bean named 'propertyResolverUtils'
2022-11-25 14:50:32.141 DEBUG 25216 --- [    Test worker] o.s.b.f.s.DefaultListableBeanFactory     : Creating shared instance of singleton bean 'requestBodyBuilder'
2022-11-25 14:50:32.142 DEBUG 25216 --- [    Test worker] o.s.b.f.s.DefaultListableBeanFactory     : Autowiring by type from bean name 'requestBodyBuilder' via factory method to bean named 'parameterBuilder'
2022-11-25 14:50:32.149 DEBUG 25216 --- [    Test worker] o.s.b.f.s.DefaultListableBeanFactory     : Autowiring by type from bean name 'operationBuilder' via factory method to bean named 'parameterBuilder'
2022-11-25 14:50:32.149 DEBUG 25216 --- [    Test worker] o.s.b.f.s.DefaultListableBeanFactory     : Autowiring by type from bean name 'operationBuilder' via factory method to bean named 'requestBodyBuilder'
2022-11-25 14:50:32.149 DEBUG 25216 --- [    Test worker] o.s.b.f.s.DefaultListableBeanFactory     : Autowiring by type from bean name 'operationBuilder' via factory method to bean named 'securityParser'
2022-11-25 14:50:32.150 DEBUG 25216 --- [    Test worker] o.s.b.f.s.DefaultListableBeanFactory     : Autowiring by type from bean name 'operationBuilder' via factory method to bean named 'propertyResolverUtils'
2022-11-25 14:50:32.162 DEBUG 25216 --- [    Test worker] o.s.b.f.s.DefaultListableBeanFactory     : Creating shared instance of singleton bean 'genericReturnTypeParser'
2022-11-25 14:50:32.171 DEBUG 25216 --- [    Test worker] o.s.b.f.s.DefaultListableBeanFactory     : Creating shared instance of singleton bean 'springDocProviders'
2022-11-25 14:50:32.176 DEBUG 25216 --- [    Test worker] o.s.b.f.s.DefaultListableBeanFactory     : Creating shared instance of singleton bean 'routerFunctionProvider'
2022-11-25 14:50:32.176 DEBUG 25216 --- [    Test worker] o.s.b.f.s.DefaultListableBeanFactory     : Creating shared instance of singleton bean 'org.springdoc.webmvc.core.SpringDocWebMvcConfiguration$SpringDocWebMvcRouterConfiguration'
2022-11-25 14:50:32.203 DEBUG 25216 --- [    Test worker] o.s.b.f.s.DefaultListableBeanFactory     : Creating shared instance of singleton bean 'openApiResource'
2022-11-25 14:50:32.205 DEBUG 25216 --- [    Test worker] o.s.b.f.s.DefaultListableBeanFactory     : Creating shared instance of singleton bean 'requestBuilder'
2022-11-25 14:50:32.210 DEBUG 25216 --- [    Test worker] o.s.b.f.s.DefaultListableBeanFactory     : Autowiring by type from bean name 'requestBuilder' via factory method to bean named 'parameterBuilder'
2022-11-25 14:50:32.210 DEBUG 25216 --- [    Test worker] o.s.b.f.s.DefaultListableBeanFactory     : Autowiring by type from bean name 'requestBuilder' via factory method to bean named 'requestBodyBuilder'
2022-11-25 14:50:32.210 DEBUG 25216 --- [    Test worker] o.s.b.f.s.DefaultListableBeanFactory     : Autowiring by type from bean name 'requestBuilder' via factory method to bean named 'operationBuilder'
2022-11-25 14:50:32.210 DEBUG 25216 --- [    Test worker] o.s.b.f.s.DefaultListableBeanFactory     : Autowiring by type from bean name 'requestBuilder' via factory method to bean named 'localSpringDocParameterNameDiscoverer'
2022-11-25 14:50:32.232 DEBUG 25216 --- [    Test worker] o.s.b.f.s.DefaultListableBeanFactory     : Creating shared instance of singleton bean 'responseBuilder'
2022-11-25 14:50:32.235 DEBUG 25216 --- [    Test worker] o.s.b.f.s.DefaultListableBeanFactory     : Autowiring by type from bean name 'responseBuilder' via factory method to bean named 'operationBuilder'
2022-11-25 14:50:32.236 DEBUG 25216 --- [    Test worker] o.s.b.f.s.DefaultListableBeanFactory     : Autowiring by type from bean name 'responseBuilder' via factory method to bean named 'genericReturnTypeParser'
2022-11-25 14:50:32.236 DEBUG 25216 --- [    Test worker] o.s.b.f.s.DefaultListableBeanFactory     : Autowiring by type from bean name 'responseBuilder' via factory method to bean named 'org.springdoc.core.SpringDocConfigProperties'
2022-11-25 14:50:32.236 DEBUG 25216 --- [    Test worker] o.s.b.f.s.DefaultListableBeanFactory     : Autowiring by type from bean name 'responseBuilder' via factory method to bean named 'propertyResolverUtils'
2022-11-25 14:50:32.269 DEBUG 25216 --- [    Test worker] o.s.b.f.s.DefaultListableBeanFactory     : Autowiring by type from bean name 'openApiResource' via factory method to bean named 'requestBuilder'
2022-11-25 14:50:32.269 DEBUG 25216 --- [    Test worker] o.s.b.f.s.DefaultListableBeanFactory     : Autowiring by type from bean name 'openApiResource' via factory method to bean named 'responseBuilder'
2022-11-25 14:50:32.269 DEBUG 25216 --- [    Test worker] o.s.b.f.s.DefaultListableBeanFactory     : Autowiring by type from bean name 'openApiResource' via factory method to bean named 'operationBuilder'
2022-11-25 14:50:32.269 DEBUG 25216 --- [    Test worker] o.s.b.f.s.DefaultListableBeanFactory     : Autowiring by type from bean name 'openApiResource' via factory method to bean named 'org.springdoc.core.SpringDocConfigProperties'
2022-11-25 14:50:32.269 DEBUG 25216 --- [    Test worker] o.s.b.f.s.DefaultListableBeanFactory     : Autowiring by type from bean name 'openApiResource' via factory method to bean named 'springDocProviders'
2022-11-25 14:50:32.315 DEBUG 25216 --- [    Test worker] o.s.b.f.s.DefaultListableBeanFactory     : Creating shared instance of singleton bean 'swaggerConfigResource'
2022-11-25 14:50:32.316 DEBUG 25216 --- [    Test worker] o.s.b.f.s.DefaultListableBeanFactory     : Autowiring by type from bean name 'swaggerConfigResource' via factory method to bean named 'swaggerWelcome'
2022-11-25 14:50:32.320 DEBUG 25216 --- [    Test worker] o.s.b.f.s.DefaultListableBeanFactory     : Creating shared instance of singleton bean 'org.springframework.boot.autoconfigure.aop.AopAutoConfiguration$AspectJAutoProxyingConfiguration$CglibAutoProxyConfiguration'
2022-11-25 14:50:32.327 DEBUG 25216 --- [    Test worker] o.s.b.f.s.DefaultListableBeanFactory     : Creating shared instance of singleton bean 'org.springframework.boot.autoconfigure.aop.AopAutoConfiguration$AspectJAutoProxyingConfiguration'
2022-11-25 14:50:32.335 DEBUG 25216 --- [    Test worker] o.s.b.f.s.DefaultListableBeanFactory     : Creating shared instance of singleton bean 'org.springframework.boot.autoconfigure.aop.AopAutoConfiguration'
2022-11-25 14:50:32.340 DEBUG 25216 --- [    Test worker] o.s.b.f.s.DefaultListableBeanFactory     : Creating shared instance of singleton bean 'org.springframework.boot.autoconfigure.availability.ApplicationAvailabilityAutoConfiguration'
2022-11-25 14:50:32.346 DEBUG 25216 --- [    Test worker] o.s.b.f.s.DefaultListableBeanFactory     : Creating shared instance of singleton bean 'applicationAvailability'
2022-11-25 14:50:32.368 DEBUG 25216 --- [    Test worker] o.s.b.f.s.DefaultListableBeanFactory     : Creating shared instance of singleton bean 'org.springframework.boot.autoconfigure.transaction.jta.JtaAutoConfiguration'
2022-11-25 14:50:32.376 DEBUG 25216 --- [    Test worker] o.s.b.f.s.DefaultListableBeanFactory     : Creating shared instance of singleton bean 'org.springframework.boot.autoconfigure.jdbc.DataSourceAutoConfiguration$PooledDataSourceConfiguration'
2022-11-25 14:50:32.384 DEBUG 25216 --- [    Test worker] o.s.b.f.s.DefaultListableBeanFactory     : Creating shared instance of singleton bean 'org.springframework.boot.autoconfigure.jdbc.metadata.DataSourcePoolMetadataProvidersConfiguration'
2022-11-25 14:50:32.387 DEBUG 25216 --- [    Test worker] o.s.b.f.s.DefaultListableBeanFactory     : Creating shared instance of singleton bean 'org.springframework.boot.autoconfigure.jdbc.DataSourceAutoConfiguration'
2022-11-25 14:50:32.390 DEBUG 25216 --- [    Test worker] o.s.b.f.s.DefaultListableBeanFactory     : Creating shared instance of singleton bean 'transactionManager'
2022-11-25 14:50:32.412 DEBUG 25216 --- [    Test worker] o.s.b.f.s.DefaultListableBeanFactory     : Creating shared instance of singleton bean 'platformTransactionManagerCustomizers'
2022-11-25 14:50:32.413 DEBUG 25216 --- [    Test worker] o.s.b.f.s.DefaultListableBeanFactory     : Creating shared instance of singleton bean 'org.springframework.boot.autoconfigure.transaction.TransactionAutoConfiguration'
2022-11-25 14:50:32.420 DEBUG 25216 --- [    Test worker] o.s.b.f.s.DefaultListableBeanFactory     : Creating shared instance of singleton bean 'spring.transaction-org.springframework.boot.autoconfigure.transaction.TransactionProperties'
2022-11-25 14:50:32.509 DEBUG 25216 --- [    Test worker] o.s.b.f.s.DefaultListableBeanFactory     : Creating shared instance of singleton bean 'org.springframework.boot.autoconfigure.orm.jpa.HibernateJpaAutoConfiguration'
2022-11-25 14:50:32.513 DEBUG 25216 --- [    Test worker] o.s.b.f.s.DefaultListableBeanFactory     : Creating shared instance of singleton bean 'org.springframework.boot.autoconfigure.context.ConfigurationPropertiesAutoConfiguration'
2022-11-25 14:50:32.516 DEBUG 25216 --- [    Test worker] o.s.b.f.s.DefaultListableBeanFactory     : Creating shared instance of singleton bean 'org.springframework.boot.autoconfigure.context.LifecycleAutoConfiguration'
2022-11-25 14:50:32.537 DEBUG 25216 --- [    Test worker] o.s.b.f.s.DefaultListableBeanFactory     : Creating shared instance of singleton bean 'lifecycleProcessor'
2022-11-25 14:50:32.549 DEBUG 25216 --- [    Test worker] o.s.b.f.s.DefaultListableBeanFactory     : Creating shared instance of singleton bean 'spring.lifecycle-org.springframework.boot.autoconfigure.context.LifecycleProperties'
2022-11-25 14:50:32.556 DEBUG 25216 --- [    Test worker] o.s.b.f.s.DefaultListableBeanFactory     : Autowiring by type from bean name 'lifecycleProcessor' via factory method to bean named 'spring.lifecycle-org.springframework.boot.autoconfigure.context.LifecycleProperties'
2022-11-25 14:50:32.577 DEBUG 25216 --- [    Test worker] o.s.b.f.s.DefaultListableBeanFactory     : Creating shared instance of singleton bean 'org.springframework.boot.autoconfigure.dao.PersistenceExceptionTranslationAutoConfiguration'
2022-11-25 14:50:32.581 DEBUG 25216 --- [    Test worker] o.s.b.f.s.DefaultListableBeanFactory     : Creating shared instance of singleton bean 'org.springframework.boot.autoconfigure.data.jpa.JpaRepositoriesAutoConfiguration'
2022-11-25 14:50:32.588 DEBUG 25216 --- [    Test worker] o.s.b.f.s.DefaultListableBeanFactory     : Creating shared instance of singleton bean 'org.springframework.data.jpa.util.JpaMetamodelCacheCleanup'
2022-11-25 14:50:32.593 DEBUG 25216 --- [    Test worker] o.s.b.f.s.DefaultListableBeanFactory     : Creating shared instance of singleton bean 'org.springframework.data.jpa.repository.support.JpaEvaluationContextExtension'
2022-11-25 14:50:32.613 DEBUG 25216 --- [    Test worker] o.s.b.f.s.DefaultListableBeanFactory     : Creating shared instance of singleton bean 'userRepository'
2022-11-25 14:50:32.622 DEBUG 25216 --- [    Test worker] tor$SharedEntityManagerInvocationHandler : Creating new EntityManager for shared EntityManager invocation
2022-11-25 14:50:32.624 DEBUG 25216 --- [    Test worker] o.s.d.r.c.s.RepositoryFactorySupport     : Initializing repository instance for com.example.demo.domain.user.UserRepository…
2022-11-25 14:50:32.625 DEBUG 25216 --- [    Test worker] tor$SharedEntityManagerInvocationHandler : Creating new EntityManager for shared EntityManager invocation
2022-11-25 14:50:32.657 DEBUG 25216 --- [    Test worker] o.s.d.jpa.repository.query.NamedQuery    : Looking up named query User.findByEmail
2022-11-25 14:50:32.657 DEBUG 25216 --- [    Test worker] o.h.e.t.internal.TransactionImpl         : On TransactionImpl creation, JpaCompliance#isJpaTransactionComplianceEnabled == false
2022-11-25 14:50:32.658 DEBUG 25216 --- [    Test worker] o.s.d.jpa.repository.query.NamedQuery    : Did not find named query User.findByEmail
2022-11-25 14:50:32.658 DEBUG 25216 --- [    Test worker] tor$SharedEntityManagerInvocationHandler : Creating new EntityManager for shared EntityManager invocation
2022-11-25 14:50:32.666 DEBUG 25216 --- [    Test worker] o.s.d.r.c.s.RepositoryFactorySupport     : Finished creation of repository instance for com.example.demo.domain.user.UserRepository.
2022-11-25 14:50:32.667 DEBUG 25216 --- [    Test worker] o.s.b.f.s.DefaultListableBeanFactory     : Creating shared instance of singleton bean 'extendedRepository'
2022-11-25 14:50:32.674 DEBUG 25216 --- [    Test worker] tor$SharedEntityManagerInvocationHandler : Creating new EntityManager for shared EntityManager invocation
2022-11-25 14:50:32.678 DEBUG 25216 --- [    Test worker] o.s.d.r.c.s.RepositoryFactorySupport     : Initializing repository instance for com.example.demo.core.generic.ExtendedRepository…
2022-11-25 14:50:32.680 DEBUG 25216 --- [    Test worker] tor$SharedEntityManagerInvocationHandler : Creating new EntityManager for shared EntityManager invocation
2022-11-25 14:50:32.705 DEBUG 25216 --- [    Test worker] o.s.d.r.c.s.RepositoryFactorySupport     : Finished creation of repository instance for com.example.demo.core.generic.ExtendedRepository.
2022-11-25 14:50:32.706 DEBUG 25216 --- [    Test worker] o.s.b.f.s.DefaultListableBeanFactory     : Creating shared instance of singleton bean 'org.springframework.boot.autoconfigure.http.JacksonHttpMessageConvertersConfiguration'
2022-11-25 14:50:32.710 DEBUG 25216 --- [    Test worker] o.s.b.f.s.DefaultListableBeanFactory     : Creating shared instance of singleton bean 'org.springframework.data.web.config.ProjectingArgumentResolverRegistrar'
2022-11-25 14:50:32.714 DEBUG 25216 --- [    Test worker] o.s.b.f.s.DefaultListableBeanFactory     : Creating shared instance of singleton bean 'org.springframework.boot.autoconfigure.info.ProjectInfoAutoConfiguration'
2022-11-25 14:50:32.722 DEBUG 25216 --- [    Test worker] o.s.b.f.s.DefaultListableBeanFactory     : Creating shared instance of singleton bean 'spring.info-org.springframework.boot.autoconfigure.info.ProjectInfoProperties'
2022-11-25 14:50:32.727 DEBUG 25216 --- [    Test worker] o.s.b.f.s.DefaultListableBeanFactory     : Autowiring by type from bean name 'org.springframework.boot.autoconfigure.info.ProjectInfoAutoConfiguration' via constructor to bean named 'spring.info-org.springframework.boot.autoconfigure.info.ProjectInfoProperties'
2022-11-25 14:50:32.730 DEBUG 25216 --- [    Test worker] o.s.b.f.s.DefaultListableBeanFactory     : Creating shared instance of singleton bean 'org.springframework.boot.autoconfigure.jdbc.JdbcTemplateConfiguration'
2022-11-25 14:50:32.733 DEBUG 25216 --- [    Test worker] o.s.b.f.s.DefaultListableBeanFactory     : Creating shared instance of singleton bean 'dataSourceScriptDatabaseInitializer'
2022-11-25 14:50:32.733 DEBUG 25216 --- [    Test worker] o.s.b.f.s.DefaultListableBeanFactory     : Creating shared instance of singleton bean 'org.springframework.boot.autoconfigure.sql.init.DataSourceInitializationConfiguration'
2022-11-25 14:50:32.739 DEBUG 25216 --- [    Test worker] o.s.b.f.s.DefaultListableBeanFactory     : Creating shared instance of singleton bean 'spring.sql.init-org.springframework.boot.autoconfigure.sql.init.SqlInitializationProperties'
2022-11-25 14:50:32.749 DEBUG 25216 --- [    Test worker] o.s.b.f.s.DefaultListableBeanFactory     : Autowiring by type from bean name 'dataSourceScriptDatabaseInitializer' via factory method to bean named 'dataSource'
2022-11-25 14:50:32.749 DEBUG 25216 --- [    Test worker] o.s.b.f.s.DefaultListableBeanFactory     : Autowiring by type from bean name 'dataSourceScriptDatabaseInitializer' via factory method to bean named 'spring.sql.init-org.springframework.boot.autoconfigure.sql.init.SqlInitializationProperties'
2022-11-25 14:50:32.785 DEBUG 25216 --- [    Test worker] o.s.jdbc.datasource.DataSourceUtils      : Fetching JDBC Connection from DataSource
2022-11-25 14:50:32.792 DEBUG 25216 --- [    Test worker] o.s.jdbc.datasource.init.ScriptUtils     : Executing SQL script from URL [file:/C:/Source/github/uek223-docker/docker-backend-uek223/backend/build/resources/main/data.sql]
2022-11-25 14:50:32.798 DEBUG 25216 --- [    Test worker] o.s.jdbc.datasource.init.ScriptUtils     : 0 returned as update count for SQL: insert into users (id, email,first_name,last_name, password) values ('ba804cb9-fa14-42a5-afaf-be488742fc54', 'admin@example.com', 'James','Bond', '$2a$10$udYPPCXr78OCs9RwZyW/VO5flVhwhkByVEN4U9gPRQSNdIQlR5qT6' ), ('0d8fa44c-54fd-4cd0-ace9-2a7da57992de', 'user@example.com', 'Tyler','Durden', '$2a$10$udYPPCXr78OCs9RwZyW/VO5flVhwhkByVEN4U9gPRQSNdIQlR5qT6'), ('0d8fa44c-54cd-4cd0-1234-2a7da57992de', 'user@example1.com', 'Hans','Peter', '$2a$10$udYPPCXr78OCs9RwZyW/VO5flVhwhkByVEN4U9gPRQSNdIQlR5qT6') ON CONFLICT DO NOTHING
2022-11-25 14:50:32.802 DEBUG 25216 --- [    Test worker] o.s.jdbc.datasource.init.ScriptUtils     : 0 returned as update count for SQL: INSERT INTO role(id, name) VALUES ('d29e709c-0ff1-4f4c-a7ef-09f656c390f1', 'USER'), ('08c71152-c552-42e7-b094-f510ff44e9cb', 'ADMIN') ON CONFLICT DO NOTHING
2022-11-25 14:50:32.805 DEBUG 25216 --- [    Test worker] o.s.jdbc.datasource.init.ScriptUtils     : 0 returned as update count for SQL: INSERT INTO authority(id, name) VALUES ('2ebf301e-6c61-4076-98e3-2a38b31daf86', 'USER_CREATE'), ('1ad1fccc-d279-46a0-8980-1d91afd6ba67', 'USER_READ'), ('5108babc-bf35-44d5-a9ba-de08badfa80a', 'USER_DELETE'), ('8304e5ff-6324-4863-ac51-8fcbc6812b13', 'USER_MODIFY'), ('7c01a5f0-41b3-4a15-adc5-b0b380bb90e2', 'MY_LIST_ENTRY_CREATE'), ('8f4647ee-2ef1-4500-8a28-a0d642665c81', 'MY_LIST_ENTRY_READ'), ('bcae4e4e-0e7a-41a2-bc24-560077557c0b', 'MY_LIST_ENTRY_DELETE'), ('d20d196b-c329-4a32-a76b-cf5802affcfc', 'MY_LIST_ENTRY_MODIFY') ON CONFLICT DO NOTHING
2022-11-25 14:50:32.809 DEBUG 25216 --- [    Test worker] o.s.jdbc.datasource.init.ScriptUtils     : 0 returned as update count for SQL: insert into users_role (users_id, role_id) values ('ba804cb9-fa14-42a5-afaf-be488742fc54', '08c71152-c552-42e7-b094-f510ff44e9cb'), ('0d8fa44c-54fd-4cd0-ace9-2a7da57992de', 'd29e709c-0ff1-4f4c-a7ef-09f656c390f1'), ('0d8fa44c-54cd-4cd0-1234-2a7da57992de', 'd29e709c-0ff1-4f4c-a7ef-09f656c390f1') ON CONFLICT DO NOTHING
2022-11-25 14:50:32.813 DEBUG 25216 --- [    Test worker] o.s.jdbc.datasource.init.ScriptUtils     : 0 returned as update count for SQL: INSERT INTO role_authority(role_id, authority_id) VALUES ('08c71152-c552-42e7-b094-f510ff44e9cb', '2ebf301e-6c61-4076-98e3-2a38b31daf86'), ('08c71152-c552-42e7-b094-f510ff44e9cb', '1ad1fccc-d279-46a0-8980-1d91afd6ba67'), ('08c71152-c552-42e7-b094-f510ff44e9cb', '5108babc-bf35-44d5-a9ba-de08badfa80a'), ('08c71152-c552-42e7-b094-f510ff44e9cb', '8304e5ff-6324-4863-ac51-8fcbc6812b13'), ('08c71152-c552-42e7-b094-f510ff44e9cb', '7c01a5f0-41b3-4a15-adc5-b0b380bb90e2'), ('08c71152-c552-42e7-b094-f510ff44e9cb', '8f4647ee-2ef1-4500-8a28-a0d642665c81'), ('08c71152-c552-42e7-b094-f510ff44e9cb', 'bcae4e4e-0e7a-41a2-bc24-560077557c0b'), ('08c71152-c552-42e7-b094-f510ff44e9cb', 'd20d196b-c329-4a32-a76b-cf5802affcfc'), ('d29e709c-0ff1-4f4c-a7ef-09f656c390f1', '7c01a5f0-41b3-4a15-adc5-b0b380bb90e2'), ('d29e709c-0ff1-4f4c-a7ef-09f656c390f1', '8f4647ee-2ef1-4500-8a28-a0d642665c81'), ('d29e709c-0ff1-4f4c-a7ef-09f656c390f1', 'bcae4e4e-0e7a-41a2-bc24-560077557c0b'), ('d29e709c-0ff1-4f4c-a7ef-09f656c390f1', 'd20d196b-c329-4a32-a76b-cf5802affcfc') ON CONFLICT DO NOTHING
2022-11-25 14:50:32.821 DEBUG 25216 --- [    Test worker] o.s.jdbc.datasource.init.ScriptUtils     : 0 returned as update count for SQL: INSERT INTO my_list_entry(id, entry_date, entry_priority, entry_text, entry_title, user_id) VALUES ('af7c1fe6-d669-414e-b066-e9733f0de7a8', '1922-02-02', 'HIGH', 'The test list entry I made', 'Testing :)', '0d8fa44c-54fd-4cd0-ace9-2a7da57992de') ON CONFLICT DO NOTHING
2022-11-25 14:50:32.821 DEBUG 25216 --- [    Test worker] o.s.jdbc.datasource.init.ScriptUtils     : Executed SQL script from URL [file:/C:/Source/github/uek223-docker/docker-backend-uek223/backend/build/resources/main/data.sql] in 29 ms.
2022-11-25 14:50:32.821 DEBUG 25216 --- [    Test worker] o.s.jdbc.datasource.init.ScriptUtils     : Executing SQL script from URL [file:/C:/Source/github/uek223-docker/docker-backend-uek223/backend/build/resources/test/data.sql]
2022-11-25 14:50:32.825 DEBUG 25216 --- [    Test worker] o.s.jdbc.datasource.init.ScriptUtils     : 0 returned as update count for SQL: INSERT INTO authority(id, name) VALUES ('2ebf301e-6c61-4076-98e3-2a38b31daf86', 'USER_TEST') ON CONFLICT DO NOTHING
2022-11-25 14:50:32.829 DEBUG 25216 --- [    Test worker] o.s.jdbc.datasource.init.ScriptUtils     : 0 returned as update count for SQL: INSERT INTO role(id, name) VALUES ('d29e709c-0ff1-4f4c-a7ef-09f656c390f1', 'USER'), ('08c71152-c552-42e7-b094-f510ff44e9cb', 'ADMIN') ON CONFLICT DO NOTHING
2022-11-25 14:50:32.834 DEBUG 25216 --- [    Test worker] o.s.jdbc.datasource.init.ScriptUtils     : 0 returned as update count for SQL: INSERT INTO role_authority(role_id, authority_id) VALUES ('d29e709c-0ff1-4f4c-a7ef-09f656c390f1', '2ebf301e-6c61-4076-98e3-2a38b31daf86'), ('08c71152-c552-42e7-b094-f510ff44e9cb', '2ebf301e-6c61-4076-98e3-2a38b31daf86') ON CONFLICT DO NOTHING
2022-11-25 14:50:32.839 DEBUG 25216 --- [    Test worker] o.s.jdbc.datasource.init.ScriptUtils     : 0 returned as update count for SQL: insert into users (id, email,first_name,last_name, password) values ('ba804cb9-fa14-42a5-afaf-be488742fc54', 'admin@gmail.com', 'James','Bond', '$2a$10$udYPPCXr78OCs9RwZyW/VO5flVhwhkByVEN4U9gPRQSNdIQlR5qT6' ), ('0d8fa44c-54fd-4cd0-ace9-2a7da57992de', 'user@gmail.com', 'Tyler','Durden', '$2a$10$udYPPCXr78OCs9RwZyW/VO5flVhwhkByVEN4U9gPRQSNdIQlR5qT6') ON CONFLICT DO NOTHING
2022-11-25 14:50:32.842 DEBUG 25216 --- [    Test worker] o.s.jdbc.datasource.init.ScriptUtils     : 0 returned as update count for SQL: insert into users_role (users_id, role_id) values ('ba804cb9-fa14-42a5-afaf-be488742fc54', '08c71152-c552-42e7-b094-f510ff44e9cb'), ('0d8fa44c-54fd-4cd0-ace9-2a7da57992de', 'd29e709c-0ff1-4f4c-a7ef-09f656c390f1') ON CONFLICT DO NOTHING
2022-11-25 14:50:32.846 DEBUG 25216 --- [    Test worker] o.s.jdbc.datasource.init.ScriptUtils     : 0 returned as update count for SQL: INSERT INTO my_list_entry(id, entry_date, entry_priority, entry_text, entry_title, user_id) VALUES ('af7c1fe6-d669-414e-b066-e9733f0de7a8', '1922-02-02', 'HIGH', 'The test list entry I made', 'Testing :)', '0d8fa44c-54fd-4cd0-ace9-2a7da57992de') ON CONFLICT DO NOTHING
2022-11-25 14:50:32.846 DEBUG 25216 --- [    Test worker] o.s.jdbc.datasource.init.ScriptUtils     : Executed SQL script from URL [file:/C:/Source/github/uek223-docker/docker-backend-uek223/backend/build/resources/test/data.sql] in 25 ms.
2022-11-25 14:50:32.848 DEBUG 25216 --- [    Test worker] o.s.b.f.s.DefaultListableBeanFactory     : Creating shared instance of singleton bean 'jdbcTemplate'
2022-11-25 14:50:32.850 DEBUG 25216 --- [    Test worker] o.s.b.f.s.DefaultListableBeanFactory     : Creating shared instance of singleton bean 'spring.jdbc-org.springframework.boot.autoconfigure.jdbc.JdbcProperties'
2022-11-25 14:50:32.856 DEBUG 25216 --- [    Test worker] o.s.b.f.s.DefaultListableBeanFactory     : Autowiring by type from bean name 'jdbcTemplate' via factory method to bean named 'dataSource'
2022-11-25 14:50:32.856 DEBUG 25216 --- [    Test worker] o.s.b.f.s.DefaultListableBeanFactory     : Autowiring by type from bean name 'jdbcTemplate' via factory method to bean named 'spring.jdbc-org.springframework.boot.autoconfigure.jdbc.JdbcProperties'
2022-11-25 14:50:32.900 DEBUG 25216 --- [    Test worker] o.s.b.f.s.DefaultListableBeanFactory     : Creating shared instance of singleton bean 'org.springframework.boot.autoconfigure.jdbc.NamedParameterJdbcTemplateConfiguration'
2022-11-25 14:50:32.904 DEBUG 25216 --- [    Test worker] o.s.b.f.s.DefaultListableBeanFactory     : Creating shared instance of singleton bean 'namedParameterJdbcTemplate'
2022-11-25 14:50:32.905 DEBUG 25216 --- [    Test worker] o.s.b.f.s.DefaultListableBeanFactory     : Autowiring by type from bean name 'namedParameterJdbcTemplate' via factory method to bean named 'jdbcTemplate'
2022-11-25 14:50:32.926 DEBUG 25216 --- [    Test worker] o.s.b.f.s.DefaultListableBeanFactory     : Creating shared instance of singleton bean 'org.springframework.boot.autoconfigure.jdbc.JdbcTemplateAutoConfiguration'
2022-11-25 14:50:32.931 DEBUG 25216 --- [    Test worker] o.s.b.f.s.DefaultListableBeanFactory     : Creating shared instance of singleton bean 'org.springframework.security.config.annotation.web.configuration.WebSecurityConfiguration'
2022-11-25 14:50:32.987 DEBUG 25216 --- [    Test worker] o.s.b.f.s.DefaultListableBeanFactory     : Creating shared instance of singleton bean 'delegatingApplicationListener'
2022-11-25 14:50:32.994 DEBUG 25216 --- [    Test worker] o.s.b.f.s.DefaultListableBeanFactory     : Creating shared instance of singleton bean 'springSecurityFilterChain'
2022-11-25 14:50:33.042 DEBUG 25216 --- [    Test worker] o.s.b.f.s.DefaultListableBeanFactory     : Creating shared instance of singleton bean 'webSecurityExpressionHandler'
2022-11-25 14:50:33.044 DEBUG 25216 --- [    Test worker] o.s.b.f.s.DefaultListableBeanFactory     : Creating shared instance of singleton bean 'privilegeEvaluator'
2022-11-25 14:50:33.053 DEBUG 25216 --- [    Test worker] o.s.b.f.s.DefaultListableBeanFactory     : Creating shared instance of singleton bean 'requestDataValueProcessor'
2022-11-25 14:50:33.061 DEBUG 25216 --- [    Test worker] o.s.b.f.s.DefaultListableBeanFactory     : Creating shared instance of singleton bean 'org.springframework.boot.autoconfigure.security.servlet.SpringBootWebSecurityConfiguration$ErrorPageSecurityFilterConfiguration'
2022-11-25 14:50:33.064 DEBUG 25216 --- [    Test worker] o.s.b.f.s.DefaultListableBeanFactory     : Creating shared instance of singleton bean 'errorPageSecurityFilter'
2022-11-25 14:50:33.065 DEBUG 25216 --- [    Test worker] o.s.b.f.s.DefaultListableBeanFactory     : Autowiring by type from bean name 'errorPageSecurityFilter' via factory method to bean named 'org.springframework.web.context.support.GenericWebApplicationContext@f973499'
2022-11-25 14:50:33.083 DEBUG 25216 --- [    Test worker] o.s.b.f.s.DefaultListableBeanFactory     : Creating shared instance of singleton bean 'org.springframework.boot.autoconfigure.security.servlet.SpringBootWebSecurityConfiguration'
2022-11-25 14:50:33.086 DEBUG 25216 --- [    Test worker] o.s.b.f.s.DefaultListableBeanFactory     : Creating shared instance of singleton bean 'spring.security-org.springframework.boot.autoconfigure.security.SecurityProperties'
2022-11-25 14:50:33.092 DEBUG 25216 --- [    Test worker] o.s.b.f.s.DefaultListableBeanFactory     : Creating shared instance of singleton bean 'org.springframework.boot.autoconfigure.security.servlet.SecurityFilterAutoConfiguration'
2022-11-25 14:50:33.096 DEBUG 25216 --- [    Test worker] o.s.b.f.s.DefaultListableBeanFactory     : Creating shared instance of singleton bean 'securityFilterChainRegistration'
2022-11-25 14:50:33.097 DEBUG 25216 --- [    Test worker] o.s.b.f.s.DefaultListableBeanFactory     : Autowiring by type from bean name 'securityFilterChainRegistration' via factory method to bean named 'spring.security-org.springframework.boot.autoconfigure.security.SecurityProperties'
2022-11-25 14:50:33.123 DEBUG 25216 --- [    Test worker] o.s.b.f.s.DefaultListableBeanFactory     : Creating shared instance of singleton bean 'org.springframework.boot.autoconfigure.sql.init.SqlInitializationAutoConfiguration'
2022-11-25 14:50:33.128 DEBUG 25216 --- [    Test worker] o.s.b.f.s.DefaultListableBeanFactory     : Creating shared instance of singleton bean 'org.springframework.boot.autoconfigure.task.TaskSchedulingAutoConfiguration'
2022-11-25 14:50:33.134 DEBUG 25216 --- [    Test worker] o.s.b.f.s.DefaultListableBeanFactory     : Creating shared instance of singleton bean 'scheduledBeanLazyInitializationExcludeFilter'
2022-11-25 14:50:33.144 DEBUG 25216 --- [    Test worker] o.s.b.f.s.DefaultListableBeanFactory     : Creating shared instance of singleton bean 'taskSchedulerBuilder'
2022-11-25 14:50:33.144 DEBUG 25216 --- [    Test worker] o.s.b.f.s.DefaultListableBeanFactory     : Creating shared instance of singleton bean 'spring.task.scheduling-org.springframework.boot.autoconfigure.task.TaskSchedulingProperties'
2022-11-25 14:50:33.151 DEBUG 25216 --- [    Test worker] o.s.b.f.s.DefaultListableBeanFactory     : Autowiring by type from bean name 'taskSchedulerBuilder' via factory method to bean named 'spring.task.scheduling-org.springframework.boot.autoconfigure.task.TaskSchedulingProperties'
2022-11-25 14:50:33.156 DEBUG 25216 --- [    Test worker] o.s.b.f.s.DefaultListableBeanFactory     : Creating shared instance of singleton bean 'org.springframework.boot.autoconfigure.jdbc.DataSourceTransactionManagerAutoConfiguration$JdbcTransactionManagerConfiguration'
2022-11-25 14:50:33.162 DEBUG 25216 --- [    Test worker] o.s.b.f.s.DefaultListableBeanFactory     : Creating shared instance of singleton bean 'org.springframework.boot.autoconfigure.jdbc.DataSourceTransactionManagerAutoConfiguration'
2022-11-25 14:50:33.166 DEBUG 25216 --- [    Test worker] o.s.b.f.s.DefaultListableBeanFactory     : Creating shared instance of singleton bean 'org.springframework.boot.autoconfigure.transaction.TransactionAutoConfiguration$EnableTransactionManagementConfiguration$CglibAutoProxyConfiguration'
2022-11-25 14:50:33.171 DEBUG 25216 --- [    Test worker] o.s.b.f.s.DefaultListableBeanFactory     : Creating shared instance of singleton bean 'org.springframework.boot.autoconfigure.transaction.TransactionAutoConfiguration$EnableTransactionManagementConfiguration'
2022-11-25 14:50:33.175 DEBUG 25216 --- [    Test worker] o.s.b.f.s.DefaultListableBeanFactory     : Creating shared instance of singleton bean 'org.springframework.boot.autoconfigure.transaction.TransactionAutoConfiguration$TransactionTemplateConfiguration'
2022-11-25 14:50:33.181 DEBUG 25216 --- [    Test worker] o.s.b.f.s.DefaultListableBeanFactory     : Creating shared instance of singleton bean 'transactionTemplate'
2022-11-25 14:50:33.182 DEBUG 25216 --- [    Test worker] o.s.b.f.s.DefaultListableBeanFactory     : Autowiring by type from bean name 'transactionTemplate' via factory method to bean named 'transactionManager'
2022-11-25 14:50:33.198 DEBUG 25216 --- [    Test worker] o.s.b.f.s.DefaultListableBeanFactory     : Creating shared instance of singleton bean 'org.springframework.boot.autoconfigure.web.client.RestTemplateAutoConfiguration'
2022-11-25 14:50:33.203 DEBUG 25216 --- [    Test worker] o.s.b.f.s.DefaultListableBeanFactory     : Creating shared instance of singleton bean 'org.springframework.boot.autoconfigure.web.embedded.EmbeddedWebServerFactoryCustomizerAutoConfiguration'
2022-11-25 14:50:33.206 DEBUG 25216 --- [    Test worker] o.s.b.f.s.DefaultListableBeanFactory     : Creating shared instance of singleton bean 'characterEncodingFilter'
2022-11-25 14:50:33.228 DEBUG 25216 --- [    Test worker] o.s.b.f.s.DefaultListableBeanFactory     : Creating shared instance of singleton bean 'multipartResolver'
2022-11-25 14:50:33.235 DEBUG 25216 --- [    Test worker] o.s.b.f.s.DefaultListableBeanFactory     : Creating shared instance of singleton bean 'org.springframework.boot.test.autoconfigure.web.servlet.MockMvcAutoConfiguration'
2022-11-25 14:50:33.236 DEBUG 25216 --- [    Test worker] o.s.b.f.s.DefaultListableBeanFactory     : Autowiring by type from bean name 'org.springframework.boot.test.autoconfigure.web.servlet.MockMvcAutoConfiguration' via constructor to bean named 'org.springframework.web.context.support.GenericWebApplicationContext@f973499'
2022-11-25 14:50:33.236 DEBUG 25216 --- [    Test worker] o.s.b.f.s.DefaultListableBeanFactory     : Autowiring by type from bean name 'org.springframework.boot.test.autoconfigure.web.servlet.MockMvcAutoConfiguration' via constructor to bean named 'spring.mvc-org.springframework.boot.autoconfigure.web.servlet.WebMvcProperties'
2022-11-25 14:50:33.240 DEBUG 25216 --- [    Test worker] o.s.b.f.s.DefaultListableBeanFactory     : Creating shared instance of singleton bean 'mockMvcBuilder'
2022-11-25 14:50:33.241 DEBUG 25216 --- [    Test worker] o.s.b.f.s.DefaultListableBeanFactory     : Creating shared instance of singleton bean 'springBootMockMvcBuilderCustomizer'
2022-11-25 14:50:33.252 DEBUG 25216 --- [    Test worker] o.s.b.f.s.DefaultListableBeanFactory     : Creating shared instance of singleton bean 'securityMockMvcBuilderCustomizer'
2022-11-25 14:50:33.252 DEBUG 25216 --- [    Test worker] o.s.b.f.s.DefaultListableBeanFactory     : Creating shared instance of singleton bean 'org.springframework.boot.test.autoconfigure.web.servlet.MockMvcSecurityConfiguration'
2022-11-25 14:50:33.262 DEBUG 25216 --- [    Test worker] o.s.b.f.s.DefaultListableBeanFactory     : Autowiring by type from bean name 'mockMvcBuilder' via factory method to bean named 'springBootMockMvcBuilderCustomizer'
2022-11-25 14:50:33.264 DEBUG 25216 --- [    Test worker] o.s.b.f.s.DefaultListableBeanFactory     : Autowiring by type from bean name 'mockMvcBuilder' via factory method to bean named 'securityMockMvcBuilderCustomizer'
2022-11-25 14:50:33.289 DEBUG 25216 --- [    Test worker] o.s.b.w.s.ServletContextInitializerBeans : Mapping filters: filterRegistrationBean urls=[/*] order=2147483647, springSecurityFilterChain urls=[/*] order=-100, characterEncodingFilter urls=[/*] order=-2147483648, formContentFilter urls=[/*] order=-9900, requestContextFilter urls=[/*] order=-105
2022-11-25 14:50:33.289 DEBUG 25216 --- [    Test worker] o.s.b.w.s.ServletContextInitializerBeans : Mapping servlets: 
2022-11-25 14:50:33.318 DEBUG 25216 --- [    Test worker] o.s.b.f.s.DefaultListableBeanFactory     : Creating shared instance of singleton bean 'mockMvc'
2022-11-25 14:50:33.319 DEBUG 25216 --- [    Test worker] o.s.b.f.s.DefaultListableBeanFactory     : Autowiring by type from bean name 'mockMvc' via factory method to bean named 'mockMvcBuilder'
2022-11-25 14:50:33.387  INFO 25216 --- [    Test worker] o.s.b.t.m.w.SpringBootMockServletContext : Initializing Spring TestDispatcherServlet ''
2022-11-25 14:50:33.387  INFO 25216 --- [    Test worker] o.s.t.web.servlet.TestDispatcherServlet  : Initializing Servlet ''
2022-11-25 14:50:33.387 DEBUG 25216 --- [    Test worker] o.s.t.web.servlet.TestDispatcherServlet  : Detected StandardServletMultipartResolver
2022-11-25 14:50:33.387 DEBUG 25216 --- [    Test worker] o.s.t.web.servlet.TestDispatcherServlet  : Detected AcceptHeaderLocaleResolver
2022-11-25 14:50:33.388 DEBUG 25216 --- [    Test worker] o.s.t.web.servlet.TestDispatcherServlet  : Detected FixedThemeResolver
2022-11-25 14:50:33.390 DEBUG 25216 --- [    Test worker] o.s.t.web.servlet.TestDispatcherServlet  : Detected org.springframework.web.servlet.view.DefaultRequestToViewNameTranslator@51a65f56
2022-11-25 14:50:33.390 DEBUG 25216 --- [    Test worker] o.s.t.web.servlet.TestDispatcherServlet  : Detected org.springframework.web.servlet.support.SessionFlashMapManager@5bdef8ee
2022-11-25 14:50:33.392 DEBUG 25216 --- [    Test worker] o.s.t.web.servlet.TestDispatcherServlet  : enableLoggingRequestDetails='false': request parameters and headers will be masked to prevent unsafe logging of potentially sensitive data
2022-11-25 14:50:33.392  INFO 25216 --- [    Test worker] o.s.t.web.servlet.TestDispatcherServlet  : Completed initialization in 5 ms
2022-11-25 14:50:33.450 DEBUG 25216 --- [    Test worker] o.s.c.support.DefaultLifecycleProcessor  : Starting beans in phase -2147483647
2022-11-25 14:50:33.451 DEBUG 25216 --- [    Test worker] o.s.c.support.DefaultLifecycleProcessor  : Successfully started bean 'springBootLoggingLifecycle'
2022-11-25 14:50:33.481 DEBUG 25216 --- [    Test worker] ConditionEvaluationReportLoggingListener : 


============================
CONDITIONS EVALUATION REPORT
============================


Positive matches:
-----------------

   AopAutoConfiguration matched:
      - @ConditionalOnProperty (spring.aop.auto=true) matched (OnPropertyCondition)

   AopAutoConfiguration.AspectJAutoProxyingConfiguration matched:
      - @ConditionalOnClass found required class 'org.aspectj.weaver.Advice' (OnClassCondition)

   AopAutoConfiguration.AspectJAutoProxyingConfiguration.CglibAutoProxyConfiguration matched:
      - @ConditionalOnProperty (spring.aop.proxy-target-class=true) matched (OnPropertyCondition)

   DataSourceAutoConfiguration matched:
      - @ConditionalOnClass found required classes 'javax.sql.DataSource', 'org.springframework.jdbc.datasource.embedded.EmbeddedDatabaseType' (OnClassCondition)
      - @ConditionalOnMissingBean (types: io.r2dbc.spi.ConnectionFactory; SearchStrategy: all) did not find any beans (OnBeanCondition)

   DataSourceAutoConfiguration.PooledDataSourceConfiguration matched:
      - AnyNestedCondition 1 matched 1 did not; NestedCondition on DataSourceAutoConfiguration.PooledDataSourceCondition.PooledDataSourceAvailable PooledDataSource found supported DataSource; NestedCondition on DataSourceAutoConfiguration.PooledDataSourceCondition.ExplicitType @ConditionalOnProperty (spring.datasource.type) did not find property 'type' (DataSourceAutoConfiguration.PooledDataSourceCondition)
      - @ConditionalOnMissingBean (types: javax.sql.DataSource,javax.sql.XADataSource; SearchStrategy: all) did not find any beans (OnBeanCondition)

   DataSourceConfiguration.Hikari matched:
      - @ConditionalOnClass found required class 'com.zaxxer.hikari.HikariDataSource' (OnClassCondition)
      - @ConditionalOnProperty (spring.datasource.type=com.zaxxer.hikari.HikariDataSource) matched (OnPropertyCondition)
      - @ConditionalOnMissingBean (types: javax.sql.DataSource; SearchStrategy: all) did not find any beans (OnBeanCondition)

   DataSourceInitializationConfiguration matched:
      - @ConditionalOnClass found required class 'org.springframework.jdbc.datasource.init.DatabasePopulator' (OnClassCondition)
      - @ConditionalOnSingleCandidate (types: javax.sql.DataSource; SearchStrategy: all) found a single bean 'dataSource'; @ConditionalOnMissingBean (types: org.springframework.boot.autoconfigure.sql.init.SqlDataSourceScriptDatabaseInitializer,org.springframework.boot.autoconfigure.sql.init.SqlR2dbcScriptDatabaseInitializer; SearchStrategy: all) did not find any beans (OnBeanCondition)

   DataSourcePoolMetadataProvidersConfiguration.HikariPoolDataSourceMetadataProviderConfiguration matched:
      - @ConditionalOnClass found required class 'com.zaxxer.hikari.HikariDataSource' (OnClassCondition)

   DataSourceTransactionManagerAutoConfiguration matched:
      - @ConditionalOnClass found required classes 'org.springframework.jdbc.core.JdbcTemplate', 'org.springframework.transaction.TransactionManager' (OnClassCondition)

   DataSourceTransactionManagerAutoConfiguration.JdbcTransactionManagerConfiguration matched:
      - @ConditionalOnSingleCandidate (types: javax.sql.DataSource; SearchStrategy: all) found a single bean 'dataSource' (OnBeanCondition)

   DispatcherServletAutoConfiguration matched:
      - @ConditionalOnClass found required class 'org.springframework.web.servlet.DispatcherServlet' (OnClassCondition)
      - found 'session' scope (OnWebApplicationCondition)

   DispatcherServletAutoConfiguration.DispatcherServletConfiguration matched:
      - @ConditionalOnClass found required class 'javax.servlet.ServletRegistration' (OnClassCondition)
      - Default DispatcherServlet did not find dispatcher servlet beans (DispatcherServletAutoConfiguration.DefaultDispatcherServletCondition)

   DispatcherServletAutoConfiguration.DispatcherServletRegistrationConfiguration matched:
      - @ConditionalOnClass found required class 'javax.servlet.ServletRegistration' (OnClassCondition)
      - DispatcherServlet Registration did not find servlet registration bean (DispatcherServletAutoConfiguration.DispatcherServletRegistrationCondition)

   DispatcherServletAutoConfiguration.DispatcherServletRegistrationConfiguration#dispatcherServletRegistration matched:
      - @ConditionalOnBean (names: dispatcherServlet types: org.springframework.web.servlet.DispatcherServlet; SearchStrategy: all) found bean 'dispatcherServlet' (OnBeanCondition)

   EmbeddedWebServerFactoryCustomizerAutoConfiguration matched:
      - @ConditionalOnWebApplication (required) found 'session' scope (OnWebApplicationCondition)

   EmbeddedWebServerFactoryCustomizerAutoConfiguration.TomcatWebServerFactoryCustomizerConfiguration matched:
      - @ConditionalOnClass found required classes 'org.apache.catalina.startup.Tomcat', 'org.apache.coyote.UpgradeProtocol' (OnClassCondition)

   ErrorMvcAutoConfiguration matched:
      - @ConditionalOnClass found required classes 'javax.servlet.Servlet', 'org.springframework.web.servlet.DispatcherServlet' (OnClassCondition)
      - found 'session' scope (OnWebApplicationCondition)

   ErrorMvcAutoConfiguration#basicErrorController matched:
      - @ConditionalOnMissingBean (types: org.springframework.boot.web.servlet.error.ErrorController; SearchStrategy: current) did not find any beans (OnBeanCondition)

   ErrorMvcAutoConfiguration#errorAttributes matched:
      - @ConditionalOnMissingBean (types: org.springframework.boot.web.servlet.error.ErrorAttributes; SearchStrategy: current) did not find any beans (OnBeanCondition)

   ErrorMvcAutoConfiguration.DefaultErrorViewResolverConfiguration#conventionErrorViewResolver matched:
      - @ConditionalOnBean (types: org.springframework.web.servlet.DispatcherServlet; SearchStrategy: all) found bean 'dispatcherServlet'; @ConditionalOnMissingBean (types: org.springframework.boot.autoconfigure.web.servlet.error.ErrorViewResolver; SearchStrategy: all) did not find any beans (OnBeanCondition)

   ErrorMvcAutoConfiguration.WhitelabelErrorViewConfiguration matched:
      - @ConditionalOnProperty (server.error.whitelabel.enabled) matched (OnPropertyCondition)
      - ErrorTemplate Missing did not find error template view (ErrorMvcAutoConfiguration.ErrorTemplateMissingCondition)

   ErrorMvcAutoConfiguration.WhitelabelErrorViewConfiguration#beanNameViewResolver matched:
      - @ConditionalOnMissingBean (types: org.springframework.web.servlet.view.BeanNameViewResolver; SearchStrategy: all) did not find any beans (OnBeanCondition)

   ErrorMvcAutoConfiguration.WhitelabelErrorViewConfiguration#defaultErrorView matched:
      - @ConditionalOnMissingBean (names: error; SearchStrategy: all) did not find any beans (OnBeanCondition)

   GenericCacheConfiguration matched:
      - Cache org.springframework.boot.autoconfigure.cache.GenericCacheConfiguration automatic cache type (CacheCondition)

   HibernateJpaAutoConfiguration matched:
      - @ConditionalOnClass found required classes 'org.springframework.orm.jpa.LocalContainerEntityManagerFactoryBean', 'javax.persistence.EntityManager', 'org.hibernate.engine.spi.SessionImplementor' (OnClassCondition)

   HibernateJpaConfiguration matched:
      - @ConditionalOnSingleCandidate (types: javax.sql.DataSource; SearchStrategy: all) found a single bean 'dataSource' (OnBeanCondition)

   HttpEncodingAutoConfiguration matched:
      - @ConditionalOnClass found required class 'org.springframework.web.filter.CharacterEncodingFilter' (OnClassCondition)
      - found 'session' scope (OnWebApplicationCondition)
      - @ConditionalOnProperty (server.servlet.encoding.enabled) matched (OnPropertyCondition)

   HttpEncodingAutoConfiguration#characterEncodingFilter matched:
      - @ConditionalOnMissingBean (types: org.springframework.web.filter.CharacterEncodingFilter; SearchStrategy: all) did not find any beans (OnBeanCondition)

   HttpMessageConvertersAutoConfiguration matched:
      - @ConditionalOnClass found required class 'org.springframework.http.converter.HttpMessageConverter' (OnClassCondition)
      - NoneNestedConditions 0 matched 1 did not; NestedCondition on HttpMessageConvertersAutoConfiguration.NotReactiveWebApplicationCondition.ReactiveWebApplication did not find reactive web application classes (HttpMessageConvertersAutoConfiguration.NotReactiveWebApplicationCondition)

   HttpMessageConvertersAutoConfiguration#messageConverters matched:
      - @ConditionalOnMissingBean (types: org.springframework.boot.autoconfigure.http.HttpMessageConverters; SearchStrategy: all) did not find any beans (OnBeanCondition)

   HttpMessageConvertersAutoConfiguration.StringHttpMessageConverterConfiguration matched:
      - @ConditionalOnClass found required class 'org.springframework.http.converter.StringHttpMessageConverter' (OnClassCondition)

   HttpMessageConvertersAutoConfiguration.StringHttpMessageConverterConfiguration#stringHttpMessageConverter matched:
      - @ConditionalOnMissingBean (types: org.springframework.http.converter.StringHttpMessageConverter; SearchStrategy: all) did not find any beans (OnBeanCondition)

   JacksonAutoConfiguration matched:
      - @ConditionalOnClass found required class 'com.fasterxml.jackson.databind.ObjectMapper' (OnClassCondition)

   JacksonAutoConfiguration.Jackson2ObjectMapperBuilderCustomizerConfiguration matched:
      - @ConditionalOnClass found required class 'org.springframework.http.converter.json.Jackson2ObjectMapperBuilder' (OnClassCondition)

   JacksonAutoConfiguration.JacksonObjectMapperBuilderConfiguration matched:
      - @ConditionalOnClass found required class 'org.springframework.http.converter.json.Jackson2ObjectMapperBuilder' (OnClassCondition)

   JacksonAutoConfiguration.JacksonObjectMapperBuilderConfiguration#jacksonObjectMapperBuilder matched:
      - @ConditionalOnMissingBean (types: org.springframework.http.converter.json.Jackson2ObjectMapperBuilder; SearchStrategy: all) did not find any beans (OnBeanCondition)

   JacksonAutoConfiguration.JacksonObjectMapperConfiguration matched:
      - @ConditionalOnClass found required class 'org.springframework.http.converter.json.Jackson2ObjectMapperBuilder' (OnClassCondition)

   JacksonAutoConfiguration.JacksonObjectMapperConfiguration#jacksonObjectMapper matched:
      - @ConditionalOnMissingBean (types: com.fasterxml.jackson.databind.ObjectMapper; SearchStrategy: all) did not find any beans (OnBeanCondition)

   JacksonAutoConfiguration.ParameterNamesModuleConfiguration matched:
      - @ConditionalOnClass found required class 'com.fasterxml.jackson.module.paramnames.ParameterNamesModule' (OnClassCondition)

   JacksonAutoConfiguration.ParameterNamesModuleConfiguration#parameterNamesModule matched:
      - @ConditionalOnMissingBean (types: com.fasterxml.jackson.module.paramnames.ParameterNamesModule; SearchStrategy: all) did not find any beans (OnBeanCondition)

   JacksonHttpMessageConvertersConfiguration.MappingJackson2HttpMessageConverterConfiguration matched:
      - @ConditionalOnClass found required class 'com.fasterxml.jackson.databind.ObjectMapper' (OnClassCondition)
      - @ConditionalOnProperty (spring.mvc.converters.preferred-json-mapper=jackson) matched (OnPropertyCondition)
      - @ConditionalOnBean (types: com.fasterxml.jackson.databind.ObjectMapper; SearchStrategy: all) found bean 'jacksonObjectMapper' (OnBeanCondition)

   JacksonHttpMessageConvertersConfiguration.MappingJackson2HttpMessageConverterConfiguration#mappingJackson2HttpMessageConverter matched:
      - @ConditionalOnMissingBean (types: org.springframework.http.converter.json.MappingJackson2HttpMessageConverter ignored: org.springframework.hateoas.server.mvc.TypeConstrainedMappingJackson2HttpMessageConverter,org.springframework.data.rest.webmvc.alps.AlpsJsonHttpMessageConverter; SearchStrategy: all) did not find any beans (OnBeanCondition)

   JdbcTemplateAutoConfiguration matched:
      - @ConditionalOnClass found required classes 'javax.sql.DataSource', 'org.springframework.jdbc.core.JdbcTemplate' (OnClassCondition)
      - @ConditionalOnSingleCandidate (types: javax.sql.DataSource; SearchStrategy: all) found a single bean 'dataSource' (OnBeanCondition)

   JdbcTemplateConfiguration matched:
      - @ConditionalOnMissingBean (types: org.springframework.jdbc.core.JdbcOperations; SearchStrategy: all) did not find any beans (OnBeanCondition)

   JpaBaseConfiguration#entityManagerFactory matched:
      - @ConditionalOnMissingBean (types: org.springframework.orm.jpa.LocalContainerEntityManagerFactoryBean,javax.persistence.EntityManagerFactory; SearchStrategy: all) did not find any beans (OnBeanCondition)

   JpaBaseConfiguration#entityManagerFactoryBuilder matched:
      - @ConditionalOnMissingBean (types: org.springframework.boot.orm.jpa.EntityManagerFactoryBuilder; SearchStrategy: all) did not find any beans (OnBeanCondition)

   JpaBaseConfiguration#jpaVendorAdapter matched:
      - @ConditionalOnMissingBean (types: org.springframework.orm.jpa.JpaVendorAdapter; SearchStrategy: all) did not find any beans (OnBeanCondition)

   JpaBaseConfiguration#transactionManager matched:
      - @ConditionalOnMissingBean (types: org.springframework.transaction.TransactionManager; SearchStrategy: all) did not find any beans (OnBeanCondition)

   JpaBaseConfiguration.JpaWebConfiguration matched:
      - @ConditionalOnClass found required class 'org.springframework.web.servlet.config.annotation.WebMvcConfigurer' (OnClassCondition)
      - found 'session' scope (OnWebApplicationCondition)
      - @ConditionalOnProperty (spring.jpa.open-in-view=true) matched (OnPropertyCondition)
      - @ConditionalOnMissingBean (types: org.springframework.orm.jpa.support.OpenEntityManagerInViewInterceptor,org.springframework.orm.jpa.support.OpenEntityManagerInViewFilter; SearchStrategy: all) did not find any beans (OnBeanCondition)

   JpaRepositoriesAutoConfiguration matched:
      - @ConditionalOnClass found required class 'org.springframework.data.jpa.repository.JpaRepository' (OnClassCondition)
      - @ConditionalOnProperty (spring.data.jpa.repositories.enabled=true) matched (OnPropertyCondition)
      - @ConditionalOnBean (types: javax.sql.DataSource; SearchStrategy: all) found bean 'dataSource'; @ConditionalOnMissingBean (types: org.springframework.data.jpa.repository.support.JpaRepositoryFactoryBean,org.springframework.data.jpa.repository.config.JpaRepositoryConfigExtension; SearchStrategy: all) did not find any beans (OnBeanCondition)

   JtaAutoConfiguration matched:
      - @ConditionalOnClass found required class 'javax.transaction.Transaction' (OnClassCondition)
      - @ConditionalOnProperty (spring.jta.enabled) matched (OnPropertyCondition)

   LifecycleAutoConfiguration#defaultLifecycleProcessor matched:
      - @ConditionalOnMissingBean (names: lifecycleProcessor; SearchStrategy: current) did not find any beans (OnBeanCondition)

   MockMvcAutoConfiguration matched:
      - found 'session' scope (OnWebApplicationCondition)

   MockMvcAutoConfiguration#mockMvc matched:
      - @ConditionalOnMissingBean (types: org.springframework.test.web.servlet.MockMvc; SearchStrategy: all) did not find any beans (OnBeanCondition)

   MockMvcAutoConfiguration#mockMvcBuilder matched:
      - @ConditionalOnMissingBean (types: org.springframework.test.web.servlet.MockMvcBuilder; SearchStrategy: all) did not find any beans (OnBeanCondition)

   MockMvcSecurityConfiguration matched:
      - @ConditionalOnClass found required class 'org.springframework.security.test.web.servlet.request.SecurityMockMvcRequestPostProcessors' (OnClassCondition)

   MockMvcSecurityConfiguration#securityMockMvcBuilderCustomizer matched:
      - @ConditionalOnBean (names: springSecurityFilterChain; SearchStrategy: all) found bean 'springSecurityFilterChain' (OnBeanCondition)

   MultipartAutoConfiguration matched:
      - @ConditionalOnClass found required classes 'javax.servlet.Servlet', 'org.springframework.web.multipart.support.StandardServletMultipartResolver', 'javax.servlet.MultipartConfigElement' (OnClassCondition)
      - found 'session' scope (OnWebApplicationCondition)
      - @ConditionalOnProperty (spring.servlet.multipart.enabled) matched (OnPropertyCondition)

   MultipartAutoConfiguration#multipartConfigElement matched:
      - @ConditionalOnMissingBean (types: javax.servlet.MultipartConfigElement,org.springframework.web.multipart.commons.CommonsMultipartResolver; SearchStrategy: all) did not find any beans (OnBeanCondition)

   MultipartAutoConfiguration#multipartResolver matched:
      - @ConditionalOnMissingBean (types: org.springframework.web.multipart.MultipartResolver; SearchStrategy: all) did not find any beans (OnBeanCondition)

   NamedParameterJdbcTemplateConfiguration matched:
      - @ConditionalOnSingleCandidate (types: org.springframework.jdbc.core.JdbcTemplate; SearchStrategy: all) found a single bean 'jdbcTemplate'; @ConditionalOnMissingBean (types: org.springframework.jdbc.core.namedparam.NamedParameterJdbcOperations; SearchStrategy: all) did not find any beans (OnBeanCondition)

   NoOpCacheConfiguration matched:
      - Cache org.springframework.boot.autoconfigure.cache.NoOpCacheConfiguration automatic cache type (CacheCondition)

   PersistenceExceptionTranslationAutoConfiguration matched:
      - @ConditionalOnClass found required class 'org.springframework.dao.annotation.PersistenceExceptionTranslationPostProcessor' (OnClassCondition)

   PersistenceExceptionTranslationAutoConfiguration#persistenceExceptionTranslationPostProcessor matched:
      - @ConditionalOnProperty (spring.dao.exceptiontranslation.enabled) matched (OnPropertyCondition)
      - @ConditionalOnMissingBean (types: org.springframework.dao.annotation.PersistenceExceptionTranslationPostProcessor; SearchStrategy: all) did not find any beans (OnBeanCondition)

   PropertyPlaceholderAutoConfiguration#propertySourcesPlaceholderConfigurer matched:
      - @ConditionalOnMissingBean (types: org.springframework.context.support.PropertySourcesPlaceholderConfigurer; SearchStrategy: current) did not find any beans (OnBeanCondition)

   RestTemplateAutoConfiguration matched:
      - @ConditionalOnClass found required class 'org.springframework.web.client.RestTemplate' (OnClassCondition)
      - NoneNestedConditions 0 matched 1 did not; NestedCondition on RestTemplateAutoConfiguration.NotReactiveWebApplicationCondition.ReactiveWebApplication did not find reactive web application classes (RestTemplateAutoConfiguration.NotReactiveWebApplicationCondition)

   RestTemplateAutoConfiguration#restTemplateBuilder matched:
      - @ConditionalOnMissingBean (types: org.springframework.boot.web.client.RestTemplateBuilder; SearchStrategy: all) did not find any beans (OnBeanCondition)

   RestTemplateAutoConfiguration#restTemplateBuilderConfigurer matched:
      - @ConditionalOnMissingBean (types: org.springframework.boot.autoconfigure.web.client.RestTemplateBuilderConfigurer; SearchStrategy: all) did not find any beans (OnBeanCondition)

   SecurityAutoConfiguration matched:
      - @ConditionalOnClass found required class 'org.springframework.security.authentication.DefaultAuthenticationEventPublisher' (OnClassCondition)

   SecurityAutoConfiguration#authenticationEventPublisher matched:
      - @ConditionalOnMissingBean (types: org.springframework.security.authentication.AuthenticationEventPublisher; SearchStrategy: all) did not find any beans (OnBeanCondition)

   SecurityFilterAutoConfiguration matched:
      - @ConditionalOnClass found required classes 'org.springframework.security.web.context.AbstractSecurityWebApplicationInitializer', 'org.springframework.security.config.http.SessionCreationPolicy' (OnClassCondition)
      - found 'session' scope (OnWebApplicationCondition)

   SecurityFilterAutoConfiguration#securityFilterChainRegistration matched:
      - @ConditionalOnBean (names: springSecurityFilterChain; SearchStrategy: all) found bean 'springSecurityFilterChain' (OnBeanCondition)

   ServletWebServerFactoryAutoConfiguration matched:
      - @ConditionalOnClass found required class 'javax.servlet.ServletRequest' (OnClassCondition)
      - found 'session' scope (OnWebApplicationCondition)

   ServletWebServerFactoryAutoConfiguration#tomcatServletWebServerFactoryCustomizer matched:
      - @ConditionalOnClass found required class 'org.apache.catalina.startup.Tomcat' (OnClassCondition)

   ServletWebServerFactoryConfiguration.EmbeddedTomcat matched:
      - @ConditionalOnClass found required classes 'javax.servlet.Servlet', 'org.apache.catalina.startup.Tomcat', 'org.apache.coyote.UpgradeProtocol' (OnClassCondition)
      - @ConditionalOnMissingBean (types: org.springframework.boot.web.servlet.server.ServletWebServerFactory; SearchStrategy: current) did not find any beans (OnBeanCondition)

   SimpleCacheConfiguration matched:
      - Cache org.springframework.boot.autoconfigure.cache.SimpleCacheConfiguration automatic cache type (CacheCondition)

   SpringBootWebSecurityConfiguration matched:
      - found 'session' scope (OnWebApplicationCondition)

   SpringBootWebSecurityConfiguration.ErrorPageSecurityFilterConfiguration matched:
      - @ConditionalOnClass found required class 'org.springframework.security.web.access.WebInvocationPrivilegeEvaluator' (OnClassCondition)
      - @ConditionalOnBean (types: org.springframework.security.web.access.WebInvocationPrivilegeEvaluator; SearchStrategy: all) found bean 'privilegeEvaluator' (OnBeanCondition)

   SpringBootWebSecurityConfiguration.WebSecurityEnablerConfiguration matched:
      - @ConditionalOnClass found required class 'org.springframework.security.config.annotation.web.configuration.EnableWebSecurity' (OnClassCondition)
      - @ConditionalOnMissingBean (names: springSecurityFilterChain; SearchStrategy: all) did not find any beans (OnBeanCondition)

   SpringDataWebAutoConfiguration matched:
      - @ConditionalOnClass found required classes 'org.springframework.data.web.PageableHandlerMethodArgumentResolver', 'org.springframework.web.servlet.config.annotation.WebMvcConfigurer' (OnClassCondition)
      - found 'session' scope (OnWebApplicationCondition)
      - @ConditionalOnMissingBean (types: org.springframework.data.web.PageableHandlerMethodArgumentResolver; SearchStrategy: all) did not find any beans (OnBeanCondition)

   SpringDataWebAutoConfiguration#pageableCustomizer matched:
      - @ConditionalOnMissingBean (types: org.springframework.data.web.config.PageableHandlerMethodArgumentResolverCustomizer; SearchStrategy: all) did not find any beans (OnBeanCondition)

   SpringDataWebAutoConfiguration#sortCustomizer matched:
      - @ConditionalOnMissingBean (types: org.springframework.data.web.config.SortHandlerMethodArgumentResolverCustomizer; SearchStrategy: all) did not find any beans (OnBeanCondition)

   SpringDocConfigProperties matched:
      - @ConditionalOnProperty (springdoc.api-docs.enabled) matched (OnPropertyCondition)

   SpringDocConfiguration matched:
      - @ConditionalOnWebApplication (required) found 'session' scope (OnWebApplicationCondition)
      - @ConditionalOnProperty (springdoc.api-docs.enabled) matched (OnPropertyCondition)

   SpringDocConfiguration#fileSupportConverter matched:
      - @ConditionalOnMissingBean (types: org.springdoc.core.converters.FileSupportConverter; SearchStrategy: all) did not find any beans (OnBeanCondition)

   SpringDocConfiguration#openAPIBuilder matched:
      - @ConditionalOnMissingBean (types: org.springdoc.core.OpenAPIService; SearchStrategy: all) did not find any beans (OnBeanCondition)

   SpringDocConfiguration#operationBuilder matched:
      - @ConditionalOnMissingBean (types: org.springdoc.core.OperationService; SearchStrategy: all) did not find any beans (OnBeanCondition)

   SpringDocConfiguration#parameterBuilder matched:
      - @ConditionalOnMissingBean (types: org.springdoc.core.GenericParameterService; SearchStrategy: all) did not find any beans (OnBeanCondition)

   SpringDocConfiguration#polymorphicModelConverter matched:
      - @ConditionalOnProperty (springdoc.model-converters.polymorphic-converter.enabled) matched (OnPropertyCondition)
      - @ConditionalOnMissingBean (types: org.springdoc.core.converters.PolymorphicModelConverter; SearchStrategy: all) did not find any beans (OnBeanCondition)

   SpringDocConfiguration#requestBodyBuilder matched:
      - @ConditionalOnMissingBean (types: org.springdoc.core.RequestBodyService; SearchStrategy: all) did not find any beans (OnBeanCondition)

   SpringDocConfiguration#responseSupportConverter matched:
      - @ConditionalOnMissingBean (types: org.springdoc.core.converters.ResponseSupportConverter; SearchStrategy: all) did not find any beans (OnBeanCondition)

   SpringDocConfiguration#schemaPropertyDeprecatingConverter matched:
      - @ConditionalOnProperty (springdoc.model-converters.deprecating-converter.enabled) matched (OnPropertyCondition)
      - @ConditionalOnMissingBean (types: org.springdoc.core.converters.SchemaPropertyDeprecatingConverter; SearchStrategy: all) did not find any beans (OnBeanCondition)

   SpringDocConfiguration#securityParser matched:
      - @ConditionalOnMissingBean (types: org.springdoc.core.SecurityService; SearchStrategy: all) did not find any beans (OnBeanCondition)

   SpringDocConfiguration#springDocProviders matched:
      - @ConditionalOnMissingBean (types: org.springdoc.core.SpringDocProviders; SearchStrategy: all) did not find any beans (OnBeanCondition)

   SpringDocConfiguration.SpringDocPageableConfiguration matched:
      - @ConditionalOnClass found required class 'org.springframework.data.domain.Pageable' (OnClassCondition)

   SpringDocConfiguration.SpringDocPageableConfiguration#delegatingMethodParameterCustomizer matched:
      - @ConditionalOnMissingBean (types: org.springdoc.core.customizers.DelegatingMethodParameterCustomizer; SearchStrategy: all) did not find any beans (OnBeanCondition)

   SpringDocConfiguration.SpringDocPageableConfiguration#pageableOpenAPIConverter matched:
      - @ConditionalOnProperty (springdoc.model-converters.pageable-converter.enabled) matched (OnPropertyCondition)
      - @ConditionalOnMissingBean (types: org.springdoc.core.converters.PageableOpenAPIConverter; SearchStrategy: all) did not find any beans (OnBeanCondition)

   SpringDocConfiguration.SpringDocSpringDataWebPropertiesProvider matched:
      - @ConditionalOnClass found required class 'org.springframework.boot.autoconfigure.data.web.SpringDataWebProperties' (OnClassCondition)

   SpringDocConfiguration.SpringDocSpringDataWebPropertiesProvider#springDataWebPropertiesProvider matched:
      - @ConditionalOnMissingBean (types: org.springdoc.core.providers.SpringDataWebPropertiesProvider; SearchStrategy: all) did not find any beans (OnBeanCondition)

   SpringDocConfiguration.WebConversionServiceConfiguration matched:
      - @ConditionalOnClass found required class 'org.springframework.boot.autoconfigure.web.format.WebConversionService' (OnClassCondition)

   SpringDocWebMvcConfiguration matched:
      - found 'session' scope (OnWebApplicationCondition)
      - @ConditionalOnProperty (springdoc.api-docs.enabled) matched (OnPropertyCondition)

   SpringDocWebMvcConfiguration#openApiResource matched:
      - @ConditionalOnProperty (springdoc.use-management-port=false) matched (OnPropertyCondition)
      - @ConditionalOnMissingBean (types: org.springdoc.webmvc.api.OpenApiWebMvcResource; SearchStrategy: all) did not find any beans (OnBeanCondition)

   SpringDocWebMvcConfiguration#requestBuilder matched:
      - @ConditionalOnMissingBean (types: org.springdoc.webmvc.core.RequestService; SearchStrategy: all) did not find any beans (OnBeanCondition)

   SpringDocWebMvcConfiguration#responseBuilder matched:
      - @ConditionalOnMissingBean (types: org.springdoc.core.GenericResponseService; SearchStrategy: all) did not find any beans (OnBeanCondition)

   SpringDocWebMvcConfiguration#springWebProvider matched:
      - @ConditionalOnMissingBean (types: org.springdoc.core.providers.SpringWebProvider; SearchStrategy: all) did not find any beans (OnBeanCondition)

   SpringDocWebMvcConfiguration.SpringDocWebMvcRouterConfiguration matched:
      - @ConditionalOnClass found required class 'org.springframework.web.servlet.function.RouterFunction' (OnClassCondition)

   SpringDocWebMvcConfiguration.SpringDocWebMvcRouterConfiguration#routerFunctionProvider matched:
      - @ConditionalOnMissingBean (types: org.springdoc.webmvc.core.RouterFunctionWebMvcProvider; SearchStrategy: all) did not find any beans (OnBeanCondition)

   SqlInitializationAutoConfiguration matched:
      - @ConditionalOnProperty (spring.sql.init.enabled) matched (OnPropertyCondition)
      - NoneNestedConditions 0 matched 1 did not; NestedCondition on SqlInitializationAutoConfiguration.SqlInitializationModeCondition.ModeIsNever @ConditionalOnProperty (spring.sql.init.mode=never) found different value in property 'mode' (SqlInitializationAutoConfiguration.SqlInitializationModeCondition)

   SwaggerConfig matched:
      - found 'session' scope (OnWebApplicationCondition)
      - @ConditionalOnProperty (springdoc.swagger-ui.enabled) matched (OnPropertyCondition)
      - @ConditionalOnBean (types: org.springdoc.core.SpringDocConfiguration; SearchStrategy: all) found bean 'org.springdoc.core.SpringDocConfiguration' (OnBeanCondition)

   SwaggerConfig#indexPageTransformer matched:
      - @ConditionalOnMissingBean (types: org.springdoc.webmvc.ui.SwaggerIndexTransformer; SearchStrategy: all) did not find any beans (OnBeanCondition)

   SwaggerConfig#swaggerConfigResource matched:
      - @ConditionalOnProperty (springdoc.use-management-port=false) matched (OnPropertyCondition)
      - @ConditionalOnMissingBean (types: org.springdoc.webmvc.ui.SwaggerConfigResource; SearchStrategy: all) did not find any beans (OnBeanCondition)

   SwaggerConfig#swaggerWebMvcConfigurer matched:
      - @ConditionalOnMissingBean (types: org.springdoc.webmvc.ui.SwaggerWebMvcConfigurer; SearchStrategy: all) did not find any beans (OnBeanCondition)

   SwaggerConfig#swaggerWelcome matched:
      - @ConditionalOnProperty (springdoc.use-management-port=false) matched (OnPropertyCondition)
      - @ConditionalOnMissingBean (types: org.springdoc.webmvc.ui.SwaggerWelcomeWebMvc; SearchStrategy: all) did not find any beans (OnBeanCondition)

   SwaggerUiConfigParameters matched:
      - @ConditionalOnProperty (springdoc.swagger-ui.enabled) matched (OnPropertyCondition)
      - @ConditionalOnBean (types: org.springdoc.core.SpringDocConfiguration; SearchStrategy: all) found bean 'org.springdoc.core.SpringDocConfiguration' (OnBeanCondition)

   SwaggerUiConfigProperties matched:
      - @ConditionalOnProperty (springdoc.swagger-ui.enabled) matched (OnPropertyCondition)
      - @ConditionalOnBean (types: org.springdoc.core.SpringDocConfiguration; SearchStrategy: all) found bean 'org.springdoc.core.SpringDocConfiguration' (OnBeanCondition)

   SwaggerUiOAuthProperties matched:
      - @ConditionalOnProperty (springdoc.swagger-ui.enabled) matched (OnPropertyCondition)
      - @ConditionalOnBean (types: org.springdoc.core.SpringDocConfiguration; SearchStrategy: all) found bean 'org.springdoc.core.SpringDocConfiguration' (OnBeanCondition)

   TaskExecutionAutoConfiguration matched:
      - @ConditionalOnClass found required class 'org.springframework.scheduling.concurrent.ThreadPoolTaskExecutor' (OnClassCondition)

   TaskExecutionAutoConfiguration#applicationTaskExecutor matched:
      - @ConditionalOnMissingBean (types: java.util.concurrent.Executor; SearchStrategy: all) did not find any beans (OnBeanCondition)

   TaskExecutionAutoConfiguration#taskExecutorBuilder matched:
      - @ConditionalOnMissingBean (types: org.springframework.boot.task.TaskExecutorBuilder; SearchStrategy: all) did not find any beans (OnBeanCondition)

   TaskSchedulingAutoConfiguration matched:
      - @ConditionalOnClass found required class 'org.springframework.scheduling.concurrent.ThreadPoolTaskScheduler' (OnClassCondition)

   TaskSchedulingAutoConfiguration#taskSchedulerBuilder matched:
      - @ConditionalOnMissingBean (types: org.springframework.boot.task.TaskSchedulerBuilder; SearchStrategy: all) did not find any beans (OnBeanCondition)

   TransactionAutoConfiguration matched:
      - @ConditionalOnClass found required class 'org.springframework.transaction.PlatformTransactionManager' (OnClassCondition)

   TransactionAutoConfiguration#platformTransactionManagerCustomizers matched:
      - @ConditionalOnMissingBean (types: org.springframework.boot.autoconfigure.transaction.TransactionManagerCustomizers; SearchStrategy: all) did not find any beans (OnBeanCondition)

   TransactionAutoConfiguration.EnableTransactionManagementConfiguration matched:
      - @ConditionalOnBean (types: org.springframework.transaction.TransactionManager; SearchStrategy: all) found bean 'transactionManager'; @ConditionalOnMissingBean (types: org.springframework.transaction.annotation.AbstractTransactionManagementConfiguration; SearchStrategy: all) did not find any beans (OnBeanCondition)

   TransactionAutoConfiguration.EnableTransactionManagementConfiguration.CglibAutoProxyConfiguration matched:
      - @ConditionalOnProperty (spring.aop.proxy-target-class=true) matched (OnPropertyCondition)

   TransactionAutoConfiguration.TransactionTemplateConfiguration matched:
      - @ConditionalOnSingleCandidate (types: org.springframework.transaction.PlatformTransactionManager; SearchStrategy: all) found a single bean 'transactionManager' (OnBeanCondition)

   TransactionAutoConfiguration.TransactionTemplateConfiguration#transactionTemplate matched:
      - @ConditionalOnMissingBean (types: org.springframework.transaction.support.TransactionOperations; SearchStrategy: all) did not find any beans (OnBeanCondition)

   ValidationAutoConfiguration matched:
      - @ConditionalOnClass found required class 'javax.validation.executable.ExecutableValidator' (OnClassCondition)
      - @ConditionalOnResource found location classpath:META-INF/services/javax.validation.spi.ValidationProvider (OnResourceCondition)

   ValidationAutoConfiguration#defaultValidator matched:
      - @ConditionalOnMissingBean (types: javax.validation.Validator; SearchStrategy: all) did not find any beans (OnBeanCondition)

   ValidationAutoConfiguration#methodValidationPostProcessor matched:
      - @ConditionalOnMissingBean (types: org.springframework.validation.beanvalidation.MethodValidationPostProcessor; SearchStrategy: current) did not find any beans (OnBeanCondition)

   WebMvcAutoConfiguration matched:
      - @ConditionalOnClass found required classes 'javax.servlet.Servlet', 'org.springframework.web.servlet.DispatcherServlet', 'org.springframework.web.servlet.config.annotation.WebMvcConfigurer' (OnClassCondition)
      - found 'session' scope (OnWebApplicationCondition)
      - @ConditionalOnMissingBean (types: org.springframework.web.servlet.config.annotation.WebMvcConfigurationSupport; SearchStrategy: all) did not find any beans (OnBeanCondition)

   WebMvcAutoConfiguration#formContentFilter matched:
      - @ConditionalOnProperty (spring.mvc.formcontent.filter.enabled) matched (OnPropertyCondition)
      - @ConditionalOnMissingBean (types: org.springframework.web.filter.FormContentFilter; SearchStrategy: all) did not find any beans (OnBeanCondition)

   WebMvcAutoConfiguration.EnableWebMvcConfiguration#flashMapManager matched:
      - @ConditionalOnMissingBean (names: flashMapManager; SearchStrategy: all) did not find any beans (OnBeanCondition)

   WebMvcAutoConfiguration.EnableWebMvcConfiguration#localeResolver matched:
      - @ConditionalOnMissingBean (names: localeResolver; SearchStrategy: all) did not find any beans (OnBeanCondition)

   WebMvcAutoConfiguration.EnableWebMvcConfiguration#themeResolver matched:
      - @ConditionalOnMissingBean (names: themeResolver; SearchStrategy: all) did not find any beans (OnBeanCondition)

   WebMvcAutoConfiguration.ResourceChainCustomizerConfiguration matched:
      - @ConditionalOnEnabledResourceChain found class org.webjars.WebJarAssetLocator (OnEnabledResourceChainCondition)

   WebMvcAutoConfiguration.WebMvcAutoConfigurationAdapter#defaultViewResolver matched:
      - @ConditionalOnMissingBean (types: org.springframework.web.servlet.view.InternalResourceViewResolver; SearchStrategy: all) did not find any beans (OnBeanCondition)

   WebMvcAutoConfiguration.WebMvcAutoConfigurationAdapter#requestContextFilter matched:
      - @ConditionalOnMissingBean (types: org.springframework.web.context.request.RequestContextListener,org.springframework.web.filter.RequestContextFilter; SearchStrategy: all) did not find any beans (OnBeanCondition)

   WebMvcAutoConfiguration.WebMvcAutoConfigurationAdapter#viewResolver matched:
      - @ConditionalOnBean (types: org.springframework.web.servlet.ViewResolver; SearchStrategy: all) found beans 'defaultViewResolver', 'beanNameViewResolver', 'mvcViewResolver'; @ConditionalOnMissingBean (names: viewResolver types: org.springframework.web.servlet.view.ContentNegotiatingViewResolver; SearchStrategy: all) did not find any beans (OnBeanCondition)

   WebSocketServletAutoConfiguration matched:
      - @ConditionalOnClass found required classes 'javax.servlet.Servlet', 'javax.websocket.server.ServerContainer' (OnClassCondition)
      - found 'session' scope (OnWebApplicationCondition)

   WebSocketServletAutoConfiguration.TomcatWebSocketConfiguration matched:
      - @ConditionalOnClass found required classes 'org.apache.catalina.startup.Tomcat', 'org.apache.tomcat.websocket.server.WsSci' (OnClassCondition)

   WebSocketServletAutoConfiguration.TomcatWebSocketConfiguration#websocketServletWebServerCustomizer matched:
      - @ConditionalOnMissingBean (names: websocketServletWebServerCustomizer; SearchStrategy: all) did not find any beans (OnBeanCondition)


Negative matches:
-----------------

   ActiveMQAutoConfiguration:
      Did not match:
         - @ConditionalOnClass did not find required class 'javax.jms.ConnectionFactory' (OnClassCondition)

   AopAutoConfiguration.AspectJAutoProxyingConfiguration.JdkDynamicAutoProxyConfiguration:
      Did not match:
         - @ConditionalOnProperty (spring.aop.proxy-target-class=false) did not find property 'proxy-target-class' (OnPropertyCondition)

   AopAutoConfiguration.ClassProxyingConfiguration:
      Did not match:
         - @ConditionalOnMissingClass found unwanted class 'org.aspectj.weaver.Advice' (OnClassCondition)

   ArtemisAutoConfiguration:
      Did not match:
         - @ConditionalOnClass did not find required class 'javax.jms.ConnectionFactory' (OnClassCondition)

   AtomikosJtaConfiguration:
      Did not match:
         - @ConditionalOnClass did not find required class 'com.atomikos.icatch.jta.UserTransactionManager' (OnClassCondition)

   BatchAutoConfiguration:
      Did not match:
         - @ConditionalOnClass did not find required class 'org.springframework.batch.core.launch.JobLauncher' (OnClassCondition)

   Cache2kCacheConfiguration:
      Did not match:
         - @ConditionalOnClass did not find required class 'org.cache2k.Cache2kBuilder' (OnClassCondition)

   CacheAutoConfiguration:
      Did not match:
         - @ConditionalOnBean (types: org.springframework.cache.interceptor.CacheAspectSupport; SearchStrategy: all) did not find any beans of type org.springframework.cache.interceptor.CacheAspectSupport (OnBeanCondition)
      Matched:
         - @ConditionalOnClass found required class 'org.springframework.cache.CacheManager' (OnClassCondition)

   CacheAutoConfiguration.CacheManagerEntityManagerFactoryDependsOnPostProcessor:
      Did not match:
         - Ancestor org.springframework.boot.autoconfigure.cache.CacheAutoConfiguration did not match (ConditionEvaluationReport.AncestorsMatchedCondition)
      Matched:
         - @ConditionalOnClass found required class 'org.springframework.orm.jpa.LocalContainerEntityManagerFactoryBean' (OnClassCondition)

   CaffeineCacheConfiguration:
      Did not match:
         - @ConditionalOnClass did not find required class 'com.github.benmanes.caffeine.cache.Caffeine' (OnClassCondition)

   CassandraAutoConfiguration:
      Did not match:
         - @ConditionalOnClass did not find required class 'com.datastax.oss.driver.api.core.CqlSession' (OnClassCondition)

   CassandraDataAutoConfiguration:
      Did not match:
         - @ConditionalOnClass did not find required class 'com.datastax.oss.driver.api.core.CqlSession' (OnClassCondition)

   CassandraReactiveDataAutoConfiguration:
      Did not match:
         - @ConditionalOnClass did not find required class 'com.datastax.oss.driver.api.core.CqlSession' (OnClassCondition)

   CassandraReactiveRepositoriesAutoConfiguration:
      Did not match:
         - @ConditionalOnClass did not find required class 'org.springframework.data.cassandra.ReactiveSession' (OnClassCondition)

   CassandraRepositoriesAutoConfiguration:
      Did not match:
         - @ConditionalOnClass did not find required class 'com.datastax.oss.driver.api.core.CqlSession' (OnClassCondition)

   ClientHttpConnectorAutoConfiguration:
      Did not match:
         - @ConditionalOnClass did not find required class 'org.springframework.web.reactive.function.client.WebClient' (OnClassCondition)

   CodecsAutoConfiguration:
      Did not match:
         - @ConditionalOnClass did not find required class 'org.springframework.web.reactive.function.client.WebClient' (OnClassCondition)

   CouchbaseAutoConfiguration:
      Did not match:
         - @ConditionalOnClass did not find required class 'com.couchbase.client.java.Cluster' (OnClassCondition)

   CouchbaseCacheConfiguration:
      Did not match:
         - @ConditionalOnClass did not find required class 'com.couchbase.client.java.Cluster' (OnClassCondition)

   CouchbaseDataAutoConfiguration:
      Did not match:
         - @ConditionalOnClass did not find required class 'com.couchbase.client.java.Bucket' (OnClassCondition)

   CouchbaseReactiveDataAutoConfiguration:
      Did not match:
         - @ConditionalOnClass did not find required class 'com.couchbase.client.java.Cluster' (OnClassCondition)

   CouchbaseReactiveRepositoriesAutoConfiguration:
      Did not match:
         - @ConditionalOnClass did not find required class 'com.couchbase.client.java.Cluster' (OnClassCondition)

   CouchbaseRepositoriesAutoConfiguration:
      Did not match:
         - @ConditionalOnClass did not find required class 'com.couchbase.client.java.Bucket' (OnClassCondition)

   DataSourceAutoConfiguration.EmbeddedDatabaseConfiguration:
      Did not match:
         - EmbeddedDataSource spring.datasource.url is set (DataSourceAutoConfiguration.EmbeddedDatabaseCondition)

   DataSourceConfiguration.Dbcp2:
      Did not match:
         - @ConditionalOnClass did not find required class 'org.apache.commons.dbcp2.BasicDataSource' (OnClassCondition)

   DataSourceConfiguration.Generic:
      Did not match:
         - @ConditionalOnProperty (spring.datasource.type) did not find property 'spring.datasource.type' (OnPropertyCondition)

   DataSourceConfiguration.OracleUcp:
      Did not match:
         - @ConditionalOnClass did not find required classes 'oracle.ucp.jdbc.PoolDataSourceImpl', 'oracle.jdbc.OracleConnection' (OnClassCondition)

   DataSourceConfiguration.Tomcat:
      Did not match:
         - @ConditionalOnClass did not find required class 'org.apache.tomcat.jdbc.pool.DataSource' (OnClassCondition)

   DataSourceJmxConfiguration:
      Did not match:
         - @ConditionalOnProperty (spring.jmx.enabled=true) found different value in property 'enabled' (OnPropertyCondition)

   DataSourcePoolMetadataProvidersConfiguration.CommonsDbcp2PoolDataSourceMetadataProviderConfiguration:
      Did not match:
         - @ConditionalOnClass did not find required class 'org.apache.commons.dbcp2.BasicDataSource' (OnClassCondition)

   DataSourcePoolMetadataProvidersConfiguration.OracleUcpPoolDataSourceMetadataProviderConfiguration:
      Did not match:
         - @ConditionalOnClass did not find required classes 'oracle.ucp.jdbc.PoolDataSource', 'oracle.jdbc.OracleConnection' (OnClassCondition)

   DataSourcePoolMetadataProvidersConfiguration.TomcatDataSourcePoolMetadataProviderConfiguration:
      Did not match:
         - @ConditionalOnClass did not find required class 'org.apache.tomcat.jdbc.pool.DataSource' (OnClassCondition)

   DataSourceTransactionManagerAutoConfiguration.JdbcTransactionManagerConfiguration#transactionManager:
      Did not match:
         - @ConditionalOnMissingBean (types: org.springframework.transaction.TransactionManager; SearchStrategy: all) found beans of type 'org.springframework.transaction.TransactionManager' transactionManager (OnBeanCondition)

   DispatcherServletAutoConfiguration.DispatcherServletConfiguration#multipartResolver:
      Did not match:
         - @ConditionalOnBean (types: org.springframework.web.multipart.MultipartResolver; SearchStrategy: all) did not find any beans of type org.springframework.web.multipart.MultipartResolver (OnBeanCondition)

   EhCacheCacheConfiguration:
      Did not match:
         - @ConditionalOnClass did not find required class 'net.sf.ehcache.Cache' (OnClassCondition)

   ElasticsearchDataAutoConfiguration:
      Did not match:
         - @ConditionalOnClass did not find required class 'org.springframework.data.elasticsearch.core.ElasticsearchRestTemplate' (OnClassCondition)

   ElasticsearchRepositoriesAutoConfiguration:
      Did not match:
         - @ConditionalOnClass did not find required class 'org.elasticsearch.client.Client' (OnClassCondition)

   ElasticsearchRestClientAutoConfiguration:
      Did not match:
         - @ConditionalOnClass did not find required class 'org.elasticsearch.client.RestClientBuilder' (OnClassCondition)

   EmbeddedLdapAutoConfiguration:
      Did not match:
         - @ConditionalOnClass did not find required class 'com.unboundid.ldap.listener.InMemoryDirectoryServer' (OnClassCondition)

   EmbeddedMongoAutoConfiguration:
      Did not match:
         - @ConditionalOnClass did not find required class 'com.mongodb.MongoClientSettings' (OnClassCondition)

   EmbeddedWebServerFactoryCustomizerAutoConfiguration.JettyWebServerFactoryCustomizerConfiguration:
      Did not match:
         - @ConditionalOnClass did not find required classes 'org.eclipse.jetty.server.Server', 'org.eclipse.jetty.util.Loader', 'org.eclipse.jetty.webapp.WebAppContext' (OnClassCondition)

   EmbeddedWebServerFactoryCustomizerAutoConfiguration.NettyWebServerFactoryCustomizerConfiguration:
      Did not match:
         - @ConditionalOnClass did not find required class 'reactor.netty.http.server.HttpServer' (OnClassCondition)

   EmbeddedWebServerFactoryCustomizerAutoConfiguration.UndertowWebServerFactoryCustomizerConfiguration:
      Did not match:
         - @ConditionalOnClass did not find required classes 'io.undertow.Undertow', 'org.xnio.SslClientAuthMode' (OnClassCondition)

   ErrorWebFluxAutoConfiguration:
      Did not match:
         - @ConditionalOnClass did not find required class 'org.springframework.web.reactive.config.WebFluxConfigurer' (OnClassCondition)

   FlywayAutoConfiguration:
      Did not match:
         - @ConditionalOnClass did not find required class 'org.flywaydb.core.Flyway' (OnClassCondition)

   FreeMarkerAutoConfiguration:
      Did not match:
         - @ConditionalOnClass did not find required class 'freemarker.template.Configuration' (OnClassCondition)

   GraphQlAutoConfiguration:
      Did not match:
         - @ConditionalOnClass did not find required class 'graphql.GraphQL' (OnClassCondition)

   GraphQlQueryByExampleAutoConfiguration:
      Did not match:
         - @ConditionalOnClass did not find required class 'graphql.GraphQL' (OnClassCondition)

   GraphQlQuerydslAutoConfiguration:
      Did not match:
         - @ConditionalOnClass did not find required class 'graphql.GraphQL' (OnClassCondition)

   GraphQlRSocketAutoConfiguration:
      Did not match:
         - @ConditionalOnClass did not find required class 'graphql.GraphQL' (OnClassCondition)

   GraphQlReactiveQueryByExampleAutoConfiguration:
      Did not match:
         - @ConditionalOnClass did not find required class 'graphql.GraphQL' (OnClassCondition)

   GraphQlReactiveQuerydslAutoConfiguration:
      Did not match:
         - @ConditionalOnClass did not find required class 'graphql.GraphQL' (OnClassCondition)

   GraphQlWebFluxAutoConfiguration:
      Did not match:
         - @ConditionalOnClass did not find required class 'graphql.GraphQL' (OnClassCondition)

   GraphQlWebFluxSecurityAutoConfiguration:
      Did not match:
         - @ConditionalOnClass did not find required class 'graphql.GraphQL' (OnClassCondition)

   GraphQlWebMvcAutoConfiguration:
      Did not match:
         - @ConditionalOnClass did not find required class 'graphql.GraphQL' (OnClassCondition)

   GraphQlWebMvcSecurityAutoConfiguration:
      Did not match:
         - @ConditionalOnClass did not find required class 'graphql.GraphQL' (OnClassCondition)

   GroovyTemplateAutoConfiguration:
      Did not match:
         - @ConditionalOnClass did not find required class 'groovy.text.markup.MarkupTemplateEngine' (OnClassCondition)

   GsonAutoConfiguration:
      Did not match:
         - @ConditionalOnClass did not find required class 'com.google.gson.Gson' (OnClassCondition)

   GsonHttpMessageConvertersConfiguration:
      Did not match:
         - @ConditionalOnClass did not find required class 'com.google.gson.Gson' (OnClassCondition)

   H2ConsoleAutoConfiguration:
      Did not match:
         - @ConditionalOnProperty (spring.h2.console.enabled=true) did not find property 'enabled' (OnPropertyCondition)
      Matched:
         - @ConditionalOnClass found required class 'org.h2.server.web.WebServlet' (OnClassCondition)
         - found 'session' scope (OnWebApplicationCondition)

   HazelcastAutoConfiguration:
      Did not match:
         - @ConditionalOnClass did not find required class 'com.hazelcast.core.HazelcastInstance' (OnClassCondition)

   HazelcastCacheConfiguration:
      Did not match:
         - @ConditionalOnClass did not find required class 'com.hazelcast.core.HazelcastInstance' (OnClassCondition)

   HazelcastJpaDependencyAutoConfiguration:
      Did not match:
         - @ConditionalOnClass did not find required class 'com.hazelcast.core.HazelcastInstance' (OnClassCondition)

   HttpHandlerAutoConfiguration:
      Did not match:
         - @ConditionalOnClass did not find required class 'org.springframework.web.reactive.DispatcherHandler' (OnClassCondition)

   HypermediaAutoConfiguration:
      Did not match:
         - @ConditionalOnClass did not find required class 'org.springframework.hateoas.EntityModel' (OnClassCondition)

   InfinispanCacheConfiguration:
      Did not match:
         - @ConditionalOnClass did not find required class 'org.infinispan.spring.embedded.provider.SpringEmbeddedCacheManager' (OnClassCondition)

   InfluxDbAutoConfiguration:
      Did not match:
         - @ConditionalOnClass did not find required class 'org.influxdb.InfluxDB' (OnClassCondition)

   IntegrationAutoConfiguration:
      Did not match:
         - @ConditionalOnClass did not find required class 'org.springframework.integration.config.EnableIntegration' (OnClassCondition)

   JCacheCacheConfiguration:
      Did not match:
         - @ConditionalOnClass did not find required class 'javax.cache.Caching' (OnClassCondition)

   JacksonHttpMessageConvertersConfiguration.MappingJackson2XmlHttpMessageConverterConfiguration:
      Did not match:
         - @ConditionalOnClass did not find required class 'com.fasterxml.jackson.dataformat.xml.XmlMapper' (OnClassCondition)

   JdbcRepositoriesAutoConfiguration:
      Did not match:
         - @ConditionalOnClass did not find required class 'org.springframework.data.jdbc.repository.config.AbstractJdbcConfiguration' (OnClassCondition)

   JerseyAutoConfiguration:
      Did not match:
         - @ConditionalOnClass did not find required class 'org.glassfish.jersey.server.spring.SpringComponentProvider' (OnClassCondition)

   JmsAutoConfiguration:
      Did not match:
         - @ConditionalOnClass did not find required class 'javax.jms.Message' (OnClassCondition)

   JmxAutoConfiguration:
      Did not match:
         - @ConditionalOnProperty (spring.jmx.enabled=true) found different value in property 'enabled' (OnPropertyCondition)
      Matched:
         - @ConditionalOnClass found required class 'org.springframework.jmx.export.MBeanExporter' (OnClassCondition)

   JndiConnectionFactoryAutoConfiguration:
      Did not match:
         - @ConditionalOnClass did not find required class 'org.springframework.jms.core.JmsTemplate' (OnClassCondition)

   JndiDataSourceAutoConfiguration:
      Did not match:
         - @ConditionalOnProperty (spring.datasource.jndi-name) did not find property 'jndi-name' (OnPropertyCondition)
      Matched:
         - @ConditionalOnClass found required classes 'javax.sql.DataSource', 'org.springframework.jdbc.datasource.embedded.EmbeddedDatabaseType' (OnClassCondition)

   JndiJtaConfiguration:
      Did not match:
         - @ConditionalOnJndi JNDI environment is not available (OnJndiCondition)
      Matched:
         - @ConditionalOnClass found required class 'org.springframework.transaction.jta.JtaTransactionManager' (OnClassCondition)

   JooqAutoConfiguration:
      Did not match:
         - @ConditionalOnClass did not find required class 'org.jooq.DSLContext' (OnClassCondition)

   JpaRepositoriesAutoConfiguration#entityManagerFactoryBootstrapExecutorCustomizer:
      Did not match:
         - AnyNestedCondition 0 matched 2 did not; NestedCondition on JpaRepositoriesAutoConfiguration.BootstrapExecutorCondition.LazyBootstrapMode @ConditionalOnProperty (spring.data.jpa.repositories.bootstrap-mode=lazy) did not find property 'bootstrap-mode'; NestedCondition on JpaRepositoriesAutoConfiguration.BootstrapExecutorCondition.DeferredBootstrapMode @ConditionalOnProperty (spring.data.jpa.repositories.bootstrap-mode=deferred) did not find property 'bootstrap-mode' (JpaRepositoriesAutoConfiguration.BootstrapExecutorCondition)

   JsonbAutoConfiguration:
      Did not match:
         - @ConditionalOnClass did not find required class 'javax.json.bind.Jsonb' (OnClassCondition)

   JsonbHttpMessageConvertersConfiguration:
      Did not match:
         - @ConditionalOnClass did not find required class 'javax.json.bind.Jsonb' (OnClassCondition)

   KafkaAutoConfiguration:
      Did not match:
         - @ConditionalOnClass did not find required class 'org.springframework.kafka.core.KafkaTemplate' (OnClassCondition)

   LdapAutoConfiguration:
      Did not match:
         - @ConditionalOnClass did not find required class 'org.springframework.ldap.core.ContextSource' (OnClassCondition)

   LdapRepositoriesAutoConfiguration:
      Did not match:
         - @ConditionalOnClass did not find required class 'org.springframework.data.ldap.repository.LdapRepository' (OnClassCondition)

   LiquibaseAutoConfiguration:
      Did not match:
         - @ConditionalOnClass did not find required class 'liquibase.change.DatabaseChange' (OnClassCondition)

   MailSenderAutoConfiguration:
      Did not match:
         - @ConditionalOnClass did not find required class 'javax.mail.internet.MimeMessage' (OnClassCondition)

   MailSenderValidatorAutoConfiguration:
      Did not match:
         - @ConditionalOnSingleCandidate did not find required type 'org.springframework.mail.javamail.JavaMailSenderImpl' (OnBeanCondition)

   MessageSourceAutoConfiguration:
      Did not match:
         - ResourceBundle did not find bundle with basename messages (MessageSourceAutoConfiguration.ResourceBundleCondition)

   MockMvcAutoConfiguration#dispatcherServlet:
      Did not match:
         - @ConditionalOnMissingBean (types: org.springframework.web.servlet.DispatcherServlet; SearchStrategy: all) found beans of type 'org.springframework.web.servlet.DispatcherServlet' dispatcherServlet (OnBeanCondition)

   MockMvcAutoConfiguration#dispatcherServletPath:
      Did not match:
         - @ConditionalOnMissingBean (types: org.springframework.boot.autoconfigure.web.servlet.DispatcherServletPath; SearchStrategy: all) found beans of type 'org.springframework.boot.autoconfigure.web.servlet.DispatcherServletPath' dispatcherServletRegistration (OnBeanCondition)

   MockMvcAutoConfiguration.WebTestClientMockMvcConfiguration:
      Did not match:
         - @ConditionalOnClass did not find required class 'org.springframework.web.reactive.function.client.WebClient' (OnClassCondition)

   MockMvcWebClientAutoConfiguration:
      Did not match:
         - @ConditionalOnClass did not find required class 'com.gargoylesoftware.htmlunit.WebClient' (OnClassCondition)

   MockMvcWebDriverAutoConfiguration:
      Did not match:
         - @ConditionalOnClass did not find required class 'org.openqa.selenium.htmlunit.HtmlUnitDriver' (OnClassCondition)

   MongoAutoConfiguration:
      Did not match:
         - @ConditionalOnClass did not find required class 'com.mongodb.client.MongoClient' (OnClassCondition)

   MongoDataAutoConfiguration:
      Did not match:
         - @ConditionalOnClass did not find required class 'com.mongodb.client.MongoClient' (OnClassCondition)

   MongoReactiveAutoConfiguration:
      Did not match:
         - @ConditionalOnClass did not find required class 'com.mongodb.reactivestreams.client.MongoClient' (OnClassCondition)

   MongoReactiveDataAutoConfiguration:
      Did not match:
         - @ConditionalOnClass did not find required class 'com.mongodb.reactivestreams.client.MongoClient' (OnClassCondition)

   MongoReactiveRepositoriesAutoConfiguration:
      Did not match:
         - @ConditionalOnClass did not find required class 'com.mongodb.reactivestreams.client.MongoClient' (OnClassCondition)

   MongoRepositoriesAutoConfiguration:
      Did not match:
         - @ConditionalOnClass did not find required class 'com.mongodb.client.MongoClient' (OnClassCondition)

   MultipleOpenApiSupportConfiguration:
      Did not match:
         - AnyNestedCondition 0 matched 2 did not; NestedCondition on MultipleOpenApiSupportCondition.OnActuatorDifferentPort @ConditionalOnProperty (springdoc.show-actuator) did not find property 'springdoc.show-actuator'; NestedCondition on MultipleOpenApiSupportCondition.OnMultipleOpenApiSupportCondition AnyNestedCondition 0 matched 2 did not; NestedCondition on MultipleOpenApiGroupsCondition.OnGroupConfigProperty @ConditionalOnProperty (springdoc.group-configs[0].group) did not find property 'springdoc.group-configs[0].group'; NestedCondition on MultipleOpenApiGroupsCondition.OnGroupedOpenApiBean @ConditionalOnBean (types: org.springdoc.core.GroupedOpenApi; SearchStrategy: all) did not find any beans of type org.springdoc.core.GroupedOpenApi (MultipleOpenApiSupportCondition)
      Matched:
         - found 'session' scope (OnWebApplicationCondition)
         - @ConditionalOnProperty (springdoc.api-docs.enabled) matched (OnPropertyCondition)

   MultipleOpenApiSupportConfiguration.SpringDocWebMvcActuatorDifferentConfiguration:
      Did not match:
         - @ConditionalOnClass did not find required class 'org.springframework.boot.actuate.endpoint.web.servlet.WebMvcEndpointHandlerMapping' (OnClassCondition)
         - Ancestor org.springdoc.webmvc.core.MultipleOpenApiSupportConfiguration did not match (ConditionEvaluationReport.AncestorsMatchedCondition)

   MustacheAutoConfiguration:
      Did not match:
         - @ConditionalOnClass did not find required class 'com.samskivert.mustache.Mustache' (OnClassCondition)

   Neo4jAutoConfiguration:
      Did not match:
         - @ConditionalOnClass did not find required class 'org.neo4j.driver.Driver' (OnClassCondition)

   Neo4jDataAutoConfiguration:
      Did not match:
         - @ConditionalOnClass did not find required class 'org.neo4j.driver.Driver' (OnClassCondition)

   Neo4jReactiveDataAutoConfiguration:
      Did not match:
         - @ConditionalOnClass did not find required class 'org.neo4j.driver.Driver' (OnClassCondition)

   Neo4jReactiveRepositoriesAutoConfiguration:
      Did not match:
         - @ConditionalOnClass did not find required class 'org.neo4j.driver.Driver' (OnClassCondition)

   Neo4jRepositoriesAutoConfiguration:
      Did not match:
         - @ConditionalOnClass did not find required class 'org.neo4j.driver.Driver' (OnClassCondition)

   NettyAutoConfiguration:
      Did not match:
         - @ConditionalOnClass did not find required class 'io.netty.util.NettyRuntime' (OnClassCondition)

   OAuth2ClientAutoConfiguration:
      Did not match:
         - @ConditionalOnClass did not find required class 'org.springframework.security.oauth2.client.registration.ClientRegistration' (OnClassCondition)

   OAuth2ResourceServerAutoConfiguration:
      Did not match:
         - @ConditionalOnClass did not find required class 'org.springframework.security.oauth2.server.resource.BearerTokenAuthenticationToken' (OnClassCondition)

   ProjectInfoAutoConfiguration#buildProperties:
      Did not match:
         - @ConditionalOnResource did not find resource '${spring.info.build.location:classpath:META-INF/build-info.properties}' (OnResourceCondition)

   ProjectInfoAutoConfiguration#gitProperties:
      Did not match:
         - GitResource did not find git info at classpath:git.properties (ProjectInfoAutoConfiguration.GitResourceAvailableCondition)

   QuartzAutoConfiguration:
      Did not match:
         - @ConditionalOnClass did not find required class 'org.quartz.Scheduler' (OnClassCondition)

   R2dbcAutoConfiguration:
      Did not match:
         - @ConditionalOnClass did not find required class 'io.r2dbc.spi.ConnectionFactory' (OnClassCondition)

   R2dbcDataAutoConfiguration:
      Did not match:
         - @ConditionalOnClass did not find required class 'org.springframework.data.r2dbc.core.R2dbcEntityTemplate' (OnClassCondition)

   R2dbcInitializationConfiguration:
      Did not match:
         - @ConditionalOnClass did not find required classes 'io.r2dbc.spi.ConnectionFactory', 'org.springframework.r2dbc.connection.init.DatabasePopulator' (OnClassCondition)

   R2dbcRepositoriesAutoConfiguration:
      Did not match:
         - @ConditionalOnClass did not find required class 'io.r2dbc.spi.ConnectionFactory' (OnClassCondition)

   R2dbcTransactionManagerAutoConfiguration:
      Did not match:
         - @ConditionalOnClass did not find required class 'org.springframework.r2dbc.connection.R2dbcTransactionManager' (OnClassCondition)

   RSocketGraphQlClientAutoConfiguration:
      Did not match:
         - @ConditionalOnClass did not find required class 'graphql.GraphQL' (OnClassCondition)

   RSocketMessagingAutoConfiguration:
      Did not match:
         - @ConditionalOnClass did not find required class 'io.rsocket.RSocket' (OnClassCondition)

   RSocketRequesterAutoConfiguration:
      Did not match:
         - @ConditionalOnClass did not find required class 'io.rsocket.RSocket' (OnClassCondition)

   RSocketSecurityAutoConfiguration:
      Did not match:
         - @ConditionalOnClass did not find required class 'org.springframework.security.rsocket.core.SecuritySocketAcceptorInterceptor' (OnClassCondition)

   RSocketServerAutoConfiguration:
      Did not match:
         - @ConditionalOnClass did not find required class 'io.rsocket.core.RSocketServer' (OnClassCondition)

   RSocketStrategiesAutoConfiguration:
      Did not match:
         - @ConditionalOnClass did not find required class 'io.netty.buffer.PooledByteBufAllocator' (OnClassCondition)

   RabbitAutoConfiguration:
      Did not match:
         - @ConditionalOnClass did not find required class 'com.rabbitmq.client.Channel' (OnClassCondition)

   ReactiveElasticsearchRepositoriesAutoConfiguration:
      Did not match:
         - @ConditionalOnClass did not find required class 'org.springframework.data.elasticsearch.client.reactive.ReactiveElasticsearchClient' (OnClassCondition)

   ReactiveElasticsearchRestClientAutoConfiguration:
      Did not match:
         - @ConditionalOnClass did not find required class 'reactor.netty.http.client.HttpClient' (OnClassCondition)

   ReactiveMultipartAutoConfiguration:
      Did not match:
         - @ConditionalOnClass did not find required class 'org.springframework.web.reactive.config.WebFluxConfigurer' (OnClassCondition)

   ReactiveOAuth2ClientAutoConfiguration:
      Did not match:
         - @ConditionalOnClass did not find required class 'reactor.core.publisher.Flux' (OnClassCondition)

   ReactiveOAuth2ResourceServerAutoConfiguration:
      Did not match:
         - @ConditionalOnWebApplication did not find reactive web application classes (OnWebApplicationCondition)

   ReactiveSecurityAutoConfiguration:
      Did not match:
         - @ConditionalOnClass did not find required class 'reactor.core.publisher.Flux' (OnClassCondition)

   ReactiveUserDetailsServiceAutoConfiguration:
      Did not match:
         - AnyNestedCondition 0 matched 2 did not; NestedCondition on ReactiveUserDetailsServiceAutoConfiguration.ReactiveUserDetailsServiceCondition.ReactiveWebApplicationCondition did not find reactive web application classes; NestedCondition on ReactiveUserDetailsServiceAutoConfiguration.ReactiveUserDetailsServiceCondition.RSocketSecurityEnabledCondition @ConditionalOnBean (types: org.springframework.messaging.rsocket.annotation.support.RSocketMessageHandler; SearchStrategy: all) did not find any beans of type org.springframework.messaging.rsocket.annotation.support.RSocketMessageHandler (ReactiveUserDetailsServiceAutoConfiguration.ReactiveUserDetailsServiceCondition)
      Matched:
         - @ConditionalOnClass found required class 'org.springframework.security.authentication.ReactiveAuthenticationManager' (OnClassCondition)

   ReactiveWebServerFactoryAutoConfiguration:
      Did not match:
         - @ConditionalOnWebApplication did not find reactive web application classes (OnWebApplicationCondition)

   RedisAutoConfiguration:
      Did not match:
         - @ConditionalOnClass did not find required class 'org.springframework.data.redis.core.RedisOperations' (OnClassCondition)

   RedisCacheConfiguration:
      Did not match:
         - @ConditionalOnClass did not find required class 'org.springframework.data.redis.connection.RedisConnectionFactory' (OnClassCondition)

   RedisReactiveAutoConfiguration:
      Did not match:
         - @ConditionalOnClass did not find required class 'reactor.core.publisher.Flux' (OnClassCondition)

   RedisRepositoriesAutoConfiguration:
      Did not match:
         - @ConditionalOnClass did not find required class 'org.springframework.data.redis.repository.configuration.EnableRedisRepositories' (OnClassCondition)

   RepositoryRestMvcAutoConfiguration:
      Did not match:
         - @ConditionalOnClass did not find required class 'org.springframework.data.rest.webmvc.config.RepositoryRestMvcConfiguration' (OnClassCondition)

   Saml2RelyingPartyAutoConfiguration:
      Did not match:
         - @ConditionalOnClass did not find required class 'org.springframework.security.saml2.provider.service.registration.RelyingPartyRegistrationRepository' (OnClassCondition)

   SecurityDataConfiguration:
      Did not match:
         - @ConditionalOnClass did not find required class 'org.springframework.security.data.repository.query.SecurityEvaluationContextExtension' (OnClassCondition)

   SendGridAutoConfiguration:
      Did not match:
         - @ConditionalOnClass did not find required class 'com.sendgrid.SendGrid' (OnClassCondition)

   ServletWebServerFactoryAutoConfiguration.ForwardedHeaderFilterConfiguration:
      Did not match:
         - @ConditionalOnProperty (server.forward-headers-strategy=framework) did not find property 'server.forward-headers-strategy' (OnPropertyCondition)

   ServletWebServerFactoryConfiguration.EmbeddedJetty:
      Did not match:
         - @ConditionalOnClass did not find required classes 'org.eclipse.jetty.server.Server', 'org.eclipse.jetty.util.Loader', 'org.eclipse.jetty.webapp.WebAppContext' (OnClassCondition)

   ServletWebServerFactoryConfiguration.EmbeddedUndertow:
      Did not match:
         - @ConditionalOnClass did not find required classes 'io.undertow.Undertow', 'org.xnio.SslClientAuthMode' (OnClassCondition)

   SessionAutoConfiguration:
      Did not match:
         - @ConditionalOnClass did not find required class 'org.springframework.session.Session' (OnClassCondition)

   SolrAutoConfiguration:
      Did not match:
         - @ConditionalOnClass did not find required class 'org.apache.solr.client.solrj.impl.CloudSolrClient' (OnClassCondition)

   SpringApplicationAdminJmxAutoConfiguration:
      Did not match:
         - @ConditionalOnProperty (spring.application.admin.enabled=true) did not find property 'enabled' (OnPropertyCondition)

   SpringBootWebSecurityConfiguration.SecurityFilterChainConfiguration:
      Did not match:
         - AllNestedConditions 1 matched 1 did not; NestedCondition on DefaultWebSecurityCondition.Beans @ConditionalOnMissingBean (types: org.springframework.security.config.annotation.web.configuration.WebSecurityConfigurerAdapter,org.springframework.security.web.SecurityFilterChain; SearchStrategy: all) found beans of type 'org.springframework.security.web.SecurityFilterChain' filterChain; NestedCondition on DefaultWebSecurityCondition.Classes @ConditionalOnClass found required classes 'org.springframework.security.web.SecurityFilterChain', 'org.springframework.security.config.annotation.web.builders.HttpSecurity' (DefaultWebSecurityCondition)

   SpringDocConfiguration#propertiesResolverForSchema:
      Did not match:
         - @ConditionalOnProperty (springdoc.api-docs.resolve-schema-properties) did not find property 'springdoc.api-docs.resolve-schema-properties' (OnPropertyCondition)

   SpringDocConfiguration#springdocBeanFactoryPostProcessor:
      Did not match:
         - AnyNestedCondition 0 matched 2 did not; NestedCondition on CacheOrGroupedOpenApiCondition.OnCacheDisabled found non-matching nested conditions @ConditionalOnProperty (springdoc.cache.disabled) did not find property 'springdoc.cache.disabled'; NestedCondition on CacheOrGroupedOpenApiCondition.OnMultipleOpenApiSupportCondition AnyNestedCondition 0 matched 2 did not; NestedCondition on MultipleOpenApiSupportCondition.OnActuatorDifferentPort @ConditionalOnProperty (springdoc.show-actuator) did not find property 'springdoc.show-actuator'; NestedCondition on MultipleOpenApiSupportCondition.OnMultipleOpenApiSupportCondition AnyNestedCondition 0 matched 2 did not; NestedCondition on MultipleOpenApiGroupsCondition.OnGroupConfigProperty @ConditionalOnProperty (springdoc.group-configs[0].group) did not find property 'springdoc.group-configs[0].group'; NestedCondition on MultipleOpenApiGroupsCondition.OnGroupedOpenApiBean @ConditionalOnBean (types: org.springdoc.core.GroupedOpenApi; SearchStrategy: all) did not find any beans of type org.springdoc.core.GroupedOpenApi (CacheOrGroupedOpenApiCondition)
      Matched:
         - @ConditionalOnClass found required class 'org.springframework.boot.context.properties.bind.BindResult' (OnClassCondition)

   SpringDocConfiguration#springdocBeanFactoryPostProcessor2:
      Did not match:
         - @ConditionalOnMissingClass found unwanted class 'org.springframework.boot.context.properties.bind.BindResult' (OnClassCondition)

   SpringDocConfiguration.SpringDocActuatorConfiguration:
      Did not match:
         - @ConditionalOnClass did not find required class 'org.springframework.boot.actuate.autoconfigure.endpoint.web.WebEndpointProperties' (OnClassCondition)

   SpringDocConfiguration.SpringDocFunctionCatalogConfiguration:
      Did not match:
         - @ConditionalOnClass did not find required class 'org.springframework.cloud.function.web.function.FunctionEndpointInitializer' (OnClassCondition)

   SpringDocConfiguration.SpringDocRepositoryRestConfiguration:
      Did not match:
         - @ConditionalOnClass did not find required class 'org.springframework.data.rest.core.config.RepositoryRestConfiguration' (OnClassCondition)

   SpringDocWebMvcConfiguration.SpringDocWebMvcActuatorConfiguration:
      Did not match:
         - @ConditionalOnClass did not find required class 'org.springframework.boot.actuate.endpoint.web.servlet.WebMvcEndpointHandlerMapping' (OnClassCondition)

   SwaggerConfig#springWebProvider:
      Did not match:
         - @ConditionalOnMissingBean (types: org.springdoc.core.providers.SpringWebProvider; SearchStrategy: all) found beans of type 'org.springdoc.core.providers.SpringWebProvider' springWebProvider (OnBeanCondition)

   SwaggerConfig#swaggerUiConfigParameters:
      Did not match:
         - @ConditionalOnMissingBean (types: org.springdoc.core.SwaggerUiConfigParameters; SearchStrategy: all) found beans of type 'org.springdoc.core.SwaggerUiConfigParameters' org.springdoc.core.SwaggerUiConfigParameters (OnBeanCondition)

   SwaggerConfig#swaggerUiHome:
      Did not match:
         - @ConditionalOnProperty (springdoc.swagger-ui.use-root-path=true) did not find property 'springdoc.swagger-ui.use-root-path' (OnPropertyCondition)

   SwaggerConfig.SwaggerActuatorWelcomeConfiguration:
      Did not match:
         - @ConditionalOnClass did not find required class 'org.springframework.boot.actuate.endpoint.web.servlet.WebMvcEndpointHandlerMapping' (OnClassCondition)

   TaskSchedulingAutoConfiguration#taskScheduler:
      Did not match:
         - @ConditionalOnBean (names: org.springframework.context.annotation.internalScheduledAnnotationProcessor; SearchStrategy: all) did not find any beans named org.springframework.context.annotation.internalScheduledAnnotationProcessor (OnBeanCondition)

   ThymeleafAutoConfiguration:
      Did not match:
         - @ConditionalOnClass did not find required class 'org.thymeleaf.spring5.SpringTemplateEngine' (OnClassCondition)

   TransactionAutoConfiguration#transactionalOperator:
      Did not match:
         - @ConditionalOnSingleCandidate (types: org.springframework.transaction.ReactiveTransactionManager; SearchStrategy: all) did not find any beans (OnBeanCondition)

   TransactionAutoConfiguration.EnableTransactionManagementConfiguration.JdkDynamicAutoProxyConfiguration:
      Did not match:
         - @ConditionalOnProperty (spring.aop.proxy-target-class=false) did not find property 'proxy-target-class' (OnPropertyCondition)

   UserDetailsServiceAutoConfiguration:
      Did not match:
         - @ConditionalOnMissingBean (types: org.springframework.security.authentication.AuthenticationManager,org.springframework.security.authentication.AuthenticationProvider,org.springframework.security.core.userdetails.UserDetailsService,org.springframework.security.authentication.AuthenticationManagerResolver,org.springframework.security.oauth2.jwt.JwtDecoder,org.springframework.security.oauth2.server.resource.introspection.OpaqueTokenIntrospector,org.springframework.security.oauth2.client.registration.ClientRegistrationRepository,org.springframework.security.saml2.provider.service.registration.RelyingPartyRegistrationRepository; SearchStrategy: all) found beans of type 'org.springframework.security.authentication.AuthenticationManager' authenticationManager and found beans of type 'org.springframework.security.core.userdetails.UserDetailsService' userServiceImpl (OnBeanCondition)
      Matched:
         - @ConditionalOnClass found required class 'org.springframework.security.authentication.AuthenticationManager' (OnClassCondition)

   WebClientAutoConfiguration:
      Did not match:
         - @ConditionalOnClass did not find required class 'org.springframework.web.reactive.function.client.WebClient' (OnClassCondition)

   WebFluxAutoConfiguration:
      Did not match:
         - @ConditionalOnClass did not find required class 'org.springframework.web.reactive.config.WebFluxConfigurer' (OnClassCondition)

   WebMvcAutoConfiguration#hiddenHttpMethodFilter:
      Did not match:
         - @ConditionalOnProperty (spring.mvc.hiddenmethod.filter.enabled) did not find property 'enabled' (OnPropertyCondition)

   WebMvcAutoConfiguration.WebMvcAutoConfigurationAdapter#beanNameViewResolver:
      Did not match:
         - @ConditionalOnMissingBean (types: org.springframework.web.servlet.view.BeanNameViewResolver; SearchStrategy: all) found beans of type 'org.springframework.web.servlet.view.BeanNameViewResolver' beanNameViewResolver (OnBeanCondition)

   WebServiceTemplateAutoConfiguration:
      Did not match:
         - @ConditionalOnClass did not find required class 'org.springframework.oxm.Marshaller' (OnClassCondition)

   WebServicesAutoConfiguration:
      Did not match:
         - @ConditionalOnClass did not find required class 'org.springframework.ws.transport.http.MessageDispatcherServlet' (OnClassCondition)

   WebSessionIdResolverAutoConfiguration:
      Did not match:
         - @ConditionalOnClass did not find required class 'reactor.core.publisher.Mono' (OnClassCondition)

   WebSocketMessagingAutoConfiguration:
      Did not match:
         - @ConditionalOnClass did not find required class 'org.springframework.web.socket.config.annotation.WebSocketMessageBrokerConfigurer' (OnClassCondition)

   WebSocketReactiveAutoConfiguration:
      Did not match:
         - @ConditionalOnWebApplication did not find reactive web application classes (OnWebApplicationCondition)

   WebSocketServletAutoConfiguration.Jetty10WebSocketConfiguration:
      Did not match:
         - @ConditionalOnClass did not find required classes 'org.eclipse.jetty.websocket.javax.server.internal.JavaxWebSocketServerContainer', 'org.eclipse.jetty.websocket.server.JettyWebSocketServerContainer' (OnClassCondition)

   WebSocketServletAutoConfiguration.JettyWebSocketConfiguration:
      Did not match:
         - @ConditionalOnClass did not find required class 'org.eclipse.jetty.websocket.jsr356.server.deploy.WebSocketServerContainerInitializer' (OnClassCondition)

   WebSocketServletAutoConfiguration.UndertowWebSocketConfiguration:
      Did not match:
         - @ConditionalOnClass did not find required class 'io.undertow.websockets.jsr.Bootstrap' (OnClassCondition)

   WebTestClientAutoConfiguration:
      Did not match:
         - @ConditionalOnClass did not find required class 'org.springframework.web.reactive.function.client.WebClient' (OnClassCondition)

   XADataSourceAutoConfiguration:
      Did not match:
         - @ConditionalOnBean (types: org.springframework.boot.jdbc.XADataSourceWrapper; SearchStrategy: all) did not find any beans of type org.springframework.boot.jdbc.XADataSourceWrapper (OnBeanCondition)
      Matched:
         - @ConditionalOnClass found required classes 'javax.sql.DataSource', 'javax.transaction.TransactionManager', 'org.springframework.jdbc.datasource.embedded.EmbeddedDatabaseType' (OnClassCondition)


Exclusions:
-----------

    None


Unconditional classes:
----------------------

    org.springframework.boot.autoconfigure.context.ConfigurationPropertiesAutoConfiguration

    org.springframework.boot.autoconfigure.context.PropertyPlaceholderAutoConfiguration

    org.springframework.boot.autoconfigure.context.LifecycleAutoConfiguration

    org.springframework.boot.autoconfigure.availability.ApplicationAvailabilityAutoConfiguration

    org.springframework.boot.autoconfigure.info.ProjectInfoAutoConfiguration



2022-11-25 14:50:33.496  INFO 25216 --- [    Test worker] c.e.demo.domain.user.UserControllerTest  : Started UserControllerTest in 21.243 seconds (JVM running for 24.246)
2022-11-25 14:50:33.501 DEBUG 25216 --- [    Test worker] o.s.b.a.ApplicationAvailabilityBean      : Application availability state LivenessState changed to CORRECT
2022-11-25 14:50:33.507 DEBUG 25216 --- [    Test worker] o.s.b.a.ApplicationAvailabilityBean      : Application availability state ReadinessState changed to ACCEPTING_TRAFFIC
2022-11-25 14:50:33.508 DEBUG 25216 --- [    Test worker] c.DefaultCacheAwareContextLoaderDelegate : Storing ApplicationContext [261567641] in cache under key [[WebMergedContextConfiguration@4eeea57d testClass = UserControllerTest, locations = '{}', classes = '{class com.example.demo.DemoApplication}', contextInitializerClasses = '[]', activeProfiles = '{}', propertySourceLocations = '{}', propertySourceProperties = '{org.springframework.boot.test.context.SpringBootTestContextBootstrapper=true}', contextCustomizers = set[org.springframework.boot.test.autoconfigure.actuate.metrics.MetricsExportContextCustomizerFactory$DisableMetricExportContextCustomizer@604f2bd2, org.springframework.boot.test.autoconfigure.properties.PropertyMappingContextCustomizer@4b3fa0b3, org.springframework.boot.test.autoconfigure.web.servlet.WebDriverContextCustomizerFactory$Customizer@1f6c9cd8, [ImportsContextCustomizer@780ec4a5 key = [org.springframework.boot.test.autoconfigure.web.servlet.MockMvcAutoConfiguration, org.springframework.boot.test.autoconfigure.web.servlet.MockMvcWebClientAutoConfiguration, org.springframework.boot.test.autoconfigure.web.servlet.MockMvcWebDriverAutoConfiguration, org.springframework.boot.autoconfigure.security.oauth2.client.servlet.OAuth2ClientAutoConfiguration, org.springframework.boot.autoconfigure.security.oauth2.resource.servlet.OAuth2ResourceServerAutoConfiguration, org.springframework.boot.autoconfigure.security.servlet.SecurityAutoConfiguration, org.springframework.boot.autoconfigure.security.servlet.SecurityFilterAutoConfiguration, org.springframework.boot.autoconfigure.security.servlet.UserDetailsServiceAutoConfiguration, org.springframework.boot.test.autoconfigure.web.servlet.MockMvcSecurityConfiguration, org.springframework.boot.test.autoconfigure.web.reactive.WebTestClientAutoConfiguration]], org.springframework.boot.test.context.filter.ExcludeFilterContextCustomizer@6622fc65, org.springframework.boot.test.json.DuplicateJsonObjectContextCustomizerFactory$DuplicateJsonObjectContextCustomizer@25a6944c, org.springframework.boot.test.mock.mockito.MockitoContextCustomizer@c4f99a00, org.springframework.boot.test.web.client.TestRestTemplateContextCustomizer@3d97a632, org.springframework.boot.test.context.SpringBootTestArgs@1, org.springframework.boot.test.context.SpringBootTestWebEnvironment@56cdfb3b], resourceBasePath = 'src/main/webapp', contextLoader = 'org.springframework.boot.test.context.SpringBootContextLoader', parent = [null]]]
2022-11-25 14:50:33.508 DEBUG 25216 --- [    Test worker] org.springframework.test.context.cache   : Spring test ApplicationContext cache statistics: [DefaultContextCache@12e3cf1c size = 1, maxSize = 32, parentContextCount = 0, hitCount = 0, missCount = 1]
2022-11-25 14:50:33.509 DEBUG 25216 --- [    Test worker] o.s.t.c.w.ServletTestExecutionListener   : Setting up MockHttpServletRequest, MockHttpServletResponse, ServletWebRequest, and RequestContextHolder for test context [DefaultTestContext@61a002b1 testClass = UserControllerTest, testInstance = com.example.demo.domain.user.UserControllerTest@24489d12, testMethod = [null], testException = [null], mergedContextConfiguration = [WebMergedContextConfiguration@4eeea57d testClass = UserControllerTest, locations = '{}', classes = '{class com.example.demo.DemoApplication}', contextInitializerClasses = '[]', activeProfiles = '{}', propertySourceLocations = '{}', propertySourceProperties = '{org.springframework.boot.test.context.SpringBootTestContextBootstrapper=true}', contextCustomizers = set[org.springframework.boot.test.autoconfigure.actuate.metrics.MetricsExportContextCustomizerFactory$DisableMetricExportContextCustomizer@604f2bd2, org.springframework.boot.test.autoconfigure.properties.PropertyMappingContextCustomizer@4b3fa0b3, org.springframework.boot.test.autoconfigure.web.servlet.WebDriverContextCustomizerFactory$Customizer@1f6c9cd8, [ImportsContextCustomizer@780ec4a5 key = [org.springframework.boot.test.autoconfigure.web.servlet.MockMvcAutoConfiguration, org.springframework.boot.test.autoconfigure.web.servlet.MockMvcWebClientAutoConfiguration, org.springframework.boot.test.autoconfigure.web.servlet.MockMvcWebDriverAutoConfiguration, org.springframework.boot.autoconfigure.security.oauth2.client.servlet.OAuth2ClientAutoConfiguration, org.springframework.boot.autoconfigure.security.oauth2.resource.servlet.OAuth2ResourceServerAutoConfiguration, org.springframework.boot.autoconfigure.security.servlet.SecurityAutoConfiguration, org.springframework.boot.autoconfigure.security.servlet.SecurityFilterAutoConfiguration, org.springframework.boot.autoconfigure.security.servlet.UserDetailsServiceAutoConfiguration, org.springframework.boot.test.autoconfigure.web.servlet.MockMvcSecurityConfiguration, org.springframework.boot.test.autoconfigure.web.reactive.WebTestClientAutoConfiguration]], org.springframework.boot.test.context.filter.ExcludeFilterContextCustomizer@6622fc65, org.springframework.boot.test.json.DuplicateJsonObjectContextCustomizerFactory$DuplicateJsonObjectContextCustomizer@25a6944c, org.springframework.boot.test.mock.mockito.MockitoContextCustomizer@c4f99a00, org.springframework.boot.test.web.client.TestRestTemplateContextCustomizer@3d97a632, org.springframework.boot.test.context.SpringBootTestArgs@1, org.springframework.boot.test.context.SpringBootTestWebEnvironment@56cdfb3b], resourceBasePath = 'src/main/webapp', contextLoader = 'org.springframework.boot.test.context.SpringBootContextLoader', parent = [null]], attributes = map['org.springframework.test.context.web.ServletTestExecutionListener.activateListener' -> true]].
2022-11-25 14:50:33.577 DEBUG 25216 --- [    Test worker] c.DefaultCacheAwareContextLoaderDelegate : Retrieved ApplicationContext [261567641] from cache with key [[WebMergedContextConfiguration@4eeea57d testClass = UserControllerTest, locations = '{}', classes = '{class com.example.demo.DemoApplication}', contextInitializerClasses = '[]', activeProfiles = '{}', propertySourceLocations = '{}', propertySourceProperties = '{org.springframework.boot.test.context.SpringBootTestContextBootstrapper=true}', contextCustomizers = set[org.springframework.boot.test.autoconfigure.actuate.metrics.MetricsExportContextCustomizerFactory$DisableMetricExportContextCustomizer@604f2bd2, org.springframework.boot.test.autoconfigure.properties.PropertyMappingContextCustomizer@4b3fa0b3, org.springframework.boot.test.autoconfigure.web.servlet.WebDriverContextCustomizerFactory$Customizer@1f6c9cd8, [ImportsContextCustomizer@780ec4a5 key = [org.springframework.boot.test.autoconfigure.web.servlet.MockMvcAutoConfiguration, org.springframework.boot.test.autoconfigure.web.servlet.MockMvcWebClientAutoConfiguration, org.springframework.boot.test.autoconfigure.web.servlet.MockMvcWebDriverAutoConfiguration, org.springframework.boot.autoconfigure.security.oauth2.client.servlet.OAuth2ClientAutoConfiguration, org.springframework.boot.autoconfigure.security.oauth2.resource.servlet.OAuth2ResourceServerAutoConfiguration, org.springframework.boot.autoconfigure.security.servlet.SecurityAutoConfiguration, org.springframework.boot.autoconfigure.security.servlet.SecurityFilterAutoConfiguration, org.springframework.boot.autoconfigure.security.servlet.UserDetailsServiceAutoConfiguration, org.springframework.boot.test.autoconfigure.web.servlet.MockMvcSecurityConfiguration, org.springframework.boot.test.autoconfigure.web.reactive.WebTestClientAutoConfiguration]], org.springframework.boot.test.context.filter.ExcludeFilterContextCustomizer@6622fc65, org.springframework.boot.test.json.DuplicateJsonObjectContextCustomizerFactory$DuplicateJsonObjectContextCustomizer@25a6944c, org.springframework.boot.test.mock.mockito.MockitoContextCustomizer@c4f99a00, org.springframework.boot.test.web.client.TestRestTemplateContextCustomizer@3d97a632, org.springframework.boot.test.context.SpringBootTestArgs@1, org.springframework.boot.test.context.SpringBootTestWebEnvironment@56cdfb3b], resourceBasePath = 'src/main/webapp', contextLoader = 'org.springframework.boot.test.context.SpringBootContextLoader', parent = [null]]]
2022-11-25 14:50:33.578 DEBUG 25216 --- [    Test worker] org.springframework.test.context.cache   : Spring test ApplicationContext cache statistics: [DefaultContextCache@12e3cf1c size = 1, maxSize = 32, parentContextCount = 0, hitCount = 1, missCount = 1]
2022-11-25 14:50:33.581 DEBUG 25216 --- [    Test worker] DependencyInjectionTestExecutionListener : Performing dependency injection for test context [[DefaultTestContext@61a002b1 testClass = UserControllerTest, testInstance = com.example.demo.domain.user.UserControllerTest@24489d12, testMethod = [null], testException = [null], mergedContextConfiguration = [WebMergedContextConfiguration@4eeea57d testClass = UserControllerTest, locations = '{}', classes = '{class com.example.demo.DemoApplication}', contextInitializerClasses = '[]', activeProfiles = '{}', propertySourceLocations = '{}', propertySourceProperties = '{org.springframework.boot.test.context.SpringBootTestContextBootstrapper=true}', contextCustomizers = set[org.springframework.boot.test.autoconfigure.actuate.metrics.MetricsExportContextCustomizerFactory$DisableMetricExportContextCustomizer@604f2bd2, org.springframework.boot.test.autoconfigure.properties.PropertyMappingContextCustomizer@4b3fa0b3, org.springframework.boot.test.autoconfigure.web.servlet.WebDriverContextCustomizerFactory$Customizer@1f6c9cd8, [ImportsContextCustomizer@780ec4a5 key = [org.springframework.boot.test.autoconfigure.web.servlet.MockMvcAutoConfiguration, org.springframework.boot.test.autoconfigure.web.servlet.MockMvcWebClientAutoConfiguration, org.springframework.boot.test.autoconfigure.web.servlet.MockMvcWebDriverAutoConfiguration, org.springframework.boot.autoconfigure.security.oauth2.client.servlet.OAuth2ClientAutoConfiguration, org.springframework.boot.autoconfigure.security.oauth2.resource.servlet.OAuth2ResourceServerAutoConfiguration, org.springframework.boot.autoconfigure.security.servlet.SecurityAutoConfiguration, org.springframework.boot.autoconfigure.security.servlet.SecurityFilterAutoConfiguration, org.springframework.boot.autoconfigure.security.servlet.UserDetailsServiceAutoConfiguration, org.springframework.boot.test.autoconfigure.web.servlet.MockMvcSecurityConfiguration, org.springframework.boot.test.autoconfigure.web.reactive.WebTestClientAutoConfiguration]], org.springframework.boot.test.context.filter.ExcludeFilterContextCustomizer@6622fc65, org.springframework.boot.test.json.DuplicateJsonObjectContextCustomizerFactory$DuplicateJsonObjectContextCustomizer@25a6944c, org.springframework.boot.test.mock.mockito.MockitoContextCustomizer@c4f99a00, org.springframework.boot.test.web.client.TestRestTemplateContextCustomizer@3d97a632, org.springframework.boot.test.context.SpringBootTestArgs@1, org.springframework.boot.test.context.SpringBootTestWebEnvironment@56cdfb3b], resourceBasePath = 'src/main/webapp', contextLoader = 'org.springframework.boot.test.context.SpringBootContextLoader', parent = [null]], attributes = map['org.springframework.test.context.web.ServletTestExecutionListener.activateListener' -> true, 'org.springframework.test.context.web.ServletTestExecutionListener.populatedRequestContextHolder' -> true, 'org.springframework.test.context.web.ServletTestExecutionListener.resetRequestContextHolder' -> true, 'org.springframework.test.context.event.ApplicationEventsTestExecutionListener.recordApplicationEvents' -> false]]].
2022-11-25 14:50:33.582 DEBUG 25216 --- [    Test worker] c.DefaultCacheAwareContextLoaderDelegate : Retrieved ApplicationContext [261567641] from cache with key [[WebMergedContextConfiguration@4eeea57d testClass = UserControllerTest, locations = '{}', classes = '{class com.example.demo.DemoApplication}', contextInitializerClasses = '[]', activeProfiles = '{}', propertySourceLocations = '{}', propertySourceProperties = '{org.springframework.boot.test.context.SpringBootTestContextBootstrapper=true}', contextCustomizers = set[org.springframework.boot.test.autoconfigure.actuate.metrics.MetricsExportContextCustomizerFactory$DisableMetricExportContextCustomizer@604f2bd2, org.springframework.boot.test.autoconfigure.properties.PropertyMappingContextCustomizer@4b3fa0b3, org.springframework.boot.test.autoconfigure.web.servlet.WebDriverContextCustomizerFactory$Customizer@1f6c9cd8, [ImportsContextCustomizer@780ec4a5 key = [org.springframework.boot.test.autoconfigure.web.servlet.MockMvcAutoConfiguration, org.springframework.boot.test.autoconfigure.web.servlet.MockMvcWebClientAutoConfiguration, org.springframework.boot.test.autoconfigure.web.servlet.MockMvcWebDriverAutoConfiguration, org.springframework.boot.autoconfigure.security.oauth2.client.servlet.OAuth2ClientAutoConfiguration, org.springframework.boot.autoconfigure.security.oauth2.resource.servlet.OAuth2ResourceServerAutoConfiguration, org.springframework.boot.autoconfigure.security.servlet.SecurityAutoConfiguration, org.springframework.boot.autoconfigure.security.servlet.SecurityFilterAutoConfiguration, org.springframework.boot.autoconfigure.security.servlet.UserDetailsServiceAutoConfiguration, org.springframework.boot.test.autoconfigure.web.servlet.MockMvcSecurityConfiguration, org.springframework.boot.test.autoconfigure.web.reactive.WebTestClientAutoConfiguration]], org.springframework.boot.test.context.filter.ExcludeFilterContextCustomizer@6622fc65, org.springframework.boot.test.json.DuplicateJsonObjectContextCustomizerFactory$DuplicateJsonObjectContextCustomizer@25a6944c, org.springframework.boot.test.mock.mockito.MockitoContextCustomizer@c4f99a00, org.springframework.boot.test.web.client.TestRestTemplateContextCustomizer@3d97a632, org.springframework.boot.test.context.SpringBootTestArgs@1, org.springframework.boot.test.context.SpringBootTestWebEnvironment@56cdfb3b], resourceBasePath = 'src/main/webapp', contextLoader = 'org.springframework.boot.test.context.SpringBootContextLoader', parent = [null]]]
2022-11-25 14:50:33.582 DEBUG 25216 --- [    Test worker] org.springframework.test.context.cache   : Spring test ApplicationContext cache statistics: [DefaultContextCache@12e3cf1c size = 1, maxSize = 32, parentContextCount = 0, hitCount = 2, missCount = 1]
2022-11-25 14:50:33.592 DEBUG 25216 --- [    Test worker] c.DefaultCacheAwareContextLoaderDelegate : Retrieved ApplicationContext [261567641] from cache with key [[WebMergedContextConfiguration@4eeea57d testClass = UserControllerTest, locations = '{}', classes = '{class com.example.demo.DemoApplication}', contextInitializerClasses = '[]', activeProfiles = '{}', propertySourceLocations = '{}', propertySourceProperties = '{org.springframework.boot.test.context.SpringBootTestContextBootstrapper=true}', contextCustomizers = set[org.springframework.boot.test.autoconfigure.actuate.metrics.MetricsExportContextCustomizerFactory$DisableMetricExportContextCustomizer@604f2bd2, org.springframework.boot.test.autoconfigure.properties.PropertyMappingContextCustomizer@4b3fa0b3, org.springframework.boot.test.autoconfigure.web.servlet.WebDriverContextCustomizerFactory$Customizer@1f6c9cd8, [ImportsContextCustomizer@780ec4a5 key = [org.springframework.boot.test.autoconfigure.web.servlet.MockMvcAutoConfiguration, org.springframework.boot.test.autoconfigure.web.servlet.MockMvcWebClientAutoConfiguration, org.springframework.boot.test.autoconfigure.web.servlet.MockMvcWebDriverAutoConfiguration, org.springframework.boot.autoconfigure.security.oauth2.client.servlet.OAuth2ClientAutoConfiguration, org.springframework.boot.autoconfigure.security.oauth2.resource.servlet.OAuth2ResourceServerAutoConfiguration, org.springframework.boot.autoconfigure.security.servlet.SecurityAutoConfiguration, org.springframework.boot.autoconfigure.security.servlet.SecurityFilterAutoConfiguration, org.springframework.boot.autoconfigure.security.servlet.UserDetailsServiceAutoConfiguration, org.springframework.boot.test.autoconfigure.web.servlet.MockMvcSecurityConfiguration, org.springframework.boot.test.autoconfigure.web.reactive.WebTestClientAutoConfiguration]], org.springframework.boot.test.context.filter.ExcludeFilterContextCustomizer@6622fc65, org.springframework.boot.test.json.DuplicateJsonObjectContextCustomizerFactory$DuplicateJsonObjectContextCustomizer@25a6944c, org.springframework.boot.test.mock.mockito.MockitoContextCustomizer@c4f99a00, org.springframework.boot.test.web.client.TestRestTemplateContextCustomizer@3d97a632, org.springframework.boot.test.context.SpringBootTestArgs@1, org.springframework.boot.test.context.SpringBootTestWebEnvironment@56cdfb3b], resourceBasePath = 'src/main/webapp', contextLoader = 'org.springframework.boot.test.context.SpringBootContextLoader', parent = [null]]]
2022-11-25 14:50:33.592 DEBUG 25216 --- [    Test worker] org.springframework.test.context.cache   : Spring test ApplicationContext cache statistics: [DefaultContextCache@12e3cf1c size = 1, maxSize = 32, parentContextCount = 0, hitCount = 3, missCount = 1]
2022-11-25 14:50:33.610 DEBUG 25216 --- [    Test worker] tractDirtiesContextTestExecutionListener : Before test method: context [DefaultTestContext@61a002b1 testClass = UserControllerTest, testInstance = com.example.demo.domain.user.UserControllerTest@24489d12, testMethod = getAllUsers@UserControllerTest, testException = [null], mergedContextConfiguration = [WebMergedContextConfiguration@4eeea57d testClass = UserControllerTest, locations = '{}', classes = '{class com.example.demo.DemoApplication}', contextInitializerClasses = '[]', activeProfiles = '{}', propertySourceLocations = '{}', propertySourceProperties = '{org.springframework.boot.test.context.SpringBootTestContextBootstrapper=true}', contextCustomizers = set[org.springframework.boot.test.autoconfigure.actuate.metrics.MetricsExportContextCustomizerFactory$DisableMetricExportContextCustomizer@604f2bd2, org.springframework.boot.test.autoconfigure.properties.PropertyMappingContextCustomizer@4b3fa0b3, org.springframework.boot.test.autoconfigure.web.servlet.WebDriverContextCustomizerFactory$Customizer@1f6c9cd8, [ImportsContextCustomizer@780ec4a5 key = [org.springframework.boot.test.autoconfigure.web.servlet.MockMvcAutoConfiguration, org.springframework.boot.test.autoconfigure.web.servlet.MockMvcWebClientAutoConfiguration, org.springframework.boot.test.autoconfigure.web.servlet.MockMvcWebDriverAutoConfiguration, org.springframework.boot.autoconfigure.security.oauth2.client.servlet.OAuth2ClientAutoConfiguration, org.springframework.boot.autoconfigure.security.oauth2.resource.servlet.OAuth2ResourceServerAutoConfiguration, org.springframework.boot.autoconfigure.security.servlet.SecurityAutoConfiguration, org.springframework.boot.autoconfigure.security.servlet.SecurityFilterAutoConfiguration, org.springframework.boot.autoconfigure.security.servlet.UserDetailsServiceAutoConfiguration, org.springframework.boot.test.autoconfigure.web.servlet.MockMvcSecurityConfiguration, org.springframework.boot.test.autoconfigure.web.reactive.WebTestClientAutoConfiguration]], org.springframework.boot.test.context.filter.ExcludeFilterContextCustomizer@6622fc65, org.springframework.boot.test.json.DuplicateJsonObjectContextCustomizerFactory$DuplicateJsonObjectContextCustomizer@25a6944c, org.springframework.boot.test.mock.mockito.MockitoContextCustomizer@c4f99a00, org.springframework.boot.test.web.client.TestRestTemplateContextCustomizer@3d97a632, org.springframework.boot.test.context.SpringBootTestArgs@1, org.springframework.boot.test.context.SpringBootTestWebEnvironment@56cdfb3b], resourceBasePath = 'src/main/webapp', contextLoader = 'org.springframework.boot.test.context.SpringBootContextLoader', parent = [null]], attributes = map['org.springframework.test.context.web.ServletTestExecutionListener.activateListener' -> true, 'org.springframework.test.context.web.ServletTestExecutionListener.populatedRequestContextHolder' -> true, 'org.springframework.test.context.web.ServletTestExecutionListener.resetRequestContextHolder' -> true, 'org.springframework.test.context.event.ApplicationEventsTestExecutionListener.recordApplicationEvents' -> false]], class annotated with @DirtiesContext [false] with mode [null], method annotated with @DirtiesContext [false] with mode [null].
2022-11-25 14:50:33.623 DEBUG 25216 --- [    Test worker] c.DefaultCacheAwareContextLoaderDelegate : Retrieved ApplicationContext [261567641] from cache with key [[WebMergedContextConfiguration@4eeea57d testClass = UserControllerTest, locations = '{}', classes = '{class com.example.demo.DemoApplication}', contextInitializerClasses = '[]', activeProfiles = '{}', propertySourceLocations = '{}', propertySourceProperties = '{org.springframework.boot.test.context.SpringBootTestContextBootstrapper=true}', contextCustomizers = set[org.springframework.boot.test.autoconfigure.actuate.metrics.MetricsExportContextCustomizerFactory$DisableMetricExportContextCustomizer@604f2bd2, org.springframework.boot.test.autoconfigure.properties.PropertyMappingContextCustomizer@4b3fa0b3, org.springframework.boot.test.autoconfigure.web.servlet.WebDriverContextCustomizerFactory$Customizer@1f6c9cd8, [ImportsContextCustomizer@780ec4a5 key = [org.springframework.boot.test.autoconfigure.web.servlet.MockMvcAutoConfiguration, org.springframework.boot.test.autoconfigure.web.servlet.MockMvcWebClientAutoConfiguration, org.springframework.boot.test.autoconfigure.web.servlet.MockMvcWebDriverAutoConfiguration, org.springframework.boot.autoconfigure.security.oauth2.client.servlet.OAuth2ClientAutoConfiguration, org.springframework.boot.autoconfigure.security.oauth2.resource.servlet.OAuth2ResourceServerAutoConfiguration, org.springframework.boot.autoconfigure.security.servlet.SecurityAutoConfiguration, org.springframework.boot.autoconfigure.security.servlet.SecurityFilterAutoConfiguration, org.springframework.boot.autoconfigure.security.servlet.UserDetailsServiceAutoConfiguration, org.springframework.boot.test.autoconfigure.web.servlet.MockMvcSecurityConfiguration, org.springframework.boot.test.autoconfigure.web.reactive.WebTestClientAutoConfiguration]], org.springframework.boot.test.context.filter.ExcludeFilterContextCustomizer@6622fc65, org.springframework.boot.test.json.DuplicateJsonObjectContextCustomizerFactory$DuplicateJsonObjectContextCustomizer@25a6944c, org.springframework.boot.test.mock.mockito.MockitoContextCustomizer@c4f99a00, org.springframework.boot.test.web.client.TestRestTemplateContextCustomizer@3d97a632, org.springframework.boot.test.context.SpringBootTestArgs@1, org.springframework.boot.test.context.SpringBootTestWebEnvironment@56cdfb3b], resourceBasePath = 'src/main/webapp', contextLoader = 'org.springframework.boot.test.context.SpringBootContextLoader', parent = [null]]]
2022-11-25 14:50:33.624 DEBUG 25216 --- [    Test worker] org.springframework.test.context.cache   : Spring test ApplicationContext cache statistics: [DefaultContextCache@12e3cf1c size = 1, maxSize = 32, parentContextCount = 0, hitCount = 4, missCount = 1]
2022-11-25 14:50:33.626 DEBUG 25216 --- [    Test worker] c.DefaultCacheAwareContextLoaderDelegate : Retrieved ApplicationContext [261567641] from cache with key [[WebMergedContextConfiguration@4eeea57d testClass = UserControllerTest, locations = '{}', classes = '{class com.example.demo.DemoApplication}', contextInitializerClasses = '[]', activeProfiles = '{}', propertySourceLocations = '{}', propertySourceProperties = '{org.springframework.boot.test.context.SpringBootTestContextBootstrapper=true}', contextCustomizers = set[org.springframework.boot.test.autoconfigure.actuate.metrics.MetricsExportContextCustomizerFactory$DisableMetricExportContextCustomizer@604f2bd2, org.springframework.boot.test.autoconfigure.properties.PropertyMappingContextCustomizer@4b3fa0b3, org.springframework.boot.test.autoconfigure.web.servlet.WebDriverContextCustomizerFactory$Customizer@1f6c9cd8, [ImportsContextCustomizer@780ec4a5 key = [org.springframework.boot.test.autoconfigure.web.servlet.MockMvcAutoConfiguration, org.springframework.boot.test.autoconfigure.web.servlet.MockMvcWebClientAutoConfiguration, org.springframework.boot.test.autoconfigure.web.servlet.MockMvcWebDriverAutoConfiguration, org.springframework.boot.autoconfigure.security.oauth2.client.servlet.OAuth2ClientAutoConfiguration, org.springframework.boot.autoconfigure.security.oauth2.resource.servlet.OAuth2ResourceServerAutoConfiguration, org.springframework.boot.autoconfigure.security.servlet.SecurityAutoConfiguration, org.springframework.boot.autoconfigure.security.servlet.SecurityFilterAutoConfiguration, org.springframework.boot.autoconfigure.security.servlet.UserDetailsServiceAutoConfiguration, org.springframework.boot.test.autoconfigure.web.servlet.MockMvcSecurityConfiguration, org.springframework.boot.test.autoconfigure.web.reactive.WebTestClientAutoConfiguration]], org.springframework.boot.test.context.filter.ExcludeFilterContextCustomizer@6622fc65, org.springframework.boot.test.json.DuplicateJsonObjectContextCustomizerFactory$DuplicateJsonObjectContextCustomizer@25a6944c, org.springframework.boot.test.mock.mockito.MockitoContextCustomizer@c4f99a00, org.springframework.boot.test.web.client.TestRestTemplateContextCustomizer@3d97a632, org.springframework.boot.test.context.SpringBootTestArgs@1, org.springframework.boot.test.context.SpringBootTestWebEnvironment@56cdfb3b], resourceBasePath = 'src/main/webapp', contextLoader = 'org.springframework.boot.test.context.SpringBootContextLoader', parent = [null]]]
2022-11-25 14:50:33.626 DEBUG 25216 --- [    Test worker] org.springframework.test.context.cache   : Spring test ApplicationContext cache statistics: [DefaultContextCache@12e3cf1c size = 1, maxSize = 32, parentContextCount = 0, hitCount = 5, missCount = 1]
2022-11-25 14:50:33.637 DEBUG 25216 --- [    Test worker] c.DefaultCacheAwareContextLoaderDelegate : Retrieved ApplicationContext [261567641] from cache with key [[WebMergedContextConfiguration@4eeea57d testClass = UserControllerTest, locations = '{}', classes = '{class com.example.demo.DemoApplication}', contextInitializerClasses = '[]', activeProfiles = '{}', propertySourceLocations = '{}', propertySourceProperties = '{org.springframework.boot.test.context.SpringBootTestContextBootstrapper=true}', contextCustomizers = set[org.springframework.boot.test.autoconfigure.actuate.metrics.MetricsExportContextCustomizerFactory$DisableMetricExportContextCustomizer@604f2bd2, org.springframework.boot.test.autoconfigure.properties.PropertyMappingContextCustomizer@4b3fa0b3, org.springframework.boot.test.autoconfigure.web.servlet.WebDriverContextCustomizerFactory$Customizer@1f6c9cd8, [ImportsContextCustomizer@780ec4a5 key = [org.springframework.boot.test.autoconfigure.web.servlet.MockMvcAutoConfiguration, org.springframework.boot.test.autoconfigure.web.servlet.MockMvcWebClientAutoConfiguration, org.springframework.boot.test.autoconfigure.web.servlet.MockMvcWebDriverAutoConfiguration, org.springframework.boot.autoconfigure.security.oauth2.client.servlet.OAuth2ClientAutoConfiguration, org.springframework.boot.autoconfigure.security.oauth2.resource.servlet.OAuth2ResourceServerAutoConfiguration, org.springframework.boot.autoconfigure.security.servlet.SecurityAutoConfiguration, org.springframework.boot.autoconfigure.security.servlet.SecurityFilterAutoConfiguration, org.springframework.boot.autoconfigure.security.servlet.UserDetailsServiceAutoConfiguration, org.springframework.boot.test.autoconfigure.web.servlet.MockMvcSecurityConfiguration, org.springframework.boot.test.autoconfigure.web.reactive.WebTestClientAutoConfiguration]], org.springframework.boot.test.context.filter.ExcludeFilterContextCustomizer@6622fc65, org.springframework.boot.test.json.DuplicateJsonObjectContextCustomizerFactory$DuplicateJsonObjectContextCustomizer@25a6944c, org.springframework.boot.test.mock.mockito.MockitoContextCustomizer@c4f99a00, org.springframework.boot.test.web.client.TestRestTemplateContextCustomizer@3d97a632, org.springframework.boot.test.context.SpringBootTestArgs@1, org.springframework.boot.test.context.SpringBootTestWebEnvironment@56cdfb3b], resourceBasePath = 'src/main/webapp', contextLoader = 'org.springframework.boot.test.context.SpringBootContextLoader', parent = [null]]]
2022-11-25 14:50:33.637 DEBUG 25216 --- [    Test worker] org.springframework.test.context.cache   : Spring test ApplicationContext cache statistics: [DefaultContextCache@12e3cf1c size = 1, maxSize = 32, parentContextCount = 0, hitCount = 6, missCount = 1]
hello
2022-11-25 14:50:33.659 DEBUG 25216 --- [    Test worker] c.DefaultCacheAwareContextLoaderDelegate : Retrieved ApplicationContext [261567641] from cache with key [[WebMergedContextConfiguration@4eeea57d testClass = UserControllerTest, locations = '{}', classes = '{class com.example.demo.DemoApplication}', contextInitializerClasses = '[]', activeProfiles = '{}', propertySourceLocations = '{}', propertySourceProperties = '{org.springframework.boot.test.context.SpringBootTestContextBootstrapper=true}', contextCustomizers = set[org.springframework.boot.test.autoconfigure.actuate.metrics.MetricsExportContextCustomizerFactory$DisableMetricExportContextCustomizer@604f2bd2, org.springframework.boot.test.autoconfigure.properties.PropertyMappingContextCustomizer@4b3fa0b3, org.springframework.boot.test.autoconfigure.web.servlet.WebDriverContextCustomizerFactory$Customizer@1f6c9cd8, [ImportsContextCustomizer@780ec4a5 key = [org.springframework.boot.test.autoconfigure.web.servlet.MockMvcAutoConfiguration, org.springframework.boot.test.autoconfigure.web.servlet.MockMvcWebClientAutoConfiguration, org.springframework.boot.test.autoconfigure.web.servlet.MockMvcWebDriverAutoConfiguration, org.springframework.boot.autoconfigure.security.oauth2.client.servlet.OAuth2ClientAutoConfiguration, org.springframework.boot.autoconfigure.security.oauth2.resource.servlet.OAuth2ResourceServerAutoConfiguration, org.springframework.boot.autoconfigure.security.servlet.SecurityAutoConfiguration, org.springframework.boot.autoconfigure.security.servlet.SecurityFilterAutoConfiguration, org.springframework.boot.autoconfigure.security.servlet.UserDetailsServiceAutoConfiguration, org.springframework.boot.test.autoconfigure.web.servlet.MockMvcSecurityConfiguration, org.springframework.boot.test.autoconfigure.web.reactive.WebTestClientAutoConfiguration]], org.springframework.boot.test.context.filter.ExcludeFilterContextCustomizer@6622fc65, org.springframework.boot.test.json.DuplicateJsonObjectContextCustomizerFactory$DuplicateJsonObjectContextCustomizer@25a6944c, org.springframework.boot.test.mock.mockito.MockitoContextCustomizer@c4f99a00, org.springframework.boot.test.web.client.TestRestTemplateContextCustomizer@3d97a632, org.springframework.boot.test.context.SpringBootTestArgs@1, org.springframework.boot.test.context.SpringBootTestWebEnvironment@56cdfb3b], resourceBasePath = 'src/main/webapp', contextLoader = 'org.springframework.boot.test.context.SpringBootContextLoader', parent = [null]]]
2022-11-25 14:50:33.659 DEBUG 25216 --- [    Test worker] org.springframework.test.context.cache   : Spring test ApplicationContext cache statistics: [DefaultContextCache@12e3cf1c size = 1, maxSize = 32, parentContextCount = 0, hitCount = 7, missCount = 1]
2022-11-25 14:50:33.664 DEBUG 25216 --- [    Test worker] c.DefaultCacheAwareContextLoaderDelegate : Retrieved ApplicationContext [261567641] from cache with key [[WebMergedContextConfiguration@4eeea57d testClass = UserControllerTest, locations = '{}', classes = '{class com.example.demo.DemoApplication}', contextInitializerClasses = '[]', activeProfiles = '{}', propertySourceLocations = '{}', propertySourceProperties = '{org.springframework.boot.test.context.SpringBootTestContextBootstrapper=true}', contextCustomizers = set[org.springframework.boot.test.autoconfigure.actuate.metrics.MetricsExportContextCustomizerFactory$DisableMetricExportContextCustomizer@604f2bd2, org.springframework.boot.test.autoconfigure.properties.PropertyMappingContextCustomizer@4b3fa0b3, org.springframework.boot.test.autoconfigure.web.servlet.WebDriverContextCustomizerFactory$Customizer@1f6c9cd8, [ImportsContextCustomizer@780ec4a5 key = [org.springframework.boot.test.autoconfigure.web.servlet.MockMvcAutoConfiguration, org.springframework.boot.test.autoconfigure.web.servlet.MockMvcWebClientAutoConfiguration, org.springframework.boot.test.autoconfigure.web.servlet.MockMvcWebDriverAutoConfiguration, org.springframework.boot.autoconfigure.security.oauth2.client.servlet.OAuth2ClientAutoConfiguration, org.springframework.boot.autoconfigure.security.oauth2.resource.servlet.OAuth2ResourceServerAutoConfiguration, org.springframework.boot.autoconfigure.security.servlet.SecurityAutoConfiguration, org.springframework.boot.autoconfigure.security.servlet.SecurityFilterAutoConfiguration, org.springframework.boot.autoconfigure.security.servlet.UserDetailsServiceAutoConfiguration, org.springframework.boot.test.autoconfigure.web.servlet.MockMvcSecurityConfiguration, org.springframework.boot.test.autoconfigure.web.reactive.WebTestClientAutoConfiguration]], org.springframework.boot.test.context.filter.ExcludeFilterContextCustomizer@6622fc65, org.springframework.boot.test.json.DuplicateJsonObjectContextCustomizerFactory$DuplicateJsonObjectContextCustomizer@25a6944c, org.springframework.boot.test.mock.mockito.MockitoContextCustomizer@c4f99a00, org.springframework.boot.test.web.client.TestRestTemplateContextCustomizer@3d97a632, org.springframework.boot.test.context.SpringBootTestArgs@1, org.springframework.boot.test.context.SpringBootTestWebEnvironment@56cdfb3b], resourceBasePath = 'src/main/webapp', contextLoader = 'org.springframework.boot.test.context.SpringBootContextLoader', parent = [null]]]
2022-11-25 14:50:33.664 DEBUG 25216 --- [    Test worker] org.springframework.test.context.cache   : Spring test ApplicationContext cache statistics: [DefaultContextCache@12e3cf1c size = 1, maxSize = 32, parentContextCount = 0, hitCount = 8, missCount = 1]
2022-11-25 14:50:33.669 DEBUG 25216 --- [    Test worker] c.DefaultCacheAwareContextLoaderDelegate : Retrieved ApplicationContext [261567641] from cache with key [[WebMergedContextConfiguration@4eeea57d testClass = UserControllerTest, locations = '{}', classes = '{class com.example.demo.DemoApplication}', contextInitializerClasses = '[]', activeProfiles = '{}', propertySourceLocations = '{}', propertySourceProperties = '{org.springframework.boot.test.context.SpringBootTestContextBootstrapper=true}', contextCustomizers = set[org.springframework.boot.test.autoconfigure.actuate.metrics.MetricsExportContextCustomizerFactory$DisableMetricExportContextCustomizer@604f2bd2, org.springframework.boot.test.autoconfigure.properties.PropertyMappingContextCustomizer@4b3fa0b3, org.springframework.boot.test.autoconfigure.web.servlet.WebDriverContextCustomizerFactory$Customizer@1f6c9cd8, [ImportsContextCustomizer@780ec4a5 key = [org.springframework.boot.test.autoconfigure.web.servlet.MockMvcAutoConfiguration, org.springframework.boot.test.autoconfigure.web.servlet.MockMvcWebClientAutoConfiguration, org.springframework.boot.test.autoconfigure.web.servlet.MockMvcWebDriverAutoConfiguration, org.springframework.boot.autoconfigure.security.oauth2.client.servlet.OAuth2ClientAutoConfiguration, org.springframework.boot.autoconfigure.security.oauth2.resource.servlet.OAuth2ResourceServerAutoConfiguration, org.springframework.boot.autoconfigure.security.servlet.SecurityAutoConfiguration, org.springframework.boot.autoconfigure.security.servlet.SecurityFilterAutoConfiguration, org.springframework.boot.autoconfigure.security.servlet.UserDetailsServiceAutoConfiguration, org.springframework.boot.test.autoconfigure.web.servlet.MockMvcSecurityConfiguration, org.springframework.boot.test.autoconfigure.web.reactive.WebTestClientAutoConfiguration]], org.springframework.boot.test.context.filter.ExcludeFilterContextCustomizer@6622fc65, org.springframework.boot.test.json.DuplicateJsonObjectContextCustomizerFactory$DuplicateJsonObjectContextCustomizer@25a6944c, org.springframework.boot.test.mock.mockito.MockitoContextCustomizer@c4f99a00, org.springframework.boot.test.web.client.TestRestTemplateContextCustomizer@3d97a632, org.springframework.boot.test.context.SpringBootTestArgs@1, org.springframework.boot.test.context.SpringBootTestWebEnvironment@56cdfb3b], resourceBasePath = 'src/main/webapp', contextLoader = 'org.springframework.boot.test.context.SpringBootContextLoader', parent = [null]]]
2022-11-25 14:50:33.670 DEBUG 25216 --- [    Test worker] org.springframework.test.context.cache   : Spring test ApplicationContext cache statistics: [DefaultContextCache@12e3cf1c size = 1, maxSize = 32, parentContextCount = 0, hitCount = 9, missCount = 1]
2022-11-25 14:50:33.670 DEBUG 25216 --- [    Test worker] c.DefaultCacheAwareContextLoaderDelegate : Retrieved ApplicationContext [261567641] from cache with key [[WebMergedContextConfiguration@4eeea57d testClass = UserControllerTest, locations = '{}', classes = '{class com.example.demo.DemoApplication}', contextInitializerClasses = '[]', activeProfiles = '{}', propertySourceLocations = '{}', propertySourceProperties = '{org.springframework.boot.test.context.SpringBootTestContextBootstrapper=true}', contextCustomizers = set[org.springframework.boot.test.autoconfigure.actuate.metrics.MetricsExportContextCustomizerFactory$DisableMetricExportContextCustomizer@604f2bd2, org.springframework.boot.test.autoconfigure.properties.PropertyMappingContextCustomizer@4b3fa0b3, org.springframework.boot.test.autoconfigure.web.servlet.WebDriverContextCustomizerFactory$Customizer@1f6c9cd8, [ImportsContextCustomizer@780ec4a5 key = [org.springframework.boot.test.autoconfigure.web.servlet.MockMvcAutoConfiguration, org.springframework.boot.test.autoconfigure.web.servlet.MockMvcWebClientAutoConfiguration, org.springframework.boot.test.autoconfigure.web.servlet.MockMvcWebDriverAutoConfiguration, org.springframework.boot.autoconfigure.security.oauth2.client.servlet.OAuth2ClientAutoConfiguration, org.springframework.boot.autoconfigure.security.oauth2.resource.servlet.OAuth2ResourceServerAutoConfiguration, org.springframework.boot.autoconfigure.security.servlet.SecurityAutoConfiguration, org.springframework.boot.autoconfigure.security.servlet.SecurityFilterAutoConfiguration, org.springframework.boot.autoconfigure.security.servlet.UserDetailsServiceAutoConfiguration, org.springframework.boot.test.autoconfigure.web.servlet.MockMvcSecurityConfiguration, org.springframework.boot.test.autoconfigure.web.reactive.WebTestClientAutoConfiguration]], org.springframework.boot.test.context.filter.ExcludeFilterContextCustomizer@6622fc65, org.springframework.boot.test.json.DuplicateJsonObjectContextCustomizerFactory$DuplicateJsonObjectContextCustomizer@25a6944c, org.springframework.boot.test.mock.mockito.MockitoContextCustomizer@c4f99a00, org.springframework.boot.test.web.client.TestRestTemplateContextCustomizer@3d97a632, org.springframework.boot.test.context.SpringBootTestArgs@1, org.springframework.boot.test.context.SpringBootTestWebEnvironment@56cdfb3b], resourceBasePath = 'src/main/webapp', contextLoader = 'org.springframework.boot.test.context.SpringBootContextLoader', parent = [null]]]
2022-11-25 14:50:33.671 DEBUG 25216 --- [    Test worker] org.springframework.test.context.cache   : Spring test ApplicationContext cache statistics: [DefaultContextCache@12e3cf1c size = 1, maxSize = 32, parentContextCount = 0, hitCount = 10, missCount = 1]
2022-11-25 14:50:33.672 DEBUG 25216 --- [    Test worker] c.DefaultCacheAwareContextLoaderDelegate : Retrieved ApplicationContext [261567641] from cache with key [[WebMergedContextConfiguration@4eeea57d testClass = UserControllerTest, locations = '{}', classes = '{class com.example.demo.DemoApplication}', contextInitializerClasses = '[]', activeProfiles = '{}', propertySourceLocations = '{}', propertySourceProperties = '{org.springframework.boot.test.context.SpringBootTestContextBootstrapper=true}', contextCustomizers = set[org.springframework.boot.test.autoconfigure.actuate.metrics.MetricsExportContextCustomizerFactory$DisableMetricExportContextCustomizer@604f2bd2, org.springframework.boot.test.autoconfigure.properties.PropertyMappingContextCustomizer@4b3fa0b3, org.springframework.boot.test.autoconfigure.web.servlet.WebDriverContextCustomizerFactory$Customizer@1f6c9cd8, [ImportsContextCustomizer@780ec4a5 key = [org.springframework.boot.test.autoconfigure.web.servlet.MockMvcAutoConfiguration, org.springframework.boot.test.autoconfigure.web.servlet.MockMvcWebClientAutoConfiguration, org.springframework.boot.test.autoconfigure.web.servlet.MockMvcWebDriverAutoConfiguration, org.springframework.boot.autoconfigure.security.oauth2.client.servlet.OAuth2ClientAutoConfiguration, org.springframework.boot.autoconfigure.security.oauth2.resource.servlet.OAuth2ResourceServerAutoConfiguration, org.springframework.boot.autoconfigure.security.servlet.SecurityAutoConfiguration, org.springframework.boot.autoconfigure.security.servlet.SecurityFilterAutoConfiguration, org.springframework.boot.autoconfigure.security.servlet.UserDetailsServiceAutoConfiguration, org.springframework.boot.test.autoconfigure.web.servlet.MockMvcSecurityConfiguration, org.springframework.boot.test.autoconfigure.web.reactive.WebTestClientAutoConfiguration]], org.springframework.boot.test.context.filter.ExcludeFilterContextCustomizer@6622fc65, org.springframework.boot.test.json.DuplicateJsonObjectContextCustomizerFactory$DuplicateJsonObjectContextCustomizer@25a6944c, org.springframework.boot.test.mock.mockito.MockitoContextCustomizer@c4f99a00, org.springframework.boot.test.web.client.TestRestTemplateContextCustomizer@3d97a632, org.springframework.boot.test.context.SpringBootTestArgs@1, org.springframework.boot.test.context.SpringBootTestWebEnvironment@56cdfb3b], resourceBasePath = 'src/main/webapp', contextLoader = 'org.springframework.boot.test.context.SpringBootContextLoader', parent = [null]]]
2022-11-25 14:50:33.672 DEBUG 25216 --- [    Test worker] org.springframework.test.context.cache   : Spring test ApplicationContext cache statistics: [DefaultContextCache@12e3cf1c size = 1, maxSize = 32, parentContextCount = 0, hitCount = 11, missCount = 1]
2022-11-25 14:50:33.679 DEBUG 25216 --- [    Test worker] c.DefaultCacheAwareContextLoaderDelegate : Retrieved ApplicationContext [261567641] from cache with key [[WebMergedContextConfiguration@4eeea57d testClass = UserControllerTest, locations = '{}', classes = '{class com.example.demo.DemoApplication}', contextInitializerClasses = '[]', activeProfiles = '{}', propertySourceLocations = '{}', propertySourceProperties = '{org.springframework.boot.test.context.SpringBootTestContextBootstrapper=true}', contextCustomizers = set[org.springframework.boot.test.autoconfigure.actuate.metrics.MetricsExportContextCustomizerFactory$DisableMetricExportContextCustomizer@604f2bd2, org.springframework.boot.test.autoconfigure.properties.PropertyMappingContextCustomizer@4b3fa0b3, org.springframework.boot.test.autoconfigure.web.servlet.WebDriverContextCustomizerFactory$Customizer@1f6c9cd8, [ImportsContextCustomizer@780ec4a5 key = [org.springframework.boot.test.autoconfigure.web.servlet.MockMvcAutoConfiguration, org.springframework.boot.test.autoconfigure.web.servlet.MockMvcWebClientAutoConfiguration, org.springframework.boot.test.autoconfigure.web.servlet.MockMvcWebDriverAutoConfiguration, org.springframework.boot.autoconfigure.security.oauth2.client.servlet.OAuth2ClientAutoConfiguration, org.springframework.boot.autoconfigure.security.oauth2.resource.servlet.OAuth2ResourceServerAutoConfiguration, org.springframework.boot.autoconfigure.security.servlet.SecurityAutoConfiguration, org.springframework.boot.autoconfigure.security.servlet.SecurityFilterAutoConfiguration, org.springframework.boot.autoconfigure.security.servlet.UserDetailsServiceAutoConfiguration, org.springframework.boot.test.autoconfigure.web.servlet.MockMvcSecurityConfiguration, org.springframework.boot.test.autoconfigure.web.reactive.WebTestClientAutoConfiguration]], org.springframework.boot.test.context.filter.ExcludeFilterContextCustomizer@6622fc65, org.springframework.boot.test.json.DuplicateJsonObjectContextCustomizerFactory$DuplicateJsonObjectContextCustomizer@25a6944c, org.springframework.boot.test.mock.mockito.MockitoContextCustomizer@c4f99a00, org.springframework.boot.test.web.client.TestRestTemplateContextCustomizer@3d97a632, org.springframework.boot.test.context.SpringBootTestArgs@1, org.springframework.boot.test.context.SpringBootTestWebEnvironment@56cdfb3b], resourceBasePath = 'src/main/webapp', contextLoader = 'org.springframework.boot.test.context.SpringBootContextLoader', parent = [null]]]
2022-11-25 14:50:33.679 DEBUG 25216 --- [    Test worker] org.springframework.test.context.cache   : Spring test ApplicationContext cache statistics: [DefaultContextCache@12e3cf1c size = 1, maxSize = 32, parentContextCount = 0, hitCount = 12, missCount = 1]
2022-11-25 14:50:33.683 DEBUG 25216 --- [    Test worker] tractDirtiesContextTestExecutionListener : After test method: context [DefaultTestContext@61a002b1 testClass = UserControllerTest, testInstance = com.example.demo.domain.user.UserControllerTest@24489d12, testMethod = getAllUsers@UserControllerTest, testException = [null], mergedContextConfiguration = [WebMergedContextConfiguration@4eeea57d testClass = UserControllerTest, locations = '{}', classes = '{class com.example.demo.DemoApplication}', contextInitializerClasses = '[]', activeProfiles = '{}', propertySourceLocations = '{}', propertySourceProperties = '{org.springframework.boot.test.context.SpringBootTestContextBootstrapper=true}', contextCustomizers = set[org.springframework.boot.test.autoconfigure.actuate.metrics.MetricsExportContextCustomizerFactory$DisableMetricExportContextCustomizer@604f2bd2, org.springframework.boot.test.autoconfigure.properties.PropertyMappingContextCustomizer@4b3fa0b3, org.springframework.boot.test.autoconfigure.web.servlet.WebDriverContextCustomizerFactory$Customizer@1f6c9cd8, [ImportsContextCustomizer@780ec4a5 key = [org.springframework.boot.test.autoconfigure.web.servlet.MockMvcAutoConfiguration, org.springframework.boot.test.autoconfigure.web.servlet.MockMvcWebClientAutoConfiguration, org.springframework.boot.test.autoconfigure.web.servlet.MockMvcWebDriverAutoConfiguration, org.springframework.boot.autoconfigure.security.oauth2.client.servlet.OAuth2ClientAutoConfiguration, org.springframework.boot.autoconfigure.security.oauth2.resource.servlet.OAuth2ResourceServerAutoConfiguration, org.springframework.boot.autoconfigure.security.servlet.SecurityAutoConfiguration, org.springframework.boot.autoconfigure.security.servlet.SecurityFilterAutoConfiguration, org.springframework.boot.autoconfigure.security.servlet.UserDetailsServiceAutoConfiguration, org.springframework.boot.test.autoconfigure.web.servlet.MockMvcSecurityConfiguration, org.springframework.boot.test.autoconfigure.web.reactive.WebTestClientAutoConfiguration]], org.springframework.boot.test.context.filter.ExcludeFilterContextCustomizer@6622fc65, org.springframework.boot.test.json.DuplicateJsonObjectContextCustomizerFactory$DuplicateJsonObjectContextCustomizer@25a6944c, org.springframework.boot.test.mock.mockito.MockitoContextCustomizer@c4f99a00, org.springframework.boot.test.web.client.TestRestTemplateContextCustomizer@3d97a632, org.springframework.boot.test.context.SpringBootTestArgs@1, org.springframework.boot.test.context.SpringBootTestWebEnvironment@56cdfb3b], resourceBasePath = 'src/main/webapp', contextLoader = 'org.springframework.boot.test.context.SpringBootContextLoader', parent = [null]], attributes = map['org.springframework.test.context.web.ServletTestExecutionListener.activateListener' -> true, 'org.springframework.test.context.web.ServletTestExecutionListener.populatedRequestContextHolder' -> true, 'org.springframework.test.context.web.ServletTestExecutionListener.resetRequestContextHolder' -> true, 'org.springframework.test.context.event.ApplicationEventsTestExecutionListener.recordApplicationEvents' -> false]], class annotated with @DirtiesContext [false] with mode [null], method annotated with @DirtiesContext [false] with mode [null].
2022-11-25 14:50:33.683 DEBUG 25216 --- [    Test worker] o.s.t.c.w.ServletTestExecutionListener   : Resetting RequestContextHolder for test context [DefaultTestContext@61a002b1 testClass = UserControllerTest, testInstance = com.example.demo.domain.user.UserControllerTest@24489d12, testMethod = getAllUsers@UserControllerTest, testException = [null], mergedContextConfiguration = [WebMergedContextConfiguration@4eeea57d testClass = UserControllerTest, locations = '{}', classes = '{class com.example.demo.DemoApplication}', contextInitializerClasses = '[]', activeProfiles = '{}', propertySourceLocations = '{}', propertySourceProperties = '{org.springframework.boot.test.context.SpringBootTestContextBootstrapper=true}', contextCustomizers = set[org.springframework.boot.test.autoconfigure.actuate.metrics.MetricsExportContextCustomizerFactory$DisableMetricExportContextCustomizer@604f2bd2, org.springframework.boot.test.autoconfigure.properties.PropertyMappingContextCustomizer@4b3fa0b3, org.springframework.boot.test.autoconfigure.web.servlet.WebDriverContextCustomizerFactory$Customizer@1f6c9cd8, [ImportsContextCustomizer@780ec4a5 key = [org.springframework.boot.test.autoconfigure.web.servlet.MockMvcAutoConfiguration, org.springframework.boot.test.autoconfigure.web.servlet.MockMvcWebClientAutoConfiguration, org.springframework.boot.test.autoconfigure.web.servlet.MockMvcWebDriverAutoConfiguration, org.springframework.boot.autoconfigure.security.oauth2.client.servlet.OAuth2ClientAutoConfiguration, org.springframework.boot.autoconfigure.security.oauth2.resource.servlet.OAuth2ResourceServerAutoConfiguration, org.springframework.boot.autoconfigure.security.servlet.SecurityAutoConfiguration, org.springframework.boot.autoconfigure.security.servlet.SecurityFilterAutoConfiguration, org.springframework.boot.autoconfigure.security.servlet.UserDetailsServiceAutoConfiguration, org.springframework.boot.test.autoconfigure.web.servlet.MockMvcSecurityConfiguration, org.springframework.boot.test.autoconfigure.web.reactive.WebTestClientAutoConfiguration]], org.springframework.boot.test.context.filter.ExcludeFilterContextCustomizer@6622fc65, org.springframework.boot.test.json.DuplicateJsonObjectContextCustomizerFactory$DuplicateJsonObjectContextCustomizer@25a6944c, org.springframework.boot.test.mock.mockito.MockitoContextCustomizer@c4f99a00, org.springframework.boot.test.web.client.TestRestTemplateContextCustomizer@3d97a632, org.springframework.boot.test.context.SpringBootTestArgs@1, org.springframework.boot.test.context.SpringBootTestWebEnvironment@56cdfb3b], resourceBasePath = 'src/main/webapp', contextLoader = 'org.springframework.boot.test.context.SpringBootContextLoader', parent = [null]], attributes = map['org.springframework.test.context.web.ServletTestExecutionListener.activateListener' -> true, 'org.springframework.test.context.web.ServletTestExecutionListener.populatedRequestContextHolder' -> true, 'org.springframework.test.context.web.ServletTestExecutionListener.resetRequestContextHolder' -> true, 'org.springframework.test.context.event.ApplicationEventsTestExecutionListener.recordApplicationEvents' -> false]].
2022-11-25 14:50:33.729 DEBUG 25216 --- [    Test worker] c.DefaultCacheAwareContextLoaderDelegate : Retrieved ApplicationContext [261567641] from cache with key [[WebMergedContextConfiguration@4eeea57d testClass = UserControllerTest, locations = '{}', classes = '{class com.example.demo.DemoApplication}', contextInitializerClasses = '[]', activeProfiles = '{}', propertySourceLocations = '{}', propertySourceProperties = '{org.springframework.boot.test.context.SpringBootTestContextBootstrapper=true}', contextCustomizers = set[org.springframework.boot.test.autoconfigure.actuate.metrics.MetricsExportContextCustomizerFactory$DisableMetricExportContextCustomizer@604f2bd2, org.springframework.boot.test.autoconfigure.properties.PropertyMappingContextCustomizer@4b3fa0b3, org.springframework.boot.test.autoconfigure.web.servlet.WebDriverContextCustomizerFactory$Customizer@1f6c9cd8, [ImportsContextCustomizer@780ec4a5 key = [org.springframework.boot.test.autoconfigure.web.servlet.MockMvcAutoConfiguration, org.springframework.boot.test.autoconfigure.web.servlet.MockMvcWebClientAutoConfiguration, org.springframework.boot.test.autoconfigure.web.servlet.MockMvcWebDriverAutoConfiguration, org.springframework.boot.autoconfigure.security.oauth2.client.servlet.OAuth2ClientAutoConfiguration, org.springframework.boot.autoconfigure.security.oauth2.resource.servlet.OAuth2ResourceServerAutoConfiguration, org.springframework.boot.autoconfigure.security.servlet.SecurityAutoConfiguration, org.springframework.boot.autoconfigure.security.servlet.SecurityFilterAutoConfiguration, org.springframework.boot.autoconfigure.security.servlet.UserDetailsServiceAutoConfiguration, org.springframework.boot.test.autoconfigure.web.servlet.MockMvcSecurityConfiguration, org.springframework.boot.test.autoconfigure.web.reactive.WebTestClientAutoConfiguration]], org.springframework.boot.test.context.filter.ExcludeFilterContextCustomizer@6622fc65, org.springframework.boot.test.json.DuplicateJsonObjectContextCustomizerFactory$DuplicateJsonObjectContextCustomizer@25a6944c, org.springframework.boot.test.mock.mockito.MockitoContextCustomizer@c4f99a00, org.springframework.boot.test.web.client.TestRestTemplateContextCustomizer@3d97a632, org.springframework.boot.test.context.SpringBootTestArgs@1, org.springframework.boot.test.context.SpringBootTestWebEnvironment@56cdfb3b], resourceBasePath = 'src/main/webapp', contextLoader = 'org.springframework.boot.test.context.SpringBootContextLoader', parent = [null]]]
2022-11-25 14:50:33.730 DEBUG 25216 --- [    Test worker] org.springframework.test.context.cache   : Spring test ApplicationContext cache statistics: [DefaultContextCache@12e3cf1c size = 1, maxSize = 32, parentContextCount = 0, hitCount = 13, missCount = 1]
2022-11-25 14:50:33.731 DEBUG 25216 --- [    Test worker] tractDirtiesContextTestExecutionListener : After test class: context [DefaultTestContext@61a002b1 testClass = UserControllerTest, testInstance = [null], testMethod = [null], testException = [null], mergedContextConfiguration = [WebMergedContextConfiguration@4eeea57d testClass = UserControllerTest, locations = '{}', classes = '{class com.example.demo.DemoApplication}', contextInitializerClasses = '[]', activeProfiles = '{}', propertySourceLocations = '{}', propertySourceProperties = '{org.springframework.boot.test.context.SpringBootTestContextBootstrapper=true}', contextCustomizers = set[org.springframework.boot.test.autoconfigure.actuate.metrics.MetricsExportContextCustomizerFactory$DisableMetricExportContextCustomizer@604f2bd2, org.springframework.boot.test.autoconfigure.properties.PropertyMappingContextCustomizer@4b3fa0b3, org.springframework.boot.test.autoconfigure.web.servlet.WebDriverContextCustomizerFactory$Customizer@1f6c9cd8, [ImportsContextCustomizer@780ec4a5 key = [org.springframework.boot.test.autoconfigure.web.servlet.MockMvcAutoConfiguration, org.springframework.boot.test.autoconfigure.web.servlet.MockMvcWebClientAutoConfiguration, org.springframework.boot.test.autoconfigure.web.servlet.MockMvcWebDriverAutoConfiguration, org.springframework.boot.autoconfigure.security.oauth2.client.servlet.OAuth2ClientAutoConfiguration, org.springframework.boot.autoconfigure.security.oauth2.resource.servlet.OAuth2ResourceServerAutoConfiguration, org.springframework.boot.autoconfigure.security.servlet.SecurityAutoConfiguration, org.springframework.boot.autoconfigure.security.servlet.SecurityFilterAutoConfiguration, org.springframework.boot.autoconfigure.security.servlet.UserDetailsServiceAutoConfiguration, org.springframework.boot.test.autoconfigure.web.servlet.MockMvcSecurityConfiguration, org.springframework.boot.test.autoconfigure.web.reactive.WebTestClientAutoConfiguration]], org.springframework.boot.test.context.filter.ExcludeFilterContextCustomizer@6622fc65, org.springframework.boot.test.json.DuplicateJsonObjectContextCustomizerFactory$DuplicateJsonObjectContextCustomizer@25a6944c, org.springframework.boot.test.mock.mockito.MockitoContextCustomizer@c4f99a00, org.springframework.boot.test.web.client.TestRestTemplateContextCustomizer@3d97a632, org.springframework.boot.test.context.SpringBootTestArgs@1, org.springframework.boot.test.context.SpringBootTestWebEnvironment@56cdfb3b], resourceBasePath = 'src/main/webapp', contextLoader = 'org.springframework.boot.test.context.SpringBootContextLoader', parent = [null]], attributes = map['org.springframework.test.context.web.ServletTestExecutionListener.activateListener' -> true, 'org.springframework.test.context.event.ApplicationEventsTestExecutionListener.recordApplicationEvents' -> false, 'org.springframework.test.context.support.DependencyInjectionTestExecutionListener.reinjectDependencies' -> true]], class annotated with @DirtiesContext [false] with mode [null].
]]></system-out>
  <system-err><![CDATA[]]></system-err>
</testsuite>
